{"devicePlatform":"","logFolder":"C:\\Users\\FSMAutomation\\Katalon Studio\\FSM\\Reports\\ABP Regression\\20180402_114834","runData":{"hostName":"FSMAutomation - FSMAutomation1.qb5dfdbpfkuuppye2syu0ciute.cwx.internal.cloudapp.net","os":"Windows 10 64bit","katalonVersion":"5.3.0.1","browser":"Chrome 65.0.3325.181","hostAddress":"10.0.1.4","sessionId":"8b071fd5f1eae90f799a4ec8ce1ee2a4","seleniumVersion":"3.7.1","proxyInformation":"ProxyInformation{proxyOption\u003dNO_PROXY, proxyServerType\u003dHTTP, password\u003d, proxyServerAddress\u003d, proxyServerPort\u003d0}","platform":"Windows 10"},"type":"TEST_SUITE","name":"ABP Regression","id":"Test Suites/ABP Regression","source":"","message":"Test Cases/Launch Job Manager FAILED because (of) Variable \u0027Username\u0027 is not defined for test case.","description":"","startTime":1522669721269,"endTime":1522669777397,"childRecords":[{"isOptional":false,"type":"TEST_CASE","name":"Test Cases/Launch Job Manager","id":"Test Cases/Launch Job Manager","source":"C:\\\\Users\\\\FSMAutomation\\\\Katalon Studio\\\\FSM\\\\Test Cases\\\\Launch Job Manager.tc","message":"Test Cases/Launch Job Manager FAILED because (of) Variable \u0027Username\u0027 is not defined for test case.","description":"","startTime":1522669722946,"endTime":1522669741764,"childRecords":[{"testStatus":{"stackTrace":"","statusValue":"INFO"},"type":"MESSAGE","name":"","message":"Evaluating variables for test case","startTime":1522669723052,"endTime":0,"childRecords":[],"interuppted":false},{"testStatus":{"stackTrace":"","statusValue":"INFO"},"type":"MESSAGE","name":"","message":"Checking test data id","startTime":1522669723294,"endTime":0,"childRecords":[],"interuppted":false},{"testStatus":{"stackTrace":"","statusValue":"INFO"},"type":"MESSAGE","name":"","message":"Finding test data with id \u0027Data Files/Usernames\u0027","startTime":1522669723299,"endTime":0,"childRecords":[],"interuppted":false},{"testStatus":{"stackTrace":"","statusValue":"WARNING"},"type":"MESSAGE","name":"","message":"Unable to set variable \u0027Username\u0027 for test case because (of) Cannot find test data with id \u0027Data Files/Usernames\u0027 because (of) \u0027java.lang.IllegalArgumentException: Test data with id \u0027Data Files/Usernames\u0027 does not exist\u0027","startTime":1522669723360,"endTime":0,"childRecords":[],"interuppted":false},{"index":1,"isIgnoredIfFailed":false,"type":"TEST_STEP","name":"openBrowser","message":"Browser is opened with url: \u0027\u0027","description":"","startTime":1522669724276,"endTime":1522669734941,"childRecords":[{"testStatus":{"stackTrace":"","statusValue":"PASSED"},"type":"MESSAGE","name":"","message":"Browser is opened with url: \u0027\u0027","startTime":1522669734940,"endTime":0,"childRecords":[],"interuppted":false}],"interuppted":false},{"index":2,"isIgnoredIfFailed":false,"type":"TEST_STEP","name":"navigateToUrl","message":"Navigate to \u0027https://kirona-def-2.kirona.com/jmtest/jclient/jclient.html\u0027 successfully","description":"","startTime":1522669734942,"endTime":1522669737091,"childRecords":[{"testStatus":{"stackTrace":"","statusValue":"PASSED"},"type":"MESSAGE","name":"","message":"Navigate to \u0027https://kirona-def-2.kirona.com/jmtest/jclient/jclient.html\u0027 successfully","startTime":1522669737090,"endTime":0,"childRecords":[],"interuppted":false}],"interuppted":false},{"index":3,"isIgnoredIfFailed":false,"type":"TEST_STEP","name":"setText","message":"Text \u0027KIR1\u0027 is set on object \u0027Object Repository/FSM1/Launch Application/Page_JClient/input_gwt-TextBox GKH2EKQBMDB\u0027","description":"","startTime":1522669737091,"endTime":1522669739969,"childRecords":[{"testStatus":{"stackTrace":"","statusValue":"PASSED"},"type":"MESSAGE","name":"","message":"Text \u0027KIR1\u0027 is set on object \u0027Object Repository/FSM1/Launch Application/Page_JClient/input_gwt-TextBox GKH2EKQBMDB\u0027","startTime":1522669739968,"endTime":0,"childRecords":[],"interuppted":false}],"interuppted":false},{"index":4,"isIgnoredIfFailed":false,"type":"TEST_STEP","name":"sendKeys","message":"Keys \u0027ENTER + \u0027 sent to object: \u0027Object Repository/FSM1/Launch Application/Page_JClient/input_gwt-TextBox GKH2EKQBMDB\u0027","description":"","startTime":1522669739976,"endTime":1522669740721,"childRecords":[{"testStatus":{"stackTrace":"","statusValue":"PASSED"},"type":"MESSAGE","name":"","message":"Keys \u0027ENTER + \u0027 sent to object: \u0027Object Repository/FSM1/Launch Application/Page_JClient/input_gwt-TextBox GKH2EKQBMDB\u0027","startTime":1522669740720,"endTime":0,"childRecords":[],"interuppted":false}],"interuppted":false},{"index":5,"isIgnoredIfFailed":false,"type":"TEST_STEP","name":"click","message":"Object: \u0027Object Repository/FSM1/Launch Application/Page_JClient/div_Configure App\u0027 is clicked on","description":"","startTime":1522669740721,"endTime":1522669741665,"childRecords":[{"testStatus":{"stackTrace":"","statusValue":"PASSED"},"type":"MESSAGE","name":"","message":"Object: \u0027Object Repository/FSM1/Launch Application/Page_JClient/div_Configure App\u0027 is clicked on","startTime":1522669741664,"endTime":0,"childRecords":[],"interuppted":false}],"interuppted":false},{"index":6,"isIgnoredIfFailed":false,"type":"TEST_STEP","name":"setText","message":"Finding Test Object with id \u0027Object Repository/FSM1/Launch Application/Page_JClient/input_gwt-TextBox GKH2EKQBNHC\u0027","description":"","startTime":1522669741665,"endTime":1522669741756,"childRecords":[],"interuppted":false},{"testStatus":{"stackTrace":"","statusValue":"ERROR"},"type":"MESSAGE","name":"","message":"Test Cases/Launch Job Manager FAILED because (of) Variable \u0027Username\u0027 is not defined for test case.","startTime":1522669741758,"endTime":0,"childRecords":[],"interuppted":false}],"interuppted":false},{"isOptional":false,"type":"TEST_CASE","name":"Test Cases/Select Inspection","id":"Test Cases/Select Inspection","source":"C:\\\\Users\\\\FSMAutomation\\\\Katalon Studio\\\\FSM\\\\Test Cases\\\\Select Inspection.tc","message":"Test Cases/Select Inspection FAILED because (of) Unable to click on object \u0027Object Repository/FSM1/Select Inspection/Page_JClient/div_5 Days\u0027 (Root cause: com.kms.katalon.core.webui.exception.WebElementNotFoundException: Web element with id: \u0027Object Repository/FSM1/Select Inspection/Page_JClient/div_5 Days\u0027 located by \u0027By.xpath: //div[(text() \u003d \u00275 Days\u0027 or . \u003d \u00275 Days\u0027)]\u0027 not found)","description":"","startTime":1522669742136,"endTime":1522669775794,"childRecords":[{"testStatus":{"stackTrace":"","statusValue":"INFO"},"type":"MESSAGE","name":"","message":"Evaluating variables for test case","startTime":1522669742213,"endTime":0,"childRecords":[],"interuppted":false},{"index":1,"isIgnoredIfFailed":false,"type":"TEST_STEP","name":"delay","message":"NOT_RUN: delay","description":"","startTime":1522669742818,"endTime":1522669742823,"childRecords":[{"testStatus":{"stackTrace":"","statusValue":"NOT_RUN"},"type":"MESSAGE","name":"","message":"NOT_RUN: delay","startTime":1522669742822,"endTime":0,"childRecords":[],"interuppted":false}],"interuppted":false},{"index":2,"isIgnoredIfFailed":false,"type":"TEST_STEP","name":"waitForPageLoad","message":"Wait for page load successfully","description":"","startTime":1522669742830,"endTime":1522669744147,"childRecords":[{"testStatus":{"stackTrace":"","statusValue":"PASSED"},"type":"MESSAGE","name":"","message":"Wait for page load successfully","startTime":1522669744145,"endTime":0,"childRecords":[],"interuppted":false}],"interuppted":false},{"attachment":"1522669775260.png","index":3,"isIgnoredIfFailed":false,"type":"TEST_STEP","name":"click","message":"Unable to click on object \u0027Object Repository/FSM1/Select Inspection/Page_JClient/div_5 Days\u0027 (Root cause: com.kms.katalon.core.webui.exception.WebElementNotFoundException: Web element with id: \u0027Object Repository/FSM1/Select Inspection/Page_JClient/div_5 Days\u0027 located by \u0027By.xpath: //div[(text() \u003d \u00275 Days\u0027 or . \u003d \u00275 Days\u0027)]\u0027 not found)","description":"","startTime":1522669744155,"endTime":1522669775788,"childRecords":[{"testStatus":{"stackTrace":"","statusValue":"FAILED"},"attachment":"1522669775260.png","type":"MESSAGE","name":"","message":"Unable to click on object \u0027Object Repository/FSM1/Select Inspection/Page_JClient/div_5 Days\u0027 (Root cause: com.kms.katalon.core.webui.exception.WebElementNotFoundException: Web element with id: \u0027Object Repository/FSM1/Select Inspection/Page_JClient/div_5 Days\u0027 located by \u0027By.xpath: //div[(text() \u003d \u00275 Days\u0027 or . \u003d \u00275 Days\u0027)]\u0027 not found)","startTime":1522669775786,"endTime":0,"childRecords":[],"interuppted":false}],"interuppted":false},{"testStatus":{"stackTrace":"","statusValue":"FAILED"},"type":"MESSAGE","name":"","message":"Test Cases/Select Inspection FAILED because (of) Unable to click on object \u0027Object Repository/FSM1/Select Inspection/Page_JClient/div_5 Days\u0027 (Root cause: com.kms.katalon.core.webui.exception.WebElementNotFoundException: Web element with id: \u0027Object Repository/FSM1/Select Inspection/Page_JClient/div_5 Days\u0027 located by \u0027By.xpath: //div[(text() \u003d \u00275 Days\u0027 or . \u003d \u00275 Days\u0027)]\u0027 not found)","startTime":1522669775792,"endTime":0,"childRecords":[],"interuppted":false}],"interuppted":false}],"interuppted":false}