<?xml version="1.0" encoding="UTF-8"?>
<testsuites name="IV17 Regression" time="167" tests="2" failures="3" errors="0">
   <testsuite name="IV17 Regression" tests="2" failures="3" errors="0" time="167" timestamp="2018-12-16 16:36:22" hostname="jonha - DESKTOP-KMCIR60" id="Test Suites/Form Jobs/IV17 Regression">
      <properties>
         <property name="deviceName" value=""/>
         <property name="devicePlatform" value=""/>
         <property name="logFolder" value="C:\\Users\\jonha\\Documents\\Katalon\\APHA\\JM_8.9\\FSM_Regression\\Reports\\Form Jobs\\IV17 Regression\\20181216_160233"/>
         <property name="logFiles" value="C:\\Users\\jonha\\Documents\\Katalon\\APHA\\JM_8.9\\FSM_Regression\\Reports\\Form Jobs\\IV17 Regression\\20181216_160233\\execution0.log"/>
         <property name="attachments" value="C:\\Users\\jonha\\Documents\\Katalon\\APHA\\JM_8.9\\FSM_Regression\\Reports\\Form Jobs\\IV17 Regression\\20181216_160233\\1544978252883.png, C:\\Users\\jonha\\Documents\\Katalon\\APHA\\JM_8.9\\FSM_Regression\\Reports\\Form Jobs\\IV17 Regression\\20181216_160233\\1544978313247.png, C:\\Users\\jonha\\Documents\\Katalon\\APHA\\JM_8.9\\FSM_Regression\\Reports\\Form Jobs\\IV17 Regression\\20181216_160233\\1544978348446.png"/>
         <property name="hostName" value="jonha - DESKTOP-KMCIR60"/>
         <property name="os" value="Windows 10 64bit"/>
         <property name="katalonVersion" value="5.9.1.2"/>
         <property name="browser" value="Chrome 70.0.3538.110"/>
         <property name="hostAddress" value="192.168.0.17"/>
         <property name="sessionId" value="9798827184aaf1519c3694bbc9a375d3"/>
         <property name="seleniumVersion" value="3.7.1"/>
         <property name="proxyInformation" value="ProxyInformation{proxyOption=NO_PROXY, proxyServerType=HTTP, password=, proxyServerAddress=, proxyServerPort=0}"/>
         <property name="platform" value="Windows 10"/>
      </properties>
      <testcase name="Test Cases/Generic/Launch Job Manager" classname="Test Cases/Generic/Launch Job Manager" status="PASSED">
         <system-out><![CDATA[2018-12-16 16:36:22 - [TEST_CASE][PASSED] - Test Cases/Generic/Launch Job Manager: Test Cases/Generic/Launch Job Manager

2018-12-16 16:36:23 - [TEST_STEP][PASSED] - openBrowser(""): Browser is opened with url: ''

2018-12-16 16:36:23 - [MESSAGE][INFO] - Starting 'Chrome' driver

2018-12-16 16:36:23 - [MESSAGE][INFO] - Action delay is set to 0 seconds

2018-12-16 16:36:27 - [MESSAGE][PASSED] - Browser is opened with url: ''

2018-12-16 16:36:27 - [TEST_STEP][PASSED] - navigateToUrl(JMURL): Navigate to 'https://kirona-def-6.kirona.com/jmprep/jclient/jclient.html' successfully

2018-12-16 16:36:28 - [MESSAGE][PASSED] - Navigate to 'https://kirona-def-6.kirona.com/jmprep/jclient/jclient.html' successfully

2018-12-16 16:36:28 - [TEST_STEP][PASSED] - setText(findTestObject("FSM1/Launch Application/Page_JClient/input_gwt-TextBox GKH2EKQBMDB"), "KIR1"): Text 'KIR1' is set on object 'Object Repository/FSM1/Launch Application/Page_JClient/input_gwt-TextBox GKH2EKQBMDB'

2018-12-16 16:36:29 - [MESSAGE][PASSED] - Text 'KIR1' is set on object 'Object Repository/FSM1/Launch Application/Page_JClient/input_gwt-TextBox GKH2EKQBMDB'

2018-12-16 16:36:29 - [TEST_STEP][PASSED] - sendKeys(findTestObject("FSM1/Launch Application/Page_JClient/input_gwt-TextBox GKH2EKQBMDB"), Keys.chord(ENTER)): Keys 'ENTER + ' sent to object: 'Object Repository/FSM1/Launch Application/Page_JClient/input_gwt-TextBox GKH2EKQBMDB'

2018-12-16 16:36:29 - [MESSAGE][PASSED] - Keys 'ENTER + ' sent to object: 'Object Repository/FSM1/Launch Application/Page_JClient/input_gwt-TextBox GKH2EKQBMDB'

2018-12-16 16:36:29 - [TEST_STEP][PASSED] - click(findTestObject("FSM1/Launch Application/Page_JClient/div_Configure App")): Object: 'Object Repository/FSM1/Launch Application/Page_JClient/div_Configure App' is clicked on

2018-12-16 16:36:30 - [MESSAGE][PASSED] - Object: 'Object Repository/FSM1/Launch Application/Page_JClient/div_Configure App' is clicked on

2018-12-16 16:36:30 - [TEST_STEP][PASSED] - setText(findTestObject("FSM1/Launch Application/Page_JClient/input_gwt-TextBox GKH2EKQBNHC"), findTestData("Pre Production/Environmental/UandP").getValue(3, 1)): Text 'test.inspector' is set on object 'Object Repository/FSM1/Launch Application/Page_JClient/input_gwt-TextBox GKH2EKQBNHC'

2018-12-16 16:36:30 - [MESSAGE][PASSED] - Text 'test.inspector' is set on object 'Object Repository/FSM1/Launch Application/Page_JClient/input_gwt-TextBox GKH2EKQBNHC'

2018-12-16 16:36:30 - [TEST_STEP][PASSED] - setText(findTestObject("FSM1/Launch Application/Page_JClient/input_gwt-PasswordTextBox GKH2"), findTestData("Pre Production/Environmental/UandP").getValue(4, 1)): Text 'Password1.' is set on object 'Object Repository/FSM1/Launch Application/Page_JClient/input_gwt-PasswordTextBox GKH2'

2018-12-16 16:36:30 - [MESSAGE][PASSED] - Text 'Password1.' is set on object 'Object Repository/FSM1/Launch Application/Page_JClient/input_gwt-PasswordTextBox GKH2'

2018-12-16 16:36:30 - [TEST_STEP][PASSED] - click(findTestObject("FSM1/Launch Application/Page_JClient/div_Sign In")): Object: 'Object Repository/FSM1/Launch Application/Page_JClient/div_Sign In' is clicked on

2018-12-16 16:36:31 - [MESSAGE][PASSED] - Object: 'Object Repository/FSM1/Launch Application/Page_JClient/div_Sign In' is clicked on

2018-12-16 16:36:31 - [TEST_STEP][PASSED] - delay(15): Delayed 15 second(s)

2018-12-16 16:36:46 - [MESSAGE][PASSED] - Delayed 15 second(s)]]></system-out>
         <system-err><![CDATA[]]></system-err>
      </testcase>
      <testcase name="Test Cases/Form Jobs/IV17/Complete IV17 Inspection" classname="Test Cases/Form Jobs/IV17/Complete IV17 Inspection" status="FAILED">
         <failure type="FAILED" message="Test Cases/Form Jobs/IV17/Complete IV17 Inspection FAILED.
Reason:
com.kms.katalon.core.exception.StepFailedException: Unable to click on object 'Object Repository/FSM1/Release22/Page_JClient/div_Non-compliance further inf' (Root cause: org.openqa.selenium.WebDriverException: unknown error: Element &lt;div tabindex=&quot;0&quot; class=&quot;GFNJNYPCBHC&quot; style=&quot;font-size: 18px; font-weight: 500; min-height: 60px; background-color: rgb(47, 55, 71);&quot;>...&lt;/div> is not clickable at point (509, 626). Other element would receive the click: &lt;div class=&quot;GFNJNYPCOBB GFNJNYPCACB&quot; style=&quot;-webkit-box-align: center; align-items: center; -webkit-box-pack: center; justify-content: center;&quot;>...&lt;/div>
  (Session info: chrome=70.0.3538.110)
  (Driver info: chromedriver=2.43.600210 (68dcf5eebde37173d4027fa8635e332711d2874a),platform=Windows NT 10.0.17134 x86_64) (WARNING: The server did not provide any stacktrace information)
Command duration or timeout: 0 milliseconds
Build info: version: '3.7.1', revision: '8a0099a', time: '2017-11-06T21:07:36.161Z'
System info: host: 'DESKTOP-KMCIR60', ip: '192.168.0.17', os.name: 'Windows 10', os.arch: 'amd64', os.version: '10.0', java.version: '1.8.0_181'
Driver info: com.kms.katalon.selenium.driver.CChromeDriver
Capabilities {acceptInsecureCerts: false, acceptSslCerts: false, applicationCacheEnabled: false, browserConnectionEnabled: false, browserName: chrome, chrome: {chromedriverVersion: 2.43.600210 (68dcf5eebde371..., userDataDir: C:\Users\jonha\AppData\Loca...}, cssSelectorsEnabled: true, databaseEnabled: false, goog:chromeOptions: {debuggerAddress: localhost:63301}, handlesAlerts: true, hasTouchScreen: false, javascriptEnabled: true, locationContextEnabled: true, mobileEmulationEnabled: false, nativeEvents: true, networkConnectionEnabled: false, pageLoadStrategy: normal, platform: XP, platformName: XP, rotatable: false, setWindowRect: true, takesHeapSnapshot: true, takesScreenshot: true, unexpectedAlertBehaviour: , unhandledPromptBehavior: , version: 70.0.3538.110, webStorageEnabled: true}
Session ID: 644120a8f653ae39d490b2f570fcce53)
	at com.kms.katalon.core.keyword.internal.KeywordMain.stepFailed(KeywordMain.groovy:36)
	at com.kms.katalon.core.webui.keyword.internal.WebUIKeywordMain.stepFailed(WebUIKeywordMain.groovy:65)
	at com.kms.katalon.core.webui.keyword.internal.WebUIKeywordMain.runKeyword(WebUIKeywordMain.groovy:27)
	at com.kms.katalon.core.webui.keyword.builtin.ClickKeyword.click(ClickKeyword.groovy:86)
	at com.kms.katalon.core.webui.keyword.builtin.ClickKeyword.execute(ClickKeyword.groovy:67)
	at com.kms.katalon.core.keyword.internal.KeywordExecutor.executeKeywordForPlatform(KeywordExecutor.groovy:53)
	at com.kms.katalon.core.webui.keyword.WebUiBuiltInKeywords.click(WebUiBuiltInKeywords.groovy:616)
	at com.kms.katalon.core.webui.keyword.WebUiBuiltInKeywords$click$3.call(Unknown Source)
	at Complete IV17 Inspection.run(Complete IV17 Inspection:129)
	at com.kms.katalon.core.main.ScriptEngine.run(ScriptEngine.java:194)
	at com.kms.katalon.core.main.ScriptEngine.runScriptAsRawText(ScriptEngine.java:119)
	at com.kms.katalon.core.main.TestCaseExecutor.runScript(TestCaseExecutor.java:321)
	at com.kms.katalon.core.main.TestCaseExecutor.doExecute(TestCaseExecutor.java:312)
	at com.kms.katalon.core.main.TestCaseExecutor.processExecutionPhase(TestCaseExecutor.java:291)
	at com.kms.katalon.core.main.TestCaseExecutor.accessMainPhase(TestCaseExecutor.java:283)
	at com.kms.katalon.core.main.TestCaseExecutor.execute(TestCaseExecutor.java:222)
	at com.kms.katalon.core.main.TestSuiteExecutor.accessTestCaseMainPhase(TestSuiteExecutor.java:129)
	at com.kms.katalon.core.main.TestSuiteExecutor.accessTestSuiteMainPhase(TestSuiteExecutor.java:112)
	at com.kms.katalon.core.main.TestSuiteExecutor.execute(TestSuiteExecutor.java:81)
	at com.kms.katalon.core.main.TestCaseMain.startTestSuite(TestCaseMain.java:149)
	at com.kms.katalon.core.main.TestCaseMain$startTestSuite$0.call(Unknown Source)
	at TempTestSuite1544976153979.run(TempTestSuite1544976153979.groovy:36)
"/>
         <system-out><![CDATA[2018-12-16 16:36:46 - [TEST_CASE][FAILED] - Test Cases/Form Jobs/IV17/Complete IV17 Inspection: Test Cases/Form Jobs/IV17/Complete IV17 Inspection FAILED.
Reason:
com.kms.katalon.core.exception.StepFailedException: Unable to click on object 'Object Repository/FSM1/Release22/Page_JClient/div_Non-compliance further inf' (Root cause: org.openqa.selenium.WebDriverException: unknown error: Element <div tabindex="0" class="GFNJNYPCBHC" style="font-size: 18px; font-weight: 500; min-height: 60px; background-color: rgb(47, 55, 71);">...</div> is not clickable at point (509, 626). Other element would receive the click: <div class="GFNJNYPCOBB GFNJNYPCACB" style="-webkit-box-align: center; align-items: center; -webkit-box-pack: center; justify-content: center;">...</div>
  (Session info: chrome=70.0.3538.110)
  (Driver info: chromedriver=2.43.600210 (68dcf5eebde37173d4027fa8635e332711d2874a),platform=Windows NT 10.0.17134 x86_64) (WARNING: The server did not provide any stacktrace information)
Command duration or timeout: 0 milliseconds
Build info: version: '3.7.1', revision: '8a0099a', time: '2017-11-06T21:07:36.161Z'
System info: host: 'DESKTOP-KMCIR60', ip: '192.168.0.17', os.name: 'Windows 10', os.arch: 'amd64', os.version: '10.0', java.version: '1.8.0_181'
Driver info: com.kms.katalon.selenium.driver.CChromeDriver
Capabilities {acceptInsecureCerts: false, acceptSslCerts: false, applicationCacheEnabled: false, browserConnectionEnabled: false, browserName: chrome, chrome: {chromedriverVersion: 2.43.600210 (68dcf5eebde371..., userDataDir: C:\Users\jonha\AppData\Loca...}, cssSelectorsEnabled: true, databaseEnabled: false, goog:chromeOptions: {debuggerAddress: localhost:63301}, handlesAlerts: true, hasTouchScreen: false, javascriptEnabled: true, locationContextEnabled: true, mobileEmulationEnabled: false, nativeEvents: true, networkConnectionEnabled: false, pageLoadStrategy: normal, platform: XP, platformName: XP, rotatable: false, setWindowRect: true, takesHeapSnapshot: true, takesScreenshot: true, unexpectedAlertBehaviour: , unhandledPromptBehavior: , version: 70.0.3538.110, webStorageEnabled: true}
Session ID: 644120a8f653ae39d490b2f570fcce53)
	at com.kms.katalon.core.keyword.internal.KeywordMain.stepFailed(KeywordMain.groovy:36)
	at com.kms.katalon.core.webui.keyword.internal.WebUIKeywordMain.stepFailed(WebUIKeywordMain.groovy:65)
	at com.kms.katalon.core.webui.keyword.internal.WebUIKeywordMain.runKeyword(WebUIKeywordMain.groovy:27)
	at com.kms.katalon.core.webui.keyword.builtin.ClickKeyword.click(ClickKeyword.groovy:86)
	at com.kms.katalon.core.webui.keyword.builtin.ClickKeyword.execute(ClickKeyword.groovy:67)
	at com.kms.katalon.core.keyword.internal.KeywordExecutor.executeKeywordForPlatform(KeywordExecutor.groovy:53)
	at com.kms.katalon.core.webui.keyword.WebUiBuiltInKeywords.click(WebUiBuiltInKeywords.groovy:616)
	at com.kms.katalon.core.webui.keyword.WebUiBuiltInKeywords$click$3.call(Unknown Source)
	at Complete IV17 Inspection.run(Complete IV17 Inspection:129)
	at com.kms.katalon.core.main.ScriptEngine.run(ScriptEngine.java:194)
	at com.kms.katalon.core.main.ScriptEngine.runScriptAsRawText(ScriptEngine.java:119)
	at com.kms.katalon.core.main.TestCaseExecutor.runScript(TestCaseExecutor.java:321)
	at com.kms.katalon.core.main.TestCaseExecutor.doExecute(TestCaseExecutor.java:312)
	at com.kms.katalon.core.main.TestCaseExecutor.processExecutionPhase(TestCaseExecutor.java:291)
	at com.kms.katalon.core.main.TestCaseExecutor.accessMainPhase(TestCaseExecutor.java:283)
	at com.kms.katalon.core.main.TestCaseExecutor.execute(TestCaseExecutor.java:222)
	at com.kms.katalon.core.main.TestSuiteExecutor.accessTestCaseMainPhase(TestSuiteExecutor.java:129)
	at com.kms.katalon.core.main.TestSuiteExecutor.accessTestSuiteMainPhase(TestSuiteExecutor.java:112)
	at com.kms.katalon.core.main.TestSuiteExecutor.execute(TestSuiteExecutor.java:81)
	at com.kms.katalon.core.main.TestCaseMain.startTestSuite(TestCaseMain.java:149)
	at com.kms.katalon.core.main.TestCaseMain$startTestSuite$0.call(Unknown Source)
	at TempTestSuite1544976153979.run(TempTestSuite1544976153979.groovy:36)


2018-12-16 16:36:46 - [TEST_STEP][PASSED] - log = new com.kms.katalon.core.logging.KeywordLogger(): null

2018-12-16 16:36:46 - [TEST_STEP][PASSED] - delay(15): Delayed 15 second(s)

2018-12-16 16:37:01 - [MESSAGE][PASSED] - Delayed 15 second(s)

2018-12-16 16:37:01 - [TEST_STEP][PASSED] - click(findTestObject("Object Repository/FSM1/Release22/Page_JClient/div_Main Menu_GKH2EKQBMBC")): Object: 'Object Repository/FSM1/Release22/Page_JClient/div_Main Menu_GKH2EKQBMBC' is clicked on

2018-12-16 16:37:02 - [MESSAGE][PASSED] - Object: 'Object Repository/FSM1/Release22/Page_JClient/div_Main Menu_GKH2EKQBMBC' is clicked on

2018-12-16 16:37:02 - [TEST_STEP][PASSED] - delay(3): Delayed 3 second(s)

2018-12-16 16:37:05 - [MESSAGE][PASSED] - Delayed 3 second(s)

2018-12-16 16:37:05 - [TEST_STEP][PASSED] - click(findTestObject("Object Repository/FSM1/Release22/Page_JClient/div_Form Jobs")): Object: 'Object Repository/FSM1/Release22/Page_JClient/div_Form Jobs' is clicked on

2018-12-16 16:37:05 - [MESSAGE][PASSED] - Object: 'Object Repository/FSM1/Release22/Page_JClient/div_Form Jobs' is clicked on

2018-12-16 16:37:05 - [TEST_STEP][PASSED] - click(findTestObject("Object Repository/FSM1/Release22/Page_JClient/div_IV17 Import checks")): Object: 'Object Repository/FSM1/Release22/Page_JClient/div_IV17 Import checks' is clicked on

2018-12-16 16:37:05 - [MESSAGE][PASSED] - Object: 'Object Repository/FSM1/Release22/Page_JClient/div_IV17 Import checks' is clicked on

2018-12-16 16:37:05 - [TEST_STEP][PASSED] - click(findTestObject("Object Repository/FSM1/Release22/Page_JClient/div_WITH OPERATIVE")): Object: 'Object Repository/FSM1/Release22/Page_JClient/div_WITH OPERATIVE' is clicked on

2018-12-16 16:37:06 - [MESSAGE][PASSED] - Object: 'Object Repository/FSM1/Release22/Page_JClient/div_WITH OPERATIVE' is clicked on

2018-12-16 16:37:06 - [TEST_STEP][PASSED] - click(findTestObject("Object Repository/FSM1/Release22/Page_JClient/div_TRAVELLING")): Object: 'Object Repository/FSM1/Release22/Page_JClient/div_TRAVELLING' is clicked on

2018-12-16 16:37:06 - [MESSAGE][PASSED] - Object: 'Object Repository/FSM1/Release22/Page_JClient/div_TRAVELLING' is clicked on

2018-12-16 16:37:06 - [TEST_STEP][PASSED] - delay(3): Delayed 3 second(s)

2018-12-16 16:37:09 - [MESSAGE][PASSED] - Delayed 3 second(s)

2018-12-16 16:37:09 - [TEST_STEP][PASSED] - click(findTestObject("Object Repository/FSM1/Release22/Page_JClient/div_TRAVELLING")): Object: 'Object Repository/FSM1/Release22/Page_JClient/div_TRAVELLING' is clicked on

2018-12-16 16:37:09 - [MESSAGE][PASSED] - Object: 'Object Repository/FSM1/Release22/Page_JClient/div_TRAVELLING' is clicked on

2018-12-16 16:37:09 - [TEST_STEP][PASSED] - click(findTestObject("Object Repository/FSM1/Release22/Page_JClient/div_ARRIVED")): Object: 'Object Repository/FSM1/Release22/Page_JClient/div_ARRIVED' is clicked on

2018-12-16 16:37:09 - [MESSAGE][PASSED] - Object: 'Object Repository/FSM1/Release22/Page_JClient/div_ARRIVED' is clicked on

2018-12-16 16:37:09 - [TEST_STEP][PASSED] - delay(3): Delayed 3 second(s)

2018-12-16 16:37:12 - [MESSAGE][PASSED] - Delayed 3 second(s)

2018-12-16 16:37:12 - [TEST_STEP][PASSED] - click(findTestObject("Object Repository/FSM1/Release22/Page_JClient/div_ARRIVED")): Object: 'Object Repository/FSM1/Release22/Page_JClient/div_ARRIVED' is clicked on

2018-12-16 16:37:12 - [MESSAGE][PASSED] - Object: 'Object Repository/FSM1/Release22/Page_JClient/div_ARRIVED' is clicked on

2018-12-16 16:37:12 - [TEST_STEP][PASSED] - click(findTestObject("Object Repository/FSM1/Release22/Page_JClient/div_STARTED")): Object: 'Object Repository/FSM1/Release22/Page_JClient/div_STARTED' is clicked on

2018-12-16 16:37:12 - [MESSAGE][PASSED] - Object: 'Object Repository/FSM1/Release22/Page_JClient/div_STARTED' is clicked on

2018-12-16 16:37:12 - [TEST_STEP][PASSED] - delay(3): Delayed 3 second(s)

2018-12-16 16:37:15 - [MESSAGE][PASSED] - Delayed 3 second(s)

2018-12-16 16:37:15 - [TEST_STEP][PASSED] - click(findTestObject("Object Repository/FSM1/Release22/Page_JClient/div_Edit attributes")): Object: 'Object Repository/FSM1/Release22/Page_JClient/div_Edit attributes' is clicked on

2018-12-16 16:37:15 - [MESSAGE][PASSED] - Object: 'Object Repository/FSM1/Release22/Page_JClient/div_Edit attributes' is clicked on

2018-12-16 16:37:15 - [TEST_STEP][PASSED] - delay(2): Delayed 2 second(s)

2018-12-16 16:37:17 - [MESSAGE][PASSED] - Delayed 2 second(s)

2018-12-16 16:37:17 - [TEST_STEP][PASSED] - click(findTestObject("Object Repository/FSM1/Release22/Page_JClient/input_Live Ferrets_radio_group")): Object: 'Object Repository/FSM1/Release22/Page_JClient/input_Live Ferrets_radio_group' is clicked on

2018-12-16 16:37:17 - [MESSAGE][PASSED] - Object: 'Object Repository/FSM1/Release22/Page_JClient/input_Live Ferrets_radio_group' is clicked on

2018-12-16 16:37:17 - [TEST_STEP][PASSED] - setText(findTestObject("Object Repository/FSM1/Release22/Page_JClient/input_SpeciesCommodity_gwt-Tex"), "Test automation"): Text 'Test automation' is set on object 'Object Repository/FSM1/Release22/Page_JClient/input_SpeciesCommodity_gwt-Tex'

2018-12-16 16:37:18 - [MESSAGE][PASSED] - Text 'Test automation' is set on object 'Object Repository/FSM1/Release22/Page_JClient/input_SpeciesCommodity_gwt-Tex'

2018-12-16 16:37:18 - [TEST_STEP][PASSED] - click(findTestObject("Object Repository/FSM1/Release22/Page_JClient/input_Region_radio_group_2")): Object: 'Object Repository/FSM1/Release22/Page_JClient/input_Region_radio_group_2' is clicked on

2018-12-16 16:37:18 - [MESSAGE][PASSED] - Object: 'Object Repository/FSM1/Release22/Page_JClient/input_Region_radio_group_2' is clicked on

2018-12-16 16:37:18 - [TEST_STEP][PASSED] - click(findTestObject("Object Repository/FSM1/Release22/Page_JClient/div_Initial details")): Object: 'Object Repository/FSM1/Release22/Page_JClient/div_Initial details' is clicked on

2018-12-16 16:37:18 - [MESSAGE][PASSED] - Object: 'Object Repository/FSM1/Release22/Page_JClient/div_Initial details' is clicked on

2018-12-16 16:37:18 - [TEST_STEP][PASSED] - delay(2): Delayed 2 second(s)

2018-12-16 16:37:20 - [MESSAGE][PASSED] - Delayed 2 second(s)

2018-12-16 16:37:20 - [TEST_STEP][PASSED] - setText(findTestObject("Object Repository/FSM1/Release22/Page_JClient/input_Consignment ID (ITAHC CV"), "test automation"): Text 'test automation' is set on object 'Object Repository/FSM1/Release22/Page_JClient/input_Consignment ID (ITAHC CV'

2018-12-16 16:37:20 - [MESSAGE][PASSED] - Text 'test automation' is set on object 'Object Repository/FSM1/Release22/Page_JClient/input_Consignment ID (ITAHC CV'

2018-12-16 16:37:20 - [TEST_STEP][PASSED] - setText(findTestObject("Object Repository/FSM1/Release22/Page_JClient/input_Work Schedule_gwt-TextBo"), "123"): Text '123' is set on object 'Object Repository/FSM1/Release22/Page_JClient/input_Work Schedule_gwt-TextBo'

2018-12-16 16:37:20 - [MESSAGE][PASSED] - Text '123' is set on object 'Object Repository/FSM1/Release22/Page_JClient/input_Work Schedule_gwt-TextBo'

2018-12-16 16:37:20 - [TEST_STEP][PASSED] - click(findTestObject("Object Repository/FSM1/Release22/Page_JClient/div_Save")): Object: 'Object Repository/FSM1/Release22/Page_JClient/div_Save' is clicked on

2018-12-16 16:37:20 - [MESSAGE][PASSED] - Object: 'Object Repository/FSM1/Release22/Page_JClient/div_Save' is clicked on

2018-12-16 16:37:20 - [TEST_STEP][PASSED] - delay(2): Delayed 2 second(s)

2018-12-16 16:37:22 - [MESSAGE][PASSED] - Delayed 2 second(s)

2018-12-16 16:37:22 - [TEST_STEP][PASSED] - click(findTestObject("Object Repository/FSM1/Release22/Page_JClient/div_DIP Checks")): Object: 'Object Repository/FSM1/Release22/Page_JClient/div_DIP Checks' is clicked on

2018-12-16 16:37:22 - [MESSAGE][PASSED] - Object: 'Object Repository/FSM1/Release22/Page_JClient/div_DIP Checks' is clicked on

2018-12-16 16:37:22 - [TEST_STEP][PASSED] - delay(2): Delayed 2 second(s)

2018-12-16 16:37:24 - [MESSAGE][PASSED] - Delayed 2 second(s)

2018-12-16 16:37:24 - [TEST_STEP][PASSED] - click(findTestObject("Object Repository/FSM1/Release22/Page_JClient/input_IA Is the consignee awar")): Object: 'Object Repository/FSM1/Release22/Page_JClient/input_IA Is the consignee awar' is clicked on

2018-12-16 16:37:24 - [MESSAGE][PASSED] - Object: 'Object Repository/FSM1/Release22/Page_JClient/input_IA Is the consignee awar' is clicked on

2018-12-16 16:37:24 - [TEST_STEP][PASSED] - click(findTestObject("Object Repository/FSM1/Release22/Page_JClient/input_Not Checked_radio_group_")): Object: 'Object Repository/FSM1/Release22/Page_JClient/input_Not Checked_radio_group_' is clicked on

2018-12-16 16:37:25 - [MESSAGE][PASSED] - Object: 'Object Repository/FSM1/Release22/Page_JClient/input_Not Checked_radio_group_' is clicked on

2018-12-16 16:37:25 - [TEST_STEP][PASSED] - click(findTestObject("Object Repository/FSM1/Release22/Page_JClient/input_CV Does the ITAHC provid")): Object: 'Object Repository/FSM1/Release22/Page_JClient/input_CV Does the ITAHC provid' is clicked on

2018-12-16 16:37:25 - [MESSAGE][PASSED] - Object: 'Object Repository/FSM1/Release22/Page_JClient/input_CV Does the ITAHC provid' is clicked on

2018-12-16 16:37:25 - [TEST_STEP][PASSED] - click(findTestObject("Object Repository/FSM1/Release22/Page_JClient/input_CD Are the destination d")): Object: 'Object Repository/FSM1/Release22/Page_JClient/input_CD Are the destination d' is clicked on

2018-12-16 16:37:25 - [MESSAGE][PASSED] - Object: 'Object Repository/FSM1/Release22/Page_JClient/input_CD Are the destination d' is clicked on

2018-12-16 16:37:25 - [TEST_STEP][PASSED] - click(findTestObject("Object Repository/FSM1/Release22/Page_JClient/input_Not Checked_radio_group__1")): Object: 'Object Repository/FSM1/Release22/Page_JClient/input_Not Checked_radio_group__1' is clicked on

2018-12-16 16:37:25 - [MESSAGE][PASSED] - Object: 'Object Repository/FSM1/Release22/Page_JClient/input_Not Checked_radio_group__1' is clicked on

2018-12-16 16:37:25 - [TEST_STEP][PASSED] - click(findTestObject("Object Repository/FSM1/Release22/Page_JClient/input_ID Does the identificati")): Object: 'Object Repository/FSM1/Release22/Page_JClient/input_ID Does the identificati' is clicked on

2018-12-16 16:37:25 - [MESSAGE][PASSED] - Object: 'Object Repository/FSM1/Release22/Page_JClient/input_ID Does the identificati' is clicked on

2018-12-16 16:37:25 - [TEST_STEP][PASSED] - click(findTestObject("Object Repository/FSM1/Release22/Page_JClient/input_Not Checked_radio_group__2")): Object: 'Object Repository/FSM1/Release22/Page_JClient/input_Not Checked_radio_group__2' is clicked on

2018-12-16 16:37:25 - [MESSAGE][PASSED] - Object: 'Object Repository/FSM1/Release22/Page_JClient/input_Not Checked_radio_group__2' is clicked on

2018-12-16 16:37:25 - [TEST_STEP][PASSED] - verifyElementPresent(findTestObject("Object Repository/FSM1/Release22/Page_JClient/div_MR If applicable do moveme"), 2): Object 'Object Repository/FSM1/Release22/Page_JClient/div_MR If applicable do moveme' is present

2018-12-16 16:37:25 - [MESSAGE][PASSED] - Object 'Object Repository/FSM1/Release22/Page_JClient/div_MR If applicable do moveme' is present

2018-12-16 16:37:25 - [TEST_STEP][PASSED] - click(findTestObject("Object Repository/FSM1/Release22/Page_JClient/input_PC Have physical checks")): Object: 'Object Repository/FSM1/Release22/Page_JClient/input_PC Have physical checks' is clicked on

2018-12-16 16:37:25 - [MESSAGE][PASSED] - Object: 'Object Repository/FSM1/Release22/Page_JClient/input_PC Have physical checks' is clicked on

2018-12-16 16:37:25 - [TEST_STEP][PASSED] - click(findTestObject("Object Repository/FSM1/Release22/Page_JClient/div_Save DIP")): Object: 'Object Repository/FSM1/Release22/Page_JClient/div_Save DIP' is clicked on

2018-12-16 16:37:25 - [MESSAGE][PASSED] - Object: 'Object Repository/FSM1/Release22/Page_JClient/div_Save DIP' is clicked on

2018-12-16 16:37:25 - [TEST_STEP][PASSED] - delay(2): Delayed 2 second(s)

2018-12-16 16:37:27 - [MESSAGE][PASSED] - Delayed 2 second(s)

2018-12-16 16:37:27 - [TEST_STEP][PASSED] - click(findTestObject("Object Repository/FSM1/Release22/Page_JClient/div_Checked at Location(s)")): Object: 'Object Repository/FSM1/Release22/Page_JClient/div_Checked at Location(s)' is clicked on

2018-12-16 16:37:28 - [MESSAGE][PASSED] - Object: 'Object Repository/FSM1/Release22/Page_JClient/div_Checked at Location(s)' is clicked on

2018-12-16 16:37:28 - [TEST_STEP][PASSED] - delay(2): Delayed 2 second(s)

2018-12-16 16:37:30 - [MESSAGE][PASSED] - Delayed 2 second(s)

2018-12-16 16:37:30 - [TEST_STEP][PASSED] - click(findTestObject("Object Repository/FSM1/Release22/Page_JClient/input_Select all applicable lo")): Object: 'Object Repository/FSM1/Release22/Page_JClient/input_Select all applicable lo' is clicked on

2018-12-16 16:37:30 - [MESSAGE][PASSED] - Object: 'Object Repository/FSM1/Release22/Page_JClient/input_Select all applicable lo' is clicked on

2018-12-16 16:37:30 - [TEST_STEP][PASSED] - setText(findTestObject("Object Repository/FSM1/Release22/Page_JClient/input_Number of animals checke"), "10"): Text '10' is set on object 'Object Repository/FSM1/Release22/Page_JClient/input_Number of animals checke'

2018-12-16 16:37:30 - [MESSAGE][PASSED] - Text '10' is set on object 'Object Repository/FSM1/Release22/Page_JClient/input_Number of animals checke'

2018-12-16 16:37:30 - [TEST_STEP][PASSED] - setText(findTestObject("Object Repository/FSM1/Release22/Page_JClient/input_Number of samples taken_"), "2"): Text '2' is set on object 'Object Repository/FSM1/Release22/Page_JClient/input_Number of samples taken_'

2018-12-16 16:37:30 - [MESSAGE][PASSED] - Text '2' is set on object 'Object Repository/FSM1/Release22/Page_JClient/input_Number of samples taken_'

2018-12-16 16:37:30 - [TEST_STEP][PASSED] - click(findTestObject("Object Repository/FSM1/Release22/Page_JClient/div_Checked at Location(s)Date")): Object: 'Object Repository/FSM1/Release22/Page_JClient/div_Checked at Location(s)Date' is clicked on

2018-12-16 16:37:30 - [MESSAGE][PASSED] - Object: 'Object Repository/FSM1/Release22/Page_JClient/div_Checked at Location(s)Date' is clicked on

2018-12-16 16:37:30 - [TEST_STEP][PASSED] - mydate = new java.util.Date(): null

2018-12-16 16:37:30 - [TEST_STEP][PASSED] - formattedDate = mydate.format("MM/dd/yyy"): null

2018-12-16 16:37:30 - [TEST_STEP][PASSED] - sendKeys(findTestObject("Object Repository/FSM1/Release22/Page_JClient/IV17 Date of Visit"), formattedDate): Keys '12/16/2018' sent to object: 'Object Repository/FSM1/Release22/Page_JClient/IV17 Date of Visit'

2018-12-16 16:37:30 - [MESSAGE][PASSED] - Keys '12/16/2018' sent to object: 'Object Repository/FSM1/Release22/Page_JClient/IV17 Date of Visit'

2018-12-16 16:37:30 - [TEST_STEP][PASSED] - click(findTestObject("Object Repository/FSM1/Release22/Page_JClient/div_Save Location")): Object: 'Object Repository/FSM1/Release22/Page_JClient/div_Save Location' is clicked on

2018-12-16 16:37:30 - [MESSAGE][PASSED] - Object: 'Object Repository/FSM1/Release22/Page_JClient/div_Save Location' is clicked on

2018-12-16 16:37:30 - [TEST_STEP][PASSED] - delay(2): Delayed 2 second(s)

2018-12-16 16:37:32 - [MESSAGE][PASSED] - Delayed 2 second(s)

2018-12-16 16:37:32 - [TEST_STEP][FAILED] - click(findTestObject("Object Repository/FSM1/Release22/Page_JClient/div_Non-compliance further inf")): click(findTestObject("Object Repository/FSM1/Release22/Page_JClient/div_Non-compliance further inf")) FAILED.
Reason:
com.kms.katalon.core.exception.StepFailedException: Unable to click on object 'Object Repository/FSM1/Release22/Page_JClient/div_Non-compliance further inf' (Root cause: org.openqa.selenium.WebDriverException: unknown error: Element <div tabindex="0" class="GFNJNYPCBHC" style="font-size: 18px; font-weight: 500; min-height: 60px; background-color: rgb(47, 55, 71);">...</div> is not clickable at point (509, 626). Other element would receive the click: <div class="GFNJNYPCOBB GFNJNYPCACB" style="-webkit-box-align: center; align-items: center; -webkit-box-pack: center; justify-content: center;">...</div>
  (Session info: chrome=70.0.3538.110)
  (Driver info: chromedriver=2.43.600210 (68dcf5eebde37173d4027fa8635e332711d2874a),platform=Windows NT 10.0.17134 x86_64) (WARNING: The server did not provide any stacktrace information)
Command duration or timeout: 0 milliseconds
Build info: version: '3.7.1', revision: '8a0099a', time: '2017-11-06T21:07:36.161Z'
System info: host: 'DESKTOP-KMCIR60', ip: '192.168.0.17', os.name: 'Windows 10', os.arch: 'amd64', os.version: '10.0', java.version: '1.8.0_181'
Driver info: com.kms.katalon.selenium.driver.CChromeDriver
Capabilities {acceptInsecureCerts: false, acceptSslCerts: false, applicationCacheEnabled: false, browserConnectionEnabled: false, browserName: chrome, chrome: {chromedriverVersion: 2.43.600210 (68dcf5eebde371..., userDataDir: C:\Users\jonha\AppData\Loca...}, cssSelectorsEnabled: true, databaseEnabled: false, goog:chromeOptions: {debuggerAddress: localhost:63301}, handlesAlerts: true, hasTouchScreen: false, javascriptEnabled: true, locationContextEnabled: true, mobileEmulationEnabled: false, nativeEvents: true, networkConnectionEnabled: false, pageLoadStrategy: normal, platform: XP, platformName: XP, rotatable: false, setWindowRect: true, takesHeapSnapshot: true, takesScreenshot: true, unexpectedAlertBehaviour: , unhandledPromptBehavior: , version: 70.0.3538.110, webStorageEnabled: true}
Session ID: 644120a8f653ae39d490b2f570fcce53)
	at com.kms.katalon.core.keyword.internal.KeywordMain.stepFailed(KeywordMain.groovy:36)
	at com.kms.katalon.core.webui.keyword.internal.WebUIKeywordMain.stepFailed(WebUIKeywordMain.groovy:65)
	at com.kms.katalon.core.webui.keyword.internal.WebUIKeywordMain.runKeyword(WebUIKeywordMain.groovy:27)
	at com.kms.katalon.core.webui.keyword.builtin.ClickKeyword.click(ClickKeyword.groovy:86)
	at com.kms.katalon.core.webui.keyword.builtin.ClickKeyword.execute(ClickKeyword.groovy:67)
	at com.kms.katalon.core.keyword.internal.KeywordExecutor.executeKeywordForPlatform(KeywordExecutor.groovy:53)
	at com.kms.katalon.core.webui.keyword.WebUiBuiltInKeywords.click(WebUiBuiltInKeywords.groovy:616)
	at com.kms.katalon.core.webui.keyword.WebUiBuiltInKeywords$click$3.call(Unknown Source)
	at Complete IV17 Inspection.run(Complete IV17 Inspection:129)
	at com.kms.katalon.core.main.ScriptEngine.run(ScriptEngine.java:194)
	at com.kms.katalon.core.main.ScriptEngine.runScriptAsRawText(ScriptEngine.java:119)
	at com.kms.katalon.core.main.TestCaseExecutor.runScript(TestCaseExecutor.java:321)
	at com.kms.katalon.core.main.TestCaseExecutor.doExecute(TestCaseExecutor.java:312)
	at com.kms.katalon.core.main.TestCaseExecutor.processExecutionPhase(TestCaseExecutor.java:291)
	at com.kms.katalon.core.main.TestCaseExecutor.accessMainPhase(TestCaseExecutor.java:283)
	at com.kms.katalon.core.main.TestCaseExecutor.execute(TestCaseExecutor.java:222)
	at com.kms.katalon.core.main.TestSuiteExecutor.accessTestCaseMainPhase(TestSuiteExecutor.java:129)
	at com.kms.katalon.core.main.TestSuiteExecutor.accessTestSuiteMainPhase(TestSuiteExecutor.java:112)
	at com.kms.katalon.core.main.TestSuiteExecutor.execute(TestSuiteExecutor.java:81)
	at com.kms.katalon.core.main.TestCaseMain.startTestSuite(TestCaseMain.java:149)
	at com.kms.katalon.core.main.TestCaseMain$startTestSuite$0.call(Unknown Source)
	at TempTestSuite1544976153979.run(TempTestSuite1544976153979.groovy:36)


2018-12-16 16:37:33 - [MESSAGE][FAILED] - Unable to click on object 'Object Repository/FSM1/Release22/Page_JClient/div_Non-compliance further inf' (Root cause: org.openqa.selenium.WebDriverException: unknown error: Element <div tabindex="0" class="GFNJNYPCBHC" style="font-size: 18px; font-weight: 500; min-height: 60px; background-color: rgb(47, 55, 71);">...</div> is not clickable at point (509, 626). Other element would receive the click: <div class="GFNJNYPCOBB GFNJNYPCACB" style="-webkit-box-align: center; align-items: center; -webkit-box-pack: center; justify-content: center;">...</div>
  (Session info: chrome=70.0.3538.110)
  (Driver info: chromedriver=2.43.600210 (68dcf5eebde37173d4027fa8635e332711d2874a),platform=Windows NT 10.0.17134 x86_64) (WARNING: The server did not provide any stacktrace information)
Command duration or timeout: 0 milliseconds
Build info: version: '3.7.1', revision: '8a0099a', time: '2017-11-06T21:07:36.161Z'
System info: host: 'DESKTOP-KMCIR60', ip: '192.168.0.17', os.name: 'Windows 10', os.arch: 'amd64', os.version: '10.0', java.version: '1.8.0_181'
Driver info: com.kms.katalon.selenium.driver.CChromeDriver
Capabilities {acceptInsecureCerts: false, acceptSslCerts: false, applicationCacheEnabled: false, browserConnectionEnabled: false, browserName: chrome, chrome: {chromedriverVersion: 2.43.600210 (68dcf5eebde371..., userDataDir: C:\Users\jonha\AppData\Loca...}, cssSelectorsEnabled: true, databaseEnabled: false, goog:chromeOptions: {debuggerAddress: localhost:63301}, handlesAlerts: true, hasTouchScreen: false, javascriptEnabled: true, locationContextEnabled: true, mobileEmulationEnabled: false, nativeEvents: true, networkConnectionEnabled: false, pageLoadStrategy: normal, platform: XP, platformName: XP, rotatable: false, setWindowRect: true, takesHeapSnapshot: true, takesScreenshot: true, unexpectedAlertBehaviour: , unhandledPromptBehavior: , version: 70.0.3538.110, webStorageEnabled: true}
Session ID: 644120a8f653ae39d490b2f570fcce53)
[[ATTACHMENT|C:\\Users\\jonha\\Documents\\Katalon\\APHA\\JM_8.9\\FSM_Regression\\Reports\\Form Jobs\\IV17 Regression\\20181216_160233\\1544978252883.png]]

2018-12-16 16:37:33 - [MESSAGE][FAILED] - click(findTestObject("Object Repository/FSM1/Release22/Page_JClient/div_Non-compliance further inf")) FAILED.
Reason:
com.kms.katalon.core.exception.StepFailedException: Unable to click on object 'Object Repository/FSM1/Release22/Page_JClient/div_Non-compliance further inf' (Root cause: org.openqa.selenium.WebDriverException: unknown error: Element <div tabindex="0" class="GFNJNYPCBHC" style="font-size: 18px; font-weight: 500; min-height: 60px; background-color: rgb(47, 55, 71);">...</div> is not clickable at point (509, 626). Other element would receive the click: <div class="GFNJNYPCOBB GFNJNYPCACB" style="-webkit-box-align: center; align-items: center; -webkit-box-pack: center; justify-content: center;">...</div>
  (Session info: chrome=70.0.3538.110)
  (Driver info: chromedriver=2.43.600210 (68dcf5eebde37173d4027fa8635e332711d2874a),platform=Windows NT 10.0.17134 x86_64) (WARNING: The server did not provide any stacktrace information)
Command duration or timeout: 0 milliseconds
Build info: version: '3.7.1', revision: '8a0099a', time: '2017-11-06T21:07:36.161Z'
System info: host: 'DESKTOP-KMCIR60', ip: '192.168.0.17', os.name: 'Windows 10', os.arch: 'amd64', os.version: '10.0', java.version: '1.8.0_181'
Driver info: com.kms.katalon.selenium.driver.CChromeDriver
Capabilities {acceptInsecureCerts: false, acceptSslCerts: false, applicationCacheEnabled: false, browserConnectionEnabled: false, browserName: chrome, chrome: {chromedriverVersion: 2.43.600210 (68dcf5eebde371..., userDataDir: C:\Users\jonha\AppData\Loca...}, cssSelectorsEnabled: true, databaseEnabled: false, goog:chromeOptions: {debuggerAddress: localhost:63301}, handlesAlerts: true, hasTouchScreen: false, javascriptEnabled: true, locationContextEnabled: true, mobileEmulationEnabled: false, nativeEvents: true, networkConnectionEnabled: false, pageLoadStrategy: normal, platform: XP, platformName: XP, rotatable: false, setWindowRect: true, takesHeapSnapshot: true, takesScreenshot: true, unexpectedAlertBehaviour: , unhandledPromptBehavior: , version: 70.0.3538.110, webStorageEnabled: true}
Session ID: 644120a8f653ae39d490b2f570fcce53)
	at com.kms.katalon.core.keyword.internal.KeywordMain.stepFailed(KeywordMain.groovy:36)
	at com.kms.katalon.core.webui.keyword.internal.WebUIKeywordMain.stepFailed(WebUIKeywordMain.groovy:65)
	at com.kms.katalon.core.webui.keyword.internal.WebUIKeywordMain.runKeyword(WebUIKeywordMain.groovy:27)
	at com.kms.katalon.core.webui.keyword.builtin.ClickKeyword.click(ClickKeyword.groovy:86)
	at com.kms.katalon.core.webui.keyword.builtin.ClickKeyword.execute(ClickKeyword.groovy:67)
	at com.kms.katalon.core.keyword.internal.KeywordExecutor.executeKeywordForPlatform(KeywordExecutor.groovy:53)
	at com.kms.katalon.core.webui.keyword.WebUiBuiltInKeywords.click(WebUiBuiltInKeywords.groovy:616)
	at com.kms.katalon.core.webui.keyword.WebUiBuiltInKeywords$click$3.call(Unknown Source)
	at Complete IV17 Inspection.run(Complete IV17 Inspection:129)
	at com.kms.katalon.core.main.ScriptEngine.run(ScriptEngine.java:194)
	at com.kms.katalon.core.main.ScriptEngine.runScriptAsRawText(ScriptEngine.java:119)
	at com.kms.katalon.core.main.TestCaseExecutor.runScript(TestCaseExecutor.java:321)
	at com.kms.katalon.core.main.TestCaseExecutor.doExecute(TestCaseExecutor.java:312)
	at com.kms.katalon.core.main.TestCaseExecutor.processExecutionPhase(TestCaseExecutor.java:291)
	at com.kms.katalon.core.main.TestCaseExecutor.accessMainPhase(TestCaseExecutor.java:283)
	at com.kms.katalon.core.main.TestCaseExecutor.execute(TestCaseExecutor.java:222)
	at com.kms.katalon.core.main.TestSuiteExecutor.accessTestCaseMainPhase(TestSuiteExecutor.java:129)
	at com.kms.katalon.core.main.TestSuiteExecutor.accessTestSuiteMainPhase(TestSuiteExecutor.java:112)
	at com.kms.katalon.core.main.TestSuiteExecutor.execute(TestSuiteExecutor.java:81)
	at com.kms.katalon.core.main.TestCaseMain.startTestSuite(TestCaseMain.java:149)
	at com.kms.katalon.core.main.TestCaseMain$startTestSuite$0.call(Unknown Source)
	at TempTestSuite1544976153979.run(TempTestSuite1544976153979.groovy:36)]]></system-out>
         <system-err><![CDATA[2018-12-16 16:36:46 - [TEST_CASE][FAILED] - Test Cases/Form Jobs/IV17/Complete IV17 Inspection: Test Cases/Form Jobs/IV17/Complete IV17 Inspection FAILED.
Reason:
com.kms.katalon.core.exception.StepFailedException: Unable to click on object 'Object Repository/FSM1/Release22/Page_JClient/div_Non-compliance further inf' (Root cause: org.openqa.selenium.WebDriverException: unknown error: Element <div tabindex="0" class="GFNJNYPCBHC" style="font-size: 18px; font-weight: 500; min-height: 60px; background-color: rgb(47, 55, 71);">...</div> is not clickable at point (509, 626). Other element would receive the click: <div class="GFNJNYPCOBB GFNJNYPCACB" style="-webkit-box-align: center; align-items: center; -webkit-box-pack: center; justify-content: center;">...</div>
  (Session info: chrome=70.0.3538.110)
  (Driver info: chromedriver=2.43.600210 (68dcf5eebde37173d4027fa8635e332711d2874a),platform=Windows NT 10.0.17134 x86_64) (WARNING: The server did not provide any stacktrace information)
Command duration or timeout: 0 milliseconds
Build info: version: '3.7.1', revision: '8a0099a', time: '2017-11-06T21:07:36.161Z'
System info: host: 'DESKTOP-KMCIR60', ip: '192.168.0.17', os.name: 'Windows 10', os.arch: 'amd64', os.version: '10.0', java.version: '1.8.0_181'
Driver info: com.kms.katalon.selenium.driver.CChromeDriver
Capabilities {acceptInsecureCerts: false, acceptSslCerts: false, applicationCacheEnabled: false, browserConnectionEnabled: false, browserName: chrome, chrome: {chromedriverVersion: 2.43.600210 (68dcf5eebde371..., userDataDir: C:\Users\jonha\AppData\Loca...}, cssSelectorsEnabled: true, databaseEnabled: false, goog:chromeOptions: {debuggerAddress: localhost:63301}, handlesAlerts: true, hasTouchScreen: false, javascriptEnabled: true, locationContextEnabled: true, mobileEmulationEnabled: false, nativeEvents: true, networkConnectionEnabled: false, pageLoadStrategy: normal, platform: XP, platformName: XP, rotatable: false, setWindowRect: true, takesHeapSnapshot: true, takesScreenshot: true, unexpectedAlertBehaviour: , unhandledPromptBehavior: , version: 70.0.3538.110, webStorageEnabled: true}
Session ID: 644120a8f653ae39d490b2f570fcce53)
	at com.kms.katalon.core.keyword.internal.KeywordMain.stepFailed(KeywordMain.groovy:36)
	at com.kms.katalon.core.webui.keyword.internal.WebUIKeywordMain.stepFailed(WebUIKeywordMain.groovy:65)
	at com.kms.katalon.core.webui.keyword.internal.WebUIKeywordMain.runKeyword(WebUIKeywordMain.groovy:27)
	at com.kms.katalon.core.webui.keyword.builtin.ClickKeyword.click(ClickKeyword.groovy:86)
	at com.kms.katalon.core.webui.keyword.builtin.ClickKeyword.execute(ClickKeyword.groovy:67)
	at com.kms.katalon.core.keyword.internal.KeywordExecutor.executeKeywordForPlatform(KeywordExecutor.groovy:53)
	at com.kms.katalon.core.webui.keyword.WebUiBuiltInKeywords.click(WebUiBuiltInKeywords.groovy:616)
	at com.kms.katalon.core.webui.keyword.WebUiBuiltInKeywords$click$3.call(Unknown Source)
	at Complete IV17 Inspection.run(Complete IV17 Inspection:129)
	at com.kms.katalon.core.main.ScriptEngine.run(ScriptEngine.java:194)
	at com.kms.katalon.core.main.ScriptEngine.runScriptAsRawText(ScriptEngine.java:119)
	at com.kms.katalon.core.main.TestCaseExecutor.runScript(TestCaseExecutor.java:321)
	at com.kms.katalon.core.main.TestCaseExecutor.doExecute(TestCaseExecutor.java:312)
	at com.kms.katalon.core.main.TestCaseExecutor.processExecutionPhase(TestCaseExecutor.java:291)
	at com.kms.katalon.core.main.TestCaseExecutor.accessMainPhase(TestCaseExecutor.java:283)
	at com.kms.katalon.core.main.TestCaseExecutor.execute(TestCaseExecutor.java:222)
	at com.kms.katalon.core.main.TestSuiteExecutor.accessTestCaseMainPhase(TestSuiteExecutor.java:129)
	at com.kms.katalon.core.main.TestSuiteExecutor.accessTestSuiteMainPhase(TestSuiteExecutor.java:112)
	at com.kms.katalon.core.main.TestSuiteExecutor.execute(TestSuiteExecutor.java:81)
	at com.kms.katalon.core.main.TestCaseMain.startTestSuite(TestCaseMain.java:149)
	at com.kms.katalon.core.main.TestCaseMain$startTestSuite$0.call(Unknown Source)
	at TempTestSuite1544976153979.run(TempTestSuite1544976153979.groovy:36)]]></system-err>
      </testcase>
      <testcase name="Test Cases/Generic/Launch Job Manager Control Centre - Check Result" classname="Test Cases/Generic/Launch Job Manager Control Centre - Check Result" status="PASSED">
         <system-out><![CDATA[2018-12-16 16:37:33 - [TEST_CASE][PASSED] - Test Cases/Generic/Launch Job Manager Control Centre - Check Result: Test Cases/Generic/Launch Job Manager Control Centre - Check Result

2018-12-16 16:37:33 - [TEST_STEP][PASSED] - openBrowser(""): Browser is opened with url: ''

2018-12-16 16:37:33 - [MESSAGE][WARNING] - A browser is already opened. Closing browser and opening a new one

2018-12-16 16:37:34 - [MESSAGE][INFO] - Starting 'Chrome' driver

2018-12-16 16:37:36 - [MESSAGE][PASSED] - Browser is opened with url: ''

2018-12-16 16:37:36 - [TEST_STEP][PASSED] - navigateToUrl(CCURL): Navigate to 'https://kirona-def-6.kirona.com/jmprep/login#!loginView' successfully

2018-12-16 16:37:37 - [MESSAGE][PASSED] - Navigate to 'https://kirona-def-6.kirona.com/jmprep/login#!loginView' successfully

2018-12-16 16:37:37 - [TEST_STEP][PASSED] - setText(findTestObject("FSM1/Control Centre/Page_Job Manager Login/input_gwt-uid-3"), Username): Text 'jon.hatfield' is set on object 'Object Repository/FSM1/Control Centre/Page_Job Manager Login/input_gwt-uid-3'

2018-12-16 16:37:38 - [MESSAGE][PASSED] - Text 'jon.hatfield' is set on object 'Object Repository/FSM1/Control Centre/Page_Job Manager Login/input_gwt-uid-3'

2018-12-16 16:37:38 - [TEST_STEP][PASSED] - setText(findTestObject("FSM1/Control Centre/Page_Job Manager Login/input_gwt-uid-5"), Password): Text 'Fr@nc1sJ0n' is set on object 'Object Repository/FSM1/Control Centre/Page_Job Manager Login/input_gwt-uid-5'

2018-12-16 16:37:38 - [MESSAGE][PASSED] - Text 'Fr@nc1sJ0n' is set on object 'Object Repository/FSM1/Control Centre/Page_Job Manager Login/input_gwt-uid-5'

2018-12-16 16:37:38 - [TEST_STEP][PASSED] - delay(2): Delayed 2 second(s)

2018-12-16 16:37:40 - [MESSAGE][PASSED] - Delayed 2 second(s)

2018-12-16 16:37:40 - [TEST_STEP][PASSED] - click(findTestObject("FSM1/PreProd/Page_Job Manager Login/div_Login")): Object: 'Object Repository/FSM1/PreProd/Page_Job Manager Login/div_Login' is clicked on

2018-12-16 16:37:40 - [MESSAGE][PASSED] - Object: 'Object Repository/FSM1/PreProd/Page_Job Manager Login/div_Login' is clicked on

2018-12-16 16:37:40 - [TEST_STEP][PASSED] - delay(20): Delayed 20 second(s)

2018-12-16 16:38:00 - [MESSAGE][PASSED] - Delayed 20 second(s)]]></system-out>
         <system-err><![CDATA[]]></system-err>
      </testcase>
      <testcase name="Test Cases/Form Jobs/IV17/Control Centre - Check Results - IV17" classname="Test Cases/Form Jobs/IV17/Control Centre - Check Results - IV17" status="FAILED">
         <failure type="FAILED" message="Test Cases/Form Jobs/IV17/Control Centre - Check Results - IV17 FAILED.
Reason:
com.kms.katalon.core.exception.StepFailedException: Unable to click on object 'Object Repository/FSM1/EMI Check Results/Page_JM Control Centre/span_' (Root cause: com.kms.katalon.core.webui.exception.WebElementNotFoundException: Web element with id: 'Object Repository/FSM1/EMI Check Results/Page_JM Control Centre/span_' located by 'By.cssSelector: #menuLocation > div > div > div > div.v-csslayout.v-layout.v-widget.menuLayout.v-csslayout-menuLayout > div.v-csslayout.v-layout.v-widget.footerComponents.v-csslayout-footerComponents > div.v-csslayout.v-layout.v-widget.jobMode.v-csslayout-jobMode.footerComponent.v-csslayout-footerComponent > div.v-csslayout.v-layout.v-widget.actionIcon.v-csslayout-actionIcon > div > span' not found)
	at com.kms.katalon.core.keyword.internal.KeywordMain.stepFailed(KeywordMain.groovy:36)
	at com.kms.katalon.core.webui.keyword.internal.WebUIKeywordMain.stepFailed(WebUIKeywordMain.groovy:65)
	at com.kms.katalon.core.webui.keyword.internal.WebUIKeywordMain.runKeyword(WebUIKeywordMain.groovy:27)
	at com.kms.katalon.core.webui.keyword.builtin.ClickKeyword.click(ClickKeyword.groovy:86)
	at com.kms.katalon.core.webui.keyword.builtin.ClickKeyword.execute(ClickKeyword.groovy:67)
	at com.kms.katalon.core.keyword.internal.KeywordExecutor.executeKeywordForPlatform(KeywordExecutor.groovy:53)
	at com.kms.katalon.core.webui.keyword.WebUiBuiltInKeywords.click(WebUiBuiltInKeywords.groovy:616)
	at com.kms.katalon.core.webui.keyword.WebUiBuiltInKeywords$click$3.call(Unknown Source)
	at Control Centre - Check Results - IV17.run(Control Centre - Check Results - IV17:30)
	at com.kms.katalon.core.main.ScriptEngine.run(ScriptEngine.java:194)
	at com.kms.katalon.core.main.ScriptEngine.runScriptAsRawText(ScriptEngine.java:119)
	at com.kms.katalon.core.main.TestCaseExecutor.runScript(TestCaseExecutor.java:321)
	at com.kms.katalon.core.main.TestCaseExecutor.doExecute(TestCaseExecutor.java:312)
	at com.kms.katalon.core.main.TestCaseExecutor.processExecutionPhase(TestCaseExecutor.java:291)
	at com.kms.katalon.core.main.TestCaseExecutor.accessMainPhase(TestCaseExecutor.java:283)
	at com.kms.katalon.core.main.TestCaseExecutor.execute(TestCaseExecutor.java:222)
	at com.kms.katalon.core.main.TestSuiteExecutor.accessTestCaseMainPhase(TestSuiteExecutor.java:129)
	at com.kms.katalon.core.main.TestSuiteExecutor.accessTestSuiteMainPhase(TestSuiteExecutor.java:112)
	at com.kms.katalon.core.main.TestSuiteExecutor.execute(TestSuiteExecutor.java:81)
	at com.kms.katalon.core.main.TestCaseMain.startTestSuite(TestCaseMain.java:149)
	at com.kms.katalon.core.main.TestCaseMain$startTestSuite$0.call(Unknown Source)
	at TempTestSuite1544976153979.run(TempTestSuite1544976153979.groovy:36)
"/>
         <system-out><![CDATA[2018-12-16 16:38:00 - [TEST_CASE][FAILED] - Test Cases/Form Jobs/IV17/Control Centre - Check Results - IV17: Test Cases/Form Jobs/IV17/Control Centre - Check Results - IV17 FAILED.
Reason:
com.kms.katalon.core.exception.StepFailedException: Unable to click on object 'Object Repository/FSM1/EMI Check Results/Page_JM Control Centre/span_' (Root cause: com.kms.katalon.core.webui.exception.WebElementNotFoundException: Web element with id: 'Object Repository/FSM1/EMI Check Results/Page_JM Control Centre/span_' located by 'By.cssSelector: #menuLocation > div > div > div > div.v-csslayout.v-layout.v-widget.menuLayout.v-csslayout-menuLayout > div.v-csslayout.v-layout.v-widget.footerComponents.v-csslayout-footerComponents > div.v-csslayout.v-layout.v-widget.jobMode.v-csslayout-jobMode.footerComponent.v-csslayout-footerComponent > div.v-csslayout.v-layout.v-widget.actionIcon.v-csslayout-actionIcon > div > span' not found)
	at com.kms.katalon.core.keyword.internal.KeywordMain.stepFailed(KeywordMain.groovy:36)
	at com.kms.katalon.core.webui.keyword.internal.WebUIKeywordMain.stepFailed(WebUIKeywordMain.groovy:65)
	at com.kms.katalon.core.webui.keyword.internal.WebUIKeywordMain.runKeyword(WebUIKeywordMain.groovy:27)
	at com.kms.katalon.core.webui.keyword.builtin.ClickKeyword.click(ClickKeyword.groovy:86)
	at com.kms.katalon.core.webui.keyword.builtin.ClickKeyword.execute(ClickKeyword.groovy:67)
	at com.kms.katalon.core.keyword.internal.KeywordExecutor.executeKeywordForPlatform(KeywordExecutor.groovy:53)
	at com.kms.katalon.core.webui.keyword.WebUiBuiltInKeywords.click(WebUiBuiltInKeywords.groovy:616)
	at com.kms.katalon.core.webui.keyword.WebUiBuiltInKeywords$click$3.call(Unknown Source)
	at Control Centre - Check Results - IV17.run(Control Centre - Check Results - IV17:30)
	at com.kms.katalon.core.main.ScriptEngine.run(ScriptEngine.java:194)
	at com.kms.katalon.core.main.ScriptEngine.runScriptAsRawText(ScriptEngine.java:119)
	at com.kms.katalon.core.main.TestCaseExecutor.runScript(TestCaseExecutor.java:321)
	at com.kms.katalon.core.main.TestCaseExecutor.doExecute(TestCaseExecutor.java:312)
	at com.kms.katalon.core.main.TestCaseExecutor.processExecutionPhase(TestCaseExecutor.java:291)
	at com.kms.katalon.core.main.TestCaseExecutor.accessMainPhase(TestCaseExecutor.java:283)
	at com.kms.katalon.core.main.TestCaseExecutor.execute(TestCaseExecutor.java:222)
	at com.kms.katalon.core.main.TestSuiteExecutor.accessTestCaseMainPhase(TestSuiteExecutor.java:129)
	at com.kms.katalon.core.main.TestSuiteExecutor.accessTestSuiteMainPhase(TestSuiteExecutor.java:112)
	at com.kms.katalon.core.main.TestSuiteExecutor.execute(TestSuiteExecutor.java:81)
	at com.kms.katalon.core.main.TestCaseMain.startTestSuite(TestCaseMain.java:149)
	at com.kms.katalon.core.main.TestCaseMain$startTestSuite$0.call(Unknown Source)
	at TempTestSuite1544976153979.run(TempTestSuite1544976153979.groovy:36)


2018-12-16 16:38:00 - [TEST_STEP][PASSED] - log = new com.kms.katalon.core.logging.KeywordLogger(): null

2018-12-16 16:38:00 - [TEST_STEP][PASSED] - setText(findTestObject("Object Repository/FSM1/EMI Check Results/Page_JM Control Centre/input_Recents_v-textfield v-wi"), temp1): Text '' is set on object 'Object Repository/FSM1/EMI Check Results/Page_JM Control Centre/input_Recents_v-textfield v-wi'

2018-12-16 16:38:00 - [MESSAGE][PASSED] - Text '' is set on object 'Object Repository/FSM1/EMI Check Results/Page_JM Control Centre/input_Recents_v-textfield v-wi'

2018-12-16 16:38:00 - [TEST_STEP][FAILED] - click(findTestObject("Object Repository/FSM1/EMI Check Results/Page_JM Control Centre/span_")): click(findTestObject("Object Repository/FSM1/EMI Check Results/Page_JM Control Centre/span_")) FAILED.
Reason:
com.kms.katalon.core.exception.StepFailedException: Unable to click on object 'Object Repository/FSM1/EMI Check Results/Page_JM Control Centre/span_' (Root cause: com.kms.katalon.core.webui.exception.WebElementNotFoundException: Web element with id: 'Object Repository/FSM1/EMI Check Results/Page_JM Control Centre/span_' located by 'By.cssSelector: #menuLocation > div > div > div > div.v-csslayout.v-layout.v-widget.menuLayout.v-csslayout-menuLayout > div.v-csslayout.v-layout.v-widget.footerComponents.v-csslayout-footerComponents > div.v-csslayout.v-layout.v-widget.jobMode.v-csslayout-jobMode.footerComponent.v-csslayout-footerComponent > div.v-csslayout.v-layout.v-widget.actionIcon.v-csslayout-actionIcon > div > span' not found)
	at com.kms.katalon.core.keyword.internal.KeywordMain.stepFailed(KeywordMain.groovy:36)
	at com.kms.katalon.core.webui.keyword.internal.WebUIKeywordMain.stepFailed(WebUIKeywordMain.groovy:65)
	at com.kms.katalon.core.webui.keyword.internal.WebUIKeywordMain.runKeyword(WebUIKeywordMain.groovy:27)
	at com.kms.katalon.core.webui.keyword.builtin.ClickKeyword.click(ClickKeyword.groovy:86)
	at com.kms.katalon.core.webui.keyword.builtin.ClickKeyword.execute(ClickKeyword.groovy:67)
	at com.kms.katalon.core.keyword.internal.KeywordExecutor.executeKeywordForPlatform(KeywordExecutor.groovy:53)
	at com.kms.katalon.core.webui.keyword.WebUiBuiltInKeywords.click(WebUiBuiltInKeywords.groovy:616)
	at com.kms.katalon.core.webui.keyword.WebUiBuiltInKeywords$click$3.call(Unknown Source)
	at Control Centre - Check Results - IV17.run(Control Centre - Check Results - IV17:30)
	at com.kms.katalon.core.main.ScriptEngine.run(ScriptEngine.java:194)
	at com.kms.katalon.core.main.ScriptEngine.runScriptAsRawText(ScriptEngine.java:119)
	at com.kms.katalon.core.main.TestCaseExecutor.runScript(TestCaseExecutor.java:321)
	at com.kms.katalon.core.main.TestCaseExecutor.doExecute(TestCaseExecutor.java:312)
	at com.kms.katalon.core.main.TestCaseExecutor.processExecutionPhase(TestCaseExecutor.java:291)
	at com.kms.katalon.core.main.TestCaseExecutor.accessMainPhase(TestCaseExecutor.java:283)
	at com.kms.katalon.core.main.TestCaseExecutor.execute(TestCaseExecutor.java:222)
	at com.kms.katalon.core.main.TestSuiteExecutor.accessTestCaseMainPhase(TestSuiteExecutor.java:129)
	at com.kms.katalon.core.main.TestSuiteExecutor.accessTestSuiteMainPhase(TestSuiteExecutor.java:112)
	at com.kms.katalon.core.main.TestSuiteExecutor.execute(TestSuiteExecutor.java:81)
	at com.kms.katalon.core.main.TestCaseMain.startTestSuite(TestCaseMain.java:149)
	at com.kms.katalon.core.main.TestCaseMain$startTestSuite$0.call(Unknown Source)
	at TempTestSuite1544976153979.run(TempTestSuite1544976153979.groovy:36)


2018-12-16 16:38:33 - [MESSAGE][INFO] - Unable to find the element located by 'By.cssSelector: #menuLocation > div > div > div > div.v-csslayout.v-layout.v-widget.menuLayout.v-csslayout-menuLayout > div.v-csslayout.v-layout.v-widget.footerComponents.v-csslayout-footerComponents > div.v-csslayout.v-layout.v-widget.jobMode.v-csslayout-jobMode.footerComponent.v-csslayout-footerComponent > div.v-csslayout.v-layout.v-widget.actionIcon.v-csslayout-actionIcon > div > span'. Please recheck the objects properties to make sure the desired element is located. 

2018-12-16 16:38:33 - [MESSAGE][FAILED] - Unable to click on object 'Object Repository/FSM1/EMI Check Results/Page_JM Control Centre/span_' (Root cause: com.kms.katalon.core.webui.exception.WebElementNotFoundException: Web element with id: 'Object Repository/FSM1/EMI Check Results/Page_JM Control Centre/span_' located by 'By.cssSelector: #menuLocation > div > div > div > div.v-csslayout.v-layout.v-widget.menuLayout.v-csslayout-menuLayout > div.v-csslayout.v-layout.v-widget.footerComponents.v-csslayout-footerComponents > div.v-csslayout.v-layout.v-widget.jobMode.v-csslayout-jobMode.footerComponent.v-csslayout-footerComponent > div.v-csslayout.v-layout.v-widget.actionIcon.v-csslayout-actionIcon > div > span' not found)
[[ATTACHMENT|C:\\Users\\jonha\\Documents\\Katalon\\APHA\\JM_8.9\\FSM_Regression\\Reports\\Form Jobs\\IV17 Regression\\20181216_160233\\1544978313247.png]]

2018-12-16 16:38:33 - [MESSAGE][FAILED] - click(findTestObject("Object Repository/FSM1/EMI Check Results/Page_JM Control Centre/span_")) FAILED.
Reason:
com.kms.katalon.core.exception.StepFailedException: Unable to click on object 'Object Repository/FSM1/EMI Check Results/Page_JM Control Centre/span_' (Root cause: com.kms.katalon.core.webui.exception.WebElementNotFoundException: Web element with id: 'Object Repository/FSM1/EMI Check Results/Page_JM Control Centre/span_' located by 'By.cssSelector: #menuLocation > div > div > div > div.v-csslayout.v-layout.v-widget.menuLayout.v-csslayout-menuLayout > div.v-csslayout.v-layout.v-widget.footerComponents.v-csslayout-footerComponents > div.v-csslayout.v-layout.v-widget.jobMode.v-csslayout-jobMode.footerComponent.v-csslayout-footerComponent > div.v-csslayout.v-layout.v-widget.actionIcon.v-csslayout-actionIcon > div > span' not found)
	at com.kms.katalon.core.keyword.internal.KeywordMain.stepFailed(KeywordMain.groovy:36)
	at com.kms.katalon.core.webui.keyword.internal.WebUIKeywordMain.stepFailed(WebUIKeywordMain.groovy:65)
	at com.kms.katalon.core.webui.keyword.internal.WebUIKeywordMain.runKeyword(WebUIKeywordMain.groovy:27)
	at com.kms.katalon.core.webui.keyword.builtin.ClickKeyword.click(ClickKeyword.groovy:86)
	at com.kms.katalon.core.webui.keyword.builtin.ClickKeyword.execute(ClickKeyword.groovy:67)
	at com.kms.katalon.core.keyword.internal.KeywordExecutor.executeKeywordForPlatform(KeywordExecutor.groovy:53)
	at com.kms.katalon.core.webui.keyword.WebUiBuiltInKeywords.click(WebUiBuiltInKeywords.groovy:616)
	at com.kms.katalon.core.webui.keyword.WebUiBuiltInKeywords$click$3.call(Unknown Source)
	at Control Centre - Check Results - IV17.run(Control Centre - Check Results - IV17:30)
	at com.kms.katalon.core.main.ScriptEngine.run(ScriptEngine.java:194)
	at com.kms.katalon.core.main.ScriptEngine.runScriptAsRawText(ScriptEngine.java:119)
	at com.kms.katalon.core.main.TestCaseExecutor.runScript(TestCaseExecutor.java:321)
	at com.kms.katalon.core.main.TestCaseExecutor.doExecute(TestCaseExecutor.java:312)
	at com.kms.katalon.core.main.TestCaseExecutor.processExecutionPhase(TestCaseExecutor.java:291)
	at com.kms.katalon.core.main.TestCaseExecutor.accessMainPhase(TestCaseExecutor.java:283)
	at com.kms.katalon.core.main.TestCaseExecutor.execute(TestCaseExecutor.java:222)
	at com.kms.katalon.core.main.TestSuiteExecutor.accessTestCaseMainPhase(TestSuiteExecutor.java:129)
	at com.kms.katalon.core.main.TestSuiteExecutor.accessTestSuiteMainPhase(TestSuiteExecutor.java:112)
	at com.kms.katalon.core.main.TestSuiteExecutor.execute(TestSuiteExecutor.java:81)
	at com.kms.katalon.core.main.TestCaseMain.startTestSuite(TestCaseMain.java:149)
	at com.kms.katalon.core.main.TestCaseMain$startTestSuite$0.call(Unknown Source)
	at TempTestSuite1544976153979.run(TempTestSuite1544976153979.groovy:36)]]></system-out>
         <system-err><![CDATA[2018-12-16 16:38:00 - [TEST_CASE][FAILED] - Test Cases/Form Jobs/IV17/Control Centre - Check Results - IV17: Test Cases/Form Jobs/IV17/Control Centre - Check Results - IV17 FAILED.
Reason:
com.kms.katalon.core.exception.StepFailedException: Unable to click on object 'Object Repository/FSM1/EMI Check Results/Page_JM Control Centre/span_' (Root cause: com.kms.katalon.core.webui.exception.WebElementNotFoundException: Web element with id: 'Object Repository/FSM1/EMI Check Results/Page_JM Control Centre/span_' located by 'By.cssSelector: #menuLocation > div > div > div > div.v-csslayout.v-layout.v-widget.menuLayout.v-csslayout-menuLayout > div.v-csslayout.v-layout.v-widget.footerComponents.v-csslayout-footerComponents > div.v-csslayout.v-layout.v-widget.jobMode.v-csslayout-jobMode.footerComponent.v-csslayout-footerComponent > div.v-csslayout.v-layout.v-widget.actionIcon.v-csslayout-actionIcon > div > span' not found)
	at com.kms.katalon.core.keyword.internal.KeywordMain.stepFailed(KeywordMain.groovy:36)
	at com.kms.katalon.core.webui.keyword.internal.WebUIKeywordMain.stepFailed(WebUIKeywordMain.groovy:65)
	at com.kms.katalon.core.webui.keyword.internal.WebUIKeywordMain.runKeyword(WebUIKeywordMain.groovy:27)
	at com.kms.katalon.core.webui.keyword.builtin.ClickKeyword.click(ClickKeyword.groovy:86)
	at com.kms.katalon.core.webui.keyword.builtin.ClickKeyword.execute(ClickKeyword.groovy:67)
	at com.kms.katalon.core.keyword.internal.KeywordExecutor.executeKeywordForPlatform(KeywordExecutor.groovy:53)
	at com.kms.katalon.core.webui.keyword.WebUiBuiltInKeywords.click(WebUiBuiltInKeywords.groovy:616)
	at com.kms.katalon.core.webui.keyword.WebUiBuiltInKeywords$click$3.call(Unknown Source)
	at Control Centre - Check Results - IV17.run(Control Centre - Check Results - IV17:30)
	at com.kms.katalon.core.main.ScriptEngine.run(ScriptEngine.java:194)
	at com.kms.katalon.core.main.ScriptEngine.runScriptAsRawText(ScriptEngine.java:119)
	at com.kms.katalon.core.main.TestCaseExecutor.runScript(TestCaseExecutor.java:321)
	at com.kms.katalon.core.main.TestCaseExecutor.doExecute(TestCaseExecutor.java:312)
	at com.kms.katalon.core.main.TestCaseExecutor.processExecutionPhase(TestCaseExecutor.java:291)
	at com.kms.katalon.core.main.TestCaseExecutor.accessMainPhase(TestCaseExecutor.java:283)
	at com.kms.katalon.core.main.TestCaseExecutor.execute(TestCaseExecutor.java:222)
	at com.kms.katalon.core.main.TestSuiteExecutor.accessTestCaseMainPhase(TestSuiteExecutor.java:129)
	at com.kms.katalon.core.main.TestSuiteExecutor.accessTestSuiteMainPhase(TestSuiteExecutor.java:112)
	at com.kms.katalon.core.main.TestSuiteExecutor.execute(TestSuiteExecutor.java:81)
	at com.kms.katalon.core.main.TestCaseMain.startTestSuite(TestCaseMain.java:149)
	at com.kms.katalon.core.main.TestCaseMain$startTestSuite$0.call(Unknown Source)
	at TempTestSuite1544976153979.run(TempTestSuite1544976153979.groovy:36)]]></system-err>
      </testcase>
      <testcase name="Test Cases/ABP/Generic/Check Subsequent Inspection Doesnt Exist" classname="Test Cases/ABP/Generic/Check Subsequent Inspection Doesnt Exist" status="FAILED">
         <failure type="FAILED" message="Test Cases/ABP/Generic/Check Subsequent Inspection Doesnt Exist FAILED.
Reason:
com.kms.katalon.core.exception.StepFailedException: Unable to click on object 'Object Repository/FSM1/Complete ABP Inspection/Check Subsequent Inspections/New/Page_JM Control Centre/div_' (Root cause: com.kms.katalon.core.webui.exception.WebElementNotFoundException: Web element with id: 'Object Repository/FSM1/Complete ABP Inspection/Check Subsequent Inspections/New/Page_JM Control Centre/iframe_close_vaadiniframe_1' located by 'By.xpath: id(&quot;vaadiniframe&quot;)[count(. | //iframe[@id = 'vaadiniframe']) = count(//iframe[@id = 'vaadiniframe'])]' not found)
	at com.kms.katalon.core.keyword.internal.KeywordMain.stepFailed(KeywordMain.groovy:36)
	at com.kms.katalon.core.webui.keyword.internal.WebUIKeywordMain.stepFailed(WebUIKeywordMain.groovy:65)
	at com.kms.katalon.core.webui.keyword.internal.WebUIKeywordMain.runKeyword(WebUIKeywordMain.groovy:27)
	at com.kms.katalon.core.webui.keyword.builtin.ClickKeyword.click(ClickKeyword.groovy:86)
	at com.kms.katalon.core.webui.keyword.builtin.ClickKeyword.execute(ClickKeyword.groovy:67)
	at com.kms.katalon.core.keyword.internal.KeywordExecutor.executeKeywordForPlatform(KeywordExecutor.groovy:53)
	at com.kms.katalon.core.webui.keyword.WebUiBuiltInKeywords.click(WebUiBuiltInKeywords.groovy:616)
	at com.kms.katalon.core.webui.keyword.WebUiBuiltInKeywords$click$3.call(Unknown Source)
	at Check Subsequent Inspection Doesnt Exist.run(Check Subsequent Inspection Doesnt Exist:18)
	at com.kms.katalon.core.main.ScriptEngine.run(ScriptEngine.java:194)
	at com.kms.katalon.core.main.ScriptEngine.runScriptAsRawText(ScriptEngine.java:119)
	at com.kms.katalon.core.main.TestCaseExecutor.runScript(TestCaseExecutor.java:321)
	at com.kms.katalon.core.main.TestCaseExecutor.doExecute(TestCaseExecutor.java:312)
	at com.kms.katalon.core.main.TestCaseExecutor.processExecutionPhase(TestCaseExecutor.java:291)
	at com.kms.katalon.core.main.TestCaseExecutor.accessMainPhase(TestCaseExecutor.java:283)
	at com.kms.katalon.core.main.TestCaseExecutor.execute(TestCaseExecutor.java:222)
	at com.kms.katalon.core.main.TestSuiteExecutor.accessTestCaseMainPhase(TestSuiteExecutor.java:129)
	at com.kms.katalon.core.main.TestSuiteExecutor.accessTestSuiteMainPhase(TestSuiteExecutor.java:112)
	at com.kms.katalon.core.main.TestSuiteExecutor.execute(TestSuiteExecutor.java:81)
	at com.kms.katalon.core.main.TestCaseMain.startTestSuite(TestCaseMain.java:149)
	at com.kms.katalon.core.main.TestCaseMain$startTestSuite$0.call(Unknown Source)
	at TempTestSuite1544976153979.run(TempTestSuite1544976153979.groovy:36)
"/>
         <system-out><![CDATA[2018-12-16 16:38:33 - [TEST_CASE][FAILED] - Test Cases/ABP/Generic/Check Subsequent Inspection Doesnt Exist: Test Cases/ABP/Generic/Check Subsequent Inspection Doesnt Exist FAILED.
Reason:
com.kms.katalon.core.exception.StepFailedException: Unable to click on object 'Object Repository/FSM1/Complete ABP Inspection/Check Subsequent Inspections/New/Page_JM Control Centre/div_' (Root cause: com.kms.katalon.core.webui.exception.WebElementNotFoundException: Web element with id: 'Object Repository/FSM1/Complete ABP Inspection/Check Subsequent Inspections/New/Page_JM Control Centre/iframe_close_vaadiniframe_1' located by 'By.xpath: id("vaadiniframe")[count(. | //iframe[@id = 'vaadiniframe']) = count(//iframe[@id = 'vaadiniframe'])]' not found)
	at com.kms.katalon.core.keyword.internal.KeywordMain.stepFailed(KeywordMain.groovy:36)
	at com.kms.katalon.core.webui.keyword.internal.WebUIKeywordMain.stepFailed(WebUIKeywordMain.groovy:65)
	at com.kms.katalon.core.webui.keyword.internal.WebUIKeywordMain.runKeyword(WebUIKeywordMain.groovy:27)
	at com.kms.katalon.core.webui.keyword.builtin.ClickKeyword.click(ClickKeyword.groovy:86)
	at com.kms.katalon.core.webui.keyword.builtin.ClickKeyword.execute(ClickKeyword.groovy:67)
	at com.kms.katalon.core.keyword.internal.KeywordExecutor.executeKeywordForPlatform(KeywordExecutor.groovy:53)
	at com.kms.katalon.core.webui.keyword.WebUiBuiltInKeywords.click(WebUiBuiltInKeywords.groovy:616)
	at com.kms.katalon.core.webui.keyword.WebUiBuiltInKeywords$click$3.call(Unknown Source)
	at Check Subsequent Inspection Doesnt Exist.run(Check Subsequent Inspection Doesnt Exist:18)
	at com.kms.katalon.core.main.ScriptEngine.run(ScriptEngine.java:194)
	at com.kms.katalon.core.main.ScriptEngine.runScriptAsRawText(ScriptEngine.java:119)
	at com.kms.katalon.core.main.TestCaseExecutor.runScript(TestCaseExecutor.java:321)
	at com.kms.katalon.core.main.TestCaseExecutor.doExecute(TestCaseExecutor.java:312)
	at com.kms.katalon.core.main.TestCaseExecutor.processExecutionPhase(TestCaseExecutor.java:291)
	at com.kms.katalon.core.main.TestCaseExecutor.accessMainPhase(TestCaseExecutor.java:283)
	at com.kms.katalon.core.main.TestCaseExecutor.execute(TestCaseExecutor.java:222)
	at com.kms.katalon.core.main.TestSuiteExecutor.accessTestCaseMainPhase(TestSuiteExecutor.java:129)
	at com.kms.katalon.core.main.TestSuiteExecutor.accessTestSuiteMainPhase(TestSuiteExecutor.java:112)
	at com.kms.katalon.core.main.TestSuiteExecutor.execute(TestSuiteExecutor.java:81)
	at com.kms.katalon.core.main.TestCaseMain.startTestSuite(TestCaseMain.java:149)
	at com.kms.katalon.core.main.TestCaseMain$startTestSuite$0.call(Unknown Source)
	at TempTestSuite1544976153979.run(TempTestSuite1544976153979.groovy:36)


2018-12-16 16:38:34 - [TEST_STEP][PASSED] - delay(2): Delayed 2 second(s)

2018-12-16 16:38:36 - [MESSAGE][PASSED] - Delayed 2 second(s)

2018-12-16 16:38:36 - [TEST_STEP][FAILED] - click(findTestObject("Object Repository/FSM1/Complete ABP Inspection/Check Subsequent Inspections/New/Page_JM Control Centre/div_")): click(findTestObject("Object Repository/FSM1/Complete ABP Inspection/Check Subsequent Inspections/New/Page_JM Control Centre/div_")) FAILED.
Reason:
com.kms.katalon.core.exception.StepFailedException: Unable to click on object 'Object Repository/FSM1/Complete ABP Inspection/Check Subsequent Inspections/New/Page_JM Control Centre/div_' (Root cause: com.kms.katalon.core.webui.exception.WebElementNotFoundException: Web element with id: 'Object Repository/FSM1/Complete ABP Inspection/Check Subsequent Inspections/New/Page_JM Control Centre/iframe_close_vaadiniframe_1' located by 'By.xpath: id("vaadiniframe")[count(. | //iframe[@id = 'vaadiniframe']) = count(//iframe[@id = 'vaadiniframe'])]' not found)
	at com.kms.katalon.core.keyword.internal.KeywordMain.stepFailed(KeywordMain.groovy:36)
	at com.kms.katalon.core.webui.keyword.internal.WebUIKeywordMain.stepFailed(WebUIKeywordMain.groovy:65)
	at com.kms.katalon.core.webui.keyword.internal.WebUIKeywordMain.runKeyword(WebUIKeywordMain.groovy:27)
	at com.kms.katalon.core.webui.keyword.builtin.ClickKeyword.click(ClickKeyword.groovy:86)
	at com.kms.katalon.core.webui.keyword.builtin.ClickKeyword.execute(ClickKeyword.groovy:67)
	at com.kms.katalon.core.keyword.internal.KeywordExecutor.executeKeywordForPlatform(KeywordExecutor.groovy:53)
	at com.kms.katalon.core.webui.keyword.WebUiBuiltInKeywords.click(WebUiBuiltInKeywords.groovy:616)
	at com.kms.katalon.core.webui.keyword.WebUiBuiltInKeywords$click$3.call(Unknown Source)
	at Check Subsequent Inspection Doesnt Exist.run(Check Subsequent Inspection Doesnt Exist:18)
	at com.kms.katalon.core.main.ScriptEngine.run(ScriptEngine.java:194)
	at com.kms.katalon.core.main.ScriptEngine.runScriptAsRawText(ScriptEngine.java:119)
	at com.kms.katalon.core.main.TestCaseExecutor.runScript(TestCaseExecutor.java:321)
	at com.kms.katalon.core.main.TestCaseExecutor.doExecute(TestCaseExecutor.java:312)
	at com.kms.katalon.core.main.TestCaseExecutor.processExecutionPhase(TestCaseExecutor.java:291)
	at com.kms.katalon.core.main.TestCaseExecutor.accessMainPhase(TestCaseExecutor.java:283)
	at com.kms.katalon.core.main.TestCaseExecutor.execute(TestCaseExecutor.java:222)
	at com.kms.katalon.core.main.TestSuiteExecutor.accessTestCaseMainPhase(TestSuiteExecutor.java:129)
	at com.kms.katalon.core.main.TestSuiteExecutor.accessTestSuiteMainPhase(TestSuiteExecutor.java:112)
	at com.kms.katalon.core.main.TestSuiteExecutor.execute(TestSuiteExecutor.java:81)
	at com.kms.katalon.core.main.TestCaseMain.startTestSuite(TestCaseMain.java:149)
	at com.kms.katalon.core.main.TestCaseMain$startTestSuite$0.call(Unknown Source)
	at TempTestSuite1544976153979.run(TempTestSuite1544976153979.groovy:36)


2018-12-16 16:39:08 - [MESSAGE][INFO] - Unable to find the element located by 'By.xpath: id("vaadiniframe")[count(. | //iframe[@id = 'vaadiniframe']) = count(//iframe[@id = 'vaadiniframe'])]'. Please recheck the objects properties to make sure the desired element is located. 

2018-12-16 16:39:08 - [MESSAGE][FAILED] - Unable to click on object 'Object Repository/FSM1/Complete ABP Inspection/Check Subsequent Inspections/New/Page_JM Control Centre/div_' (Root cause: com.kms.katalon.core.webui.exception.WebElementNotFoundException: Web element with id: 'Object Repository/FSM1/Complete ABP Inspection/Check Subsequent Inspections/New/Page_JM Control Centre/iframe_close_vaadiniframe_1' located by 'By.xpath: id("vaadiniframe")[count(. | //iframe[@id = 'vaadiniframe']) = count(//iframe[@id = 'vaadiniframe'])]' not found)
[[ATTACHMENT|C:\\Users\\jonha\\Documents\\Katalon\\APHA\\JM_8.9\\FSM_Regression\\Reports\\Form Jobs\\IV17 Regression\\20181216_160233\\1544978348446.png]]

2018-12-16 16:39:08 - [MESSAGE][FAILED] - click(findTestObject("Object Repository/FSM1/Complete ABP Inspection/Check Subsequent Inspections/New/Page_JM Control Centre/div_")) FAILED.
Reason:
com.kms.katalon.core.exception.StepFailedException: Unable to click on object 'Object Repository/FSM1/Complete ABP Inspection/Check Subsequent Inspections/New/Page_JM Control Centre/div_' (Root cause: com.kms.katalon.core.webui.exception.WebElementNotFoundException: Web element with id: 'Object Repository/FSM1/Complete ABP Inspection/Check Subsequent Inspections/New/Page_JM Control Centre/iframe_close_vaadiniframe_1' located by 'By.xpath: id("vaadiniframe")[count(. | //iframe[@id = 'vaadiniframe']) = count(//iframe[@id = 'vaadiniframe'])]' not found)
	at com.kms.katalon.core.keyword.internal.KeywordMain.stepFailed(KeywordMain.groovy:36)
	at com.kms.katalon.core.webui.keyword.internal.WebUIKeywordMain.stepFailed(WebUIKeywordMain.groovy:65)
	at com.kms.katalon.core.webui.keyword.internal.WebUIKeywordMain.runKeyword(WebUIKeywordMain.groovy:27)
	at com.kms.katalon.core.webui.keyword.builtin.ClickKeyword.click(ClickKeyword.groovy:86)
	at com.kms.katalon.core.webui.keyword.builtin.ClickKeyword.execute(ClickKeyword.groovy:67)
	at com.kms.katalon.core.keyword.internal.KeywordExecutor.executeKeywordForPlatform(KeywordExecutor.groovy:53)
	at com.kms.katalon.core.webui.keyword.WebUiBuiltInKeywords.click(WebUiBuiltInKeywords.groovy:616)
	at com.kms.katalon.core.webui.keyword.WebUiBuiltInKeywords$click$3.call(Unknown Source)
	at Check Subsequent Inspection Doesnt Exist.run(Check Subsequent Inspection Doesnt Exist:18)
	at com.kms.katalon.core.main.ScriptEngine.run(ScriptEngine.java:194)
	at com.kms.katalon.core.main.ScriptEngine.runScriptAsRawText(ScriptEngine.java:119)
	at com.kms.katalon.core.main.TestCaseExecutor.runScript(TestCaseExecutor.java:321)
	at com.kms.katalon.core.main.TestCaseExecutor.doExecute(TestCaseExecutor.java:312)
	at com.kms.katalon.core.main.TestCaseExecutor.processExecutionPhase(TestCaseExecutor.java:291)
	at com.kms.katalon.core.main.TestCaseExecutor.accessMainPhase(TestCaseExecutor.java:283)
	at com.kms.katalon.core.main.TestCaseExecutor.execute(TestCaseExecutor.java:222)
	at com.kms.katalon.core.main.TestSuiteExecutor.accessTestCaseMainPhase(TestSuiteExecutor.java:129)
	at com.kms.katalon.core.main.TestSuiteExecutor.accessTestSuiteMainPhase(TestSuiteExecutor.java:112)
	at com.kms.katalon.core.main.TestSuiteExecutor.execute(TestSuiteExecutor.java:81)
	at com.kms.katalon.core.main.TestCaseMain.startTestSuite(TestCaseMain.java:149)
	at com.kms.katalon.core.main.TestCaseMain$startTestSuite$0.call(Unknown Source)
	at TempTestSuite1544976153979.run(TempTestSuite1544976153979.groovy:36)]]></system-out>
         <system-err><![CDATA[2018-12-16 16:38:33 - [TEST_CASE][FAILED] - Test Cases/ABP/Generic/Check Subsequent Inspection Doesnt Exist: Test Cases/ABP/Generic/Check Subsequent Inspection Doesnt Exist FAILED.
Reason:
com.kms.katalon.core.exception.StepFailedException: Unable to click on object 'Object Repository/FSM1/Complete ABP Inspection/Check Subsequent Inspections/New/Page_JM Control Centre/div_' (Root cause: com.kms.katalon.core.webui.exception.WebElementNotFoundException: Web element with id: 'Object Repository/FSM1/Complete ABP Inspection/Check Subsequent Inspections/New/Page_JM Control Centre/iframe_close_vaadiniframe_1' located by 'By.xpath: id("vaadiniframe")[count(. | //iframe[@id = 'vaadiniframe']) = count(//iframe[@id = 'vaadiniframe'])]' not found)
	at com.kms.katalon.core.keyword.internal.KeywordMain.stepFailed(KeywordMain.groovy:36)
	at com.kms.katalon.core.webui.keyword.internal.WebUIKeywordMain.stepFailed(WebUIKeywordMain.groovy:65)
	at com.kms.katalon.core.webui.keyword.internal.WebUIKeywordMain.runKeyword(WebUIKeywordMain.groovy:27)
	at com.kms.katalon.core.webui.keyword.builtin.ClickKeyword.click(ClickKeyword.groovy:86)
	at com.kms.katalon.core.webui.keyword.builtin.ClickKeyword.execute(ClickKeyword.groovy:67)
	at com.kms.katalon.core.keyword.internal.KeywordExecutor.executeKeywordForPlatform(KeywordExecutor.groovy:53)
	at com.kms.katalon.core.webui.keyword.WebUiBuiltInKeywords.click(WebUiBuiltInKeywords.groovy:616)
	at com.kms.katalon.core.webui.keyword.WebUiBuiltInKeywords$click$3.call(Unknown Source)
	at Check Subsequent Inspection Doesnt Exist.run(Check Subsequent Inspection Doesnt Exist:18)
	at com.kms.katalon.core.main.ScriptEngine.run(ScriptEngine.java:194)
	at com.kms.katalon.core.main.ScriptEngine.runScriptAsRawText(ScriptEngine.java:119)
	at com.kms.katalon.core.main.TestCaseExecutor.runScript(TestCaseExecutor.java:321)
	at com.kms.katalon.core.main.TestCaseExecutor.doExecute(TestCaseExecutor.java:312)
	at com.kms.katalon.core.main.TestCaseExecutor.processExecutionPhase(TestCaseExecutor.java:291)
	at com.kms.katalon.core.main.TestCaseExecutor.accessMainPhase(TestCaseExecutor.java:283)
	at com.kms.katalon.core.main.TestCaseExecutor.execute(TestCaseExecutor.java:222)
	at com.kms.katalon.core.main.TestSuiteExecutor.accessTestCaseMainPhase(TestSuiteExecutor.java:129)
	at com.kms.katalon.core.main.TestSuiteExecutor.accessTestSuiteMainPhase(TestSuiteExecutor.java:112)
	at com.kms.katalon.core.main.TestSuiteExecutor.execute(TestSuiteExecutor.java:81)
	at com.kms.katalon.core.main.TestCaseMain.startTestSuite(TestCaseMain.java:149)
	at com.kms.katalon.core.main.TestCaseMain$startTestSuite$0.call(Unknown Source)
	at TempTestSuite1544976153979.run(TempTestSuite1544976153979.groovy:36)]]></system-err>
      </testcase>
      <system-out><![CDATA[2018-12-16 16:36:22 - [TEST_SUITE][FAILED] - IV17 Regression: Test Cases/Form Jobs/IV17/Complete IV17 Inspection FAILED.
Reason:
com.kms.katalon.core.exception.StepFailedException: Unable to click on object 'Object Repository/FSM1/Release22/Page_JClient/div_Non-compliance further inf' (Root cause: org.openqa.selenium.WebDriverException: unknown error: Element <div tabindex="0" class="GFNJNYPCBHC" style="font-size: 18px; font-weight: 500; min-height: 60px; background-color: rgb(47, 55, 71);">...</div> is not clickable at point (509, 626). Other element would receive the click: <div class="GFNJNYPCOBB GFNJNYPCACB" style="-webkit-box-align: center; align-items: center; -webkit-box-pack: center; justify-content: center;">...</div>
  (Session info: chrome=70.0.3538.110)
  (Driver info: chromedriver=2.43.600210 (68dcf5eebde37173d4027fa8635e332711d2874a),platform=Windows NT 10.0.17134 x86_64) (WARNING: The server did not provide any stacktrace information)
Command duration or timeout: 0 milliseconds
Build info: version: '3.7.1', revision: '8a0099a', time: '2017-11-06T21:07:36.161Z'
System info: host: 'DESKTOP-KMCIR60', ip: '192.168.0.17', os.name: 'Windows 10', os.arch: 'amd64', os.version: '10.0', java.version: '1.8.0_181'
Driver info: com.kms.katalon.selenium.driver.CChromeDriver
Capabilities {acceptInsecureCerts: false, acceptSslCerts: false, applicationCacheEnabled: false, browserConnectionEnabled: false, browserName: chrome, chrome: {chromedriverVersion: 2.43.600210 (68dcf5eebde371..., userDataDir: C:\Users\jonha\AppData\Loca...}, cssSelectorsEnabled: true, databaseEnabled: false, goog:chromeOptions: {debuggerAddress: localhost:63301}, handlesAlerts: true, hasTouchScreen: false, javascriptEnabled: true, locationContextEnabled: true, mobileEmulationEnabled: false, nativeEvents: true, networkConnectionEnabled: false, pageLoadStrategy: normal, platform: XP, platformName: XP, rotatable: false, setWindowRect: true, takesHeapSnapshot: true, takesScreenshot: true, unexpectedAlertBehaviour: , unhandledPromptBehavior: , version: 70.0.3538.110, webStorageEnabled: true}
Session ID: 644120a8f653ae39d490b2f570fcce53)
	at com.kms.katalon.core.keyword.internal.KeywordMain.stepFailed(KeywordMain.groovy:36)
	at com.kms.katalon.core.webui.keyword.internal.WebUIKeywordMain.stepFailed(WebUIKeywordMain.groovy:65)
	at com.kms.katalon.core.webui.keyword.internal.WebUIKeywordMain.runKeyword(WebUIKeywordMain.groovy:27)
	at com.kms.katalon.core.webui.keyword.builtin.ClickKeyword.click(ClickKeyword.groovy:86)
	at com.kms.katalon.core.webui.keyword.builtin.ClickKeyword.execute(ClickKeyword.groovy:67)
	at com.kms.katalon.core.keyword.internal.KeywordExecutor.executeKeywordForPlatform(KeywordExecutor.groovy:53)
	at com.kms.katalon.core.webui.keyword.WebUiBuiltInKeywords.click(WebUiBuiltInKeywords.groovy:616)
	at com.kms.katalon.core.webui.keyword.WebUiBuiltInKeywords$click$3.call(Unknown Source)
	at Complete IV17 Inspection.run(Complete IV17 Inspection:129)
	at com.kms.katalon.core.main.ScriptEngine.run(ScriptEngine.java:194)
	at com.kms.katalon.core.main.ScriptEngine.runScriptAsRawText(ScriptEngine.java:119)
	at com.kms.katalon.core.main.TestCaseExecutor.runScript(TestCaseExecutor.java:321)
	at com.kms.katalon.core.main.TestCaseExecutor.doExecute(TestCaseExecutor.java:312)
	at com.kms.katalon.core.main.TestCaseExecutor.processExecutionPhase(TestCaseExecutor.java:291)
	at com.kms.katalon.core.main.TestCaseExecutor.accessMainPhase(TestCaseExecutor.java:283)
	at com.kms.katalon.core.main.TestCaseExecutor.execute(TestCaseExecutor.java:222)
	at com.kms.katalon.core.main.TestSuiteExecutor.accessTestCaseMainPhase(TestSuiteExecutor.java:129)
	at com.kms.katalon.core.main.TestSuiteExecutor.accessTestSuiteMainPhase(TestSuiteExecutor.java:112)
	at com.kms.katalon.core.main.TestSuiteExecutor.execute(TestSuiteExecutor.java:81)
	at com.kms.katalon.core.main.TestCaseMain.startTestSuite(TestCaseMain.java:149)
	at com.kms.katalon.core.main.TestCaseMain$startTestSuite$0.call(Unknown Source)
	at TempTestSuite1544976153979.run(TempTestSuite1544976153979.groovy:36)]]></system-out>
      <system-err><![CDATA[2018-12-16 16:36:22 - [TEST_SUITE][FAILED] - IV17 Regression: Test Cases/Form Jobs/IV17/Complete IV17 Inspection FAILED.
Reason:
com.kms.katalon.core.exception.StepFailedException: Unable to click on object 'Object Repository/FSM1/Release22/Page_JClient/div_Non-compliance further inf' (Root cause: org.openqa.selenium.WebDriverException: unknown error: Element <div tabindex="0" class="GFNJNYPCBHC" style="font-size: 18px; font-weight: 500; min-height: 60px; background-color: rgb(47, 55, 71);">...</div> is not clickable at point (509, 626). Other element would receive the click: <div class="GFNJNYPCOBB GFNJNYPCACB" style="-webkit-box-align: center; align-items: center; -webkit-box-pack: center; justify-content: center;">...</div>
  (Session info: chrome=70.0.3538.110)
  (Driver info: chromedriver=2.43.600210 (68dcf5eebde37173d4027fa8635e332711d2874a),platform=Windows NT 10.0.17134 x86_64) (WARNING: The server did not provide any stacktrace information)
Command duration or timeout: 0 milliseconds
Build info: version: '3.7.1', revision: '8a0099a', time: '2017-11-06T21:07:36.161Z'
System info: host: 'DESKTOP-KMCIR60', ip: '192.168.0.17', os.name: 'Windows 10', os.arch: 'amd64', os.version: '10.0', java.version: '1.8.0_181'
Driver info: com.kms.katalon.selenium.driver.CChromeDriver
Capabilities {acceptInsecureCerts: false, acceptSslCerts: false, applicationCacheEnabled: false, browserConnectionEnabled: false, browserName: chrome, chrome: {chromedriverVersion: 2.43.600210 (68dcf5eebde371..., userDataDir: C:\Users\jonha\AppData\Loca...}, cssSelectorsEnabled: true, databaseEnabled: false, goog:chromeOptions: {debuggerAddress: localhost:63301}, handlesAlerts: true, hasTouchScreen: false, javascriptEnabled: true, locationContextEnabled: true, mobileEmulationEnabled: false, nativeEvents: true, networkConnectionEnabled: false, pageLoadStrategy: normal, platform: XP, platformName: XP, rotatable: false, setWindowRect: true, takesHeapSnapshot: true, takesScreenshot: true, unexpectedAlertBehaviour: , unhandledPromptBehavior: , version: 70.0.3538.110, webStorageEnabled: true}
Session ID: 644120a8f653ae39d490b2f570fcce53)
	at com.kms.katalon.core.keyword.internal.KeywordMain.stepFailed(KeywordMain.groovy:36)
	at com.kms.katalon.core.webui.keyword.internal.WebUIKeywordMain.stepFailed(WebUIKeywordMain.groovy:65)
	at com.kms.katalon.core.webui.keyword.internal.WebUIKeywordMain.runKeyword(WebUIKeywordMain.groovy:27)
	at com.kms.katalon.core.webui.keyword.builtin.ClickKeyword.click(ClickKeyword.groovy:86)
	at com.kms.katalon.core.webui.keyword.builtin.ClickKeyword.execute(ClickKeyword.groovy:67)
	at com.kms.katalon.core.keyword.internal.KeywordExecutor.executeKeywordForPlatform(KeywordExecutor.groovy:53)
	at com.kms.katalon.core.webui.keyword.WebUiBuiltInKeywords.click(WebUiBuiltInKeywords.groovy:616)
	at com.kms.katalon.core.webui.keyword.WebUiBuiltInKeywords$click$3.call(Unknown Source)
	at Complete IV17 Inspection.run(Complete IV17 Inspection:129)
	at com.kms.katalon.core.main.ScriptEngine.run(ScriptEngine.java:194)
	at com.kms.katalon.core.main.ScriptEngine.runScriptAsRawText(ScriptEngine.java:119)
	at com.kms.katalon.core.main.TestCaseExecutor.runScript(TestCaseExecutor.java:321)
	at com.kms.katalon.core.main.TestCaseExecutor.doExecute(TestCaseExecutor.java:312)
	at com.kms.katalon.core.main.TestCaseExecutor.processExecutionPhase(TestCaseExecutor.java:291)
	at com.kms.katalon.core.main.TestCaseExecutor.accessMainPhase(TestCaseExecutor.java:283)
	at com.kms.katalon.core.main.TestCaseExecutor.execute(TestCaseExecutor.java:222)
	at com.kms.katalon.core.main.TestSuiteExecutor.accessTestCaseMainPhase(TestSuiteExecutor.java:129)
	at com.kms.katalon.core.main.TestSuiteExecutor.accessTestSuiteMainPhase(TestSuiteExecutor.java:112)
	at com.kms.katalon.core.main.TestSuiteExecutor.execute(TestSuiteExecutor.java:81)
	at com.kms.katalon.core.main.TestCaseMain.startTestSuite(TestCaseMain.java:149)
	at com.kms.katalon.core.main.TestCaseMain$startTestSuite$0.call(Unknown Source)
	at TempTestSuite1544976153979.run(TempTestSuite1544976153979.groovy:36)]]></system-err>
   </testsuite>
</testsuites>
