<?xml version="1.0" encoding="UTF-8"?>
<testsuites name="EMI Regression" time="215" tests="4" failures="1" errors="0">
   <testsuite name="EMI Regression" tests="4" failures="1" errors="0" time="215" timestamp="2018-06-04 10:27:36" hostname="JHATFIELD - SNDFSMINFSRV001.defra.onmicrosoft.com" id="Test Suites/EMI Regression">
      <properties>
         <property name="deviceName" value=""/>
         <property name="devicePlatform" value=""/>
         <property name="logFolder" value="C:\\Users\\JHATFIELD\\git\\DEFRA-FSM_Automated_Regression_NEW\\Reports\\EMI Regression\\20180604_102732"/>
         <property name="logFiles" value="C:\\Users\\JHATFIELD\\git\\DEFRA-FSM_Automated_Regression_NEW\\Reports\\EMI Regression\\20180604_102732\\execution0.log"/>
         <property name="attachments" value=""/>
         <property name="hostName" value="JHATFIELD - SNDFSMINFSRV001.defra.onmicrosoft.com"/>
         <property name="os" value="Windows NT (unknown) 64bit"/>
         <property name="katalonVersion" value="5.4.1.1"/>
         <property name="browser" value="Chrome 66.0.3359.181"/>
         <property name="hostAddress" value="10.201.1.17"/>
         <property name="sessionId" value="6e1b5c49af6237b8c6b03fcb4ca3b8b0"/>
         <property name="seleniumVersion" value="3.7.1"/>
         <property name="proxyInformation" value="ProxyInformation{proxyOption=NO_PROXY, proxyServerType=HTTP, password=, proxyServerAddress=, proxyServerPort=0}"/>
         <property name="platform" value="Windows NT (unknown)"/>
      </properties>
      <testcase name="Test Cases/Launch Job Manager Control Centre" classname="Test Cases/Launch Job Manager Control Centre" status="PASSED">
         <system-out><![CDATA[2018-06-04 10:27:38 - [TEST_CASE][PASSED] - Test Cases/Launch Job Manager Control Centre: Test Cases/Launch Job Manager Control Centre

2018-06-04 10:27:39 - [TEST_STEP][PASSED] - openBrowser: Browser is opened with url: ''

2018-06-04 10:27:44 - [MESSAGE][PASSED] - Browser is opened with url: ''

2018-06-04 10:27:44 - [TEST_STEP][PASSED] - navigateToUrl: Navigate to 'https://kirona-def-2.kirona.com/jmtest/login#!loginView' successfully

2018-06-04 10:27:46 - [MESSAGE][PASSED] - Navigate to 'https://kirona-def-2.kirona.com/jmtest/login#!loginView' successfully

2018-06-04 10:27:46 - [TEST_STEP][PASSED] - setText: Text 'jon.hatfield' is set on object 'Object Repository/FSM1/Control Centre/Page_Job Manager Login/input_gwt-uid-3'

2018-06-04 10:27:48 - [MESSAGE][PASSED] - Text 'jon.hatfield' is set on object 'Object Repository/FSM1/Control Centre/Page_Job Manager Login/input_gwt-uid-3'

2018-06-04 10:27:48 - [TEST_STEP][PASSED] - setText: Text 'Fr@nc1sJ0n' is set on object 'Object Repository/FSM1/Control Centre/Page_Job Manager Login/input_gwt-uid-5'

2018-06-04 10:27:48 - [MESSAGE][PASSED] - Text 'Fr@nc1sJ0n' is set on object 'Object Repository/FSM1/Control Centre/Page_Job Manager Login/input_gwt-uid-5'

2018-06-04 10:27:48 - [TEST_STEP][PASSED] - click: Object: 'Object Repository/FSM1/Control Centre/Page_Job Manager Login/Page_Job Manager Login/div_Login' is clicked on

2018-06-04 10:27:49 - [MESSAGE][PASSED] - Object: 'Object Repository/FSM1/Control Centre/Page_Job Manager Login/Page_Job Manager Login/div_Login' is clicked on

2018-06-04 10:27:49 - [TEST_STEP][PASSED] - delay: Delayed 5 second(s)

2018-06-04 10:27:54 - [MESSAGE][PASSED] - Delayed 5 second(s)]]></system-out>
         <system-err><![CDATA[]]></system-err>
      </testcase>
      <testcase name="Test Cases/Create EMI Inspection" classname="Test Cases/Create EMI Inspection" status="PASSED">
         <system-out><![CDATA[2018-06-04 10:27:54 - [TEST_CASE][PASSED] - Test Cases/Create EMI Inspection: Test Cases/Create EMI Inspection

2018-06-04 10:27:54 - [TEST_STEP][PASSED] - Statement - log = new com.kms.katalon.core.logging.KeywordLogger(): null

2018-06-04 10:27:54 - [TEST_STEP][PASSED] - click: Object: 'Object Repository/FSM1/JH Test/Page_JM Control Centre/div_Create' is clicked on

2018-06-04 10:27:55 - [MESSAGE][PASSED] - Object: 'Object Repository/FSM1/JH Test/Page_JM Control Centre/div_Create' is clicked on

2018-06-04 10:27:55 - [TEST_STEP][PASSED] - setText: Text 'emi' is set on object 'Object Repository/FSM1/JH Test/Page_JM Control Centre/input_gwt-uid-8'

2018-06-04 10:27:57 - [MESSAGE][PASSED] - Text 'emi' is set on object 'Object Repository/FSM1/JH Test/Page_JM Control Centre/input_gwt-uid-8'

2018-06-04 10:27:57 - [TEST_STEP][PASSED] - click: Object: 'Object Repository/FSM1/JH Test/Page_JM Control Centre/span_EMI Inspection' is clicked on

2018-06-04 10:27:57 - [MESSAGE][PASSED] - Object: 'Object Repository/FSM1/JH Test/Page_JM Control Centre/span_EMI Inspection' is clicked on

2018-06-04 10:27:57 - [TEST_STEP][PASSED] - click: Object: 'Object Repository/FSM1/Control Centre/Create EMI Inspection/Page_JM Control Centre/span_' is clicked on

2018-06-04 10:28:00 - [MESSAGE][PASSED] - Object: 'Object Repository/FSM1/Control Centre/Create EMI Inspection/Page_JM Control Centre/span_' is clicked on

2018-06-04 10:28:00 - [TEST_STEP][PASSED] - click: Object: 'Object Repository/FSM1/Control Centre/Create EMI Inspection/Address Search/Page_JM Control Centre/Postcode Search' is clicked on

2018-06-04 10:28:02 - [MESSAGE][PASSED] - Object: 'Object Repository/FSM1/Control Centre/Create EMI Inspection/Address Search/Page_JM Control Centre/Postcode Search' is clicked on

2018-06-04 10:28:02 - [TEST_STEP][PASSED] - setText: Text 'CV37 6SN' is set on object 'Object Repository/FSM1/Control Centre/Create EMI Inspection/Create Address/Page_JM Control Centre/input_v-textfield v-widget v-t'

2018-06-04 10:28:05 - [MESSAGE][PASSED] - Text 'CV37 6SN' is set on object 'Object Repository/FSM1/Control Centre/Create EMI Inspection/Create Address/Page_JM Control Centre/input_v-textfield v-widget v-t'

2018-06-04 10:28:05 - [TEST_STEP][PASSED] - click: Object: 'Object Repository/FSM1/Control Centre/Create EMI Inspection/Create Address/Page_JM Control Centre (1)/SearchButton' is clicked on

2018-06-04 10:28:06 - [MESSAGE][PASSED] - Object: 'Object Repository/FSM1/Control Centre/Create EMI Inspection/Create Address/Page_JM Control Centre (1)/SearchButton' is clicked on

2018-06-04 10:28:07 - [TEST_STEP][PASSED] - Statement - FullAddress = com.kms.katalon.core.webui.keyword.WebUiBuiltInKeywords.modifyObjectProperty(com.kms.katalon.core.testobject.ObjectRepository.findTestObject(FSM1/Control Centre/Create EMI Inspection/Page_JM Control Centre/Address), "text", "equals", com.kms.katalon.core.testdata.TestDataFactory.findTestData(Data Files/EMI Inspection Data).getValue(2, 1), true): Modify property of object successfully

2018-06-04 10:28:07 - [MESSAGE][PASSED] - Modify property of object successfully

2018-06-04 10:28:07 - [TEST_STEP][PASSED] - click: Object: 'Object Repository/FSM1/Control Centre/Create EMI Inspection/Page_JM Control Centre/Address' is clicked on

2018-06-04 10:28:09 - [MESSAGE][PASSED] - Object: 'Object Repository/FSM1/Control Centre/Create EMI Inspection/Page_JM Control Centre/Address' is clicked on

2018-06-04 10:28:09 - [TEST_STEP][PASSED] - click: Object: 'Object Repository/FSM1/Control Centre/Create EMI Inspection/Create Address/Page_JM Control Centre (2)/div_Add Selected Item' is clicked on

2018-06-04 10:28:11 - [MESSAGE][PASSED] - Object: 'Object Repository/FSM1/Control Centre/Create EMI Inspection/Create Address/Page_JM Control Centre (2)/div_Add Selected Item' is clicked on

2018-06-04 10:28:11 - [TEST_STEP][PASSED] - click: Object: 'Object Repository/FSM1/JH Test 1/Page_JM Control Centre (1)/div_Scheduling WindowFollow SL' is clicked on

2018-06-04 10:28:12 - [MESSAGE][PASSED] - Object: 'Object Repository/FSM1/JH Test 1/Page_JM Control Centre (1)/div_Scheduling WindowFollow SL' is clicked on

2018-06-04 10:28:12 - [TEST_STEP][PASSED] - setText: Text 'Jon Hatfield' is set on object 'Object Repository/FSM1/JH Test 1/Page_JM Control Centre (2)/input_gwt-uid-147'

2018-06-04 10:28:14 - [MESSAGE][PASSED] - Text 'Jon Hatfield' is set on object 'Object Repository/FSM1/JH Test 1/Page_JM Control Centre (2)/input_gwt-uid-147'

2018-06-04 10:28:14 - [TEST_STEP][PASSED] - Statement - InspectorName = com.kms.katalon.core.webui.keyword.WebUiBuiltInKeywords.modifyObjectProperty(com.kms.katalon.core.testobject.ObjectRepository.findTestObject(FSM1/JH Test 1/Page_JM Control Centre (4)/InspectorName), "text", "equals", com.kms.katalon.core.testdata.TestDataFactory.findTestData(Data Files/EMI Inspection Data).getValue(3, 1), true): Modify property of object successfully

2018-06-04 10:28:14 - [MESSAGE][PASSED] - Modify property of object successfully

2018-06-04 10:28:14 - [TEST_STEP][PASSED] - click: Object: 'Object Repository/FSM1/JH Test 1/Page_JM Control Centre (4)/InspectorName' is clicked on

2018-06-04 10:28:14 - [MESSAGE][PASSED] - Object: 'Object Repository/FSM1/JH Test 1/Page_JM Control Centre (4)/InspectorName' is clicked on

2018-06-04 10:28:14 - [TEST_STEP][PASSED] - click: Object: 'Object Repository/FSM1/JH Test 2/Page_JM Control Centre/div_Duration' is clicked on

2018-06-04 10:28:15 - [MESSAGE][PASSED] - Object: 'Object Repository/FSM1/JH Test 2/Page_JM Control Centre/div_Duration' is clicked on

2018-06-04 10:28:15 - [TEST_STEP][PASSED] - setText: Text '15' is set on object 'Object Repository/FSM1/JH Test 2/Page_JM Control Centre/input_gwt-uid-97'

2018-06-04 10:28:15 - [MESSAGE][PASSED] - Text '15' is set on object 'Object Repository/FSM1/JH Test 2/Page_JM Control Centre/input_gwt-uid-97'

2018-06-04 10:28:15 - [TEST_STEP][PASSED] - setText: Text '24 Hours' is set on object 'Object Repository/FSM1/Control Centre/Create EMI Inspection/SLA/Page_JM Control Centre (1)/input_gwt-uid-103'

2018-06-04 10:28:16 - [MESSAGE][PASSED] - Text '24 Hours' is set on object 'Object Repository/FSM1/Control Centre/Create EMI Inspection/SLA/Page_JM Control Centre (1)/input_gwt-uid-103'

2018-06-04 10:28:16 - [TEST_STEP][PASSED] - click: Object: 'Object Repository/FSM1/Control Centre/Create EMI Inspection/SLA/Page_JM Control Centre (1)/span_24 Hours' is clicked on

2018-06-04 10:28:17 - [MESSAGE][PASSED] - Object: 'Object Repository/FSM1/Control Centre/Create EMI Inspection/SLA/Page_JM Control Centre (1)/span_24 Hours' is clicked on

2018-06-04 10:28:17 - [TEST_STEP][PASSED] - setText: Text 'west' is set on object 'Object Repository/FSM1/JH Test 3/Page_JM Control Centre/input_gwt-uid-107'

2018-06-04 10:28:18 - [MESSAGE][PASSED] - Text 'west' is set on object 'Object Repository/FSM1/JH Test 3/Page_JM Control Centre/input_gwt-uid-107'

2018-06-04 10:28:18 - [TEST_STEP][PASSED] - click: Object: 'Object Repository/FSM1/JH Test 3/Page_JM Control Centre/span_West' is clicked on

2018-06-04 10:28:18 - [MESSAGE][PASSED] - Object: 'Object Repository/FSM1/JH Test 3/Page_JM Control Centre/span_West' is clicked on

2018-06-04 10:28:18 - [TEST_STEP][PASSED] - setText: Text 'EMI Routine' is set on object 'Object Repository/FSM1/JH Test 3/Page_JM Control Centre/input_gwt-uid-115'

2018-06-04 10:28:20 - [MESSAGE][PASSED] - Text 'EMI Routine' is set on object 'Object Repository/FSM1/JH Test 3/Page_JM Control Centre/input_gwt-uid-115'

2018-06-04 10:28:20 - [TEST_STEP][PASSED] - Statement - InspectionType = com.kms.katalon.core.webui.keyword.WebUiBuiltInKeywords.modifyObjectProperty(com.kms.katalon.core.testobject.ObjectRepository.findTestObject(FSM1/JH Test 3/Page_JM Control Centre/InspectionType), "text", "equals", com.kms.katalon.core.testdata.TestDataFactory.findTestData(Data Files/EMI Inspection Data).getValue(4, 1), true): Modify property of object successfully

2018-06-04 10:28:20 - [MESSAGE][PASSED] - Modify property of object successfully

2018-06-04 10:28:20 - [TEST_STEP][PASSED] - click: Object: 'Object Repository/FSM1/JH Test 3/Page_JM Control Centre/InspectionType' is clicked on

2018-06-04 10:28:21 - [MESSAGE][PASSED] - Object: 'Object Repository/FSM1/JH Test 3/Page_JM Control Centre/InspectionType' is clicked on

2018-06-04 10:28:21 - [TEST_STEP][PASSED] - setText: Text 'Mr Automation' is set on object 'Object Repository/FSM1/JH Test 3/Page_JM Control Centre/input_gwt-uid-117'

2018-06-04 10:28:21 - [MESSAGE][PASSED] - Text 'Mr Automation' is set on object 'Object Repository/FSM1/JH Test 3/Page_JM Control Centre/input_gwt-uid-117'

2018-06-04 10:28:21 - [TEST_STEP][PASSED] - setText: Text '111' is set on object 'Object Repository/FSM1/JH Test 3/Page_JM Control Centre/input_gwt-uid-123'

2018-06-04 10:28:22 - [MESSAGE][PASSED] - Text '111' is set on object 'Object Repository/FSM1/JH Test 3/Page_JM Control Centre/input_gwt-uid-123'

2018-06-04 10:28:22 - [TEST_STEP][PASSED] - setText: Text '222' is set on object 'Object Repository/FSM1/JH Test 3/Page_JM Control Centre/input_gwt-uid-125'

2018-06-04 10:28:22 - [MESSAGE][PASSED] - Text '222' is set on object 'Object Repository/FSM1/JH Test 3/Page_JM Control Centre/input_gwt-uid-125'

2018-06-04 10:28:22 - [TEST_STEP][PASSED] - setText: Text 'EGG PACKER' is set on object 'Object Repository/FSM1/JH Test 3/Page_JM Control Centre/input_gwt-uid-133'

2018-06-04 10:28:24 - [MESSAGE][PASSED] - Text 'EGG PACKER' is set on object 'Object Repository/FSM1/JH Test 3/Page_JM Control Centre/input_gwt-uid-133'

2018-06-04 10:28:24 - [TEST_STEP][PASSED] - Statement - VisitType = com.kms.katalon.core.webui.keyword.WebUiBuiltInKeywords.modifyObjectProperty(com.kms.katalon.core.testobject.ObjectRepository.findTestObject(FSM1/JH Test 3/Page_JM Control Centre/VisitType), "text", "equals", com.kms.katalon.core.testdata.TestDataFactory.findTestData(Data Files/EMI Inspection Data).getValue(5, 1), true): Modify property of object successfully

2018-06-04 10:28:24 - [MESSAGE][PASSED] - Modify property of object successfully

2018-06-04 10:28:24 - [TEST_STEP][PASSED] - click: Object: 'Object Repository/FSM1/JH Test 3/Page_JM Control Centre/VisitType' is clicked on

2018-06-04 10:28:25 - [MESSAGE][PASSED] - Object: 'Object Repository/FSM1/JH Test 3/Page_JM Control Centre/VisitType' is clicked on

2018-06-04 10:28:25 - [TEST_STEP][PASSED] - click: Object: 'Object Repository/FSM1/Control Centre/Create EMI Inspection/Finish/Page_JM Control Centre (3)/div_Create' is clicked on

2018-06-04 10:28:25 - [MESSAGE][PASSED] - Object: 'Object Repository/FSM1/Control Centre/Create EMI Inspection/Finish/Page_JM Control Centre (3)/div_Create' is clicked on

2018-06-04 10:28:26 - [TEST_STEP][PASSED] - waitForElementPresent: Object 'Object Repository/FSM1/Control Centre/Status/Page_JM Control Centre/div_PLANNED DYNAMIC' is present

2018-06-04 10:29:10 - [MESSAGE][PASSED] - Object 'Object Repository/FSM1/Control Centre/Status/Page_JM Control Centre/div_PLANNED DYNAMIC' is present

2018-06-04 10:29:10 - [TEST_STEP][PASSED] - Statement - InspectionID = com.kms.katalon.core.webui.keyword.WebUiBuiltInKeywords.getText(com.kms.katalon.core.testobject.ObjectRepository.findTestObject(FSM1/Control Centre/Create EMI Inspection/InspectionID/Page_JM Control Centre/InspectionID)): Text of object 'Object Repository/FSM1/Control Centre/Create EMI Inspection/InspectionID/Page_JM Control Centre/InspectionID' is: 'Viewing Job 35297'

2018-06-04 10:29:11 - [MESSAGE][PASSED] - Text of object 'Object Repository/FSM1/Control Centre/Create EMI Inspection/InspectionID/Page_JM Control Centre/InspectionID' is: 'Viewing Job 35297'

2018-06-04 10:29:11 - [TEST_STEP][PASSED] - Statement - InspectionID = InspectionID.replaceAll("Viewing Job ", ""): null

2018-06-04 10:29:11 - [TEST_STEP][PASSED] - Statement - log.logWarning(InspectionID): 35297

2018-06-04 10:29:11 - [MESSAGE][WARNING] - 35297

2018-06-04 10:29:11 - [TEST_STEP][PASSED] - Statement - temp = InspectionID: null]]></system-out>
         <system-err><![CDATA[]]></system-err>
      </testcase>
      <testcase name="Test Cases/Launch Job Manager" classname="Test Cases/Launch Job Manager" status="PASSED">
         <system-out><![CDATA[2018-06-04 10:29:11 - [TEST_CASE][PASSED] - Test Cases/Launch Job Manager: Test Cases/Launch Job Manager

2018-06-04 10:29:11 - [TEST_STEP][PASSED] - openBrowser: Browser is opened with url: ''

2018-06-04 10:29:11 - [MESSAGE][WARNING] - A browser is already opened. Closing browser and opening a new one

2018-06-04 10:29:16 - [MESSAGE][PASSED] - Browser is opened with url: ''

2018-06-04 10:29:16 - [TEST_STEP][PASSED] - navigateToUrl: Navigate to 'https://kirona-def-2.kirona.com/jmtest/jclient/jclient.html' successfully

2018-06-04 10:29:18 - [MESSAGE][PASSED] - Navigate to 'https://kirona-def-2.kirona.com/jmtest/jclient/jclient.html' successfully

2018-06-04 10:29:18 - [TEST_STEP][PASSED] - setText: Text 'KIR1' is set on object 'Object Repository/FSM1/Launch Application/Page_JClient/input_gwt-TextBox GKH2EKQBMDB'

2018-06-04 10:29:20 - [MESSAGE][PASSED] - Text 'KIR1' is set on object 'Object Repository/FSM1/Launch Application/Page_JClient/input_gwt-TextBox GKH2EKQBMDB'

2018-06-04 10:29:20 - [TEST_STEP][PASSED] - sendKeys: Keys 'ENTER + ' sent to object: 'Object Repository/FSM1/Launch Application/Page_JClient/input_gwt-TextBox GKH2EKQBMDB'

2018-06-04 10:29:20 - [MESSAGE][PASSED] - Keys 'ENTER + ' sent to object: 'Object Repository/FSM1/Launch Application/Page_JClient/input_gwt-TextBox GKH2EKQBMDB'

2018-06-04 10:29:20 - [TEST_STEP][PASSED] - click: Object: 'Object Repository/FSM1/Launch Application/Page_JClient/div_Configure App' is clicked on

2018-06-04 10:29:20 - [MESSAGE][PASSED] - Object: 'Object Repository/FSM1/Launch Application/Page_JClient/div_Configure App' is clicked on

2018-06-04 10:29:20 - [TEST_STEP][PASSED] - setText: Text 'jon.hatfield' is set on object 'Object Repository/FSM1/Launch Application/Page_JClient/input_gwt-TextBox GKH2EKQBNHC'

2018-06-04 10:29:22 - [MESSAGE][PASSED] - Text 'jon.hatfield' is set on object 'Object Repository/FSM1/Launch Application/Page_JClient/input_gwt-TextBox GKH2EKQBNHC'

2018-06-04 10:29:22 - [TEST_STEP][PASSED] - setText: Text 'Fr@nc1sJ0n' is set on object 'Object Repository/FSM1/Launch Application/Page_JClient/input_gwt-PasswordTextBox GKH2'

2018-06-04 10:29:23 - [MESSAGE][PASSED] - Text 'Fr@nc1sJ0n' is set on object 'Object Repository/FSM1/Launch Application/Page_JClient/input_gwt-PasswordTextBox GKH2'

2018-06-04 10:29:23 - [TEST_STEP][PASSED] - click: Object: 'Object Repository/FSM1/Launch Application/Page_JClient/div_Sign In' is clicked on

2018-06-04 10:29:23 - [MESSAGE][PASSED] - Object: 'Object Repository/FSM1/Launch Application/Page_JClient/div_Sign In' is clicked on

2018-06-04 10:29:23 - [TEST_STEP][PASSED] - delay: Delayed 15 second(s)

2018-06-04 10:29:38 - [MESSAGE][PASSED] - Delayed 15 second(s)]]></system-out>
         <system-err><![CDATA[]]></system-err>
      </testcase>
      <testcase name="Test Cases/Select Inspection" classname="Test Cases/Select Inspection" status="PASSED">
         <system-out><![CDATA[2018-06-04 10:29:38 - [TEST_CASE][PASSED] - Test Cases/Select Inspection: Test Cases/Select Inspection

2018-06-04 10:29:38 - [TEST_STEP][PASSED] - delay: Delayed 30 second(s)

2018-06-04 10:30:08 - [MESSAGE][PASSED] - Delayed 30 second(s)

2018-06-04 10:30:08 - [TEST_STEP][PASSED] - waitForElementClickable: Object 'Object Repository/FSM1/Select Inspection/Landing/Refresh' is clickable

2018-06-04 10:30:09 - [MESSAGE][PASSED] - Object 'Object Repository/FSM1/Select Inspection/Landing/Refresh' is clickable

2018-06-04 10:30:09 - [TEST_STEP][PASSED] - click: Object: 'Object Repository/FSM1/Select Inspection/Landing/Refresh' is clicked on

2018-06-04 10:30:09 - [MESSAGE][PASSED] - Object: 'Object Repository/FSM1/Select Inspection/Landing/Refresh' is clicked on

2018-06-04 10:30:09 - [TEST_STEP][PASSED] - waitForElementClickable: Object 'Object Repository/FSM1/Select Inspection/Landing/Refresh' is clickable

2018-06-04 10:30:10 - [MESSAGE][PASSED] - Object 'Object Repository/FSM1/Select Inspection/Landing/Refresh' is clickable

2018-06-04 10:30:10 - [TEST_STEP][NOT_RUN] - delay: NOT_RUN: delay

2018-06-04 10:30:10 - [MESSAGE][NOT_RUN] - NOT_RUN: delay

2018-06-04 10:30:10 - [TEST_STEP][PASSED] - Statement - InspectionRef = com.kms.katalon.core.webui.keyword.WebUiBuiltInKeywords.modifyObjectProperty(com.kms.katalon.core.testobject.ObjectRepository.findTestObject(FSM1/Select Inspection/Landing/Page_JClient/div_35098), "text", "equals", temp, true, STOP_ON_FAILURE): Modify property of object successfully

2018-06-04 10:30:10 - [MESSAGE][PASSED] - Modify property of object successfully

2018-06-04 10:30:10 - [TEST_STEP][PASSED] - delay: Delayed 10 second(s)

2018-06-04 10:30:20 - [MESSAGE][PASSED] - Delayed 10 second(s)

2018-06-04 10:30:20 - [TEST_STEP][PASSED] - Statement - If (com.kms.katalon.core.webui.keyword.WebUiBuiltInKeywords.verifyElementPresent(InspectionRef, 30, OPTIONAL)): Object: 'Object Repository/FSM1/Select Inspection/Landing/Page_JClient/div_35098' is clicked on

2018-06-04 10:30:29 - [MESSAGE][PASSED] - Object 'Object Repository/FSM1/Select Inspection/Landing/Page_JClient/div_35098' is present

2018-06-04 10:30:29 - [TEST_STEP][PASSED] - delay: Delayed 3 second(s)

2018-06-04 10:30:32 - [MESSAGE][PASSED] - Delayed 3 second(s)

2018-06-04 10:30:32 - [TEST_STEP][PASSED] - click: Object: 'Object Repository/FSM1/Select Inspection/Landing/Page_JClient/div_35098' is clicked on

2018-06-04 10:30:32 - [MESSAGE][PASSED] - Object: 'Object Repository/FSM1/Select Inspection/Landing/Page_JClient/div_35098' is clicked on

2018-06-04 10:30:32 - [TEST_STEP][PASSED] - click: Object: 'Object Repository/FSM1/Select Inspection/Page_JClient/div_WITH OPERATIVE' is clicked on

2018-06-04 10:30:33 - [MESSAGE][PASSED] - Object: 'Object Repository/FSM1/Select Inspection/Page_JClient/div_WITH OPERATIVE' is clicked on

2018-06-04 10:30:33 - [TEST_STEP][PASSED] - delay: Delayed 2 second(s)

2018-06-04 10:30:35 - [MESSAGE][PASSED] - Delayed 2 second(s)

2018-06-04 10:30:35 - [TEST_STEP][PASSED] - click: Object: 'Object Repository/FSM1/Select Inspection/Page_JClient/div_TRAVELLING' is clicked on

2018-06-04 10:30:36 - [MESSAGE][PASSED] - Object: 'Object Repository/FSM1/Select Inspection/Page_JClient/div_TRAVELLING' is clicked on

2018-06-04 10:30:36 - [TEST_STEP][PASSED] - delay: Delayed 2 second(s)

2018-06-04 10:30:38 - [MESSAGE][PASSED] - Delayed 2 second(s)

2018-06-04 10:30:38 - [TEST_STEP][PASSED] - click: Object: 'Object Repository/FSM1/Select Inspection/Page_JClient/div_TRAVELLING' is clicked on

2018-06-04 10:30:38 - [MESSAGE][PASSED] - Object: 'Object Repository/FSM1/Select Inspection/Page_JClient/div_TRAVELLING' is clicked on

2018-06-04 10:30:38 - [TEST_STEP][PASSED] - delay: Delayed 2 second(s)

2018-06-04 10:30:40 - [MESSAGE][PASSED] - Delayed 2 second(s)

2018-06-04 10:30:40 - [TEST_STEP][PASSED] - click: Object: 'Object Repository/FSM1/Select Inspection/Page_JClient/div_ARRIVED' is clicked on

2018-06-04 10:30:40 - [MESSAGE][PASSED] - Object: 'Object Repository/FSM1/Select Inspection/Page_JClient/div_ARRIVED' is clicked on

2018-06-04 10:30:40 - [TEST_STEP][PASSED] - delay: Delayed 2 second(s)

2018-06-04 10:30:42 - [MESSAGE][PASSED] - Delayed 2 second(s)

2018-06-04 10:30:42 - [TEST_STEP][PASSED] - click: Object: 'Object Repository/FSM1/Select Inspection/Page_JClient/div_ARRIVED' is clicked on

2018-06-04 10:30:42 - [MESSAGE][PASSED] - Object: 'Object Repository/FSM1/Select Inspection/Page_JClient/div_ARRIVED' is clicked on

2018-06-04 10:30:42 - [TEST_STEP][PASSED] - delay: Delayed 4 second(s)

2018-06-04 10:30:46 - [MESSAGE][PASSED] - Delayed 4 second(s)

2018-06-04 10:30:46 - [TEST_STEP][PASSED] - click: Object: 'Object Repository/FSM1/Select Inspection/Page_JClient/div_STARTED' is clicked on

2018-06-04 10:30:46 - [MESSAGE][PASSED] - Object: 'Object Repository/FSM1/Select Inspection/Page_JClient/div_STARTED' is clicked on

2018-06-04 10:30:46 - [TEST_STEP][PASSED] - delay: Delayed 2 second(s)

2018-06-04 10:30:48 - [MESSAGE][PASSED] - Delayed 2 second(s)]]></system-out>
         <system-err><![CDATA[]]></system-err>
      </testcase>
      <testcase name="Test Cases/Complete EMI Inspection" classname="Test Cases/Complete EMI Inspection" status="FAILED">
         <failure type="FAILED" message="Unable to click on object 'Object Repository/FSM1/Select Inspection/Landing/Page_JClient (5)/UpdateDetails' (Root cause: org.openqa.selenium.UnhandledAlertException: unexpected alert open: {Alert text : }
  (Session info: chrome=66.0.3359.181)
  (Driver info: chromedriver=2.35.528161 (5b82f2d2aae0ca24b877009200ced9065a772e73),platform=Windows NT 10.0.14393 x86_64) (WARNING: The server did not provide any stacktrace information)
Command duration or timeout: 0 milliseconds: null
Build info: version: '3.7.1', revision: '8a0099a', time: '2017-11-06T21:07:36.161Z'
System info: host: 'SNDFSMINFSRV001', ip: '10.201.1.17', os.name: 'Windows NT (unknown)', os.arch: 'amd64', os.version: '10.0', java.version: '1.8.0_102'
Driver info: com.kms.katalon.selenium.driver.CChromeDriver
Capabilities {acceptInsecureCerts: false, acceptSslCerts: false, applicationCacheEnabled: false, browserConnectionEnabled: false, browserName: chrome, chrome: {chromedriverVersion: 2.35.528161 (5b82f2d2aae0ca..., userDataDir: C:\Users\JHATFI~1\AppData\L...}, cssSelectorsEnabled: true, databaseEnabled: false, handlesAlerts: true, hasTouchScreen: false, javascriptEnabled: true, locationContextEnabled: true, mobileEmulationEnabled: false, nativeEvents: true, networkConnectionEnabled: false, pageLoadStrategy: normal, platform: XP, platformName: XP, rotatable: false, setWindowRect: true, takesHeapSnapshot: true, takesScreenshot: true, unexpectedAlertBehaviour: , unhandledPromptBehavior: , version: 66.0.3359.181, webStorageEnabled: true}
Session ID: 6e1b5c49af6237b8c6b03fcb4ca3b8b0
*** Element info: {Using=xpath, value=//input[@type = 'checkbox' and @id = 'gwt-uid-85']})"/>
         <system-out><![CDATA[2018-06-04 10:30:48 - [TEST_CASE][FAILED] - Test Cases/Complete EMI Inspection: Test Cases/Complete EMI Inspection FAILED because (of) Unable to click on object 'Object Repository/FSM1/Select Inspection/Landing/Page_JClient (5)/UpdateDetails' (Root cause: org.openqa.selenium.UnhandledAlertException: unexpected alert open: {Alert text : }
  (Session info: chrome=66.0.3359.181)
  (Driver info: chromedriver=2.35.528161 (5b82f2d2aae0ca24b877009200ced9065a772e73),platform=Windows NT 10.0.14393 x86_64) (WARNING: The server did not provide any stacktrace information)
Command duration or timeout: 0 milliseconds: null
Build info: version: '3.7.1', revision: '8a0099a', time: '2017-11-06T21:07:36.161Z'
System info: host: 'SNDFSMINFSRV001', ip: '10.201.1.17', os.name: 'Windows NT (unknown)', os.arch: 'amd64', os.version: '10.0', java.version: '1.8.0_102'
Driver info: com.kms.katalon.selenium.driver.CChromeDriver
Capabilities {acceptInsecureCerts: false, acceptSslCerts: false, applicationCacheEnabled: false, browserConnectionEnabled: false, browserName: chrome, chrome: {chromedriverVersion: 2.35.528161 (5b82f2d2aae0ca..., userDataDir: C:\Users\JHATFI~1\AppData\L...}, cssSelectorsEnabled: true, databaseEnabled: false, handlesAlerts: true, hasTouchScreen: false, javascriptEnabled: true, locationContextEnabled: true, mobileEmulationEnabled: false, nativeEvents: true, networkConnectionEnabled: false, pageLoadStrategy: normal, platform: XP, platformName: XP, rotatable: false, setWindowRect: true, takesHeapSnapshot: true, takesScreenshot: true, unexpectedAlertBehaviour: , unhandledPromptBehavior: , version: 66.0.3359.181, webStorageEnabled: true}
Session ID: 6e1b5c49af6237b8c6b03fcb4ca3b8b0
*** Element info: {Using=xpath, value=//input[@type = 'checkbox' and @id = 'gwt-uid-85']})

2018-06-04 10:30:49 - [TEST_STEP][PASSED] - verifyElementPresent: Object 'Object Repository/FSM1/Complete Egg Inspection/Page_JClient/div_Mr Automation' is present

2018-06-04 10:30:49 - [MESSAGE][WARNING] - Timeout '0' is invalid. Using default page load timeout: '30'

2018-06-04 10:30:49 - [MESSAGE][PASSED] - Object 'Object Repository/FSM1/Complete Egg Inspection/Page_JClient/div_Mr Automation' is present

2018-06-04 10:30:49 - [TEST_STEP][PASSED] - verifyElementPresent: Object 'Object Repository/FSM1/Complete Egg Inspection/Page_JClient/div_111' is present

2018-06-04 10:30:49 - [MESSAGE][WARNING] - Timeout '0' is invalid. Using default page load timeout: '30'

2018-06-04 10:30:49 - [MESSAGE][PASSED] - Object 'Object Repository/FSM1/Complete Egg Inspection/Page_JClient/div_111' is present

2018-06-04 10:30:49 - [TEST_STEP][PASSED] - verifyElementPresent: Object 'Object Repository/FSM1/Complete Egg Inspection/Page_JClient/div_222' is present

2018-06-04 10:30:49 - [MESSAGE][WARNING] - Timeout '0' is invalid. Using default page load timeout: '30'

2018-06-04 10:30:49 - [MESSAGE][PASSED] - Object 'Object Repository/FSM1/Complete Egg Inspection/Page_JClient/div_222' is present

2018-06-04 10:30:49 - [TEST_STEP][PASSED] - click: Object: 'Object Repository/FSM1/Complete Egg Inspection/Page_JClient/div_Business TypeAUCTION MARKE' is clicked on

2018-06-04 10:30:49 - [MESSAGE][PASSED] - Object: 'Object Repository/FSM1/Complete Egg Inspection/Page_JClient/div_Business TypeAUCTION MARKE' is clicked on

2018-06-04 10:30:49 - [TEST_STEP][NOT_RUN] - click: NOT_RUN: click

2018-06-04 10:30:49 - [MESSAGE][NOT_RUN] - NOT_RUN: click

2018-06-04 10:30:49 - [TEST_STEP][PASSED] - click: Object: 'Object Repository/FSM1/Select Inspection/Landing/Page_JClient (2)/div_Edit attributes' is clicked on

2018-06-04 10:30:50 - [MESSAGE][PASSED] - Object: 'Object Repository/FSM1/Select Inspection/Landing/Page_JClient (2)/div_Edit attributes' is clicked on

2018-06-04 10:30:50 - [TEST_STEP][PASSED] - setText: Text '99/888/7777' is set on object 'Object Repository/FSM1/Complete Egg Inspection/Page_JClient/input_gwt-TextBox GKH2EKQBOHC (1)'

2018-06-04 10:30:50 - [MESSAGE][PASSED] - Text '99/888/7777' is set on object 'Object Repository/FSM1/Complete Egg Inspection/Page_JClient/input_gwt-TextBox GKH2EKQBOHC (1)'

2018-06-04 10:30:50 - [TEST_STEP][FAILED] - click: Unable to click on object 'Object Repository/FSM1/Select Inspection/Landing/Page_JClient (5)/UpdateDetails' (Root cause: org.openqa.selenium.UnhandledAlertException: unexpected alert open: {Alert text : }
  (Session info: chrome=66.0.3359.181)
  (Driver info: chromedriver=2.35.528161 (5b82f2d2aae0ca24b877009200ced9065a772e73),platform=Windows NT 10.0.14393 x86_64) (WARNING: The server did not provide any stacktrace information)
Command duration or timeout: 0 milliseconds: null
Build info: version: '3.7.1', revision: '8a0099a', time: '2017-11-06T21:07:36.161Z'
System info: host: 'SNDFSMINFSRV001', ip: '10.201.1.17', os.name: 'Windows NT (unknown)', os.arch: 'amd64', os.version: '10.0', java.version: '1.8.0_102'
Driver info: com.kms.katalon.selenium.driver.CChromeDriver
Capabilities {acceptInsecureCerts: false, acceptSslCerts: false, applicationCacheEnabled: false, browserConnectionEnabled: false, browserName: chrome, chrome: {chromedriverVersion: 2.35.528161 (5b82f2d2aae0ca..., userDataDir: C:\Users\JHATFI~1\AppData\L...}, cssSelectorsEnabled: true, databaseEnabled: false, handlesAlerts: true, hasTouchScreen: false, javascriptEnabled: true, locationContextEnabled: true, mobileEmulationEnabled: false, nativeEvents: true, networkConnectionEnabled: false, pageLoadStrategy: normal, platform: XP, platformName: XP, rotatable: false, setWindowRect: true, takesHeapSnapshot: true, takesScreenshot: true, unexpectedAlertBehaviour: , unhandledPromptBehavior: , version: 66.0.3359.181, webStorageEnabled: true}
Session ID: 6e1b5c49af6237b8c6b03fcb4ca3b8b0
*** Element info: {Using=xpath, value=//input[@type = 'checkbox' and @id = 'gwt-uid-85']})

2018-06-04 10:31:10 - [MESSAGE][WARNING] - Cannot take screenshot

2018-06-04 10:31:10 - [MESSAGE][FAILED] - Unable to click on object 'Object Repository/FSM1/Select Inspection/Landing/Page_JClient (5)/UpdateDetails' (Root cause: org.openqa.selenium.UnhandledAlertException: unexpected alert open: {Alert text : }
  (Session info: chrome=66.0.3359.181)
  (Driver info: chromedriver=2.35.528161 (5b82f2d2aae0ca24b877009200ced9065a772e73),platform=Windows NT 10.0.14393 x86_64) (WARNING: The server did not provide any stacktrace information)
Command duration or timeout: 0 milliseconds: null
Build info: version: '3.7.1', revision: '8a0099a', time: '2017-11-06T21:07:36.161Z'
System info: host: 'SNDFSMINFSRV001', ip: '10.201.1.17', os.name: 'Windows NT (unknown)', os.arch: 'amd64', os.version: '10.0', java.version: '1.8.0_102'
Driver info: com.kms.katalon.selenium.driver.CChromeDriver
Capabilities {acceptInsecureCerts: false, acceptSslCerts: false, applicationCacheEnabled: false, browserConnectionEnabled: false, browserName: chrome, chrome: {chromedriverVersion: 2.35.528161 (5b82f2d2aae0ca..., userDataDir: C:\Users\JHATFI~1\AppData\L...}, cssSelectorsEnabled: true, databaseEnabled: false, handlesAlerts: true, hasTouchScreen: false, javascriptEnabled: true, locationContextEnabled: true, mobileEmulationEnabled: false, nativeEvents: true, networkConnectionEnabled: false, pageLoadStrategy: normal, platform: XP, platformName: XP, rotatable: false, setWindowRect: true, takesHeapSnapshot: true, takesScreenshot: true, unexpectedAlertBehaviour: , unhandledPromptBehavior: , version: 66.0.3359.181, webStorageEnabled: true}
Session ID: 6e1b5c49af6237b8c6b03fcb4ca3b8b0
*** Element info: {Using=xpath, value=//input[@type = 'checkbox' and @id = 'gwt-uid-85']})]]></system-out>
         <system-err><![CDATA[2018-06-04 10:30:48 - [TEST_CASE][FAILED] - Test Cases/Complete EMI Inspection: Test Cases/Complete EMI Inspection FAILED because (of) Unable to click on object 'Object Repository/FSM1/Select Inspection/Landing/Page_JClient (5)/UpdateDetails' (Root cause: org.openqa.selenium.UnhandledAlertException: unexpected alert open: {Alert text : }
  (Session info: chrome=66.0.3359.181)
  (Driver info: chromedriver=2.35.528161 (5b82f2d2aae0ca24b877009200ced9065a772e73),platform=Windows NT 10.0.14393 x86_64) (WARNING: The server did not provide any stacktrace information)
Command duration or timeout: 0 milliseconds: null
Build info: version: '3.7.1', revision: '8a0099a', time: '2017-11-06T21:07:36.161Z'
System info: host: 'SNDFSMINFSRV001', ip: '10.201.1.17', os.name: 'Windows NT (unknown)', os.arch: 'amd64', os.version: '10.0', java.version: '1.8.0_102'
Driver info: com.kms.katalon.selenium.driver.CChromeDriver
Capabilities {acceptInsecureCerts: false, acceptSslCerts: false, applicationCacheEnabled: false, browserConnectionEnabled: false, browserName: chrome, chrome: {chromedriverVersion: 2.35.528161 (5b82f2d2aae0ca..., userDataDir: C:\Users\JHATFI~1\AppData\L...}, cssSelectorsEnabled: true, databaseEnabled: false, handlesAlerts: true, hasTouchScreen: false, javascriptEnabled: true, locationContextEnabled: true, mobileEmulationEnabled: false, nativeEvents: true, networkConnectionEnabled: false, pageLoadStrategy: normal, platform: XP, platformName: XP, rotatable: false, setWindowRect: true, takesHeapSnapshot: true, takesScreenshot: true, unexpectedAlertBehaviour: , unhandledPromptBehavior: , version: 66.0.3359.181, webStorageEnabled: true}
Session ID: 6e1b5c49af6237b8c6b03fcb4ca3b8b0
*** Element info: {Using=xpath, value=//input[@type = 'checkbox' and @id = 'gwt-uid-85']})]]></system-err>
      </testcase>
      <system-out><![CDATA[2018-06-04 10:27:36 - [TEST_SUITE][FAILED] - EMI Regression: Test Cases/Complete EMI Inspection FAILED because (of) Unable to click on object 'Object Repository/FSM1/Select Inspection/Landing/Page_JClient (5)/UpdateDetails' (Root cause: org.openqa.selenium.UnhandledAlertException: unexpected alert open: {Alert text : }
  (Session info: chrome=66.0.3359.181)
  (Driver info: chromedriver=2.35.528161 (5b82f2d2aae0ca24b877009200ced9065a772e73),platform=Windows NT 10.0.14393 x86_64) (WARNING: The server did not provide any stacktrace information)
Command duration or timeout: 0 milliseconds: null
Build info: version: '3.7.1', revision: '8a0099a', time: '2017-11-06T21:07:36.161Z'
System info: host: 'SNDFSMINFSRV001', ip: '10.201.1.17', os.name: 'Windows NT (unknown)', os.arch: 'amd64', os.version: '10.0', java.version: '1.8.0_102'
Driver info: com.kms.katalon.selenium.driver.CChromeDriver
Capabilities {acceptInsecureCerts: false, acceptSslCerts: false, applicationCacheEnabled: false, browserConnectionEnabled: false, browserName: chrome, chrome: {chromedriverVersion: 2.35.528161 (5b82f2d2aae0ca..., userDataDir: C:\Users\JHATFI~1\AppData\L...}, cssSelectorsEnabled: true, databaseEnabled: false, handlesAlerts: true, hasTouchScreen: false, javascriptEnabled: true, locationContextEnabled: true, mobileEmulationEnabled: false, nativeEvents: true, networkConnectionEnabled: false, pageLoadStrategy: normal, platform: XP, platformName: XP, rotatable: false, setWindowRect: true, takesHeapSnapshot: true, takesScreenshot: true, unexpectedAlertBehaviour: , unhandledPromptBehavior: , version: 66.0.3359.181, webStorageEnabled: true}
Session ID: 6e1b5c49af6237b8c6b03fcb4ca3b8b0
*** Element info: {Using=xpath, value=//input[@type = 'checkbox' and @id = 'gwt-uid-85']})]]></system-out>
      <system-err><![CDATA[2018-06-04 10:27:36 - [TEST_SUITE][FAILED] - EMI Regression: Test Cases/Complete EMI Inspection FAILED because (of) Unable to click on object 'Object Repository/FSM1/Select Inspection/Landing/Page_JClient (5)/UpdateDetails' (Root cause: org.openqa.selenium.UnhandledAlertException: unexpected alert open: {Alert text : }
  (Session info: chrome=66.0.3359.181)
  (Driver info: chromedriver=2.35.528161 (5b82f2d2aae0ca24b877009200ced9065a772e73),platform=Windows NT 10.0.14393 x86_64) (WARNING: The server did not provide any stacktrace information)
Command duration or timeout: 0 milliseconds: null
Build info: version: '3.7.1', revision: '8a0099a', time: '2017-11-06T21:07:36.161Z'
System info: host: 'SNDFSMINFSRV001', ip: '10.201.1.17', os.name: 'Windows NT (unknown)', os.arch: 'amd64', os.version: '10.0', java.version: '1.8.0_102'
Driver info: com.kms.katalon.selenium.driver.CChromeDriver
Capabilities {acceptInsecureCerts: false, acceptSslCerts: false, applicationCacheEnabled: false, browserConnectionEnabled: false, browserName: chrome, chrome: {chromedriverVersion: 2.35.528161 (5b82f2d2aae0ca..., userDataDir: C:\Users\JHATFI~1\AppData\L...}, cssSelectorsEnabled: true, databaseEnabled: false, handlesAlerts: true, hasTouchScreen: false, javascriptEnabled: true, locationContextEnabled: true, mobileEmulationEnabled: false, nativeEvents: true, networkConnectionEnabled: false, pageLoadStrategy: normal, platform: XP, platformName: XP, rotatable: false, setWindowRect: true, takesHeapSnapshot: true, takesScreenshot: true, unexpectedAlertBehaviour: , unhandledPromptBehavior: , version: 66.0.3359.181, webStorageEnabled: true}
Session ID: 6e1b5c49af6237b8c6b03fcb4ca3b8b0
*** Element info: {Using=xpath, value=//input[@type = 'checkbox' and @id = 'gwt-uid-85']})]]></system-err>
   </testsuite>
</testsuites>
