<?xml version="1.0" encoding="UTF-8"?>
<testsuites name="PMM Regression - Compliance - Rejected" time="506" tests="6" failures="1" errors="0">
   <testsuite name="PMM Regression - Compliance - Rejected" tests="6" failures="1" errors="0" time="506" timestamp="2019-01-15 14:37:18" hostname="jonha - DESKTOP-KMCIR60" id="Test Suites/PMM/PMM Regression - Compliance - Rejected">
      <properties>
         <property name="deviceName" value=""/>
         <property name="devicePlatform" value=""/>
         <property name="logFolder" value="C:\\Users\\jonha\\Documents\\Katalon\\APHA\\JM_8.9\\FSM_Regression\\Reports\\PMM\\PMM Regression - Compliance - Rejected\\20190115_135520"/>
         <property name="logFiles" value="C:\\Users\\jonha\\Documents\\Katalon\\APHA\\JM_8.9\\FSM_Regression\\Reports\\PMM\\PMM Regression - Compliance - Rejected\\20190115_135520\\execution0.log"/>
         <property name="attachments" value="C:\\Users\\jonha\\Documents\\Katalon\\APHA\\JM_8.9\\FSM_Regression\\Reports\\PMM\\PMM Regression - Compliance - Rejected\\20190115_135520\\1547563430473.png"/>
         <property name="hostName" value="jonha - DESKTOP-KMCIR60"/>
         <property name="os" value="Windows 10 64bit"/>
         <property name="katalonVersion" value="5.9.1.2"/>
         <property name="browser" value="Chrome 71.0.3578.98"/>
         <property name="hostAddress" value="192.168.0.17"/>
         <property name="sessionId" value="55ebff52649f8ab113dba9126dc39137"/>
         <property name="seleniumVersion" value="3.7.1"/>
         <property name="proxyInformation" value="ProxyInformation{proxyOption=NO_PROXY, proxyServerType=HTTP, password=, proxyServerAddress=, proxyServerPort=0}"/>
         <property name="platform" value="Windows 10"/>
      </properties>
      <testcase name="Test Cases/Generic/Launch Job Manager Control Centre" classname="Test Cases/Generic/Launch Job Manager Control Centre" status="PASSED">
         <system-out><![CDATA[2019-01-15 14:37:18 - [TEST_CASE][PASSED] - Test Cases/Generic/Launch Job Manager Control Centre: Test Cases/Generic/Launch Job Manager Control Centre

2019-01-15 14:37:19 - [TEST_STEP][PASSED] - openBrowser(""): Browser is opened with url: ''

2019-01-15 14:37:19 - [MESSAGE][INFO] - Starting 'Chrome' driver

2019-01-15 14:37:19 - [MESSAGE][INFO] - Action delay is set to 0 seconds

2019-01-15 14:37:23 - [MESSAGE][PASSED] - Browser is opened with url: ''

2019-01-15 14:37:23 - [TEST_STEP][PASSED] - navigateToUrl(CCURL): Navigate to 'https://kirona-def-6.kirona.com/jmprep/login#!loginView' successfully

2019-01-15 14:37:24 - [MESSAGE][PASSED] - Navigate to 'https://kirona-def-6.kirona.com/jmprep/login#!loginView' successfully

2019-01-15 14:37:24 - [TEST_STEP][PASSED] - setText(findTestObject("FSM1/Control Centre/Page_Job Manager Login/input_gwt-uid-3"), Username): Text 'jon.hatfield' is set on object 'Object Repository/FSM1/Control Centre/Page_Job Manager Login/input_gwt-uid-3'

2019-01-15 14:37:24 - [MESSAGE][PASSED] - Text 'jon.hatfield' is set on object 'Object Repository/FSM1/Control Centre/Page_Job Manager Login/input_gwt-uid-3'

2019-01-15 14:37:24 - [TEST_STEP][PASSED] - setText(findTestObject("FSM1/Control Centre/Page_Job Manager Login/input_gwt-uid-5"), Password): Text 'Fr@nc1sJ0n' is set on object 'Object Repository/FSM1/Control Centre/Page_Job Manager Login/input_gwt-uid-5'

2019-01-15 14:37:24 - [MESSAGE][PASSED] - Text 'Fr@nc1sJ0n' is set on object 'Object Repository/FSM1/Control Centre/Page_Job Manager Login/input_gwt-uid-5'

2019-01-15 14:37:24 - [TEST_STEP][PASSED] - delay(2): Delayed 2 second(s)

2019-01-15 14:37:26 - [MESSAGE][PASSED] - Delayed 2 second(s)

2019-01-15 14:37:26 - [TEST_STEP][PASSED] - click(findTestObject("FSM1/PreProd/Page_Job Manager Login/div_Login")): Object: 'Object Repository/FSM1/PreProd/Page_Job Manager Login/div_Login' is clicked on

2019-01-15 14:37:26 - [MESSAGE][PASSED] - Object: 'Object Repository/FSM1/PreProd/Page_Job Manager Login/div_Login' is clicked on

2019-01-15 14:37:26 - [TEST_STEP][PASSED] - delay(5): Delayed 5 second(s)

2019-01-15 14:37:31 - [MESSAGE][PASSED] - Delayed 5 second(s)]]></system-out>
         <system-err><![CDATA[]]></system-err>
      </testcase>
      <testcase name="Test Cases/PMM/Generic/Create PMM Inspection" classname="Test Cases/PMM/Generic/Create PMM Inspection" status="PASSED">
         <system-out><![CDATA[2019-01-15 14:37:31 - [TEST_CASE][PASSED] - Test Cases/PMM/Generic/Create PMM Inspection: Test Cases/PMM/Generic/Create PMM Inspection

2019-01-15 14:37:32 - [TEST_STEP][PASSED] - log = new com.kms.katalon.core.logging.KeywordLogger(): null

2019-01-15 14:37:32 - [TEST_STEP][PASSED] - waitForElementClickable(findTestObject("Object Repository/FSM1/Create PMM Inspection/a/Page_JM Control Centre/Page_JM Control Centre/div_Create"), 60, STOP_ON_FAILURE): Object 'Object Repository/FSM1/Create PMM Inspection/a/Page_JM Control Centre/Page_JM Control Centre/div_Create' is clickable

2019-01-15 14:37:41 - [MESSAGE][PASSED] - Object 'Object Repository/FSM1/Create PMM Inspection/a/Page_JM Control Centre/Page_JM Control Centre/div_Create' is clickable

2019-01-15 14:37:41 - [TEST_STEP][PASSED] - delay(2): Delayed 2 second(s)

2019-01-15 14:37:43 - [MESSAGE][PASSED] - Delayed 2 second(s)

2019-01-15 14:37:43 - [TEST_STEP][PASSED] - click(findTestObject("Object Repository/FSM1/Create PMM Inspection/a/Page_JM Control Centre/Page_JM Control Centre/div_Create")): Object: 'Object Repository/FSM1/Create PMM Inspection/a/Page_JM Control Centre/Page_JM Control Centre/div_Create' is clicked on

2019-01-15 14:37:43 - [MESSAGE][PASSED] - Object: 'Object Repository/FSM1/Create PMM Inspection/a/Page_JM Control Centre/Page_JM Control Centre/div_Create' is clicked on

2019-01-15 14:37:43 - [TEST_STEP][PASSED] - delay(2): Delayed 2 second(s)

2019-01-15 14:37:45 - [MESSAGE][PASSED] - Delayed 2 second(s)

2019-01-15 14:37:45 - [TEST_STEP][PASSED] - setText(findTestObject("Object Repository/FSM1/Create PMM Inspection/a/Page_JM Control Centre/Page_JM Control Centre/input_Type_gwt-uid-8"), PMMInspectionType): Text 'PMR03A - Producer Compliance / Follow Up Inspection' is set on object 'Object Repository/FSM1/Create PMM Inspection/a/Page_JM Control Centre/Page_JM Control Centre/input_Type_gwt-uid-8'

2019-01-15 14:37:45 - [MESSAGE][PASSED] - Text 'PMR03A - Producer Compliance / Follow Up Inspection' is set on object 'Object Repository/FSM1/Create PMM Inspection/a/Page_JM Control Centre/Page_JM Control Centre/input_Type_gwt-uid-8'

2019-01-15 14:37:45 - [TEST_STEP][PASSED] - PMMInspectionType = modifyObjectProperty(findTestObject("Object Repository/FSM1/Create PMM Inspection/a/Page_JM Control Centre/Page_JM Control Centre/span_PMR03A - Producer Complia"), "text", "equals", PMMInspectionType, true): Modify property of object successfully

2019-01-15 14:37:45 - [MESSAGE][PASSED] - Modify property of object successfully

2019-01-15 14:37:45 - [TEST_STEP][PASSED] - click(PMMInspectionType, STOP_ON_FAILURE): Object: 'Object Repository/FSM1/Create PMM Inspection/a/Page_JM Control Centre/Page_JM Control Centre/span_PMR03A - Producer Complia' is clicked on

2019-01-15 14:37:46 - [MESSAGE][PASSED] - Object: 'Object Repository/FSM1/Create PMM Inspection/a/Page_JM Control Centre/Page_JM Control Centre/span_PMR03A - Producer Complia' is clicked on

2019-01-15 14:37:46 - [TEST_STEP][PASSED] - click(findTestObject("FSM1/Control Centre/Create EMI Inspection New/Page_JM Control Centre/div_v-filterselect-button_1")): Object: 'Object Repository/FSM1/Control Centre/Create EMI Inspection New/Page_JM Control Centre/div_v-filterselect-button_1' is clicked on

2019-01-15 14:37:48 - [MESSAGE][PASSED] - Object: 'Object Repository/FSM1/Control Centre/Create EMI Inspection New/Page_JM Control Centre/div_v-filterselect-button_1' is clicked on

2019-01-15 14:37:48 - [TEST_STEP][PASSED] - click(findTestObject("FSM1/Control Centre/Create EMI Inspection New/Page_JM Control Centre/span_24 Hours")): Object: 'Object Repository/FSM1/Control Centre/Create EMI Inspection New/Page_JM Control Centre/span_24 Hours' is clicked on

2019-01-15 14:37:49 - [MESSAGE][PASSED] - Object: 'Object Repository/FSM1/Control Centre/Create EMI Inspection New/Page_JM Control Centre/span_24 Hours' is clicked on

2019-01-15 14:37:49 - [TEST_STEP][PASSED] - setText(findTestObject("Object Repository/FSM1/Create PMM Inspection/a/Page_JM Control Centre/Page_JM Control Centre/input_Region_gwt-uid-24"), "w"): Text 'w' is set on object 'Object Repository/FSM1/Create PMM Inspection/a/Page_JM Control Centre/Page_JM Control Centre/input_Region_gwt-uid-24'

2019-01-15 14:37:49 - [MESSAGE][PASSED] - Text 'w' is set on object 'Object Repository/FSM1/Create PMM Inspection/a/Page_JM Control Centre/Page_JM Control Centre/input_Region_gwt-uid-24'

2019-01-15 14:37:49 - [TEST_STEP][PASSED] - click(findTestObject("Object Repository/FSM1/Create PMM Inspection/a/Page_JM Control Centre/Page_JM Control Centre/span_West")): Object: 'Object Repository/FSM1/Create PMM Inspection/a/Page_JM Control Centre/Page_JM Control Centre/span_West' is clicked on

2019-01-15 14:37:49 - [MESSAGE][PASSED] - Object: 'Object Repository/FSM1/Create PMM Inspection/a/Page_JM Control Centre/Page_JM Control Centre/span_West' is clicked on

2019-01-15 14:37:49 - [TEST_STEP][PASSED] - setText(findTestObject("Object Repository/FSM1/Create PMM Inspection/a/Page_JM Control Centre/Page_JM Control Centre/input_Priority_gwt-uid-26"), "h"): Text 'h' is set on object 'Object Repository/FSM1/Create PMM Inspection/a/Page_JM Control Centre/Page_JM Control Centre/input_Priority_gwt-uid-26'

2019-01-15 14:37:49 - [MESSAGE][PASSED] - Text 'h' is set on object 'Object Repository/FSM1/Create PMM Inspection/a/Page_JM Control Centre/Page_JM Control Centre/input_Priority_gwt-uid-26'

2019-01-15 14:37:49 - [TEST_STEP][PASSED] - click(findTestObject("Object Repository/FSM1/Create PMM Inspection/a/Page_JM Control Centre/Page_JM Control Centre/span_High")): Object: 'Object Repository/FSM1/Create PMM Inspection/a/Page_JM Control Centre/Page_JM Control Centre/span_High' is clicked on

2019-01-15 14:37:49 - [MESSAGE][PASSED] - Object: 'Object Repository/FSM1/Create PMM Inspection/a/Page_JM Control Centre/Page_JM Control Centre/span_High' is clicked on

2019-01-15 14:37:49 - [TEST_STEP][PASSED] - if (verifyElementPresent(findTestObject("JM_8918/PMM/Page_JM Control Centre/Page_JM Control Centre/InspectionType"), 2, OPTIONAL)): Object: 'Object Repository/FSM1/Create PMM Inspection/a/Page_JM Control Centre/Page_JM Control Centre/span_Extensive Indoor (Barn Re' is clicked on

2019-01-15 14:37:49 - [MESSAGE][PASSED] - Object 'Object Repository/JM_8918/PMM/Page_JM Control Centre/Page_JM Control Centre/InspectionType' is present

2019-01-15 14:37:49 - [TEST_STEP][PASSED] - setText(findTestObject("JM_8918/PMM/Page_JM Control Centre/Page_JM Control Centre/InspectionType"), "r"): Text 'r' is set on object 'Object Repository/JM_8918/PMM/Page_JM Control Centre/Page_JM Control Centre/InspectionType'

2019-01-15 14:37:49 - [MESSAGE][PASSED] - Text 'r' is set on object 'Object Repository/JM_8918/PMM/Page_JM Control Centre/Page_JM Control Centre/InspectionType'

2019-01-15 14:37:49 - [TEST_STEP][PASSED] - click(findTestObject("Object Repository/FSM1/Create PMM Inspection/a/Page_JM Control Centre/Page_JM Control Centre/span_Routine")): Object: 'Object Repository/FSM1/Create PMM Inspection/a/Page_JM Control Centre/Page_JM Control Centre/span_Routine' is clicked on

2019-01-15 14:37:50 - [MESSAGE][PASSED] - Object: 'Object Repository/FSM1/Create PMM Inspection/a/Page_JM Control Centre/Page_JM Control Centre/span_Routine' is clicked on

2019-01-15 14:37:50 - [TEST_STEP][PASSED] - click(findTestObject("Object Repository/FSM1/Create PMM Inspection/a/Page_JM Control Centre/Page_JM Control Centre/div_Production Type_v-filterse")): Object: 'Object Repository/FSM1/Create PMM Inspection/a/Page_JM Control Centre/Page_JM Control Centre/div_Production Type_v-filterse' is clicked on

2019-01-15 14:37:50 - [MESSAGE][PASSED] - Object: 'Object Repository/FSM1/Create PMM Inspection/a/Page_JM Control Centre/Page_JM Control Centre/div_Production Type_v-filterse' is clicked on

2019-01-15 14:37:50 - [TEST_STEP][PASSED] - click(findTestObject("Object Repository/FSM1/Create PMM Inspection/a/Page_JM Control Centre/Page_JM Control Centre/span_Extensive Indoor (Barn Re")): Object: 'Object Repository/FSM1/Create PMM Inspection/a/Page_JM Control Centre/Page_JM Control Centre/span_Extensive Indoor (Barn Re' is clicked on

2019-01-15 14:37:50 - [MESSAGE][PASSED] - Object: 'Object Repository/FSM1/Create PMM Inspection/a/Page_JM Control Centre/Page_JM Control Centre/span_Extensive Indoor (Barn Re' is clicked on

2019-01-15 14:37:50 - [TEST_STEP][PASSED] - click(findTestObject("Object Repository/FSM1/Create PMM Inspection/a/Page_JM Control Centre/Page_JM Control Centre/div_Species_v-filterselect-but")): Object: 'Object Repository/FSM1/Create PMM Inspection/a/Page_JM Control Centre/Page_JM Control Centre/div_Species_v-filterselect-but' is clicked on

2019-01-15 14:37:50 - [MESSAGE][PASSED] - Object: 'Object Repository/FSM1/Create PMM Inspection/a/Page_JM Control Centre/Page_JM Control Centre/div_Species_v-filterselect-but' is clicked on

2019-01-15 14:37:50 - [TEST_STEP][PASSED] - click(findTestObject("Object Repository/FSM1/Create PMM Inspection/a/Page_JM Control Centre/Page_JM Control Centre/span_Chicken")): Object: 'Object Repository/FSM1/Create PMM Inspection/a/Page_JM Control Centre/Page_JM Control Centre/span_Chicken' is clicked on

2019-01-15 14:37:50 - [MESSAGE][PASSED] - Object: 'Object Repository/FSM1/Create PMM Inspection/a/Page_JM Control Centre/Page_JM Control Centre/span_Chicken' is clicked on

2019-01-15 14:37:50 - [TEST_STEP][PASSED] - setText(findTestObject("Object Repository/JM_8918/PMM/Registration/Page_JM Control Centre/input_Keeper ID_gwt-uid-34"), RandomStringUtils.randomNumeric(5)): Text '49883' is set on object 'Object Repository/JM_8918/PMM/Registration/Page_JM Control Centre/input_Keeper ID_gwt-uid-34'

2019-01-15 14:37:51 - [MESSAGE][PASSED] - Text '49883' is set on object 'Object Repository/JM_8918/PMM/Registration/Page_JM Control Centre/input_Keeper ID_gwt-uid-34'

2019-01-15 14:37:51 - [TEST_STEP][PASSED] - setText(findTestObject("Object Repository/FSM1/Create PMM Inspection/a/Page_JM Control Centre/Page_JM Control Centre/input_Keeper ID_gwt-uid-36"), RandomStringUtils.randomNumeric(5)): Text '85050' is set on object 'Object Repository/FSM1/Create PMM Inspection/a/Page_JM Control Centre/Page_JM Control Centre/input_Keeper ID_gwt-uid-36'

2019-01-15 14:37:51 - [MESSAGE][PASSED] - Text '85050' is set on object 'Object Repository/FSM1/Create PMM Inspection/a/Page_JM Control Centre/Page_JM Control Centre/input_Keeper ID_gwt-uid-36'

2019-01-15 14:37:51 - [TEST_STEP][PASSED] - setText(findTestObject("Object Repository/FSM1/Create PMM Inspection/a/Page_JM Control Centre/Page_JM Control Centre/input_Keeper Name_gwt-uid-38"), RandomStringUtils.randomNumeric(5)): Text '80853' is set on object 'Object Repository/FSM1/Create PMM Inspection/a/Page_JM Control Centre/Page_JM Control Centre/input_Keeper Name_gwt-uid-38'

2019-01-15 14:37:51 - [MESSAGE][PASSED] - Text '80853' is set on object 'Object Repository/FSM1/Create PMM Inspection/a/Page_JM Control Centre/Page_JM Control Centre/input_Keeper Name_gwt-uid-38'

2019-01-15 14:37:51 - [TEST_STEP][PASSED] - setText(findTestObject("Object Repository/FSM1/Create PMM Inspection/a/Page_JM Control Centre/Page_JM Control Centre/input_Keeper Contact Name_gwt-"), RandomStringUtils.randomNumeric(5)): Text '77656' is set on object 'Object Repository/FSM1/Create PMM Inspection/a/Page_JM Control Centre/Page_JM Control Centre/input_Keeper Contact Name_gwt-'

2019-01-15 14:37:51 - [MESSAGE][PASSED] - Text '77656' is set on object 'Object Repository/FSM1/Create PMM Inspection/a/Page_JM Control Centre/Page_JM Control Centre/input_Keeper Contact Name_gwt-'

2019-01-15 14:37:51 - [TEST_STEP][PASSED] - setText(findTestObject("Object Repository/JM_8918/PMM/Registration/Page_JM Control Centre/input_Location ID_gwt-uid-44"), RandomStringUtils.randomNumeric(5)): Text '76155' is set on object 'Object Repository/JM_8918/PMM/Registration/Page_JM Control Centre/input_Location ID_gwt-uid-44'

2019-01-15 14:37:51 - [MESSAGE][PASSED] - Text '76155' is set on object 'Object Repository/JM_8918/PMM/Registration/Page_JM Control Centre/input_Location ID_gwt-uid-44'

2019-01-15 14:37:51 - [TEST_STEP][PASSED] - setText(findTestObject("Object Repository/JM_8918/PMM/Registration/Page_JM Control Centre/input_Customer ID_gwt-uid-48"), RandomStringUtils.randomNumeric(5)): Text '42620' is set on object 'Object Repository/JM_8918/PMM/Registration/Page_JM Control Centre/input_Customer ID_gwt-uid-48'

2019-01-15 14:37:52 - [MESSAGE][PASSED] - Text '42620' is set on object 'Object Repository/JM_8918/PMM/Registration/Page_JM Control Centre/input_Customer ID_gwt-uid-48'

2019-01-15 14:37:52 - [TEST_STEP][PASSED] - setText(findTestObject("Object Repository/JM_8918/PMM/Registration/Page_JM Control Centre/input_Customer Name_gwt-uid-50"), RandomStringUtils.randomNumeric(5)): Text '29239' is set on object 'Object Repository/JM_8918/PMM/Registration/Page_JM Control Centre/input_Customer Name_gwt-uid-50'

2019-01-15 14:37:52 - [MESSAGE][PASSED] - Text '29239' is set on object 'Object Repository/JM_8918/PMM/Registration/Page_JM Control Centre/input_Customer Name_gwt-uid-50'

2019-01-15 14:37:52 - [TEST_STEP][PASSED] - setText(findTestObject("Object Repository/JM_8918/PMM/Registration/Page_JM Control Centre/input_Customer Contact Name_gw"), RandomStringUtils.randomNumeric(5)): Text '74103' is set on object 'Object Repository/JM_8918/PMM/Registration/Page_JM Control Centre/input_Customer Contact Name_gw'

2019-01-15 14:37:52 - [MESSAGE][PASSED] - Text '74103' is set on object 'Object Repository/JM_8918/PMM/Registration/Page_JM Control Centre/input_Customer Contact Name_gw'

2019-01-15 14:37:52 - [TEST_STEP][PASSED] - setText(findTestObject("Object Repository/JM_8918/PMM/Registration/Page_JM Control Centre/input_County Parish Holding (C"), RandomStringUtils.randomNumeric(5)): Text '51626' is set on object 'Object Repository/JM_8918/PMM/Registration/Page_JM Control Centre/input_County Parish Holding (C'

2019-01-15 14:37:52 - [MESSAGE][PASSED] - Text '51626' is set on object 'Object Repository/JM_8918/PMM/Registration/Page_JM Control Centre/input_County Parish Holding (C'

2019-01-15 14:37:52 - [TEST_STEP][PASSED] - setText(findTestObject("Object Repository/JM_8918/PMM/Registration/Page_JM Control Centre/input_CPHH_gwt-uid-64"), RandomStringUtils.randomNumeric(5)): Text '20564' is set on object 'Object Repository/JM_8918/PMM/Registration/Page_JM Control Centre/input_CPHH_gwt-uid-64'

2019-01-15 14:37:52 - [MESSAGE][PASSED] - Text '20564' is set on object 'Object Repository/JM_8918/PMM/Registration/Page_JM Control Centre/input_CPHH_gwt-uid-64'

2019-01-15 14:37:52 - [TEST_STEP][PASSED] - click(findTestObject("FSM1/Control Centre/Create EMI Inspection/Page_JM Control Centre/span_")): Object: 'Object Repository/FSM1/Control Centre/Create EMI Inspection/Page_JM Control Centre/span_' is clicked on

2019-01-15 14:37:53 - [MESSAGE][PASSED] - Object: 'Object Repository/FSM1/Control Centre/Create EMI Inspection/Page_JM Control Centre/span_' is clicked on

2019-01-15 14:37:53 - [TEST_STEP][PASSED] - click(findTestObject("FSM1/Control Centre/Create EMI Inspection/Address Search/Page_JM Control Centre/Postcode Search")): Object: 'Object Repository/FSM1/Control Centre/Create EMI Inspection/Address Search/Page_JM Control Centre/Postcode Search' is clicked on

2019-01-15 14:37:53 - [MESSAGE][PASSED] - Object: 'Object Repository/FSM1/Control Centre/Create EMI Inspection/Address Search/Page_JM Control Centre/Postcode Search' is clicked on

2019-01-15 14:37:53 - [TEST_STEP][PASSED] - setText(findTestObject("FSM1/PreProd/Page_JM Control Centre/PostcodeSearch"), findTestData("Pre Production/PMM/PMM Inspection Data").getValue(1, 1)): Text 'WR5 2NQ' is set on object 'Object Repository/FSM1/PreProd/Page_JM Control Centre/PostcodeSearch'

2019-01-15 14:37:53 - [MESSAGE][PASSED] - Text 'WR5 2NQ' is set on object 'Object Repository/FSM1/PreProd/Page_JM Control Centre/PostcodeSearch'

2019-01-15 14:37:53 - [TEST_STEP][PASSED] - doubleClick(findTestObject("JM_8918/Page_JM Control Centre/div_Search")): Object: 'Object Repository/JM_8918/Page_JM Control Centre/div_Search' is double clicked on

2019-01-15 14:37:54 - [MESSAGE][PASSED] - Object: 'Object Repository/JM_8918/Page_JM Control Centre/div_Search' is double clicked on

2019-01-15 14:37:54 - [TEST_STEP][PASSED] - FullAddress = modifyObjectProperty(findTestObject("FSM1/Control Centre/Create EMI Inspection/Page_JM Control Centre/Address"), "text", "equals", findTestData("Pre Production/PMM/PMM Inspection Data").getValue(2, 1), true): Modify property of object successfully

2019-01-15 14:37:54 - [MESSAGE][PASSED] - Modify property of object successfully

2019-01-15 14:37:54 - [TEST_STEP][PASSED] - click(FullAddress, STOP_ON_FAILURE): Object: 'Object Repository/FSM1/Control Centre/Create EMI Inspection/Page_JM Control Centre/Address' is clicked on

2019-01-15 14:37:55 - [MESSAGE][PASSED] - Object: 'Object Repository/FSM1/Control Centre/Create EMI Inspection/Page_JM Control Centre/Address' is clicked on

2019-01-15 14:37:55 - [TEST_STEP][PASSED] - click(findTestObject("FSM1/Control Centre/Create EMI Inspection/Create Address/Page_JM Control Centre (2)/div_Add Selected Item")): Object: 'Object Repository/FSM1/Control Centre/Create EMI Inspection/Create Address/Page_JM Control Centre (2)/div_Add Selected Item' is clicked on

2019-01-15 14:37:55 - [MESSAGE][PASSED] - Object: 'Object Repository/FSM1/Control Centre/Create EMI Inspection/Create Address/Page_JM Control Centre (2)/div_Add Selected Item' is clicked on

2019-01-15 14:37:55 - [TEST_STEP][PASSED] - delay(5): Delayed 5 second(s)

2019-01-15 14:38:00 - [MESSAGE][PASSED] - Delayed 5 second(s)

2019-01-15 14:38:00 - [TEST_STEP][PASSED] - setText(findTestObject("Object Repository/JM_8918/EMI/Fixed Resource/Page_JM Control Centre/input_Fixed Resource_gwt-uid-1"), "test"): Text 'test' is set on object 'Object Repository/JM_8918/EMI/Fixed Resource/Page_JM Control Centre/input_Fixed Resource_gwt-uid-1'

2019-01-15 14:38:00 - [MESSAGE][PASSED] - Text 'test' is set on object 'Object Repository/JM_8918/EMI/Fixed Resource/Page_JM Control Centre/input_Fixed Resource_gwt-uid-1'

2019-01-15 14:38:00 - [TEST_STEP][PASSED] - click(findTestObject("Object Repository/JM_8918/EMI/Fixed Resource/Page_JM Control Centre/span_Test Inspector")): Object: 'Object Repository/JM_8918/EMI/Fixed Resource/Page_JM Control Centre/span_Test Inspector' is clicked on

2019-01-15 14:38:01 - [MESSAGE][PASSED] - Object: 'Object Repository/JM_8918/EMI/Fixed Resource/Page_JM Control Centre/span_Test Inspector' is clicked on

2019-01-15 14:38:01 - [TEST_STEP][PASSED] - delay(2): Delayed 2 second(s)

2019-01-15 14:38:03 - [MESSAGE][PASSED] - Delayed 2 second(s)

2019-01-15 14:38:03 - [TEST_STEP][PASSED] - click(findTestObject("Object Repository/JM_8918/PMM/Page_JM Control Centre/div_Auto Schedulable_v-filters")): Object: 'Object Repository/JM_8918/PMM/Page_JM Control Centre/div_Auto Schedulable_v-filters' is clicked on

2019-01-15 14:38:03 - [MESSAGE][PASSED] - Object: 'Object Repository/JM_8918/PMM/Page_JM Control Centre/div_Auto Schedulable_v-filters' is clicked on

2019-01-15 14:38:03 - [TEST_STEP][PASSED] - click(findTestObject("Object Repository/JM_8918/PMM/Page_JM Control Centre/span_Yes")): Object: 'Object Repository/JM_8918/PMM/Page_JM Control Centre/span_Yes' is clicked on

2019-01-15 14:38:03 - [MESSAGE][PASSED] - Object: 'Object Repository/JM_8918/PMM/Page_JM Control Centre/span_Yes' is clicked on

2019-01-15 14:38:03 - [TEST_STEP][PASSED] - delay(2): Delayed 2 second(s)

2019-01-15 14:38:05 - [MESSAGE][PASSED] - Delayed 2 second(s)

2019-01-15 14:38:05 - [TEST_STEP][PASSED] - click(findTestObject("Object Repository/JM_8918/PMM/Page_JM Control Centre/div_Create")): Object: 'Object Repository/JM_8918/PMM/Page_JM Control Centre/div_Create' is clicked on

2019-01-15 14:38:06 - [MESSAGE][PASSED] - Object: 'Object Repository/JM_8918/PMM/Page_JM Control Centre/div_Create' is clicked on

2019-01-15 14:38:06 - [TEST_STEP][PASSED] - waitForElementPresent(findTestObject("FSM1/Control Centre/Status/Page_JM Control Centre/div_PLANNED DYNAMIC"), 120, STOP_ON_FAILURE): Object 'Object Repository/FSM1/Control Centre/Status/Page_JM Control Centre/div_PLANNED DYNAMIC' is present

2019-01-15 14:39:04 - [MESSAGE][PASSED] - Object 'Object Repository/FSM1/Control Centre/Status/Page_JM Control Centre/div_PLANNED DYNAMIC' is present

2019-01-15 14:39:04 - [TEST_STEP][PASSED] - InspectionID = getText(findTestObject("FSM1/Control Centre/Create EMI Inspection/InspectionID/Page_JM Control Centre/InspectionID")): Text of object 'Object Repository/FSM1/Control Centre/Create EMI Inspection/InspectionID/Page_JM Control Centre/InspectionID' is: 'Viewing Job 101422'

2019-01-15 14:39:04 - [MESSAGE][PASSED] - Text of object 'Object Repository/FSM1/Control Centre/Create EMI Inspection/InspectionID/Page_JM Control Centre/InspectionID' is: 'Viewing Job 101422'

2019-01-15 14:39:04 - [TEST_STEP][PASSED] - InspectionID = InspectionID.replaceAll("Viewing Job ", ""): null

2019-01-15 14:39:04 - [TEST_STEP][PASSED] - log.logWarning(InspectionID): 101422

2019-01-15 14:39:04 - [MESSAGE][WARNING] - 101422

2019-01-15 14:39:04 - [TEST_STEP][PASSED] - temp = InspectionID: null

2019-01-15 14:39:04 - [TEST_STEP][PASSED] - delay(200): Delayed 200 second(s)

2019-01-15 14:42:24 - [MESSAGE][PASSED] - Delayed 200 second(s)]]></system-out>
         <system-err><![CDATA[]]></system-err>
      </testcase>
      <testcase name="Test Cases/Generic/Launch Job Manager" classname="Test Cases/Generic/Launch Job Manager" status="PASSED">
         <system-out><![CDATA[2019-01-15 14:42:24 - [TEST_CASE][PASSED] - Test Cases/Generic/Launch Job Manager: Test Cases/Generic/Launch Job Manager

2019-01-15 14:42:24 - [TEST_STEP][PASSED] - openBrowser(""): Browser is opened with url: ''

2019-01-15 14:42:24 - [MESSAGE][WARNING] - A browser is already opened. Closing browser and opening a new one

2019-01-15 14:42:25 - [MESSAGE][INFO] - Starting 'Chrome' driver

2019-01-15 14:42:27 - [MESSAGE][PASSED] - Browser is opened with url: ''

2019-01-15 14:42:27 - [TEST_STEP][PASSED] - navigateToUrl(JMURL): Navigate to 'https://kirona-def-6.kirona.com/jmprep/jclient/jclient.html' successfully

2019-01-15 14:42:29 - [MESSAGE][PASSED] - Navigate to 'https://kirona-def-6.kirona.com/jmprep/jclient/jclient.html' successfully

2019-01-15 14:42:29 - [TEST_STEP][PASSED] - delay(3): Delayed 3 second(s)

2019-01-15 14:42:32 - [MESSAGE][PASSED] - Delayed 3 second(s)

2019-01-15 14:42:32 - [TEST_STEP][PASSED] - setText(findTestObject("FSM1/Launch Application/Page_JClient/input_gwt-TextBox GKH2EKQBMDB"), "KIR1"): Text 'KIR1' is set on object 'Object Repository/FSM1/Launch Application/Page_JClient/input_gwt-TextBox GKH2EKQBMDB'

2019-01-15 14:42:32 - [MESSAGE][PASSED] - Text 'KIR1' is set on object 'Object Repository/FSM1/Launch Application/Page_JClient/input_gwt-TextBox GKH2EKQBMDB'

2019-01-15 14:42:32 - [TEST_STEP][PASSED] - sendKeys(findTestObject("FSM1/Launch Application/Page_JClient/input_gwt-TextBox GKH2EKQBMDB"), Keys.chord(ENTER)): Keys 'ENTER + ' sent to object: 'Object Repository/FSM1/Launch Application/Page_JClient/input_gwt-TextBox GKH2EKQBMDB'

2019-01-15 14:42:32 - [MESSAGE][PASSED] - Keys 'ENTER + ' sent to object: 'Object Repository/FSM1/Launch Application/Page_JClient/input_gwt-TextBox GKH2EKQBMDB'

2019-01-15 14:42:32 - [TEST_STEP][PASSED] - delay(3): Delayed 3 second(s)

2019-01-15 14:42:35 - [MESSAGE][PASSED] - Delayed 3 second(s)

2019-01-15 14:42:35 - [TEST_STEP][PASSED] - click(findTestObject("FSM1/Launch Application/Page_JClient/div_Configure App")): Object: 'Object Repository/FSM1/Launch Application/Page_JClient/div_Configure App' is clicked on

2019-01-15 14:42:35 - [MESSAGE][PASSED] - Object: 'Object Repository/FSM1/Launch Application/Page_JClient/div_Configure App' is clicked on

2019-01-15 14:42:35 - [TEST_STEP][PASSED] - setText(findTestObject("FSM1/Launch Application/Page_JClient/input_gwt-TextBox GKH2EKQBNHC"), findTestData("Pre Production/Environmental/UandP").getValue(3, 1)): Text 'test.inspector' is set on object 'Object Repository/FSM1/Launch Application/Page_JClient/input_gwt-TextBox GKH2EKQBNHC'

2019-01-15 14:42:36 - [MESSAGE][PASSED] - Text 'test.inspector' is set on object 'Object Repository/FSM1/Launch Application/Page_JClient/input_gwt-TextBox GKH2EKQBNHC'

2019-01-15 14:42:36 - [TEST_STEP][PASSED] - setText(findTestObject("FSM1/Launch Application/Page_JClient/input_gwt-PasswordTextBox GKH2"), findTestData("Pre Production/Environmental/UandP").getValue(4, 1)): Text 'Password1.' is set on object 'Object Repository/FSM1/Launch Application/Page_JClient/input_gwt-PasswordTextBox GKH2'

2019-01-15 14:42:36 - [MESSAGE][PASSED] - Text 'Password1.' is set on object 'Object Repository/FSM1/Launch Application/Page_JClient/input_gwt-PasswordTextBox GKH2'

2019-01-15 14:42:36 - [TEST_STEP][PASSED] - click(findTestObject("FSM1/Launch Application/Page_JClient/div_Sign In")): Object: 'Object Repository/FSM1/Launch Application/Page_JClient/div_Sign In' is clicked on

2019-01-15 14:42:36 - [MESSAGE][PASSED] - Object: 'Object Repository/FSM1/Launch Application/Page_JClient/div_Sign In' is clicked on

2019-01-15 14:42:36 - [TEST_STEP][PASSED] - delay(15): Delayed 15 second(s)

2019-01-15 14:42:51 - [MESSAGE][PASSED] - Delayed 15 second(s)]]></system-out>
         <system-err><![CDATA[]]></system-err>
      </testcase>
      <testcase name="Test Cases/Generic/Select Inspection For Rejection - Conflict of Interest" classname="Test Cases/Generic/Select Inspection For Rejection - Conflict of Interest" status="FAILED">
         <failure type="FAILED" message="Test Cases/Generic/Select Inspection For Rejection - Conflict of Interest FAILED.
Reason:
com.kms.katalon.core.exception.StepFailedException: Unable to click on object 'Object Repository/FSM1/Reject Inspection/Page_JClient/div_Ok' (Root cause: org.openqa.selenium.WebDriverException: unknown error: Element &lt;div class=&quot;GFNJNYPCC3B GFNJNYPCE3B&quot;>...&lt;/div> is not clickable at point (393, 377). Other element would receive the click: &lt;div class=&quot;GFNJNYPCP- GFNJNYPCD-&quot; style=&quot;display: block;&quot;>&lt;/div>
  (Session info: chrome=71.0.3578.98)
  (Driver info: chromedriver=2.43.600210 (68dcf5eebde37173d4027fa8635e332711d2874a),platform=Windows NT 10.0.17134 x86_64) (WARNING: The server did not provide any stacktrace information)
Command duration or timeout: 0 milliseconds
Build info: version: '3.7.1', revision: '8a0099a', time: '2017-11-06T21:07:36.161Z'
System info: host: 'DESKTOP-KMCIR60', ip: '192.168.0.17', os.name: 'Windows 10', os.arch: 'amd64', os.version: '10.0', java.version: '1.8.0_181'
Driver info: com.kms.katalon.selenium.driver.CChromeDriver
Capabilities {acceptInsecureCerts: false, acceptSslCerts: false, applicationCacheEnabled: false, browserConnectionEnabled: false, browserName: chrome, chrome: {chromedriverVersion: 2.43.600210 (68dcf5eebde371..., userDataDir: C:\Users\jonha\AppData\Loca...}, cssSelectorsEnabled: true, databaseEnabled: false, goog:chromeOptions: {debuggerAddress: localhost:49782}, handlesAlerts: true, hasTouchScreen: false, javascriptEnabled: true, locationContextEnabled: true, mobileEmulationEnabled: false, nativeEvents: true, networkConnectionEnabled: false, pageLoadStrategy: normal, platform: XP, platformName: XP, rotatable: false, setWindowRect: true, takesHeapSnapshot: true, takesScreenshot: true, unexpectedAlertBehaviour: , unhandledPromptBehavior: , version: 71.0.3578.98, webStorageEnabled: true}
Session ID: b386f247f9081329d1e568766b411b97)
	at com.kms.katalon.core.keyword.internal.KeywordMain.stepFailed(KeywordMain.groovy:36)
	at com.kms.katalon.core.webui.keyword.internal.WebUIKeywordMain.stepFailed(WebUIKeywordMain.groovy:65)
	at com.kms.katalon.core.webui.keyword.internal.WebUIKeywordMain.runKeyword(WebUIKeywordMain.groovy:27)
	at com.kms.katalon.core.webui.keyword.builtin.ClickKeyword.click(ClickKeyword.groovy:86)
	at com.kms.katalon.core.webui.keyword.builtin.ClickKeyword.execute(ClickKeyword.groovy:67)
	at com.kms.katalon.core.keyword.internal.KeywordExecutor.executeKeywordForPlatform(KeywordExecutor.groovy:53)
	at com.kms.katalon.core.webui.keyword.WebUiBuiltInKeywords.click(WebUiBuiltInKeywords.groovy:616)
	at com.kms.katalon.core.webui.keyword.WebUiBuiltInKeywords$click$2.call(Unknown Source)
	at Select Inspection For Rejection - Conflict of Interest.run(Select Inspection For Rejection - Conflict of Interest:69)
	at com.kms.katalon.core.main.ScriptEngine.run(ScriptEngine.java:194)
	at com.kms.katalon.core.main.ScriptEngine.runScriptAsRawText(ScriptEngine.java:119)
	at com.kms.katalon.core.main.TestCaseExecutor.runScript(TestCaseExecutor.java:321)
	at com.kms.katalon.core.main.TestCaseExecutor.doExecute(TestCaseExecutor.java:312)
	at com.kms.katalon.core.main.TestCaseExecutor.processExecutionPhase(TestCaseExecutor.java:291)
	at com.kms.katalon.core.main.TestCaseExecutor.accessMainPhase(TestCaseExecutor.java:283)
	at com.kms.katalon.core.main.TestCaseExecutor.execute(TestCaseExecutor.java:222)
	at com.kms.katalon.core.main.TestSuiteExecutor.accessTestCaseMainPhase(TestSuiteExecutor.java:129)
	at com.kms.katalon.core.main.TestSuiteExecutor.accessTestSuiteMainPhase(TestSuiteExecutor.java:112)
	at com.kms.katalon.core.main.TestSuiteExecutor.execute(TestSuiteExecutor.java:81)
	at com.kms.katalon.core.main.TestCaseMain.startTestSuite(TestCaseMain.java:149)
	at com.kms.katalon.core.main.TestCaseMain$startTestSuite$0.call(Unknown Source)
	at TempTestSuite1547560520070.run(TempTestSuite1547560520070.groovy:36)
"/>
         <system-out><![CDATA[2019-01-15 14:42:51 - [TEST_CASE][FAILED] - Test Cases/Generic/Select Inspection For Rejection - Conflict of Interest: Test Cases/Generic/Select Inspection For Rejection - Conflict of Interest FAILED.
Reason:
com.kms.katalon.core.exception.StepFailedException: Unable to click on object 'Object Repository/FSM1/Reject Inspection/Page_JClient/div_Ok' (Root cause: org.openqa.selenium.WebDriverException: unknown error: Element <div class="GFNJNYPCC3B GFNJNYPCE3B">...</div> is not clickable at point (393, 377). Other element would receive the click: <div class="GFNJNYPCP- GFNJNYPCD-" style="display: block;"></div>
  (Session info: chrome=71.0.3578.98)
  (Driver info: chromedriver=2.43.600210 (68dcf5eebde37173d4027fa8635e332711d2874a),platform=Windows NT 10.0.17134 x86_64) (WARNING: The server did not provide any stacktrace information)
Command duration or timeout: 0 milliseconds
Build info: version: '3.7.1', revision: '8a0099a', time: '2017-11-06T21:07:36.161Z'
System info: host: 'DESKTOP-KMCIR60', ip: '192.168.0.17', os.name: 'Windows 10', os.arch: 'amd64', os.version: '10.0', java.version: '1.8.0_181'
Driver info: com.kms.katalon.selenium.driver.CChromeDriver
Capabilities {acceptInsecureCerts: false, acceptSslCerts: false, applicationCacheEnabled: false, browserConnectionEnabled: false, browserName: chrome, chrome: {chromedriverVersion: 2.43.600210 (68dcf5eebde371..., userDataDir: C:\Users\jonha\AppData\Loca...}, cssSelectorsEnabled: true, databaseEnabled: false, goog:chromeOptions: {debuggerAddress: localhost:49782}, handlesAlerts: true, hasTouchScreen: false, javascriptEnabled: true, locationContextEnabled: true, mobileEmulationEnabled: false, nativeEvents: true, networkConnectionEnabled: false, pageLoadStrategy: normal, platform: XP, platformName: XP, rotatable: false, setWindowRect: true, takesHeapSnapshot: true, takesScreenshot: true, unexpectedAlertBehaviour: , unhandledPromptBehavior: , version: 71.0.3578.98, webStorageEnabled: true}
Session ID: b386f247f9081329d1e568766b411b97)
	at com.kms.katalon.core.keyword.internal.KeywordMain.stepFailed(KeywordMain.groovy:36)
	at com.kms.katalon.core.webui.keyword.internal.WebUIKeywordMain.stepFailed(WebUIKeywordMain.groovy:65)
	at com.kms.katalon.core.webui.keyword.internal.WebUIKeywordMain.runKeyword(WebUIKeywordMain.groovy:27)
	at com.kms.katalon.core.webui.keyword.builtin.ClickKeyword.click(ClickKeyword.groovy:86)
	at com.kms.katalon.core.webui.keyword.builtin.ClickKeyword.execute(ClickKeyword.groovy:67)
	at com.kms.katalon.core.keyword.internal.KeywordExecutor.executeKeywordForPlatform(KeywordExecutor.groovy:53)
	at com.kms.katalon.core.webui.keyword.WebUiBuiltInKeywords.click(WebUiBuiltInKeywords.groovy:616)
	at com.kms.katalon.core.webui.keyword.WebUiBuiltInKeywords$click$2.call(Unknown Source)
	at Select Inspection For Rejection - Conflict of Interest.run(Select Inspection For Rejection - Conflict of Interest:69)
	at com.kms.katalon.core.main.ScriptEngine.run(ScriptEngine.java:194)
	at com.kms.katalon.core.main.ScriptEngine.runScriptAsRawText(ScriptEngine.java:119)
	at com.kms.katalon.core.main.TestCaseExecutor.runScript(TestCaseExecutor.java:321)
	at com.kms.katalon.core.main.TestCaseExecutor.doExecute(TestCaseExecutor.java:312)
	at com.kms.katalon.core.main.TestCaseExecutor.processExecutionPhase(TestCaseExecutor.java:291)
	at com.kms.katalon.core.main.TestCaseExecutor.accessMainPhase(TestCaseExecutor.java:283)
	at com.kms.katalon.core.main.TestCaseExecutor.execute(TestCaseExecutor.java:222)
	at com.kms.katalon.core.main.TestSuiteExecutor.accessTestCaseMainPhase(TestSuiteExecutor.java:129)
	at com.kms.katalon.core.main.TestSuiteExecutor.accessTestSuiteMainPhase(TestSuiteExecutor.java:112)
	at com.kms.katalon.core.main.TestSuiteExecutor.execute(TestSuiteExecutor.java:81)
	at com.kms.katalon.core.main.TestCaseMain.startTestSuite(TestCaseMain.java:149)
	at com.kms.katalon.core.main.TestCaseMain$startTestSuite$0.call(Unknown Source)
	at TempTestSuite1547560520070.run(TempTestSuite1547560520070.groovy:36)


2019-01-15 14:42:51 - [TEST_STEP][PASSED] - delay(30): Delayed 30 second(s)

2019-01-15 14:43:21 - [MESSAGE][PASSED] - Delayed 30 second(s)

2019-01-15 14:43:21 - [TEST_STEP][PASSED] - waitForElementClickable(findTestObject("JM_8918/Page_JM Control Centre/Page_JM Control Centre/Page_JClient/Refresh"), 250): Object 'Object Repository/JM_8918/Page_JM Control Centre/Page_JM Control Centre/Page_JClient/Refresh' is clickable

2019-01-15 14:43:21 - [MESSAGE][PASSED] - Object 'Object Repository/JM_8918/Page_JM Control Centre/Page_JM Control Centre/Page_JClient/Refresh' is clickable

2019-01-15 14:43:21 - [TEST_STEP][PASSED] - click(findTestObject("JM_8918/Page_JM Control Centre/Page_JM Control Centre/Page_JClient/Refresh")): Object: 'Object Repository/JM_8918/Page_JM Control Centre/Page_JM Control Centre/Page_JClient/Refresh' is clicked on

2019-01-15 14:43:22 - [MESSAGE][PASSED] - Object: 'Object Repository/JM_8918/Page_JM Control Centre/Page_JM Control Centre/Page_JClient/Refresh' is clicked on

2019-01-15 14:43:22 - [TEST_STEP][PASSED] - waitForElementClickable(findTestObject("JM_8918/Page_JM Control Centre/Page_JM Control Centre/Page_JClient/Refresh"), 250): Object 'Object Repository/JM_8918/Page_JM Control Centre/Page_JM Control Centre/Page_JClient/Refresh' is clickable

2019-01-15 14:43:22 - [MESSAGE][PASSED] - Object 'Object Repository/JM_8918/Page_JM Control Centre/Page_JM Control Centre/Page_JClient/Refresh' is clickable

2019-01-15 14:43:22 - [TEST_STEP][NOT_RUN] - delay(180): NOT_RUN: delay(180)

2019-01-15 14:43:22 - [MESSAGE][NOT_RUN] - NOT_RUN: delay(180)

2019-01-15 14:43:22 - [TEST_STEP][PASSED] - InspectionRef = modifyObjectProperty(findTestObject("Object Repository/FSM1/Reject Inspection/Page_JClient/div_35098"), "text", "equals", temp, true, STOP_ON_FAILURE): Modify property of object successfully

2019-01-15 14:43:22 - [MESSAGE][PASSED] - Modify property of object successfully

2019-01-15 14:43:22 - [TEST_STEP][PASSED] - delay(20): Delayed 20 second(s)

2019-01-15 14:43:42 - [MESSAGE][PASSED] - Delayed 20 second(s)

2019-01-15 14:43:42 - [TEST_STEP][PASSED] - if (verifyElementPresent(InspectionRef, 30, OPTIONAL)): Object: 'Object Repository/FSM1/Reject Inspection/Page_JClient/div_35098' is clicked on

2019-01-15 14:43:42 - [MESSAGE][PASSED] - Object 'Object Repository/FSM1/Reject Inspection/Page_JClient/div_35098' is present

2019-01-15 14:43:42 - [TEST_STEP][PASSED] - delay(3): Delayed 3 second(s)

2019-01-15 14:43:45 - [MESSAGE][PASSED] - Delayed 3 second(s)

2019-01-15 14:43:45 - [TEST_STEP][PASSED] - click(InspectionRef): Object: 'Object Repository/FSM1/Reject Inspection/Page_JClient/div_35098' is clicked on

2019-01-15 14:43:45 - [MESSAGE][PASSED] - Object: 'Object Repository/FSM1/Reject Inspection/Page_JClient/div_35098' is clicked on

2019-01-15 14:43:45 - [TEST_STEP][PASSED] - click(findTestObject("FSM1/Select Inspection/Page_JClient/div_WITH OPERATIVE")): Object: 'Object Repository/FSM1/Select Inspection/Page_JClient/div_WITH OPERATIVE' is clicked on

2019-01-15 14:43:45 - [MESSAGE][PASSED] - Object: 'Object Repository/FSM1/Select Inspection/Page_JClient/div_WITH OPERATIVE' is clicked on

2019-01-15 14:43:45 - [TEST_STEP][PASSED] - delay(2): Delayed 2 second(s)

2019-01-15 14:43:47 - [MESSAGE][PASSED] - Delayed 2 second(s)

2019-01-15 14:43:47 - [TEST_STEP][PASSED] - click(findTestObject("Object Repository/FSM1/Reject Inspection/Page_JClient/div_REJECTED")): Object: 'Object Repository/FSM1/Reject Inspection/Page_JClient/div_REJECTED' is clicked on

2019-01-15 14:43:47 - [MESSAGE][PASSED] - Object: 'Object Repository/FSM1/Reject Inspection/Page_JClient/div_REJECTED' is clicked on

2019-01-15 14:43:47 - [TEST_STEP][PASSED] - delay(2): Delayed 2 second(s)

2019-01-15 14:43:49 - [MESSAGE][PASSED] - Delayed 2 second(s)

2019-01-15 14:43:49 - [TEST_STEP][PASSED] - selectOptionByValue(findTestObject("Object Repository/FSM1/Reject Inspection/Page_JClient/select_Availability ChangedBio"), findTestData("Pre Production/ABP/Rejection - Conflict of Interest").getValue(1, 1), true): All options with value 'CONFLICT OF INTEREST' are selected in object 'Object Repository/FSM1/Reject Inspection/Page_JClient/select_Availability ChangedBio'  using regular expression

2019-01-15 14:43:50 - [MESSAGE][PASSED] - All options with value 'CONFLICT OF INTEREST' are selected in object 'Object Repository/FSM1/Reject Inspection/Page_JClient/select_Availability ChangedBio'  using regular expression

2019-01-15 14:43:50 - [TEST_STEP][NOT_RUN] - selectOptionByValue(findTestObject("Object Repository/FSM1/Reject Inspection/Page_JClient/select_Availability ChangedBio"), "BIOSECURITY", true): NOT_RUN: selectOptionByValue(findTestObject("Object Repository/FSM1/Reject Inspection/Page_JClient/select_Availability ChangedBio"), "BIOSECURITY", true)

2019-01-15 14:43:50 - [MESSAGE][NOT_RUN] - NOT_RUN: selectOptionByValue(findTestObject("Object Repository/FSM1/Reject Inspection/Page_JClient/select_Availability ChangedBio"), "BIOSECURITY", true)

2019-01-15 14:43:50 - [TEST_STEP][PASSED] - click(findTestObject("Object Repository/FSM1/Reject Inspection/Page_JClient/div_Save")): Object: 'Object Repository/FSM1/Reject Inspection/Page_JClient/div_Save' is clicked on

2019-01-15 14:43:50 - [MESSAGE][PASSED] - Object: 'Object Repository/FSM1/Reject Inspection/Page_JClient/div_Save' is clicked on

2019-01-15 14:43:50 - [TEST_STEP][FAILED] - click(findTestObject("Object Repository/FSM1/Reject Inspection/Page_JClient/div_Ok")): click(findTestObject("Object Repository/FSM1/Reject Inspection/Page_JClient/div_Ok")) FAILED.
Reason:
com.kms.katalon.core.exception.StepFailedException: Unable to click on object 'Object Repository/FSM1/Reject Inspection/Page_JClient/div_Ok' (Root cause: org.openqa.selenium.WebDriverException: unknown error: Element <div class="GFNJNYPCC3B GFNJNYPCE3B">...</div> is not clickable at point (393, 377). Other element would receive the click: <div class="GFNJNYPCP- GFNJNYPCD-" style="display: block;"></div>
  (Session info: chrome=71.0.3578.98)
  (Driver info: chromedriver=2.43.600210 (68dcf5eebde37173d4027fa8635e332711d2874a),platform=Windows NT 10.0.17134 x86_64) (WARNING: The server did not provide any stacktrace information)
Command duration or timeout: 0 milliseconds
Build info: version: '3.7.1', revision: '8a0099a', time: '2017-11-06T21:07:36.161Z'
System info: host: 'DESKTOP-KMCIR60', ip: '192.168.0.17', os.name: 'Windows 10', os.arch: 'amd64', os.version: '10.0', java.version: '1.8.0_181'
Driver info: com.kms.katalon.selenium.driver.CChromeDriver
Capabilities {acceptInsecureCerts: false, acceptSslCerts: false, applicationCacheEnabled: false, browserConnectionEnabled: false, browserName: chrome, chrome: {chromedriverVersion: 2.43.600210 (68dcf5eebde371..., userDataDir: C:\Users\jonha\AppData\Loca...}, cssSelectorsEnabled: true, databaseEnabled: false, goog:chromeOptions: {debuggerAddress: localhost:49782}, handlesAlerts: true, hasTouchScreen: false, javascriptEnabled: true, locationContextEnabled: true, mobileEmulationEnabled: false, nativeEvents: true, networkConnectionEnabled: false, pageLoadStrategy: normal, platform: XP, platformName: XP, rotatable: false, setWindowRect: true, takesHeapSnapshot: true, takesScreenshot: true, unexpectedAlertBehaviour: , unhandledPromptBehavior: , version: 71.0.3578.98, webStorageEnabled: true}
Session ID: b386f247f9081329d1e568766b411b97)
	at com.kms.katalon.core.keyword.internal.KeywordMain.stepFailed(KeywordMain.groovy:36)
	at com.kms.katalon.core.webui.keyword.internal.WebUIKeywordMain.stepFailed(WebUIKeywordMain.groovy:65)
	at com.kms.katalon.core.webui.keyword.internal.WebUIKeywordMain.runKeyword(WebUIKeywordMain.groovy:27)
	at com.kms.katalon.core.webui.keyword.builtin.ClickKeyword.click(ClickKeyword.groovy:86)
	at com.kms.katalon.core.webui.keyword.builtin.ClickKeyword.execute(ClickKeyword.groovy:67)
	at com.kms.katalon.core.keyword.internal.KeywordExecutor.executeKeywordForPlatform(KeywordExecutor.groovy:53)
	at com.kms.katalon.core.webui.keyword.WebUiBuiltInKeywords.click(WebUiBuiltInKeywords.groovy:616)
	at com.kms.katalon.core.webui.keyword.WebUiBuiltInKeywords$click$2.call(Unknown Source)
	at Select Inspection For Rejection - Conflict of Interest.run(Select Inspection For Rejection - Conflict of Interest:69)
	at com.kms.katalon.core.main.ScriptEngine.run(ScriptEngine.java:194)
	at com.kms.katalon.core.main.ScriptEngine.runScriptAsRawText(ScriptEngine.java:119)
	at com.kms.katalon.core.main.TestCaseExecutor.runScript(TestCaseExecutor.java:321)
	at com.kms.katalon.core.main.TestCaseExecutor.doExecute(TestCaseExecutor.java:312)
	at com.kms.katalon.core.main.TestCaseExecutor.processExecutionPhase(TestCaseExecutor.java:291)
	at com.kms.katalon.core.main.TestCaseExecutor.accessMainPhase(TestCaseExecutor.java:283)
	at com.kms.katalon.core.main.TestCaseExecutor.execute(TestCaseExecutor.java:222)
	at com.kms.katalon.core.main.TestSuiteExecutor.accessTestCaseMainPhase(TestSuiteExecutor.java:129)
	at com.kms.katalon.core.main.TestSuiteExecutor.accessTestSuiteMainPhase(TestSuiteExecutor.java:112)
	at com.kms.katalon.core.main.TestSuiteExecutor.execute(TestSuiteExecutor.java:81)
	at com.kms.katalon.core.main.TestCaseMain.startTestSuite(TestCaseMain.java:149)
	at com.kms.katalon.core.main.TestCaseMain$startTestSuite$0.call(Unknown Source)
	at TempTestSuite1547560520070.run(TempTestSuite1547560520070.groovy:36)


2019-01-15 14:43:51 - [MESSAGE][FAILED] - Unable to click on object 'Object Repository/FSM1/Reject Inspection/Page_JClient/div_Ok' (Root cause: org.openqa.selenium.WebDriverException: unknown error: Element <div class="GFNJNYPCC3B GFNJNYPCE3B">...</div> is not clickable at point (393, 377). Other element would receive the click: <div class="GFNJNYPCP- GFNJNYPCD-" style="display: block;"></div>
  (Session info: chrome=71.0.3578.98)
  (Driver info: chromedriver=2.43.600210 (68dcf5eebde37173d4027fa8635e332711d2874a),platform=Windows NT 10.0.17134 x86_64) (WARNING: The server did not provide any stacktrace information)
Command duration or timeout: 0 milliseconds
Build info: version: '3.7.1', revision: '8a0099a', time: '2017-11-06T21:07:36.161Z'
System info: host: 'DESKTOP-KMCIR60', ip: '192.168.0.17', os.name: 'Windows 10', os.arch: 'amd64', os.version: '10.0', java.version: '1.8.0_181'
Driver info: com.kms.katalon.selenium.driver.CChromeDriver
Capabilities {acceptInsecureCerts: false, acceptSslCerts: false, applicationCacheEnabled: false, browserConnectionEnabled: false, browserName: chrome, chrome: {chromedriverVersion: 2.43.600210 (68dcf5eebde371..., userDataDir: C:\Users\jonha\AppData\Loca...}, cssSelectorsEnabled: true, databaseEnabled: false, goog:chromeOptions: {debuggerAddress: localhost:49782}, handlesAlerts: true, hasTouchScreen: false, javascriptEnabled: true, locationContextEnabled: true, mobileEmulationEnabled: false, nativeEvents: true, networkConnectionEnabled: false, pageLoadStrategy: normal, platform: XP, platformName: XP, rotatable: false, setWindowRect: true, takesHeapSnapshot: true, takesScreenshot: true, unexpectedAlertBehaviour: , unhandledPromptBehavior: , version: 71.0.3578.98, webStorageEnabled: true}
Session ID: b386f247f9081329d1e568766b411b97)
[[ATTACHMENT|C:\\Users\\jonha\\Documents\\Katalon\\APHA\\JM_8.9\\FSM_Regression\\Reports\\PMM\\PMM Regression - Compliance - Rejected\\20190115_135520\\1547563430473.png]]

2019-01-15 14:43:51 - [MESSAGE][FAILED] - click(findTestObject("Object Repository/FSM1/Reject Inspection/Page_JClient/div_Ok")) FAILED.
Reason:
com.kms.katalon.core.exception.StepFailedException: Unable to click on object 'Object Repository/FSM1/Reject Inspection/Page_JClient/div_Ok' (Root cause: org.openqa.selenium.WebDriverException: unknown error: Element <div class="GFNJNYPCC3B GFNJNYPCE3B">...</div> is not clickable at point (393, 377). Other element would receive the click: <div class="GFNJNYPCP- GFNJNYPCD-" style="display: block;"></div>
  (Session info: chrome=71.0.3578.98)
  (Driver info: chromedriver=2.43.600210 (68dcf5eebde37173d4027fa8635e332711d2874a),platform=Windows NT 10.0.17134 x86_64) (WARNING: The server did not provide any stacktrace information)
Command duration or timeout: 0 milliseconds
Build info: version: '3.7.1', revision: '8a0099a', time: '2017-11-06T21:07:36.161Z'
System info: host: 'DESKTOP-KMCIR60', ip: '192.168.0.17', os.name: 'Windows 10', os.arch: 'amd64', os.version: '10.0', java.version: '1.8.0_181'
Driver info: com.kms.katalon.selenium.driver.CChromeDriver
Capabilities {acceptInsecureCerts: false, acceptSslCerts: false, applicationCacheEnabled: false, browserConnectionEnabled: false, browserName: chrome, chrome: {chromedriverVersion: 2.43.600210 (68dcf5eebde371..., userDataDir: C:\Users\jonha\AppData\Loca...}, cssSelectorsEnabled: true, databaseEnabled: false, goog:chromeOptions: {debuggerAddress: localhost:49782}, handlesAlerts: true, hasTouchScreen: false, javascriptEnabled: true, locationContextEnabled: true, mobileEmulationEnabled: false, nativeEvents: true, networkConnectionEnabled: false, pageLoadStrategy: normal, platform: XP, platformName: XP, rotatable: false, setWindowRect: true, takesHeapSnapshot: true, takesScreenshot: true, unexpectedAlertBehaviour: , unhandledPromptBehavior: , version: 71.0.3578.98, webStorageEnabled: true}
Session ID: b386f247f9081329d1e568766b411b97)
	at com.kms.katalon.core.keyword.internal.KeywordMain.stepFailed(KeywordMain.groovy:36)
	at com.kms.katalon.core.webui.keyword.internal.WebUIKeywordMain.stepFailed(WebUIKeywordMain.groovy:65)
	at com.kms.katalon.core.webui.keyword.internal.WebUIKeywordMain.runKeyword(WebUIKeywordMain.groovy:27)
	at com.kms.katalon.core.webui.keyword.builtin.ClickKeyword.click(ClickKeyword.groovy:86)
	at com.kms.katalon.core.webui.keyword.builtin.ClickKeyword.execute(ClickKeyword.groovy:67)
	at com.kms.katalon.core.keyword.internal.KeywordExecutor.executeKeywordForPlatform(KeywordExecutor.groovy:53)
	at com.kms.katalon.core.webui.keyword.WebUiBuiltInKeywords.click(WebUiBuiltInKeywords.groovy:616)
	at com.kms.katalon.core.webui.keyword.WebUiBuiltInKeywords$click$2.call(Unknown Source)
	at Select Inspection For Rejection - Conflict of Interest.run(Select Inspection For Rejection - Conflict of Interest:69)
	at com.kms.katalon.core.main.ScriptEngine.run(ScriptEngine.java:194)
	at com.kms.katalon.core.main.ScriptEngine.runScriptAsRawText(ScriptEngine.java:119)
	at com.kms.katalon.core.main.TestCaseExecutor.runScript(TestCaseExecutor.java:321)
	at com.kms.katalon.core.main.TestCaseExecutor.doExecute(TestCaseExecutor.java:312)
	at com.kms.katalon.core.main.TestCaseExecutor.processExecutionPhase(TestCaseExecutor.java:291)
	at com.kms.katalon.core.main.TestCaseExecutor.accessMainPhase(TestCaseExecutor.java:283)
	at com.kms.katalon.core.main.TestCaseExecutor.execute(TestCaseExecutor.java:222)
	at com.kms.katalon.core.main.TestSuiteExecutor.accessTestCaseMainPhase(TestSuiteExecutor.java:129)
	at com.kms.katalon.core.main.TestSuiteExecutor.accessTestSuiteMainPhase(TestSuiteExecutor.java:112)
	at com.kms.katalon.core.main.TestSuiteExecutor.execute(TestSuiteExecutor.java:81)
	at com.kms.katalon.core.main.TestCaseMain.startTestSuite(TestCaseMain.java:149)
	at com.kms.katalon.core.main.TestCaseMain$startTestSuite$0.call(Unknown Source)
	at TempTestSuite1547560520070.run(TempTestSuite1547560520070.groovy:36)]]></system-out>
         <system-err><![CDATA[2019-01-15 14:42:51 - [TEST_CASE][FAILED] - Test Cases/Generic/Select Inspection For Rejection - Conflict of Interest: Test Cases/Generic/Select Inspection For Rejection - Conflict of Interest FAILED.
Reason:
com.kms.katalon.core.exception.StepFailedException: Unable to click on object 'Object Repository/FSM1/Reject Inspection/Page_JClient/div_Ok' (Root cause: org.openqa.selenium.WebDriverException: unknown error: Element <div class="GFNJNYPCC3B GFNJNYPCE3B">...</div> is not clickable at point (393, 377). Other element would receive the click: <div class="GFNJNYPCP- GFNJNYPCD-" style="display: block;"></div>
  (Session info: chrome=71.0.3578.98)
  (Driver info: chromedriver=2.43.600210 (68dcf5eebde37173d4027fa8635e332711d2874a),platform=Windows NT 10.0.17134 x86_64) (WARNING: The server did not provide any stacktrace information)
Command duration or timeout: 0 milliseconds
Build info: version: '3.7.1', revision: '8a0099a', time: '2017-11-06T21:07:36.161Z'
System info: host: 'DESKTOP-KMCIR60', ip: '192.168.0.17', os.name: 'Windows 10', os.arch: 'amd64', os.version: '10.0', java.version: '1.8.0_181'
Driver info: com.kms.katalon.selenium.driver.CChromeDriver
Capabilities {acceptInsecureCerts: false, acceptSslCerts: false, applicationCacheEnabled: false, browserConnectionEnabled: false, browserName: chrome, chrome: {chromedriverVersion: 2.43.600210 (68dcf5eebde371..., userDataDir: C:\Users\jonha\AppData\Loca...}, cssSelectorsEnabled: true, databaseEnabled: false, goog:chromeOptions: {debuggerAddress: localhost:49782}, handlesAlerts: true, hasTouchScreen: false, javascriptEnabled: true, locationContextEnabled: true, mobileEmulationEnabled: false, nativeEvents: true, networkConnectionEnabled: false, pageLoadStrategy: normal, platform: XP, platformName: XP, rotatable: false, setWindowRect: true, takesHeapSnapshot: true, takesScreenshot: true, unexpectedAlertBehaviour: , unhandledPromptBehavior: , version: 71.0.3578.98, webStorageEnabled: true}
Session ID: b386f247f9081329d1e568766b411b97)
	at com.kms.katalon.core.keyword.internal.KeywordMain.stepFailed(KeywordMain.groovy:36)
	at com.kms.katalon.core.webui.keyword.internal.WebUIKeywordMain.stepFailed(WebUIKeywordMain.groovy:65)
	at com.kms.katalon.core.webui.keyword.internal.WebUIKeywordMain.runKeyword(WebUIKeywordMain.groovy:27)
	at com.kms.katalon.core.webui.keyword.builtin.ClickKeyword.click(ClickKeyword.groovy:86)
	at com.kms.katalon.core.webui.keyword.builtin.ClickKeyword.execute(ClickKeyword.groovy:67)
	at com.kms.katalon.core.keyword.internal.KeywordExecutor.executeKeywordForPlatform(KeywordExecutor.groovy:53)
	at com.kms.katalon.core.webui.keyword.WebUiBuiltInKeywords.click(WebUiBuiltInKeywords.groovy:616)
	at com.kms.katalon.core.webui.keyword.WebUiBuiltInKeywords$click$2.call(Unknown Source)
	at Select Inspection For Rejection - Conflict of Interest.run(Select Inspection For Rejection - Conflict of Interest:69)
	at com.kms.katalon.core.main.ScriptEngine.run(ScriptEngine.java:194)
	at com.kms.katalon.core.main.ScriptEngine.runScriptAsRawText(ScriptEngine.java:119)
	at com.kms.katalon.core.main.TestCaseExecutor.runScript(TestCaseExecutor.java:321)
	at com.kms.katalon.core.main.TestCaseExecutor.doExecute(TestCaseExecutor.java:312)
	at com.kms.katalon.core.main.TestCaseExecutor.processExecutionPhase(TestCaseExecutor.java:291)
	at com.kms.katalon.core.main.TestCaseExecutor.accessMainPhase(TestCaseExecutor.java:283)
	at com.kms.katalon.core.main.TestCaseExecutor.execute(TestCaseExecutor.java:222)
	at com.kms.katalon.core.main.TestSuiteExecutor.accessTestCaseMainPhase(TestSuiteExecutor.java:129)
	at com.kms.katalon.core.main.TestSuiteExecutor.accessTestSuiteMainPhase(TestSuiteExecutor.java:112)
	at com.kms.katalon.core.main.TestSuiteExecutor.execute(TestSuiteExecutor.java:81)
	at com.kms.katalon.core.main.TestCaseMain.startTestSuite(TestCaseMain.java:149)
	at com.kms.katalon.core.main.TestCaseMain$startTestSuite$0.call(Unknown Source)
	at TempTestSuite1547560520070.run(TempTestSuite1547560520070.groovy:36)]]></system-err>
      </testcase>
      <testcase name="Test Cases/Generic/Launch Job Manager Control Centre - Check Result" classname="Test Cases/Generic/Launch Job Manager Control Centre - Check Result" status="PASSED">
         <system-out><![CDATA[2019-01-15 14:43:51 - [TEST_CASE][PASSED] - Test Cases/Generic/Launch Job Manager Control Centre - Check Result: Test Cases/Generic/Launch Job Manager Control Centre - Check Result

2019-01-15 14:43:51 - [TEST_STEP][PASSED] - openBrowser(""): Browser is opened with url: ''

2019-01-15 14:43:51 - [MESSAGE][WARNING] - A browser is already opened. Closing browser and opening a new one

2019-01-15 14:43:52 - [MESSAGE][INFO] - Starting 'Chrome' driver

2019-01-15 14:43:54 - [MESSAGE][PASSED] - Browser is opened with url: ''

2019-01-15 14:43:54 - [TEST_STEP][PASSED] - navigateToUrl(CCURL): Navigate to 'https://kirona-def-6.kirona.com/jmprep/login#!loginView' successfully

2019-01-15 14:43:55 - [MESSAGE][PASSED] - Navigate to 'https://kirona-def-6.kirona.com/jmprep/login#!loginView' successfully

2019-01-15 14:43:55 - [TEST_STEP][PASSED] - setText(findTestObject("FSM1/Control Centre/Page_Job Manager Login/input_gwt-uid-3"), Username): Text 'jon.hatfield' is set on object 'Object Repository/FSM1/Control Centre/Page_Job Manager Login/input_gwt-uid-3'

2019-01-15 14:43:55 - [MESSAGE][PASSED] - Text 'jon.hatfield' is set on object 'Object Repository/FSM1/Control Centre/Page_Job Manager Login/input_gwt-uid-3'

2019-01-15 14:43:55 - [TEST_STEP][PASSED] - setText(findTestObject("FSM1/Control Centre/Page_Job Manager Login/input_gwt-uid-5"), Password): Text 'Fr@nc1sJ0n' is set on object 'Object Repository/FSM1/Control Centre/Page_Job Manager Login/input_gwt-uid-5'

2019-01-15 14:43:55 - [MESSAGE][PASSED] - Text 'Fr@nc1sJ0n' is set on object 'Object Repository/FSM1/Control Centre/Page_Job Manager Login/input_gwt-uid-5'

2019-01-15 14:43:55 - [TEST_STEP][PASSED] - delay(2): Delayed 2 second(s)

2019-01-15 14:43:57 - [MESSAGE][PASSED] - Delayed 2 second(s)

2019-01-15 14:43:57 - [TEST_STEP][PASSED] - click(findTestObject("FSM1/PreProd/Page_Job Manager Login/div_Login")): Object: 'Object Repository/FSM1/PreProd/Page_Job Manager Login/div_Login' is clicked on

2019-01-15 14:43:58 - [MESSAGE][PASSED] - Object: 'Object Repository/FSM1/PreProd/Page_Job Manager Login/div_Login' is clicked on

2019-01-15 14:43:58 - [TEST_STEP][PASSED] - delay(20): Delayed 20 second(s)

2019-01-15 14:44:18 - [MESSAGE][PASSED] - Delayed 20 second(s)]]></system-out>
         <system-err><![CDATA[]]></system-err>
      </testcase>
      <testcase name="Test Cases/ABP/Rejection/Control Centre - Check Results - Rejection" classname="Test Cases/ABP/Rejection/Control Centre - Check Results - Rejection" status="PASSED">
         <system-out><![CDATA[2019-01-15 14:44:18 - [TEST_CASE][PASSED] - Test Cases/ABP/Rejection/Control Centre - Check Results - Rejection: Test Cases/ABP/Rejection/Control Centre - Check Results - Rejection

2019-01-15 14:44:18 - [TEST_STEP][PASSED] - log = new com.kms.katalon.core.logging.KeywordLogger(): null

2019-01-15 14:44:18 - [TEST_STEP][PASSED] - setText(findTestObject("Object Repository/FSM1/EMI Check Results/Page_JM Control Centre/input_Recents_v-textfield v-wi"), temp): Text '101422' is set on object 'Object Repository/FSM1/EMI Check Results/Page_JM Control Centre/input_Recents_v-textfield v-wi'

2019-01-15 14:44:18 - [MESSAGE][PASSED] - Text '101422' is set on object 'Object Repository/FSM1/EMI Check Results/Page_JM Control Centre/input_Recents_v-textfield v-wi'

2019-01-15 14:44:18 - [TEST_STEP][PASSED] - click(findTestObject("Object Repository/FSM1/EMI Check Results/Page_JM Control Centre/span_")): Object: 'Object Repository/FSM1/EMI Check Results/Page_JM Control Centre/span_' is clicked on

2019-01-15 14:44:19 - [MESSAGE][PASSED] - Object: 'Object Repository/FSM1/EMI Check Results/Page_JM Control Centre/span_' is clicked on

2019-01-15 14:44:19 - [TEST_STEP][PASSED] - waitForElementPresent(findTestObject("Object Repository/FSM1/EMI Check Results/Page_JM Control Centre/div_CLOSED"), 60): Object 'Object Repository/FSM1/EMI Check Results/Page_JM Control Centre/div_CLOSED' is not present after 60 second(s)

2019-01-15 14:45:23 - [MESSAGE][INFO] - Unable to find the element located by 'By.xpath: //div[(text() = 'CLOSED' or . = 'CLOSED')]'. Please recheck the objects properties to make sure the desired element is located. 

2019-01-15 14:45:23 - [MESSAGE][WARNING] - Object 'Object Repository/FSM1/EMI Check Results/Page_JM Control Centre/div_CLOSED' is not present after 60 second(s)

2019-01-15 14:45:23 - [TEST_STEP][PASSED] - delay(3): Delayed 3 second(s)

2019-01-15 14:45:26 - [MESSAGE][PASSED] - Delayed 3 second(s)]]></system-out>
         <system-err><![CDATA[]]></system-err>
      </testcase>
      <testcase name="Test Cases/Generic/Check Subsequent Inspection Doesnt Exist" classname="Test Cases/Generic/Check Subsequent Inspection Doesnt Exist" status="PASSED">
         <system-out><![CDATA[2019-01-15 14:45:26 - [TEST_CASE][PASSED] - Test Cases/Generic/Check Subsequent Inspection Doesnt Exist: Test Cases/Generic/Check Subsequent Inspection Doesnt Exist

2019-01-15 14:45:26 - [TEST_STEP][PASSED] - delay(2): Delayed 2 second(s)

2019-01-15 14:45:28 - [MESSAGE][PASSED] - Delayed 2 second(s)

2019-01-15 14:45:28 - [TEST_STEP][PASSED] - click(findTestObject("Object Repository/FSM1/Complete ABP Inspection/Check Subsequent Inspections/New/Page_JM Control Centre/div_")): Object: 'Object Repository/FSM1/Complete ABP Inspection/Check Subsequent Inspections/New/Page_JM Control Centre/div_' is clicked on

2019-01-15 14:45:28 - [MESSAGE][PASSED] - Object: 'Object Repository/FSM1/Complete ABP Inspection/Check Subsequent Inspections/New/Page_JM Control Centre/div_' is clicked on

2019-01-15 14:45:28 - [TEST_STEP][PASSED] - click(findTestObject("Object Repository/FSM1/Complete ABP Inspection/Check Subsequent Inspections/New/Page_JM Control Centre/span_List All Subordinate Jobs")): Object: 'Object Repository/FSM1/Complete ABP Inspection/Check Subsequent Inspections/New/Page_JM Control Centre/span_List All Subordinate Jobs' is clicked on

2019-01-15 14:45:28 - [MESSAGE][PASSED] - Object: 'Object Repository/FSM1/Complete ABP Inspection/Check Subsequent Inspections/New/Page_JM Control Centre/span_List All Subordinate Jobs' is clicked on

2019-01-15 14:45:28 - [TEST_STEP][PASSED] - delay(5): Delayed 5 second(s)

2019-01-15 14:45:33 - [MESSAGE][PASSED] - Delayed 5 second(s)

2019-01-15 14:45:33 - [TEST_STEP][PASSED] - verifyElementVisible(findTestObject("FSM1/Complete ABP Inspection/Check Subsequent Inspections/New/Page_JM Control Centre/div_1 found"), STOP_ON_FAILURE): Object 'Object Repository/FSM1/Complete ABP Inspection/Check Subsequent Inspections/New/Page_JM Control Centre/div_1 found' is visible

2019-01-15 14:45:43 - [MESSAGE][PASSED] - Object 'Object Repository/FSM1/Complete ABP Inspection/Check Subsequent Inspections/New/Page_JM Control Centre/div_1 found' is visible

2019-01-15 14:45:43 - [TEST_STEP][PASSED] - closeBrowser(): Browser is closed

2019-01-15 14:45:44 - [MESSAGE][PASSED] - Browser is closed]]></system-out>
         <system-err><![CDATA[]]></system-err>
      </testcase>
      <system-out><![CDATA[2019-01-15 14:37:18 - [TEST_SUITE][FAILED] - PMM Regression - Compliance - Rejected: Test Cases/Generic/Select Inspection For Rejection - Conflict of Interest FAILED.
Reason:
com.kms.katalon.core.exception.StepFailedException: Unable to click on object 'Object Repository/FSM1/Reject Inspection/Page_JClient/div_Ok' (Root cause: org.openqa.selenium.WebDriverException: unknown error: Element <div class="GFNJNYPCC3B GFNJNYPCE3B">...</div> is not clickable at point (393, 377). Other element would receive the click: <div class="GFNJNYPCP- GFNJNYPCD-" style="display: block;"></div>
  (Session info: chrome=71.0.3578.98)
  (Driver info: chromedriver=2.43.600210 (68dcf5eebde37173d4027fa8635e332711d2874a),platform=Windows NT 10.0.17134 x86_64) (WARNING: The server did not provide any stacktrace information)
Command duration or timeout: 0 milliseconds
Build info: version: '3.7.1', revision: '8a0099a', time: '2017-11-06T21:07:36.161Z'
System info: host: 'DESKTOP-KMCIR60', ip: '192.168.0.17', os.name: 'Windows 10', os.arch: 'amd64', os.version: '10.0', java.version: '1.8.0_181'
Driver info: com.kms.katalon.selenium.driver.CChromeDriver
Capabilities {acceptInsecureCerts: false, acceptSslCerts: false, applicationCacheEnabled: false, browserConnectionEnabled: false, browserName: chrome, chrome: {chromedriverVersion: 2.43.600210 (68dcf5eebde371..., userDataDir: C:\Users\jonha\AppData\Loca...}, cssSelectorsEnabled: true, databaseEnabled: false, goog:chromeOptions: {debuggerAddress: localhost:49782}, handlesAlerts: true, hasTouchScreen: false, javascriptEnabled: true, locationContextEnabled: true, mobileEmulationEnabled: false, nativeEvents: true, networkConnectionEnabled: false, pageLoadStrategy: normal, platform: XP, platformName: XP, rotatable: false, setWindowRect: true, takesHeapSnapshot: true, takesScreenshot: true, unexpectedAlertBehaviour: , unhandledPromptBehavior: , version: 71.0.3578.98, webStorageEnabled: true}
Session ID: b386f247f9081329d1e568766b411b97)
	at com.kms.katalon.core.keyword.internal.KeywordMain.stepFailed(KeywordMain.groovy:36)
	at com.kms.katalon.core.webui.keyword.internal.WebUIKeywordMain.stepFailed(WebUIKeywordMain.groovy:65)
	at com.kms.katalon.core.webui.keyword.internal.WebUIKeywordMain.runKeyword(WebUIKeywordMain.groovy:27)
	at com.kms.katalon.core.webui.keyword.builtin.ClickKeyword.click(ClickKeyword.groovy:86)
	at com.kms.katalon.core.webui.keyword.builtin.ClickKeyword.execute(ClickKeyword.groovy:67)
	at com.kms.katalon.core.keyword.internal.KeywordExecutor.executeKeywordForPlatform(KeywordExecutor.groovy:53)
	at com.kms.katalon.core.webui.keyword.WebUiBuiltInKeywords.click(WebUiBuiltInKeywords.groovy:616)
	at com.kms.katalon.core.webui.keyword.WebUiBuiltInKeywords$click$2.call(Unknown Source)
	at Select Inspection For Rejection - Conflict of Interest.run(Select Inspection For Rejection - Conflict of Interest:69)
	at com.kms.katalon.core.main.ScriptEngine.run(ScriptEngine.java:194)
	at com.kms.katalon.core.main.ScriptEngine.runScriptAsRawText(ScriptEngine.java:119)
	at com.kms.katalon.core.main.TestCaseExecutor.runScript(TestCaseExecutor.java:321)
	at com.kms.katalon.core.main.TestCaseExecutor.doExecute(TestCaseExecutor.java:312)
	at com.kms.katalon.core.main.TestCaseExecutor.processExecutionPhase(TestCaseExecutor.java:291)
	at com.kms.katalon.core.main.TestCaseExecutor.accessMainPhase(TestCaseExecutor.java:283)
	at com.kms.katalon.core.main.TestCaseExecutor.execute(TestCaseExecutor.java:222)
	at com.kms.katalon.core.main.TestSuiteExecutor.accessTestCaseMainPhase(TestSuiteExecutor.java:129)
	at com.kms.katalon.core.main.TestSuiteExecutor.accessTestSuiteMainPhase(TestSuiteExecutor.java:112)
	at com.kms.katalon.core.main.TestSuiteExecutor.execute(TestSuiteExecutor.java:81)
	at com.kms.katalon.core.main.TestCaseMain.startTestSuite(TestCaseMain.java:149)
	at com.kms.katalon.core.main.TestCaseMain$startTestSuite$0.call(Unknown Source)
	at TempTestSuite1547560520070.run(TempTestSuite1547560520070.groovy:36)]]></system-out>
      <system-err><![CDATA[2019-01-15 14:37:18 - [TEST_SUITE][FAILED] - PMM Regression - Compliance - Rejected: Test Cases/Generic/Select Inspection For Rejection - Conflict of Interest FAILED.
Reason:
com.kms.katalon.core.exception.StepFailedException: Unable to click on object 'Object Repository/FSM1/Reject Inspection/Page_JClient/div_Ok' (Root cause: org.openqa.selenium.WebDriverException: unknown error: Element <div class="GFNJNYPCC3B GFNJNYPCE3B">...</div> is not clickable at point (393, 377). Other element would receive the click: <div class="GFNJNYPCP- GFNJNYPCD-" style="display: block;"></div>
  (Session info: chrome=71.0.3578.98)
  (Driver info: chromedriver=2.43.600210 (68dcf5eebde37173d4027fa8635e332711d2874a),platform=Windows NT 10.0.17134 x86_64) (WARNING: The server did not provide any stacktrace information)
Command duration or timeout: 0 milliseconds
Build info: version: '3.7.1', revision: '8a0099a', time: '2017-11-06T21:07:36.161Z'
System info: host: 'DESKTOP-KMCIR60', ip: '192.168.0.17', os.name: 'Windows 10', os.arch: 'amd64', os.version: '10.0', java.version: '1.8.0_181'
Driver info: com.kms.katalon.selenium.driver.CChromeDriver
Capabilities {acceptInsecureCerts: false, acceptSslCerts: false, applicationCacheEnabled: false, browserConnectionEnabled: false, browserName: chrome, chrome: {chromedriverVersion: 2.43.600210 (68dcf5eebde371..., userDataDir: C:\Users\jonha\AppData\Loca...}, cssSelectorsEnabled: true, databaseEnabled: false, goog:chromeOptions: {debuggerAddress: localhost:49782}, handlesAlerts: true, hasTouchScreen: false, javascriptEnabled: true, locationContextEnabled: true, mobileEmulationEnabled: false, nativeEvents: true, networkConnectionEnabled: false, pageLoadStrategy: normal, platform: XP, platformName: XP, rotatable: false, setWindowRect: true, takesHeapSnapshot: true, takesScreenshot: true, unexpectedAlertBehaviour: , unhandledPromptBehavior: , version: 71.0.3578.98, webStorageEnabled: true}
Session ID: b386f247f9081329d1e568766b411b97)
	at com.kms.katalon.core.keyword.internal.KeywordMain.stepFailed(KeywordMain.groovy:36)
	at com.kms.katalon.core.webui.keyword.internal.WebUIKeywordMain.stepFailed(WebUIKeywordMain.groovy:65)
	at com.kms.katalon.core.webui.keyword.internal.WebUIKeywordMain.runKeyword(WebUIKeywordMain.groovy:27)
	at com.kms.katalon.core.webui.keyword.builtin.ClickKeyword.click(ClickKeyword.groovy:86)
	at com.kms.katalon.core.webui.keyword.builtin.ClickKeyword.execute(ClickKeyword.groovy:67)
	at com.kms.katalon.core.keyword.internal.KeywordExecutor.executeKeywordForPlatform(KeywordExecutor.groovy:53)
	at com.kms.katalon.core.webui.keyword.WebUiBuiltInKeywords.click(WebUiBuiltInKeywords.groovy:616)
	at com.kms.katalon.core.webui.keyword.WebUiBuiltInKeywords$click$2.call(Unknown Source)
	at Select Inspection For Rejection - Conflict of Interest.run(Select Inspection For Rejection - Conflict of Interest:69)
	at com.kms.katalon.core.main.ScriptEngine.run(ScriptEngine.java:194)
	at com.kms.katalon.core.main.ScriptEngine.runScriptAsRawText(ScriptEngine.java:119)
	at com.kms.katalon.core.main.TestCaseExecutor.runScript(TestCaseExecutor.java:321)
	at com.kms.katalon.core.main.TestCaseExecutor.doExecute(TestCaseExecutor.java:312)
	at com.kms.katalon.core.main.TestCaseExecutor.processExecutionPhase(TestCaseExecutor.java:291)
	at com.kms.katalon.core.main.TestCaseExecutor.accessMainPhase(TestCaseExecutor.java:283)
	at com.kms.katalon.core.main.TestCaseExecutor.execute(TestCaseExecutor.java:222)
	at com.kms.katalon.core.main.TestSuiteExecutor.accessTestCaseMainPhase(TestSuiteExecutor.java:129)
	at com.kms.katalon.core.main.TestSuiteExecutor.accessTestSuiteMainPhase(TestSuiteExecutor.java:112)
	at com.kms.katalon.core.main.TestSuiteExecutor.execute(TestSuiteExecutor.java:81)
	at com.kms.katalon.core.main.TestCaseMain.startTestSuite(TestCaseMain.java:149)
	at com.kms.katalon.core.main.TestCaseMain$startTestSuite$0.call(Unknown Source)
	at TempTestSuite1547560520070.run(TempTestSuite1547560520070.groovy:36)]]></system-err>
   </testsuite>
</testsuites>
