<?xml version="1.0" encoding="UTF-8"?>
<testsuites name="EMI Regression" time="36" tests="1" failures="0" errors="1">
   <testsuite name="EMI Regression" tests="1" failures="0" errors="1" time="36" timestamp="2018-05-24 10:19:03" hostname="JHATFIELD - SNDFSMINFSRV001.defra.onmicrosoft.com" id="Test Suites/EMI Regression">
      <properties>
         <property name="deviceName" value=""/>
         <property name="devicePlatform" value=""/>
         <property name="logFolder" value="C:\\Users\\JHATFIELD\\git\\DEFRA-FSM_Automated_Regression_NEW\\Reports\\EMI Regression\\20180524_101859"/>
         <property name="logFiles" value="C:\\Users\\JHATFIELD\\git\\DEFRA-FSM_Automated_Regression_NEW\\Reports\\EMI Regression\\20180524_101859\\execution0.log"/>
         <property name="attachments" value=""/>
         <property name="hostName" value="JHATFIELD - SNDFSMINFSRV001.defra.onmicrosoft.com"/>
         <property name="os" value="Windows NT (unknown) 64bit"/>
         <property name="katalonVersion" value="5.4.1.1"/>
         <property name="browser" value="Chrome 66.0.3359.181"/>
         <property name="hostAddress" value="10.201.1.17"/>
         <property name="sessionId" value="fd3121968a400dcd40503e0e40c899bd"/>
         <property name="seleniumVersion" value="3.7.1"/>
         <property name="proxyInformation" value="ProxyInformation{proxyOption=NO_PROXY, proxyServerType=HTTP, password=, proxyServerAddress=, proxyServerPort=0}"/>
         <property name="platform" value="Windows NT (unknown)"/>
      </properties>
      <testcase name="Test Cases/Launch Job Manager Control Centre" classname="Test Cases/Launch Job Manager Control Centre" status="PASSED">
         <system-out><![CDATA[2018-05-24 10:19:03 - [TEST_CASE][PASSED] - Test Cases/Launch Job Manager Control Centre: Test Cases/Launch Job Manager Control Centre

2018-05-24 10:19:04 - [TEST_STEP][PASSED] - openBrowser: Browser is opened with url: ''

2018-05-24 10:19:09 - [MESSAGE][PASSED] - Browser is opened with url: ''

2018-05-24 10:19:09 - [TEST_STEP][PASSED] - navigateToUrl: Navigate to 'https://kirona-def-2.kirona.com/jmtest/login#!loginView' successfully

2018-05-24 10:19:15 - [MESSAGE][PASSED] - Navigate to 'https://kirona-def-2.kirona.com/jmtest/login#!loginView' successfully

2018-05-24 10:19:15 - [TEST_STEP][PASSED] - setText: Text 'jon.hatfield' is set on object 'Object Repository/FSM1/Control Centre/Page_Job Manager Login/input_gwt-uid-3'

2018-05-24 10:19:16 - [MESSAGE][PASSED] - Text 'jon.hatfield' is set on object 'Object Repository/FSM1/Control Centre/Page_Job Manager Login/input_gwt-uid-3'

2018-05-24 10:19:16 - [TEST_STEP][PASSED] - setText: Text 'Fr@nc1sJ0n' is set on object 'Object Repository/FSM1/Control Centre/Page_Job Manager Login/input_gwt-uid-5'

2018-05-24 10:19:17 - [MESSAGE][PASSED] - Text 'Fr@nc1sJ0n' is set on object 'Object Repository/FSM1/Control Centre/Page_Job Manager Login/input_gwt-uid-5'

2018-05-24 10:19:17 - [TEST_STEP][PASSED] - click: Object: 'Object Repository/FSM1/Control Centre/Page_Job Manager Login/Page_Job Manager Login/div_Login' is clicked on

2018-05-24 10:19:17 - [MESSAGE][PASSED] - Object: 'Object Repository/FSM1/Control Centre/Page_Job Manager Login/Page_Job Manager Login/div_Login' is clicked on

2018-05-24 10:19:17 - [TEST_STEP][PASSED] - delay: Delayed 5 second(s)

2018-05-24 10:19:22 - [MESSAGE][PASSED] - Delayed 5 second(s)]]></system-out>
         <system-err><![CDATA[]]></system-err>
      </testcase>
      <testcase name="Test Cases/Create EMI Inspection" classname="Test Cases/Create EMI Inspection" status="ERROR">
         <error type="ERROR" message="Test Cases/Create EMI Inspection FAILED because (of) groovy.lang.MissingMethodException: No signature of method: com.kms.katalon.core.testdata.InternalData.getValue() is applicable for argument types: (java.lang.String, java.lang.Boolean) values: [Address, true]
Possible solutions: getValue(java.lang.String, int), getValue(int, int), getClass(), getData(), getType()"/>
         <system-out><![CDATA[2018-05-24 10:19:22 - [TEST_CASE][ERROR] - Test Cases/Create EMI Inspection: Test Cases/Create EMI Inspection FAILED because (of) groovy.lang.MissingMethodException: No signature of method: com.kms.katalon.core.testdata.InternalData.getValue() is applicable for argument types: (java.lang.String, java.lang.Boolean) values: [Address, true]
Possible solutions: getValue(java.lang.String, int), getValue(int, int), getClass(), getData(), getType()

2018-05-24 10:19:23 - [TEST_STEP][PASSED] - Statement - log = new com.kms.katalon.core.logging.KeywordLogger(): null

2018-05-24 10:19:23 - [TEST_STEP][PASSED] - click: Object: 'Object Repository/FSM1/JH Test/Page_JM Control Centre/div_Create' is clicked on

2018-05-24 10:19:23 - [MESSAGE][PASSED] - Object: 'Object Repository/FSM1/JH Test/Page_JM Control Centre/div_Create' is clicked on

2018-05-24 10:19:23 - [TEST_STEP][PASSED] - setText: Text 'emi' is set on object 'Object Repository/FSM1/JH Test/Page_JM Control Centre/input_gwt-uid-8'

2018-05-24 10:19:25 - [MESSAGE][PASSED] - Text 'emi' is set on object 'Object Repository/FSM1/JH Test/Page_JM Control Centre/input_gwt-uid-8'

2018-05-24 10:19:25 - [TEST_STEP][PASSED] - click: Object: 'Object Repository/FSM1/JH Test/Page_JM Control Centre/span_EMI Inspection' is clicked on

2018-05-24 10:19:26 - [MESSAGE][PASSED] - Object: 'Object Repository/FSM1/JH Test/Page_JM Control Centre/span_EMI Inspection' is clicked on

2018-05-24 10:19:26 - [TEST_STEP][PASSED] - click: Object: 'Object Repository/FSM1/Control Centre/Create EMI Inspection/Page_JM Control Centre/span_' is clicked on

2018-05-24 10:19:28 - [MESSAGE][PASSED] - Object: 'Object Repository/FSM1/Control Centre/Create EMI Inspection/Page_JM Control Centre/span_' is clicked on

2018-05-24 10:19:28 - [TEST_STEP][PASSED] - click: Object: 'Object Repository/FSM1/Control Centre/Create EMI Inspection/Address Search/Page_JM Control Centre/Postcode Search' is clicked on

2018-05-24 10:19:30 - [MESSAGE][PASSED] - Object: 'Object Repository/FSM1/Control Centre/Create EMI Inspection/Address Search/Page_JM Control Centre/Postcode Search' is clicked on

2018-05-24 10:19:31 - [TEST_STEP][PASSED] - setText: Text 'CV37 6SN' is set on object 'Object Repository/FSM1/Control Centre/Create EMI Inspection/Create Address/Page_JM Control Centre/input_v-textfield v-widget v-t'

2018-05-24 10:19:34 - [MESSAGE][PASSED] - Text 'CV37 6SN' is set on object 'Object Repository/FSM1/Control Centre/Create EMI Inspection/Create Address/Page_JM Control Centre/input_v-textfield v-widget v-t'

2018-05-24 10:19:35 - [TEST_STEP][PASSED] - click: Object: 'Object Repository/FSM1/Control Centre/Create EMI Inspection/Create Address/Page_JM Control Centre (1)/SearchButton' is clicked on

2018-05-24 10:19:36 - [MESSAGE][PASSED] - Object: 'Object Repository/FSM1/Control Centre/Create EMI Inspection/Create Address/Page_JM Control Centre (1)/SearchButton' is clicked on

2018-05-24 10:19:37 - [TEST_STEP][PASSED] - Statement - FullAddress = com.kms.katalon.core.webui.keyword.WebUiBuiltInKeywords.modifyObjectProperty(com.kms.katalon.core.testobject.ObjectRepository.findTestObject(FSM1/Control Centre/Create EMI Inspection/Page_JM Control Centre/Address), "text", "equals", com.kms.katalon.core.testdata.TestDataFactory.findTestData(Data Files/EMI Inspection Data).getValue("Address", true)): Test data is internal data, reading internal data]]></system-out>
         <system-err><![CDATA[2018-05-24 10:19:22 - [TEST_CASE][ERROR] - Test Cases/Create EMI Inspection: Test Cases/Create EMI Inspection FAILED because (of) groovy.lang.MissingMethodException: No signature of method: com.kms.katalon.core.testdata.InternalData.getValue() is applicable for argument types: (java.lang.String, java.lang.Boolean) values: [Address, true]
Possible solutions: getValue(java.lang.String, int), getValue(int, int), getClass(), getData(), getType()]]></system-err>
      </testcase>
      <system-out><![CDATA[2018-05-24 10:19:03 - [TEST_SUITE][ERROR] - EMI Regression: Test Cases/Create EMI Inspection FAILED because (of) groovy.lang.MissingMethodException: No signature of method: com.kms.katalon.core.testdata.InternalData.getValue() is applicable for argument types: (java.lang.String, java.lang.Boolean) values: [Address, true]
Possible solutions: getValue(java.lang.String, int), getValue(int, int), getClass(), getData(), getType()]]></system-out>
      <system-err><![CDATA[2018-05-24 10:19:03 - [TEST_SUITE][ERROR] - EMI Regression: Test Cases/Create EMI Inspection FAILED because (of) groovy.lang.MissingMethodException: No signature of method: com.kms.katalon.core.testdata.InternalData.getValue() is applicable for argument types: (java.lang.String, java.lang.Boolean) values: [Address, true]
Possible solutions: getValue(java.lang.String, int), getValue(int, int), getClass(), getData(), getType()]]></system-err>
   </testsuite>
</testsuites>
