<?xml version="1.0" encoding="UTF-8"?>
<testsuites name="EMI Regression" time="450" tests="8" failures="1" errors="0">
   <testsuite name="EMI Regression" tests="8" failures="1" errors="0" time="450" timestamp="2018-11-12 09:08:42" hostname="JHATFIELD - SNDFSMINFSRV001.defra.onmicrosoft.com" id="Test Suites/EMI/EMI Regression">
      <properties>
         <property name="deviceName" value=""/>
         <property name="devicePlatform" value=""/>
         <property name="logFolder" value="C:\\Users\\JHATFIELD\\git\\DEFRA-FSM_Automated_Regression_NEW\\Reports\\EMI\\EMI Regression\\20181112_090830"/>
         <property name="logFiles" value="C:\\Users\\JHATFIELD\\git\\DEFRA-FSM_Automated_Regression_NEW\\Reports\\EMI\\EMI Regression\\20181112_090830\\execution0.log"/>
         <property name="attachments" value="C:\\Users\\JHATFIELD\\git\\DEFRA-FSM_Automated_Regression_NEW\\Reports\\EMI\\EMI Regression\\20181112_090830\\1542014098950.png"/>
         <property name="hostName" value="JHATFIELD - SNDFSMINFSRV001.defra.onmicrosoft.com"/>
         <property name="os" value="Windows Server 2016 64bit"/>
         <property name="katalonVersion" value="5.8.4.14"/>
         <property name="browser" value="Chrome 70.0.3538.102"/>
         <property name="hostAddress" value="10.201.1.17"/>
         <property name="sessionId" value="588bdbe9bd11993b16940286e0c2b191"/>
         <property name="seleniumVersion" value="3.7.1"/>
         <property name="proxyInformation" value="ProxyInformation{proxyOption=NO_PROXY, proxyServerType=HTTP, password=, proxyServerAddress=, proxyServerPort=0}"/>
         <property name="platform" value="Windows Server 2016"/>
      </properties>
      <testcase name="Test Cases/Generic/Launch Job Manager Control Centre" classname="Test Cases/Generic/Launch Job Manager Control Centre" status="PASSED">
         <system-out><![CDATA[2018-11-12 09:08:43 - [TEST_CASE][PASSED] - Test Cases/Generic/Launch Job Manager Control Centre: Test Cases/Generic/Launch Job Manager Control Centre

2018-11-12 09:08:44 - [TEST_STEP][PASSED] - openBrowser: Browser is opened with url: ''

2018-11-12 09:08:49 - [MESSAGE][PASSED] - Browser is opened with url: ''

2018-11-12 09:08:49 - [TEST_STEP][PASSED] - navigateToUrl: Navigate to 'https://kirona-def-6.kirona.com/jmprep/login#!loginView' successfully

2018-11-12 09:08:51 - [MESSAGE][PASSED] - Navigate to 'https://kirona-def-6.kirona.com/jmprep/login#!loginView' successfully

2018-11-12 09:08:51 - [TEST_STEP][PASSED] - setText: Text 'jon.hatfield' is set on object 'Object Repository/FSM1/Control Centre/Page_Job Manager Login/input_gwt-uid-3'

2018-11-12 09:08:53 - [MESSAGE][PASSED] - Text 'jon.hatfield' is set on object 'Object Repository/FSM1/Control Centre/Page_Job Manager Login/input_gwt-uid-3'

2018-11-12 09:08:53 - [TEST_STEP][PASSED] - setText: Text 'Fr@nc1sJ0n' is set on object 'Object Repository/FSM1/Control Centre/Page_Job Manager Login/input_gwt-uid-5'

2018-11-12 09:08:53 - [MESSAGE][PASSED] - Text 'Fr@nc1sJ0n' is set on object 'Object Repository/FSM1/Control Centre/Page_Job Manager Login/input_gwt-uid-5'

2018-11-12 09:08:53 - [TEST_STEP][PASSED] - click: Object: 'Object Repository/FSM1/PreProd/Page_Job Manager Login/div_Login' is clicked on

2018-11-12 09:08:54 - [MESSAGE][PASSED] - Object: 'Object Repository/FSM1/PreProd/Page_Job Manager Login/div_Login' is clicked on

2018-11-12 09:08:54 - [TEST_STEP][PASSED] - delay: Delayed 5 second(s)

2018-11-12 09:08:59 - [MESSAGE][PASSED] - Delayed 5 second(s)]]></system-out>
         <system-err><![CDATA[]]></system-err>
      </testcase>
      <testcase name="Test Cases/EMI/Create EMI Inspection" classname="Test Cases/EMI/Create EMI Inspection" status="PASSED">
         <system-out><![CDATA[2018-11-12 09:08:59 - [TEST_CASE][PASSED] - Test Cases/EMI/Create EMI Inspection: Test Cases/EMI/Create EMI Inspection

2018-11-12 09:09:00 - [TEST_STEP][PASSED] - Statement - logg = new com.kms.katalon.core.logging.KeywordLogger(): null

2018-11-12 09:09:00 - [TEST_STEP][PASSED] - click: Object: 'Object Repository/FSM1/Control Centre/Create EMI Inspection New/Page_JM Control Centre/div_Create' is clicked on

2018-11-12 09:09:00 - [MESSAGE][PASSED] - Object: 'Object Repository/FSM1/Control Centre/Create EMI Inspection New/Page_JM Control Centre/div_Create' is clicked on

2018-11-12 09:09:00 - [TEST_STEP][PASSED] - click: Object: 'Object Repository/FSM1/Control Centre/Create EMI Inspection New/Page_JM Control Centre/div_v-filterselect-button' is clicked on

2018-11-12 09:09:02 - [MESSAGE][PASSED] - Object: 'Object Repository/FSM1/Control Centre/Create EMI Inspection New/Page_JM Control Centre/div_v-filterselect-button' is clicked on

2018-11-12 09:09:02 - [TEST_STEP][PASSED] - setText: Text 'emi' is set on object 'Object Repository/FSM1/Control Centre/Create EMI Inspection New/Page_JM Control Centre/input_gwt-uid-8'

2018-11-12 09:09:03 - [MESSAGE][PASSED] - Text 'emi' is set on object 'Object Repository/FSM1/Control Centre/Create EMI Inspection New/Page_JM Control Centre/input_gwt-uid-8'

2018-11-12 09:09:03 - [TEST_STEP][PASSED] - click: Object: 'Object Repository/FSM1/Control Centre/Create EMI Inspection New/Page_JM Control Centre/span_EMI Inspection' is clicked on

2018-11-12 09:09:04 - [MESSAGE][PASSED] - Object: 'Object Repository/FSM1/Control Centre/Create EMI Inspection New/Page_JM Control Centre/span_EMI Inspection' is clicked on

2018-11-12 09:09:04 - [TEST_STEP][PASSED] - setText: Text '15' is set on object 'Object Repository/FSM1/Control Centre/Create EMI Inspection New/Page_JM Control Centre/input_gwt-uid-16'

2018-11-12 09:09:07 - [MESSAGE][PASSED] - Text '15' is set on object 'Object Repository/FSM1/Control Centre/Create EMI Inspection New/Page_JM Control Centre/input_gwt-uid-16'

2018-11-12 09:09:07 - [TEST_STEP][PASSED] - click: Object: 'Object Repository/FSM1/Control Centre/Create EMI Inspection New/Page_JM Control Centre/div_v-filterselect-button_1' is clicked on

2018-11-12 09:09:07 - [MESSAGE][PASSED] - Object: 'Object Repository/FSM1/Control Centre/Create EMI Inspection New/Page_JM Control Centre/div_v-filterselect-button_1' is clicked on

2018-11-12 09:09:07 - [TEST_STEP][PASSED] - click: Object: 'Object Repository/FSM1/Control Centre/Create EMI Inspection New/Page_JM Control Centre/span_24 Hours' is clicked on

2018-11-12 09:09:08 - [MESSAGE][PASSED] - Object: 'Object Repository/FSM1/Control Centre/Create EMI Inspection New/Page_JM Control Centre/span_24 Hours' is clicked on

2018-11-12 09:09:08 - [TEST_STEP][PASSED] - click: Object: 'Object Repository/FSM1/Control Centre/Create EMI Inspection New/Page_JM Control Centre/div_v-filterselect-button_2' is clicked on

2018-11-12 09:09:08 - [MESSAGE][PASSED] - Object: 'Object Repository/FSM1/Control Centre/Create EMI Inspection New/Page_JM Control Centre/div_v-filterselect-button_2' is clicked on

2018-11-12 09:09:08 - [TEST_STEP][PASSED] - click: Object: 'Object Repository/FSM1/Control Centre/Create EMI Inspection New/Page_JM Control Centre/span_West' is clicked on

2018-11-12 09:09:09 - [MESSAGE][PASSED] - Object: 'Object Repository/FSM1/Control Centre/Create EMI Inspection New/Page_JM Control Centre/span_West' is clicked on

2018-11-12 09:09:09 - [TEST_STEP][PASSED] - click: Object: 'Object Repository/FSM1/Control Centre/Create EMI Inspection New/Page_JM Control Centre/div_v-filterselect-button_2' is clicked on

2018-11-12 09:09:10 - [MESSAGE][PASSED] - Object: 'Object Repository/FSM1/Control Centre/Create EMI Inspection New/Page_JM Control Centre/div_v-filterselect-button_2' is clicked on

2018-11-12 09:09:10 - [TEST_STEP][PASSED] - click: Object: 'Object Repository/FSM1/Control Centre/Create EMI Inspection New/Page_JM Control Centre/span_EMI Routine' is clicked on

2018-11-12 09:09:10 - [MESSAGE][PASSED] - Object: 'Object Repository/FSM1/Control Centre/Create EMI Inspection New/Page_JM Control Centre/span_EMI Routine' is clicked on

2018-11-12 09:09:10 - [TEST_STEP][PASSED] - setText: Text 'Test Automation' is set on object 'Object Repository/FSM1/Control Centre/Create EMI Inspection New/Page_JM Control Centre/input_gwt-uid-34'

2018-11-12 09:09:11 - [MESSAGE][PASSED] - Text 'Test Automation' is set on object 'Object Repository/FSM1/Control Centre/Create EMI Inspection New/Page_JM Control Centre/input_gwt-uid-34'

2018-11-12 09:09:11 - [TEST_STEP][PASSED] - setText: Text '111' is set on object 'Object Repository/FSM1/Control Centre/Create EMI Inspection New/Page_JM Control Centre/input_gwt-uid-40'

2018-11-12 09:09:11 - [MESSAGE][PASSED] - Text '111' is set on object 'Object Repository/FSM1/Control Centre/Create EMI Inspection New/Page_JM Control Centre/input_gwt-uid-40'

2018-11-12 09:09:11 - [TEST_STEP][PASSED] - setText: Text '222' is set on object 'Object Repository/FSM1/Control Centre/Create EMI Inspection New/Page_JM Control Centre/input_gwt-uid-42'

2018-11-12 09:09:12 - [MESSAGE][PASSED] - Text '222' is set on object 'Object Repository/FSM1/Control Centre/Create EMI Inspection New/Page_JM Control Centre/input_gwt-uid-42'

2018-11-12 09:09:12 - [TEST_STEP][PASSED] - click: Object: 'Object Repository/FSM1/Control Centre/Create EMI Inspection New/Page_JM Control Centre/div_v-filterselect-button_2' is clicked on

2018-11-12 09:09:12 - [MESSAGE][PASSED] - Object: 'Object Repository/FSM1/Control Centre/Create EMI Inspection New/Page_JM Control Centre/div_v-filterselect-button_2' is clicked on

2018-11-12 09:09:12 - [TEST_STEP][PASSED] - click: Object: 'Object Repository/FSM1/Control Centre/Create EMI Inspection New/Page_JM Control Centre/td_EGG PACKER' is clicked on

2018-11-12 09:09:13 - [MESSAGE][PASSED] - Object: 'Object Repository/FSM1/Control Centre/Create EMI Inspection New/Page_JM Control Centre/td_EGG PACKER' is clicked on

2018-11-12 09:09:13 - [TEST_STEP][PASSED] - click: Object: 'Object Repository/FSM1/Control Centre/Create EMI Inspection/Page_JM Control Centre/span_' is clicked on

2018-11-12 09:09:13 - [MESSAGE][PASSED] - Object: 'Object Repository/FSM1/Control Centre/Create EMI Inspection/Page_JM Control Centre/span_' is clicked on

2018-11-12 09:09:13 - [TEST_STEP][PASSED] - click: Object: 'Object Repository/FSM1/Control Centre/Create EMI Inspection/Address Search/Page_JM Control Centre/Postcode Search' is clicked on

2018-11-12 09:09:15 - [MESSAGE][PASSED] - Object: 'Object Repository/FSM1/Control Centre/Create EMI Inspection/Address Search/Page_JM Control Centre/Postcode Search' is clicked on

2018-11-12 09:09:15 - [TEST_STEP][PASSED] - setText: Text 'WR5 2NQ' is set on object 'Object Repository/FSM1/PreProd/Page_JM Control Centre/PostcodeSearch'

2018-11-12 09:09:16 - [MESSAGE][PASSED] - Text 'WR5 2NQ' is set on object 'Object Repository/FSM1/PreProd/Page_JM Control Centre/PostcodeSearch'

2018-11-12 09:09:16 - [TEST_STEP][PASSED] - click: Object: 'Object Repository/FSM1/Control Centre/Create EMI Inspection/Create Address/Page_JM Control Centre (1)/SearchButton' is clicked on

2018-11-12 09:09:17 - [MESSAGE][PASSED] - Object: 'Object Repository/FSM1/Control Centre/Create EMI Inspection/Create Address/Page_JM Control Centre (1)/SearchButton' is clicked on

2018-11-12 09:09:17 - [TEST_STEP][PASSED] - Statement - FullAddress = com.kms.katalon.core.webui.keyword.WebUiBuiltInKeywords.modifyObjectProperty(com.kms.katalon.core.testobject.ObjectRepository.findTestObject(FSM1/Control Centre/Create EMI Inspection/Page_JM Control Centre/Address), "text", "equals", com.kms.katalon.core.testdata.TestDataFactory.findTestData(Pre Production/EMI/EMI Inspection Data).getValue(2, 1), true): Modify property of object successfully

2018-11-12 09:09:17 - [MESSAGE][PASSED] - Modify property of object successfully

2018-11-12 09:09:17 - [TEST_STEP][PASSED] - click: Object: 'Object Repository/FSM1/Control Centre/Create EMI Inspection/Page_JM Control Centre/Address' is clicked on

2018-11-12 09:09:18 - [MESSAGE][PASSED] - Object: 'Object Repository/FSM1/Control Centre/Create EMI Inspection/Page_JM Control Centre/Address' is clicked on

2018-11-12 09:09:18 - [TEST_STEP][PASSED] - click: Object: 'Object Repository/FSM1/Control Centre/Create EMI Inspection/Create Address/Page_JM Control Centre (2)/div_Add Selected Item' is clicked on

2018-11-12 09:09:19 - [MESSAGE][PASSED] - Object: 'Object Repository/FSM1/Control Centre/Create EMI Inspection/Create Address/Page_JM Control Centre (2)/div_Add Selected Item' is clicked on

2018-11-12 09:09:19 - [TEST_STEP][PASSED] - delay: Delayed 2 second(s)

2018-11-12 09:09:21 - [MESSAGE][PASSED] - Delayed 2 second(s)

2018-11-12 09:09:21 - [TEST_STEP][PASSED] - setText: Text 'test' is set on object 'Object Repository/FSM1/Control Centre/Create EMI Inspection/FixedResource/Page_JM Control Centre (3)/input_gwt-uid-145'

2018-11-12 09:09:22 - [MESSAGE][PASSED] - Text 'test' is set on object 'Object Repository/FSM1/Control Centre/Create EMI Inspection/FixedResource/Page_JM Control Centre (3)/input_gwt-uid-145'

2018-11-12 09:09:22 - [TEST_STEP][PASSED] - click: Object: 'Object Repository/FSM1/Control Centre/Create EMI Inspection New/Page_JM Control Centre/span_Test Inspector' is clicked on

2018-11-12 09:09:22 - [MESSAGE][PASSED] - Object: 'Object Repository/FSM1/Control Centre/Create EMI Inspection New/Page_JM Control Centre/span_Test Inspector' is clicked on

2018-11-12 09:09:22 - [TEST_STEP][PASSED] - click: Object: 'Object Repository/FSM1/Control Centre/Create EMI Inspection/Finish/Page_JM Control Centre (3)/div_Create' is clicked on

2018-11-12 09:09:23 - [MESSAGE][PASSED] - Object: 'Object Repository/FSM1/Control Centre/Create EMI Inspection/Finish/Page_JM Control Centre (3)/div_Create' is clicked on

2018-11-12 09:09:23 - [TEST_STEP][PASSED] - waitForElementPresent: Object 'Object Repository/FSM1/Control Centre/Status/Page_JM Control Centre/div_PLANNED DYNAMIC' is present

2018-11-12 09:10:05 - [MESSAGE][PASSED] - Object 'Object Repository/FSM1/Control Centre/Status/Page_JM Control Centre/div_PLANNED DYNAMIC' is present

2018-11-12 09:10:05 - [TEST_STEP][PASSED] - Statement - InspectionID = com.kms.katalon.core.webui.keyword.WebUiBuiltInKeywords.getText(com.kms.katalon.core.testobject.ObjectRepository.findTestObject(FSM1/Control Centre/Create EMI Inspection/InspectionID/Page_JM Control Centre/InspectionID)): Text of object 'Object Repository/FSM1/Control Centre/Create EMI Inspection/InspectionID/Page_JM Control Centre/InspectionID' is: 'Viewing Job 88890'

2018-11-12 09:10:05 - [MESSAGE][PASSED] - Text of object 'Object Repository/FSM1/Control Centre/Create EMI Inspection/InspectionID/Page_JM Control Centre/InspectionID' is: 'Viewing Job 88890'

2018-11-12 09:10:05 - [TEST_STEP][PASSED] - Statement - InspectionID = InspectionID.replaceAll("Viewing Job ", ""): null

2018-11-12 09:10:05 - [TEST_STEP][PASSED] - Statement - logg.logWarning(InspectionID): 88890

2018-11-12 09:10:05 - [MESSAGE][WARNING] - 88890

2018-11-12 09:10:05 - [TEST_STEP][PASSED] - Statement - temp = InspectionID: null

2018-11-12 09:10:05 - [TEST_STEP][PASSED] - delay: Delayed 160 second(s)

2018-11-12 09:12:45 - [MESSAGE][PASSED] - Delayed 160 second(s)]]></system-out>
         <system-err><![CDATA[]]></system-err>
      </testcase>
      <testcase name="Test Cases/Generic/Launch Job Manager" classname="Test Cases/Generic/Launch Job Manager" status="PASSED">
         <system-out><![CDATA[2018-11-12 09:12:45 - [TEST_CASE][PASSED] - Test Cases/Generic/Launch Job Manager: Test Cases/Generic/Launch Job Manager

2018-11-12 09:12:46 - [TEST_STEP][PASSED] - openBrowser: Browser is opened with url: ''

2018-11-12 09:12:46 - [MESSAGE][WARNING] - A browser is already opened. Closing browser and opening a new one

2018-11-12 09:12:49 - [MESSAGE][PASSED] - Browser is opened with url: ''

2018-11-12 09:12:49 - [TEST_STEP][PASSED] - navigateToUrl: Navigate to 'https://kirona-def-6.kirona.com/jmprep/jclient/jclient.html' successfully

2018-11-12 09:12:50 - [MESSAGE][PASSED] - Navigate to 'https://kirona-def-6.kirona.com/jmprep/jclient/jclient.html' successfully

2018-11-12 09:12:50 - [TEST_STEP][PASSED] - setText: Text 'KIR1' is set on object 'Object Repository/FSM1/Launch Application/Page_JClient/input_gwt-TextBox GKH2EKQBMDB'

2018-11-12 09:12:53 - [MESSAGE][PASSED] - Text 'KIR1' is set on object 'Object Repository/FSM1/Launch Application/Page_JClient/input_gwt-TextBox GKH2EKQBMDB'

2018-11-12 09:12:53 - [TEST_STEP][PASSED] - sendKeys: Keys 'ENTER + ' sent to object: 'Object Repository/FSM1/Launch Application/Page_JClient/input_gwt-TextBox GKH2EKQBMDB'

2018-11-12 09:12:53 - [MESSAGE][PASSED] - Keys 'ENTER + ' sent to object: 'Object Repository/FSM1/Launch Application/Page_JClient/input_gwt-TextBox GKH2EKQBMDB'

2018-11-12 09:12:53 - [TEST_STEP][PASSED] - click: Object: 'Object Repository/FSM1/Launch Application/Page_JClient/div_Configure App' is clicked on

2018-11-12 09:12:53 - [MESSAGE][PASSED] - Object: 'Object Repository/FSM1/Launch Application/Page_JClient/div_Configure App' is clicked on

2018-11-12 09:12:53 - [TEST_STEP][PASSED] - setText: Text 'test.inspector' is set on object 'Object Repository/FSM1/Launch Application/Page_JClient/input_gwt-TextBox GKH2EKQBNHC'

2018-11-12 09:12:54 - [MESSAGE][PASSED] - Text 'test.inspector' is set on object 'Object Repository/FSM1/Launch Application/Page_JClient/input_gwt-TextBox GKH2EKQBNHC'

2018-11-12 09:12:54 - [TEST_STEP][PASSED] - setText: Text 'Password1.' is set on object 'Object Repository/FSM1/Launch Application/Page_JClient/input_gwt-PasswordTextBox GKH2'

2018-11-12 09:12:55 - [MESSAGE][PASSED] - Text 'Password1.' is set on object 'Object Repository/FSM1/Launch Application/Page_JClient/input_gwt-PasswordTextBox GKH2'

2018-11-12 09:12:55 - [TEST_STEP][PASSED] - click: Object: 'Object Repository/FSM1/Launch Application/Page_JClient/div_Sign In' is clicked on

2018-11-12 09:12:55 - [MESSAGE][PASSED] - Object: 'Object Repository/FSM1/Launch Application/Page_JClient/div_Sign In' is clicked on

2018-11-12 09:12:55 - [TEST_STEP][PASSED] - delay: Delayed 15 second(s)

2018-11-12 09:13:10 - [MESSAGE][PASSED] - Delayed 15 second(s)]]></system-out>
         <system-err><![CDATA[]]></system-err>
      </testcase>
      <testcase name="Test Cases/Generic/Select Inspection" classname="Test Cases/Generic/Select Inspection" status="PASSED">
         <system-out><![CDATA[2018-11-12 09:13:10 - [TEST_CASE][PASSED] - Test Cases/Generic/Select Inspection: Test Cases/Generic/Select Inspection

2018-11-12 09:13:10 - [TEST_STEP][PASSED] - delay: Delayed 30 second(s)

2018-11-12 09:13:40 - [MESSAGE][PASSED] - Delayed 30 second(s)

2018-11-12 09:13:40 - [TEST_STEP][PASSED] - waitForElementClickable: Object 'Object Repository/FSM1/Select Inspection/Landing/Refresh' is clickable

2018-11-12 09:13:41 - [MESSAGE][PASSED] - Object 'Object Repository/FSM1/Select Inspection/Landing/Refresh' is clickable

2018-11-12 09:13:41 - [TEST_STEP][PASSED] - click: Object: 'Object Repository/FSM1/Select Inspection/Landing/Refresh' is clicked on

2018-11-12 09:13:41 - [MESSAGE][PASSED] - Object: 'Object Repository/FSM1/Select Inspection/Landing/Refresh' is clicked on

2018-11-12 09:13:41 - [TEST_STEP][PASSED] - waitForElementClickable: Object 'Object Repository/FSM1/Select Inspection/Landing/Refresh' is clickable

2018-11-12 09:13:42 - [MESSAGE][PASSED] - Object 'Object Repository/FSM1/Select Inspection/Landing/Refresh' is clickable

2018-11-12 09:13:42 - [TEST_STEP][NOT_RUN] - delay: NOT_RUN: delay

2018-11-12 09:13:42 - [MESSAGE][NOT_RUN] - NOT_RUN: delay

2018-11-12 09:13:42 - [TEST_STEP][PASSED] - Statement - InspectionRef = com.kms.katalon.core.webui.keyword.WebUiBuiltInKeywords.modifyObjectProperty(com.kms.katalon.core.testobject.ObjectRepository.findTestObject(FSM1/Select Inspection/Landing/Page_JClient/div_35098), "text", "equals", temp, true, STOP_ON_FAILURE): Modify property of object successfully

2018-11-12 09:13:42 - [MESSAGE][PASSED] - Modify property of object successfully

2018-11-12 09:13:42 - [TEST_STEP][PASSED] - delay: Delayed 20 second(s)

2018-11-12 09:14:02 - [MESSAGE][PASSED] - Delayed 20 second(s)

2018-11-12 09:14:02 - [TEST_STEP][PASSED] - Statement - If (com.kms.katalon.core.webui.keyword.WebUiBuiltInKeywords.verifyElementPresent(InspectionRef, 30, OPTIONAL)): Object: 'Object Repository/FSM1/Select Inspection/Landing/Page_JClient/div_35098' is clicked on

2018-11-12 09:14:02 - [MESSAGE][PASSED] - Object 'Object Repository/FSM1/Select Inspection/Landing/Page_JClient/div_35098' is present

2018-11-12 09:14:02 - [TEST_STEP][PASSED] - delay: Delayed 3 second(s)

2018-11-12 09:14:05 - [MESSAGE][PASSED] - Delayed 3 second(s)

2018-11-12 09:14:05 - [TEST_STEP][PASSED] - click: Object: 'Object Repository/FSM1/Select Inspection/Landing/Page_JClient/div_35098' is clicked on

2018-11-12 09:14:05 - [MESSAGE][PASSED] - Object: 'Object Repository/FSM1/Select Inspection/Landing/Page_JClient/div_35098' is clicked on

2018-11-12 09:14:05 - [TEST_STEP][PASSED] - click: Object: 'Object Repository/FSM1/Select Inspection/Page_JClient/div_WITH OPERATIVE' is clicked on

2018-11-12 09:14:06 - [MESSAGE][PASSED] - Object: 'Object Repository/FSM1/Select Inspection/Page_JClient/div_WITH OPERATIVE' is clicked on

2018-11-12 09:14:06 - [TEST_STEP][PASSED] - delay: Delayed 2 second(s)

2018-11-12 09:14:08 - [MESSAGE][PASSED] - Delayed 2 second(s)

2018-11-12 09:14:08 - [TEST_STEP][PASSED] - click: Object: 'Object Repository/FSM1/Select Inspection/Page_JClient/div_TRAVELLING' is clicked on

2018-11-12 09:14:08 - [MESSAGE][PASSED] - Object: 'Object Repository/FSM1/Select Inspection/Page_JClient/div_TRAVELLING' is clicked on

2018-11-12 09:14:08 - [TEST_STEP][PASSED] - delay: Delayed 2 second(s)

2018-11-12 09:14:10 - [MESSAGE][PASSED] - Delayed 2 second(s)

2018-11-12 09:14:10 - [TEST_STEP][PASSED] - click: Object: 'Object Repository/FSM1/Select Inspection/Page_JClient/div_TRAVELLING' is clicked on

2018-11-12 09:14:10 - [MESSAGE][PASSED] - Object: 'Object Repository/FSM1/Select Inspection/Page_JClient/div_TRAVELLING' is clicked on

2018-11-12 09:14:10 - [TEST_STEP][PASSED] - delay: Delayed 2 second(s)

2018-11-12 09:14:12 - [MESSAGE][PASSED] - Delayed 2 second(s)

2018-11-12 09:14:12 - [TEST_STEP][PASSED] - click: Object: 'Object Repository/FSM1/Select Inspection/Page_JClient/div_ARRIVED' is clicked on

2018-11-12 09:14:13 - [MESSAGE][PASSED] - Object: 'Object Repository/FSM1/Select Inspection/Page_JClient/div_ARRIVED' is clicked on

2018-11-12 09:14:13 - [TEST_STEP][PASSED] - delay: Delayed 2 second(s)

2018-11-12 09:14:15 - [MESSAGE][PASSED] - Delayed 2 second(s)

2018-11-12 09:14:15 - [TEST_STEP][PASSED] - click: Object: 'Object Repository/FSM1/Select Inspection/Page_JClient/div_ARRIVED' is clicked on

2018-11-12 09:14:15 - [MESSAGE][PASSED] - Object: 'Object Repository/FSM1/Select Inspection/Page_JClient/div_ARRIVED' is clicked on

2018-11-12 09:14:15 - [TEST_STEP][PASSED] - delay: Delayed 4 second(s)

2018-11-12 09:14:19 - [MESSAGE][PASSED] - Delayed 4 second(s)

2018-11-12 09:14:19 - [TEST_STEP][PASSED] - click: Object: 'Object Repository/FSM1/Select Inspection/Page_JClient/div_STARTED' is clicked on

2018-11-12 09:14:19 - [MESSAGE][PASSED] - Object: 'Object Repository/FSM1/Select Inspection/Page_JClient/div_STARTED' is clicked on

2018-11-12 09:14:19 - [TEST_STEP][PASSED] - delay: Delayed 2 second(s)

2018-11-12 09:14:21 - [MESSAGE][PASSED] - Delayed 2 second(s)]]></system-out>
         <system-err><![CDATA[]]></system-err>
      </testcase>
      <testcase name="Test Cases/EMI/Complete EMI Inspection - Edit Attributes" classname="Test Cases/EMI/Complete EMI Inspection - Edit Attributes" status="PASSED">
         <system-out><![CDATA[2018-11-12 09:14:21 - [TEST_CASE][PASSED] - Test Cases/EMI/Complete EMI Inspection - Edit Attributes: Test Cases/EMI/Complete EMI Inspection - Edit Attributes

2018-11-12 09:14:22 - [TEST_STEP][PASSED] - Statement - log = new com.kms.katalon.core.logging.KeywordLogger(): null

2018-11-12 09:14:22 - [TEST_STEP][PASSED] - click: Object: 'Object Repository/FSM1/Select Inspection/Landing/Page_JClient (2)/div_Edit attributes' is clicked on

2018-11-12 09:14:22 - [MESSAGE][PASSED] - Object: 'Object Repository/FSM1/Select Inspection/Landing/Page_JClient (2)/div_Edit attributes' is clicked on

2018-11-12 09:14:22 - [TEST_STEP][PASSED] - delay: Delayed 2 second(s)

2018-11-12 09:14:24 - [MESSAGE][PASSED] - Delayed 2 second(s)

2018-11-12 09:14:24 - [TEST_STEP][PASSED] - verifyElementPresent: Object 'Object Repository/FSM1/Complete Egg Inspection/Page_JClient/div_Mr Automation' is present

2018-11-12 09:14:24 - [MESSAGE][WARNING] - Timeout '0' is invalid. Using default page load timeout: '30'

2018-11-12 09:14:24 - [MESSAGE][PASSED] - Object 'Object Repository/FSM1/Complete Egg Inspection/Page_JClient/div_Mr Automation' is present

2018-11-12 09:14:24 - [TEST_STEP][PASSED] - verifyElementPresent: Object 'Object Repository/FSM1/Complete Egg Inspection/Page_JClient/div_111' is present

2018-11-12 09:14:24 - [MESSAGE][WARNING] - Timeout '0' is invalid. Using default page load timeout: '30'

2018-11-12 09:14:24 - [MESSAGE][PASSED] - Object 'Object Repository/FSM1/Complete Egg Inspection/Page_JClient/div_111' is present

2018-11-12 09:14:24 - [TEST_STEP][PASSED] - verifyElementPresent: Object 'Object Repository/FSM1/Complete Egg Inspection/Page_JClient/div_222' is present

2018-11-12 09:14:24 - [MESSAGE][WARNING] - Timeout '0' is invalid. Using default page load timeout: '30'

2018-11-12 09:14:25 - [MESSAGE][PASSED] - Object 'Object Repository/FSM1/Complete Egg Inspection/Page_JClient/div_222' is present

2018-11-12 09:14:25 - [TEST_STEP][PASSED] - click: Object: 'Object Repository/FSM1/Complete Egg Inspection/Page_JClient/div_Business TypeAUCTION MARKE' is clicked on

2018-11-12 09:14:25 - [MESSAGE][PASSED] - Object: 'Object Repository/FSM1/Complete Egg Inspection/Page_JClient/div_Business TypeAUCTION MARKE' is clicked on

2018-11-12 09:14:25 - [TEST_STEP][NOT_RUN] - click: NOT_RUN: click

2018-11-12 09:14:25 - [MESSAGE][NOT_RUN] - NOT_RUN: click

2018-11-12 09:14:25 - [TEST_STEP][PASSED] - setText: Text '99/888/7777' is set on object 'Object Repository/FSM1/Complete Egg Inspection/Page_JClient/input_gwt-TextBox GKH2EKQBOHC (1)'

2018-11-12 09:14:25 - [MESSAGE][PASSED] - Text '99/888/7777' is set on object 'Object Repository/FSM1/Complete Egg Inspection/Page_JClient/input_gwt-TextBox GKH2EKQBOHC (1)'

2018-11-12 09:14:25 - [TEST_STEP][PASSED] - delay: Delayed 3 second(s)

2018-11-12 09:14:28 - [MESSAGE][PASSED] - Delayed 3 second(s)

2018-11-12 09:14:28 - [TEST_STEP][NOT_RUN] - check: NOT_RUN: check

2018-11-12 09:14:28 - [MESSAGE][NOT_RUN] - NOT_RUN: check

2018-11-12 09:14:28 - [TEST_STEP][NOT_RUN] - setText: NOT_RUN: setText

2018-11-12 09:14:28 - [MESSAGE][NOT_RUN] - NOT_RUN: setText

2018-11-12 09:14:28 - [TEST_STEP][NOT_RUN] - setText: NOT_RUN: setText

2018-11-12 09:14:28 - [MESSAGE][NOT_RUN] - NOT_RUN: setText

2018-11-12 09:14:28 - [TEST_STEP][NOT_RUN] - sendKeys: NOT_RUN: sendKeys

2018-11-12 09:14:28 - [MESSAGE][NOT_RUN] - NOT_RUN: sendKeys

2018-11-12 09:14:28 - [TEST_STEP][NOT_RUN] - setText: NOT_RUN: setText

2018-11-12 09:14:28 - [MESSAGE][NOT_RUN] - NOT_RUN: setText

2018-11-12 09:14:28 - [TEST_STEP][PASSED] - setText: Text 'Egg Automation' is set on object 'Object Repository/FSM1/Complete Egg Inspection/Edit Job Details/Page_JClient/TradingName'

2018-11-12 09:14:29 - [MESSAGE][PASSED] - Text 'Egg Automation' is set on object 'Object Repository/FSM1/Complete Egg Inspection/Edit Job Details/Page_JClient/TradingName'

2018-11-12 09:14:29 - [TEST_STEP][PASSED] - click: Object: 'Object Repository/FSM1/Complete Egg Inspection/Edit Job Details/Page_JClient (6)/EggThroughput' is clicked on

2018-11-12 09:14:29 - [MESSAGE][PASSED] - Object: 'Object Repository/FSM1/Complete Egg Inspection/Edit Job Details/Page_JClient (6)/EggThroughput' is clicked on

2018-11-12 09:14:29 - [TEST_STEP][PASSED] - delay: Delayed 2 second(s)

2018-11-12 09:14:31 - [MESSAGE][PASSED] - Delayed 2 second(s)

2018-11-12 09:14:31 - [TEST_STEP][PASSED] - setText: Text '100' is set on object 'Object Repository/FSM1/Complete Egg Inspection/EggThroughput/Page_JClient/input_gwt-DoubleBox GKH2EKQBOH'

2018-11-12 09:14:31 - [MESSAGE][PASSED] - Text '100' is set on object 'Object Repository/FSM1/Complete Egg Inspection/EggThroughput/Page_JClient/input_gwt-DoubleBox GKH2EKQBOH'

2018-11-12 09:14:31 - [TEST_STEP][PASSED] - setText: Text '90' is set on object 'Object Repository/FSM1/Complete Egg Inspection/Edit Job Details/Page_JClient (2)/PackerRegularFreeRange'

2018-11-12 09:14:31 - [MESSAGE][PASSED] - Text '90' is set on object 'Object Repository/FSM1/Complete Egg Inspection/Edit Job Details/Page_JClient (2)/PackerRegularFreeRange'

2018-11-12 09:14:31 - [TEST_STEP][PASSED] - setText: Text '80' is set on object 'Object Repository/FSM1/Complete Egg Inspection/Edit Job Details/Page_JClient (2)/PackerRegularBarn'

2018-11-12 09:14:32 - [MESSAGE][PASSED] - Text '80' is set on object 'Object Repository/FSM1/Complete Egg Inspection/Edit Job Details/Page_JClient (2)/PackerRegularBarn'

2018-11-12 09:14:32 - [TEST_STEP][PASSED] - setText: Text '70' is set on object 'Object Repository/FSM1/Complete Egg Inspection/Edit Job Details/Page_JClient (2)/PackerRegularCageEnriched'

2018-11-12 09:14:32 - [MESSAGE][PASSED] - Text '70' is set on object 'Object Repository/FSM1/Complete Egg Inspection/Edit Job Details/Page_JClient (2)/PackerRegularCageEnriched'

2018-11-12 09:14:32 - [TEST_STEP][PASSED] - setText: Text '60' is set on object 'Object Repository/FSM1/Complete Egg Inspection/Edit Job Details/Page_JClient (2)/PackerImporterOrganic'

2018-11-12 09:14:32 - [MESSAGE][PASSED] - Text '60' is set on object 'Object Repository/FSM1/Complete Egg Inspection/Edit Job Details/Page_JClient (2)/PackerImporterOrganic'

2018-11-12 09:14:32 - [TEST_STEP][PASSED] - setText: Text '70' is set on object 'Object Repository/FSM1/Complete Egg Inspection/Edit Job Details/Page_JClient (2)/PackerImporterFreeRange'

2018-11-12 09:14:32 - [MESSAGE][PASSED] - Text '70' is set on object 'Object Repository/FSM1/Complete Egg Inspection/Edit Job Details/Page_JClient (2)/PackerImporterFreeRange'

2018-11-12 09:14:32 - [TEST_STEP][PASSED] - setText: Text '50' is set on object 'Object Repository/FSM1/Complete Egg Inspection/Edit Job Details/Page_JClient (2)/PackerImporterBarn'

2018-11-12 09:14:33 - [MESSAGE][PASSED] - Text '50' is set on object 'Object Repository/FSM1/Complete Egg Inspection/Edit Job Details/Page_JClient (2)/PackerImporterBarn'

2018-11-12 09:14:33 - [TEST_STEP][PASSED] - setText: Text '50' is set on object 'Object Repository/FSM1/Complete Egg Inspection/Edit Job Details/Page_JClient (2)/PackerImporterCageEnriched'

2018-11-12 09:14:33 - [MESSAGE][PASSED] - Text '50' is set on object 'Object Repository/FSM1/Complete Egg Inspection/Edit Job Details/Page_JClient (2)/PackerImporterCageEnriched'

2018-11-12 09:14:33 - [TEST_STEP][PASSED] - setText: Text '11' is set on object 'Object Repository/FSM1/Complete Egg Inspection/Edit Job Details/Page_JClient (2)/ThroughputChangedUK'

2018-11-12 09:14:33 - [MESSAGE][PASSED] - Text '11' is set on object 'Object Repository/FSM1/Complete Egg Inspection/Edit Job Details/Page_JClient (2)/ThroughputChangedUK'

2018-11-12 09:14:33 - [TEST_STEP][PASSED] - setText: Text '12' is set on object 'Object Repository/FSM1/Complete Egg Inspection/Edit Job Details/Page_JClient (2)/ThroughputChangedImported'

2018-11-12 09:14:33 - [MESSAGE][PASSED] - Text '12' is set on object 'Object Repository/FSM1/Complete Egg Inspection/Edit Job Details/Page_JClient (2)/ThroughputChangedImported'

2018-11-12 09:14:33 - [TEST_STEP][PASSED] - selectOptionByValue: All options with value 'COMPLIANCE' are selected in object 'Object Repository/FSM1/Complete Egg Inspection/Page_JClient/select_Compliance (Schedule  A'  using regular expression

2018-11-12 09:14:34 - [MESSAGE][PASSED] - All options with value 'COMPLIANCE' are selected in object 'Object Repository/FSM1/Complete Egg Inspection/Page_JClient/select_Compliance (Schedule  A'  using regular expression

2018-11-12 09:14:34 - [TEST_STEP][PASSED] - setText: Text '9' is set on object 'Object Repository/FSM1/Complete Egg Inspection/Edit Job Details/Page_JClient (2)/WholeSalerRegularOrganic'

2018-11-12 09:14:34 - [MESSAGE][PASSED] - Text '9' is set on object 'Object Repository/FSM1/Complete Egg Inspection/Edit Job Details/Page_JClient (2)/WholeSalerRegularOrganic'

2018-11-12 09:14:34 - [TEST_STEP][PASSED] - setText: Text '8' is set on object 'Object Repository/FSM1/Complete Egg Inspection/Edit Job Details/Page_JClient (2)/WholeSalerRegularFreeRange'

2018-11-12 09:14:34 - [MESSAGE][PASSED] - Text '8' is set on object 'Object Repository/FSM1/Complete Egg Inspection/Edit Job Details/Page_JClient (2)/WholeSalerRegularFreeRange'

2018-11-12 09:14:34 - [TEST_STEP][PASSED] - setText: Text '7' is set on object 'Object Repository/FSM1/Complete Egg Inspection/Edit Job Details/Page_JClient (2)/WholeSalerRegularBarn'

2018-11-12 09:14:35 - [MESSAGE][PASSED] - Text '7' is set on object 'Object Repository/FSM1/Complete Egg Inspection/Edit Job Details/Page_JClient (2)/WholeSalerRegularBarn'

2018-11-12 09:14:35 - [TEST_STEP][PASSED] - click: Object: 'Object Repository/FSM1/Complete Egg Inspection/Signatures/Page_JClient (1)/div_Signatures  Remarks' is clicked on

2018-11-12 09:14:35 - [MESSAGE][PASSED] - Object: 'Object Repository/FSM1/Complete Egg Inspection/Signatures/Page_JClient (1)/div_Signatures  Remarks' is clicked on

2018-11-12 09:14:35 - [TEST_STEP][PASSED] - delay: Delayed 2 second(s)

2018-11-12 09:14:37 - [MESSAGE][PASSED] - Delayed 2 second(s)

2018-11-12 09:14:37 - [TEST_STEP][PASSED] - click: Object: 'Object Repository/FSM1/Complete Egg Inspection/Signatures/Page_JClient (4)/InspectorSignature1' is clicked on

2018-11-12 09:14:37 - [MESSAGE][PASSED] - Object: 'Object Repository/FSM1/Complete Egg Inspection/Signatures/Page_JClient (4)/InspectorSignature1' is clicked on

2018-11-12 09:14:37 - [TEST_STEP][PASSED] - click: Object: 'Object Repository/FSM1/Complete Egg Inspection/Signatures/Page_JClient (1)/div_My JobsLast updated 1518Da' is clicked on

2018-11-12 09:14:39 - [MESSAGE][PASSED] - Object: 'Object Repository/FSM1/Complete Egg Inspection/Signatures/Page_JClient (1)/div_My JobsLast updated 1518Da' is clicked on

2018-11-12 09:14:39 - [TEST_STEP][PASSED] - delay: Delayed 3 second(s)

2018-11-12 09:14:42 - [MESSAGE][PASSED] - Delayed 3 second(s)

2018-11-12 09:14:42 - [TEST_STEP][PASSED] - click: Object: 'Object Repository/FSM1/Complete Egg Inspection/Signatures/Page_JClient (3)/RecipientSignature' is clicked on

2018-11-12 09:14:42 - [MESSAGE][PASSED] - Object: 'Object Repository/FSM1/Complete Egg Inspection/Signatures/Page_JClient (3)/RecipientSignature' is clicked on

2018-11-12 09:14:42 - [TEST_STEP][PASSED] - click: Object: 'Object Repository/FSM1/Complete Egg Inspection/Signatures/Page_JClient (1)/div_My JobsLast updated 1518Da' is clicked on

2018-11-12 09:14:43 - [MESSAGE][PASSED] - Object: 'Object Repository/FSM1/Complete Egg Inspection/Signatures/Page_JClient (1)/div_My JobsLast updated 1518Da' is clicked on

2018-11-12 09:14:43 - [TEST_STEP][PASSED] - delay: Delayed 5 second(s)

2018-11-12 09:14:48 - [MESSAGE][PASSED] - Delayed 5 second(s)

2018-11-12 09:14:48 - [TEST_STEP][PASSED] - setText: Text 'Test Automation' is set on object 'Object Repository/FSM1/Complete Egg Inspection/Signatures/Page_JClient (6)/RecipientName2'

2018-11-12 09:14:49 - [MESSAGE][PASSED] - Text 'Test Automation' is set on object 'Object Repository/FSM1/Complete Egg Inspection/Signatures/Page_JClient (6)/RecipientName2'

2018-11-12 09:14:49 - [TEST_STEP][PASSED] - click: Object: 'Object Repository/FSM1/Complete Egg Inspection/Signatures/Page_JClient (8)/label_Business Owner' is clicked on

2018-11-12 09:14:49 - [MESSAGE][PASSED] - Object: 'Object Repository/FSM1/Complete Egg Inspection/Signatures/Page_JClient (8)/label_Business Owner' is clicked on

2018-11-12 09:14:49 - [TEST_STEP][PASSED] - delay: Delayed 2 second(s)

2018-11-12 09:14:51 - [MESSAGE][PASSED] - Delayed 2 second(s)

2018-11-12 09:14:51 - [TEST_STEP][PASSED] - click: Object: 'Object Repository/FSM1/Complete Egg Inspection/Signatures/Page_JClient (10)/Save' is clicked on

2018-11-12 09:14:51 - [MESSAGE][PASSED] - Object: 'Object Repository/FSM1/Complete Egg Inspection/Signatures/Page_JClient (10)/Save' is clicked on

2018-11-12 09:14:51 - [TEST_STEP][PASSED] - delay: Delayed 3 second(s)

2018-11-12 09:14:54 - [MESSAGE][PASSED] - Delayed 3 second(s)

2018-11-12 09:14:54 - [TEST_STEP][PASSED] - click: Object: 'Object Repository/FSM1/Complete Egg Inspection/Edit Job Details/Page_JClient (7)/div_Save_edit_details' is clicked on

2018-11-12 09:14:55 - [MESSAGE][PASSED] - Object: 'Object Repository/FSM1/Complete Egg Inspection/Edit Job Details/Page_JClient (7)/div_Save_edit_details' is clicked on

2018-11-12 09:14:55 - [TEST_STEP][PASSED] - delay: Delayed 2 second(s)

2018-11-12 09:14:57 - [MESSAGE][PASSED] - Delayed 2 second(s)]]></system-out>
         <system-err><![CDATA[]]></system-err>
      </testcase>
      <testcase name="Test Cases/EMI/Complete EMI Inspection - Data Capture" classname="Test Cases/EMI/Complete EMI Inspection - Data Capture" status="FAILED">
         <failure type="FAILED" message="(Stack trace: com.kms.katalon.core.exception.StepFailedException: Unable to click on object 'Object Repository/FSM1/PreProd/Page_JClient/CreateButton' (Root cause: org.openqa.selenium.ElementNotVisibleException: element not visible
  (Session info: chrome=70.0.3538.102)
  (Driver info: chromedriver=2.35.528161 (5b82f2d2aae0ca24b877009200ced9065a772e73),platform=Windows NT 10.0.14393 x86_64) (WARNING: The server did not provide any stacktrace information)
Command duration or timeout: 0 milliseconds
Build info: version: '3.7.1', revision: '8a0099a', time: '2017-11-06T21:07:36.161Z'
System info: host: 'SNDFSMINFSRV001', ip: '10.201.1.17', os.name: 'Windows Server 2016', os.arch: 'amd64', os.version: '10.0', java.version: '1.8.0_181'
Driver info: com.kms.katalon.selenium.driver.CChromeDriver
Capabilities {acceptInsecureCerts: false, acceptSslCerts: false, applicationCacheEnabled: false, browserConnectionEnabled: false, browserName: chrome, chrome: {chromedriverVersion: 2.35.528161 (5b82f2d2aae0ca..., userDataDir: C:\Users\JHATFI~1\AppData\L...}, cssSelectorsEnabled: true, databaseEnabled: false, handlesAlerts: true, hasTouchScreen: false, javascriptEnabled: true, locationContextEnabled: true, mobileEmulationEnabled: false, nativeEvents: true, networkConnectionEnabled: false, pageLoadStrategy: normal, platform: XP, platformName: XP, rotatable: false, setWindowRect: true, takesHeapSnapshot: true, takesScreenshot: true, unexpectedAlertBehaviour: , unhandledPromptBehavior: , version: 70.0.3538.102, webStorageEnabled: true}
Session ID: 1ad12b2c948d109c0d160c88986c9beb)
	at com.kms.katalon.core.keyword.internal.KeywordMain.stepFailed(KeywordMain.groovy:36)
	at com.kms.katalon.core.webui.keyword.internal.WebUIKeywordMain.stepFailed(WebUIKeywordMain.groovy:65)
	at com.kms.katalon.core.webui.keyword.internal.WebUIKeywordMain.runKeyword(WebUIKeywordMain.groovy:27)
	at com.kms.katalon.core.webui.keyword.builtin.ClickKeyword.click(ClickKeyword.groovy:86)
	at com.kms.katalon.core.webui.keyword.builtin.ClickKeyword.execute(ClickKeyword.groovy:67)
	at com.kms.katalon.core.keyword.internal.KeywordExecutor.executeKeywordForPlatform(KeywordExecutor.groovy:53)
	at com.kms.katalon.core.webui.keyword.WebUiBuiltInKeywords.click(WebUiBuiltInKeywords.groovy:616)
	at com.kms.katalon.core.webui.keyword.WebUiBuiltInKeywords$click$2.call(Unknown Source)
	at org.codehaus.groovy.runtime.callsite.CallSiteArray.defaultCall(CallSiteArray.java:48)
	at org.codehaus.groovy.runtime.callsite.AbstractCallSite.call(AbstractCallSite.java:113)
	at org.codehaus.groovy.runtime.callsite.AbstractCallSite.call(AbstractCallSite.java:125)
	at Script1531899201564.run(Script1531899201564.groovy:28)
	at com.kms.katalon.core.main.ScriptEngine.run(ScriptEngine.java:183)
	at com.kms.katalon.core.main.ScriptEngine.runScriptAsRawText(ScriptEngine.java:108)
	at com.kms.katalon.core.main.TestCaseExecutor.runScript(TestCaseExecutor.java:294)
	at com.kms.katalon.core.main.TestCaseExecutor.doExecute(TestCaseExecutor.java:285)
	at com.kms.katalon.core.main.TestCaseExecutor.processExecutionPhase(TestCaseExecutor.java:264)
	at com.kms.katalon.core.main.TestCaseExecutor.accessMainPhase(TestCaseExecutor.java:256)
	at com.kms.katalon.core.main.TestCaseExecutor.execute(TestCaseExecutor.java:200)
	at com.kms.katalon.core.main.TestSuiteExecutor.accessTestCaseMainPhase(TestSuiteExecutor.java:129)
	at com.kms.katalon.core.main.TestSuiteExecutor.accessTestSuiteMainPhase(TestSuiteExecutor.java:112)
	at com.kms.katalon.core.main.TestSuiteExecutor.execute(TestSuiteExecutor.java:81)
	at com.kms.katalon.core.main.TestCaseMain.startTestSuite(TestCaseMain.java:142)
	at com.kms.katalon.core.main.TestCaseMain$startTestSuite$0.call(Unknown Source)
	at org.codehaus.groovy.runtime.callsite.CallSiteArray.defaultCall(CallSiteArray.java:48)
	at org.codehaus.groovy.runtime.callsite.AbstractCallSite.call(AbstractCallSite.java:113)
	at org.codehaus.groovy.runtime.callsite.AbstractCallSite.call(AbstractCallSite.java:141)
	at TempTestSuite1542013710117.run(TempTestSuite1542013710117.groovy:36)
	at groovy.lang.GroovyShell.runScriptOrMainOrTestOrRunnable(GroovyShell.java:263)
	at groovy.lang.GroovyShell.run(GroovyShell.java:518)
	at groovy.lang.GroovyShell.run(GroovyShell.java:507)
	at groovy.ui.GroovyMain.processOnce(GroovyMain.java:653)
	at groovy.ui.GroovyMain.run(GroovyMain.java:384)
	at groovy.ui.GroovyMain.process(GroovyMain.java:370)
	at groovy.ui.GroovyMain.processArgs(GroovyMain.java:129)
	at groovy.ui.GroovyMain.main(GroovyMain.java:109)
	at sun.reflect.NativeMethodAccessorImpl.invoke0(Native Method)
	at sun.reflect.NativeMethodAccessorImpl.invoke(NativeMethodAccessorImpl.java:62)
	at sun.reflect.DelegatingMethodAccessorImpl.invoke(DelegatingMethodAccessorImpl.java:43)
	at java.lang.reflect.Method.invoke(Method.java:498)
	at org.codehaus.groovy.tools.GroovyStarter.rootLoader(GroovyStarter.java:109)
	at org.codehaus.groovy.tools.GroovyStarter.main(GroovyStarter.java:131)
)"/>
         <system-out><![CDATA[2018-11-12 09:14:57 - [TEST_CASE][FAILED] - Test Cases/EMI/Complete EMI Inspection - Data Capture: Test Cases/EMI/Complete EMI Inspection - Data Capture FAILED because (of) (Stack trace: com.kms.katalon.core.exception.StepFailedException: Unable to click on object 'Object Repository/FSM1/PreProd/Page_JClient/CreateButton' (Root cause: org.openqa.selenium.ElementNotVisibleException: element not visible
  (Session info: chrome=70.0.3538.102)
  (Driver info: chromedriver=2.35.528161 (5b82f2d2aae0ca24b877009200ced9065a772e73),platform=Windows NT 10.0.14393 x86_64) (WARNING: The server did not provide any stacktrace information)
Command duration or timeout: 0 milliseconds
Build info: version: '3.7.1', revision: '8a0099a', time: '2017-11-06T21:07:36.161Z'
System info: host: 'SNDFSMINFSRV001', ip: '10.201.1.17', os.name: 'Windows Server 2016', os.arch: 'amd64', os.version: '10.0', java.version: '1.8.0_181'
Driver info: com.kms.katalon.selenium.driver.CChromeDriver
Capabilities {acceptInsecureCerts: false, acceptSslCerts: false, applicationCacheEnabled: false, browserConnectionEnabled: false, browserName: chrome, chrome: {chromedriverVersion: 2.35.528161 (5b82f2d2aae0ca..., userDataDir: C:\Users\JHATFI~1\AppData\L...}, cssSelectorsEnabled: true, databaseEnabled: false, handlesAlerts: true, hasTouchScreen: false, javascriptEnabled: true, locationContextEnabled: true, mobileEmulationEnabled: false, nativeEvents: true, networkConnectionEnabled: false, pageLoadStrategy: normal, platform: XP, platformName: XP, rotatable: false, setWindowRect: true, takesHeapSnapshot: true, takesScreenshot: true, unexpectedAlertBehaviour: , unhandledPromptBehavior: , version: 70.0.3538.102, webStorageEnabled: true}
Session ID: 1ad12b2c948d109c0d160c88986c9beb)
	at com.kms.katalon.core.keyword.internal.KeywordMain.stepFailed(KeywordMain.groovy:36)
	at com.kms.katalon.core.webui.keyword.internal.WebUIKeywordMain.stepFailed(WebUIKeywordMain.groovy:65)
	at com.kms.katalon.core.webui.keyword.internal.WebUIKeywordMain.runKeyword(WebUIKeywordMain.groovy:27)
	at com.kms.katalon.core.webui.keyword.builtin.ClickKeyword.click(ClickKeyword.groovy:86)
	at com.kms.katalon.core.webui.keyword.builtin.ClickKeyword.execute(ClickKeyword.groovy:67)
	at com.kms.katalon.core.keyword.internal.KeywordExecutor.executeKeywordForPlatform(KeywordExecutor.groovy:53)
	at com.kms.katalon.core.webui.keyword.WebUiBuiltInKeywords.click(WebUiBuiltInKeywords.groovy:616)
	at com.kms.katalon.core.webui.keyword.WebUiBuiltInKeywords$click$2.call(Unknown Source)
	at org.codehaus.groovy.runtime.callsite.CallSiteArray.defaultCall(CallSiteArray.java:48)
	at org.codehaus.groovy.runtime.callsite.AbstractCallSite.call(AbstractCallSite.java:113)
	at org.codehaus.groovy.runtime.callsite.AbstractCallSite.call(AbstractCallSite.java:125)
	at Script1531899201564.run(Script1531899201564.groovy:28)
	at com.kms.katalon.core.main.ScriptEngine.run(ScriptEngine.java:183)
	at com.kms.katalon.core.main.ScriptEngine.runScriptAsRawText(ScriptEngine.java:108)
	at com.kms.katalon.core.main.TestCaseExecutor.runScript(TestCaseExecutor.java:294)
	at com.kms.katalon.core.main.TestCaseExecutor.doExecute(TestCaseExecutor.java:285)
	at com.kms.katalon.core.main.TestCaseExecutor.processExecutionPhase(TestCaseExecutor.java:264)
	at com.kms.katalon.core.main.TestCaseExecutor.accessMainPhase(TestCaseExecutor.java:256)
	at com.kms.katalon.core.main.TestCaseExecutor.execute(TestCaseExecutor.java:200)
	at com.kms.katalon.core.main.TestSuiteExecutor.accessTestCaseMainPhase(TestSuiteExecutor.java:129)
	at com.kms.katalon.core.main.TestSuiteExecutor.accessTestSuiteMainPhase(TestSuiteExecutor.java:112)
	at com.kms.katalon.core.main.TestSuiteExecutor.execute(TestSuiteExecutor.java:81)
	at com.kms.katalon.core.main.TestCaseMain.startTestSuite(TestCaseMain.java:142)
	at com.kms.katalon.core.main.TestCaseMain$startTestSuite$0.call(Unknown Source)
	at org.codehaus.groovy.runtime.callsite.CallSiteArray.defaultCall(CallSiteArray.java:48)
	at org.codehaus.groovy.runtime.callsite.AbstractCallSite.call(AbstractCallSite.java:113)
	at org.codehaus.groovy.runtime.callsite.AbstractCallSite.call(AbstractCallSite.java:141)
	at TempTestSuite1542013710117.run(TempTestSuite1542013710117.groovy:36)
	at groovy.lang.GroovyShell.runScriptOrMainOrTestOrRunnable(GroovyShell.java:263)
	at groovy.lang.GroovyShell.run(GroovyShell.java:518)
	at groovy.lang.GroovyShell.run(GroovyShell.java:507)
	at groovy.ui.GroovyMain.processOnce(GroovyMain.java:653)
	at groovy.ui.GroovyMain.run(GroovyMain.java:384)
	at groovy.ui.GroovyMain.process(GroovyMain.java:370)
	at groovy.ui.GroovyMain.processArgs(GroovyMain.java:129)
	at groovy.ui.GroovyMain.main(GroovyMain.java:109)
	at sun.reflect.NativeMethodAccessorImpl.invoke0(Native Method)
	at sun.reflect.NativeMethodAccessorImpl.invoke(NativeMethodAccessorImpl.java:62)
	at sun.reflect.DelegatingMethodAccessorImpl.invoke(DelegatingMethodAccessorImpl.java:43)
	at java.lang.reflect.Method.invoke(Method.java:498)
	at org.codehaus.groovy.tools.GroovyStarter.rootLoader(GroovyStarter.java:109)
	at org.codehaus.groovy.tools.GroovyStarter.main(GroovyStarter.java:131)
)

2018-11-12 09:14:57 - [TEST_STEP][PASSED] - click: Object: 'Object Repository/FSM1/Complete Egg Inspection/Data Capture/Page_JClient/div_Data Capture' is clicked on

2018-11-12 09:14:57 - [MESSAGE][PASSED] - Object: 'Object Repository/FSM1/Complete Egg Inspection/Data Capture/Page_JClient/div_Data Capture' is clicked on

2018-11-12 09:14:57 - [TEST_STEP][PASSED] - click: Object: 'Object Repository/FSM1/Complete Egg Inspection/Data Capture/Page_JClient/div_Packer' is clicked on

2018-11-12 09:14:58 - [MESSAGE][PASSED] - Object: 'Object Repository/FSM1/Complete Egg Inspection/Data Capture/Page_JClient/div_Packer' is clicked on

2018-11-12 09:14:58 - [TEST_STEP][FAILED] - click: Unable to click on object 'Object Repository/FSM1/PreProd/Page_JClient/CreateButton' (Root cause: org.openqa.selenium.ElementNotVisibleException: element not visible
  (Session info: chrome=70.0.3538.102)
  (Driver info: chromedriver=2.35.528161 (5b82f2d2aae0ca24b877009200ced9065a772e73),platform=Windows NT 10.0.14393 x86_64) (WARNING: The server did not provide any stacktrace information)
Command duration or timeout: 0 milliseconds
Build info: version: '3.7.1', revision: '8a0099a', time: '2017-11-06T21:07:36.161Z'
System info: host: 'SNDFSMINFSRV001', ip: '10.201.1.17', os.name: 'Windows Server 2016', os.arch: 'amd64', os.version: '10.0', java.version: '1.8.0_181'
Driver info: com.kms.katalon.selenium.driver.CChromeDriver
Capabilities {acceptInsecureCerts: false, acceptSslCerts: false, applicationCacheEnabled: false, browserConnectionEnabled: false, browserName: chrome, chrome: {chromedriverVersion: 2.35.528161 (5b82f2d2aae0ca..., userDataDir: C:\Users\JHATFI~1\AppData\L...}, cssSelectorsEnabled: true, databaseEnabled: false, handlesAlerts: true, hasTouchScreen: false, javascriptEnabled: true, locationContextEnabled: true, mobileEmulationEnabled: false, nativeEvents: true, networkConnectionEnabled: false, pageLoadStrategy: normal, platform: XP, platformName: XP, rotatable: false, setWindowRect: true, takesHeapSnapshot: true, takesScreenshot: true, unexpectedAlertBehaviour: , unhandledPromptBehavior: , version: 70.0.3538.102, webStorageEnabled: true}
Session ID: 1ad12b2c948d109c0d160c88986c9beb)

2018-11-12 09:15:00 - [MESSAGE][FAILED] - Unable to click on object 'Object Repository/FSM1/PreProd/Page_JClient/CreateButton' (Root cause: org.openqa.selenium.ElementNotVisibleException: element not visible
  (Session info: chrome=70.0.3538.102)
  (Driver info: chromedriver=2.35.528161 (5b82f2d2aae0ca24b877009200ced9065a772e73),platform=Windows NT 10.0.14393 x86_64) (WARNING: The server did not provide any stacktrace information)
Command duration or timeout: 0 milliseconds
Build info: version: '3.7.1', revision: '8a0099a', time: '2017-11-06T21:07:36.161Z'
System info: host: 'SNDFSMINFSRV001', ip: '10.201.1.17', os.name: 'Windows Server 2016', os.arch: 'amd64', os.version: '10.0', java.version: '1.8.0_181'
Driver info: com.kms.katalon.selenium.driver.CChromeDriver
Capabilities {acceptInsecureCerts: false, acceptSslCerts: false, applicationCacheEnabled: false, browserConnectionEnabled: false, browserName: chrome, chrome: {chromedriverVersion: 2.35.528161 (5b82f2d2aae0ca..., userDataDir: C:\Users\JHATFI~1\AppData\L...}, cssSelectorsEnabled: true, databaseEnabled: false, handlesAlerts: true, hasTouchScreen: false, javascriptEnabled: true, locationContextEnabled: true, mobileEmulationEnabled: false, nativeEvents: true, networkConnectionEnabled: false, pageLoadStrategy: normal, platform: XP, platformName: XP, rotatable: false, setWindowRect: true, takesHeapSnapshot: true, takesScreenshot: true, unexpectedAlertBehaviour: , unhandledPromptBehavior: , version: 70.0.3538.102, webStorageEnabled: true}
Session ID: 1ad12b2c948d109c0d160c88986c9beb)
[[ATTACHMENT|C:\\Users\\JHATFIELD\\git\\DEFRA-FSM_Automated_Regression_NEW\\Reports\\EMI\\EMI Regression\\20181112_090830\\1542014098950.png]]]]></system-out>
         <system-err><![CDATA[2018-11-12 09:14:57 - [TEST_CASE][FAILED] - Test Cases/EMI/Complete EMI Inspection - Data Capture: Test Cases/EMI/Complete EMI Inspection - Data Capture FAILED because (of) (Stack trace: com.kms.katalon.core.exception.StepFailedException: Unable to click on object 'Object Repository/FSM1/PreProd/Page_JClient/CreateButton' (Root cause: org.openqa.selenium.ElementNotVisibleException: element not visible
  (Session info: chrome=70.0.3538.102)
  (Driver info: chromedriver=2.35.528161 (5b82f2d2aae0ca24b877009200ced9065a772e73),platform=Windows NT 10.0.14393 x86_64) (WARNING: The server did not provide any stacktrace information)
Command duration or timeout: 0 milliseconds
Build info: version: '3.7.1', revision: '8a0099a', time: '2017-11-06T21:07:36.161Z'
System info: host: 'SNDFSMINFSRV001', ip: '10.201.1.17', os.name: 'Windows Server 2016', os.arch: 'amd64', os.version: '10.0', java.version: '1.8.0_181'
Driver info: com.kms.katalon.selenium.driver.CChromeDriver
Capabilities {acceptInsecureCerts: false, acceptSslCerts: false, applicationCacheEnabled: false, browserConnectionEnabled: false, browserName: chrome, chrome: {chromedriverVersion: 2.35.528161 (5b82f2d2aae0ca..., userDataDir: C:\Users\JHATFI~1\AppData\L...}, cssSelectorsEnabled: true, databaseEnabled: false, handlesAlerts: true, hasTouchScreen: false, javascriptEnabled: true, locationContextEnabled: true, mobileEmulationEnabled: false, nativeEvents: true, networkConnectionEnabled: false, pageLoadStrategy: normal, platform: XP, platformName: XP, rotatable: false, setWindowRect: true, takesHeapSnapshot: true, takesScreenshot: true, unexpectedAlertBehaviour: , unhandledPromptBehavior: , version: 70.0.3538.102, webStorageEnabled: true}
Session ID: 1ad12b2c948d109c0d160c88986c9beb)
	at com.kms.katalon.core.keyword.internal.KeywordMain.stepFailed(KeywordMain.groovy:36)
	at com.kms.katalon.core.webui.keyword.internal.WebUIKeywordMain.stepFailed(WebUIKeywordMain.groovy:65)
	at com.kms.katalon.core.webui.keyword.internal.WebUIKeywordMain.runKeyword(WebUIKeywordMain.groovy:27)
	at com.kms.katalon.core.webui.keyword.builtin.ClickKeyword.click(ClickKeyword.groovy:86)
	at com.kms.katalon.core.webui.keyword.builtin.ClickKeyword.execute(ClickKeyword.groovy:67)
	at com.kms.katalon.core.keyword.internal.KeywordExecutor.executeKeywordForPlatform(KeywordExecutor.groovy:53)
	at com.kms.katalon.core.webui.keyword.WebUiBuiltInKeywords.click(WebUiBuiltInKeywords.groovy:616)
	at com.kms.katalon.core.webui.keyword.WebUiBuiltInKeywords$click$2.call(Unknown Source)
	at org.codehaus.groovy.runtime.callsite.CallSiteArray.defaultCall(CallSiteArray.java:48)
	at org.codehaus.groovy.runtime.callsite.AbstractCallSite.call(AbstractCallSite.java:113)
	at org.codehaus.groovy.runtime.callsite.AbstractCallSite.call(AbstractCallSite.java:125)
	at Script1531899201564.run(Script1531899201564.groovy:28)
	at com.kms.katalon.core.main.ScriptEngine.run(ScriptEngine.java:183)
	at com.kms.katalon.core.main.ScriptEngine.runScriptAsRawText(ScriptEngine.java:108)
	at com.kms.katalon.core.main.TestCaseExecutor.runScript(TestCaseExecutor.java:294)
	at com.kms.katalon.core.main.TestCaseExecutor.doExecute(TestCaseExecutor.java:285)
	at com.kms.katalon.core.main.TestCaseExecutor.processExecutionPhase(TestCaseExecutor.java:264)
	at com.kms.katalon.core.main.TestCaseExecutor.accessMainPhase(TestCaseExecutor.java:256)
	at com.kms.katalon.core.main.TestCaseExecutor.execute(TestCaseExecutor.java:200)
	at com.kms.katalon.core.main.TestSuiteExecutor.accessTestCaseMainPhase(TestSuiteExecutor.java:129)
	at com.kms.katalon.core.main.TestSuiteExecutor.accessTestSuiteMainPhase(TestSuiteExecutor.java:112)
	at com.kms.katalon.core.main.TestSuiteExecutor.execute(TestSuiteExecutor.java:81)
	at com.kms.katalon.core.main.TestCaseMain.startTestSuite(TestCaseMain.java:142)
	at com.kms.katalon.core.main.TestCaseMain$startTestSuite$0.call(Unknown Source)
	at org.codehaus.groovy.runtime.callsite.CallSiteArray.defaultCall(CallSiteArray.java:48)
	at org.codehaus.groovy.runtime.callsite.AbstractCallSite.call(AbstractCallSite.java:113)
	at org.codehaus.groovy.runtime.callsite.AbstractCallSite.call(AbstractCallSite.java:141)
	at TempTestSuite1542013710117.run(TempTestSuite1542013710117.groovy:36)
	at groovy.lang.GroovyShell.runScriptOrMainOrTestOrRunnable(GroovyShell.java:263)
	at groovy.lang.GroovyShell.run(GroovyShell.java:518)
	at groovy.lang.GroovyShell.run(GroovyShell.java:507)
	at groovy.ui.GroovyMain.processOnce(GroovyMain.java:653)
	at groovy.ui.GroovyMain.run(GroovyMain.java:384)
	at groovy.ui.GroovyMain.process(GroovyMain.java:370)
	at groovy.ui.GroovyMain.processArgs(GroovyMain.java:129)
	at groovy.ui.GroovyMain.main(GroovyMain.java:109)
	at sun.reflect.NativeMethodAccessorImpl.invoke0(Native Method)
	at sun.reflect.NativeMethodAccessorImpl.invoke(NativeMethodAccessorImpl.java:62)
	at sun.reflect.DelegatingMethodAccessorImpl.invoke(DelegatingMethodAccessorImpl.java:43)
	at java.lang.reflect.Method.invoke(Method.java:498)
	at org.codehaus.groovy.tools.GroovyStarter.rootLoader(GroovyStarter.java:109)
	at org.codehaus.groovy.tools.GroovyStarter.main(GroovyStarter.java:131)
)]]></system-err>
      </testcase>
      <testcase name="Test Cases/EMI/Complete EMI Inspection - Completion Attributes" classname="Test Cases/EMI/Complete EMI Inspection - Completion Attributes" status="PASSED">
         <system-out><![CDATA[2018-11-12 09:15:00 - [TEST_CASE][PASSED] - Test Cases/EMI/Complete EMI Inspection - Completion Attributes: Test Cases/EMI/Complete EMI Inspection - Completion Attributes

2018-11-12 09:15:00 - [TEST_STEP][PASSED] - click: Object: 'Object Repository/FSM1/Complete Egg Inspection/CompletionAttributes/Page_JClient/div_STARTED (locked)' is clicked on

2018-11-12 09:15:01 - [MESSAGE][PASSED] - Object: 'Object Repository/FSM1/Complete Egg Inspection/CompletionAttributes/Page_JClient/div_STARTED (locked)' is clicked on

2018-11-12 09:15:01 - [TEST_STEP][PASSED] - delay: Delayed 2 second(s)

2018-11-12 09:15:03 - [MESSAGE][PASSED] - Delayed 2 second(s)

2018-11-12 09:15:03 - [TEST_STEP][PASSED] - click: Object: 'Object Repository/FSM1/Complete Egg Inspection/CompletionAttributes/Page_JClient/div_COMPLETED' is clicked on

2018-11-12 09:15:03 - [MESSAGE][PASSED] - Object: 'Object Repository/FSM1/Complete Egg Inspection/CompletionAttributes/Page_JClient/div_COMPLETED' is clicked on

2018-11-12 09:15:03 - [TEST_STEP][PASSED] - setText: Text '1' is set on object 'Object Repository/FSM1/Complete Egg Inspection/CompletionAttributes/Page_JClient/OrganicNumber'

2018-11-12 09:15:05 - [MESSAGE][PASSED] - Text '1' is set on object 'Object Repository/FSM1/Complete Egg Inspection/CompletionAttributes/Page_JClient/OrganicNumber'

2018-11-12 09:15:05 - [TEST_STEP][PASSED] - click: Object: 'Object Repository/FSM1/Complete Egg Inspection/CompletionAttributes/Page_JClient/FreeRangeNumber' is clicked on

2018-11-12 09:15:05 - [MESSAGE][PASSED] - Object: 'Object Repository/FSM1/Complete Egg Inspection/CompletionAttributes/Page_JClient/FreeRangeNumber' is clicked on

2018-11-12 09:15:05 - [TEST_STEP][PASSED] - click: Object: 'Object Repository/FSM1/Complete Egg Inspection/CompletionAttributes/Page_JClient/OrganicCompliant' is clicked on

2018-11-12 09:15:05 - [MESSAGE][PASSED] - Object: 'Object Repository/FSM1/Complete Egg Inspection/CompletionAttributes/Page_JClient/OrganicCompliant' is clicked on

2018-11-12 09:15:05 - [TEST_STEP][PASSED] - setText: Text '1' is set on object 'Object Repository/FSM1/Complete Egg Inspection/CompletionAttributes/Page_JClient/FreeRangeNumber1'

2018-11-12 09:15:05 - [MESSAGE][PASSED] - Text '1' is set on object 'Object Repository/FSM1/Complete Egg Inspection/CompletionAttributes/Page_JClient/FreeRangeNumber1'

2018-11-12 09:15:05 - [TEST_STEP][PASSED] - click: Object: 'Object Repository/FSM1/Complete Egg Inspection/CompletionAttributes/Page_JClient/BarnNumber' is clicked on

2018-11-12 09:15:05 - [MESSAGE][PASSED] - Object: 'Object Repository/FSM1/Complete Egg Inspection/CompletionAttributes/Page_JClient/BarnNumber' is clicked on

2018-11-12 09:15:05 - [TEST_STEP][PASSED] - click: Object: 'Object Repository/FSM1/Complete Egg Inspection/CompletionAttributes/Page_JClient/FreeRangeCompliant' is clicked on

2018-11-12 09:15:06 - [MESSAGE][PASSED] - Object: 'Object Repository/FSM1/Complete Egg Inspection/CompletionAttributes/Page_JClient/FreeRangeCompliant' is clicked on

2018-11-12 09:15:06 - [TEST_STEP][PASSED] - setText: Text '1' is set on object 'Object Repository/FSM1/Complete Egg Inspection/CompletionAttributes/Page_JClient/BarnNumber1'

2018-11-12 09:15:06 - [MESSAGE][PASSED] - Text '1' is set on object 'Object Repository/FSM1/Complete Egg Inspection/CompletionAttributes/Page_JClient/BarnNumber1'

2018-11-12 09:15:06 - [TEST_STEP][PASSED] - click: Object: 'Object Repository/FSM1/Complete Egg Inspection/CompletionAttributes/Page_JClient/CageEnriched' is clicked on

2018-11-12 09:15:06 - [MESSAGE][PASSED] - Object: 'Object Repository/FSM1/Complete Egg Inspection/CompletionAttributes/Page_JClient/CageEnriched' is clicked on

2018-11-12 09:15:06 - [TEST_STEP][PASSED] - click: Object: 'Object Repository/FSM1/Complete Egg Inspection/CompletionAttributes/Page_JClient/BarnNumberCompliant' is clicked on

2018-11-12 09:15:06 - [MESSAGE][PASSED] - Object: 'Object Repository/FSM1/Complete Egg Inspection/CompletionAttributes/Page_JClient/BarnNumberCompliant' is clicked on

2018-11-12 09:15:06 - [TEST_STEP][PASSED] - setText: Text '1' is set on object 'Object Repository/FSM1/Complete Egg Inspection/CompletionAttributes/Page_JClient/CageEnriched1'

2018-11-12 09:15:06 - [MESSAGE][PASSED] - Text '1' is set on object 'Object Repository/FSM1/Complete Egg Inspection/CompletionAttributes/Page_JClient/CageEnriched1'

2018-11-12 09:15:06 - [TEST_STEP][PASSED] - click: Object: 'Object Repository/FSM1/Complete Egg Inspection/CompletionAttributes/Page_JClient/VeterinaryRecords' is clicked on

2018-11-12 09:15:06 - [MESSAGE][PASSED] - Object: 'Object Repository/FSM1/Complete Egg Inspection/CompletionAttributes/Page_JClient/VeterinaryRecords' is clicked on

2018-11-12 09:15:06 - [TEST_STEP][PASSED] - click: Object: 'Object Repository/FSM1/Complete Egg Inspection/CompletionAttributes/Page_JClient/CageEnrichedCompliant' is clicked on

2018-11-12 09:15:07 - [MESSAGE][PASSED] - Object: 'Object Repository/FSM1/Complete Egg Inspection/CompletionAttributes/Page_JClient/CageEnrichedCompliant' is clicked on

2018-11-12 09:15:07 - [TEST_STEP][PASSED] - click: Object: 'Object Repository/FSM1/Complete Egg Inspection/CompletionAttributes/Page_JClient/VeterinaryMedical' is clicked on

2018-11-12 09:15:07 - [MESSAGE][PASSED] - Object: 'Object Repository/FSM1/Complete Egg Inspection/CompletionAttributes/Page_JClient/VeterinaryMedical' is clicked on

2018-11-12 09:15:07 - [TEST_STEP][PASSED] - click: Object: 'Object Repository/FSM1/Complete Egg Inspection/CompletionAttributes/Page_JClient/HygieneCompliant' is clicked on

2018-11-12 09:15:07 - [MESSAGE][PASSED] - Object: 'Object Repository/FSM1/Complete Egg Inspection/CompletionAttributes/Page_JClient/HygieneCompliant' is clicked on

2018-11-12 09:15:07 - [TEST_STEP][PASSED] - click: Object: 'Object Repository/FSM1/Complete Egg Inspection/CompletionAttributes/Page_JClient/WelfareCompliant' is clicked on

2018-11-12 09:15:07 - [MESSAGE][PASSED] - Object: 'Object Repository/FSM1/Complete Egg Inspection/CompletionAttributes/Page_JClient/WelfareCompliant' is clicked on

2018-11-12 09:15:07 - [TEST_STEP][PASSED] - click: Object: 'Object Repository/FSM1/Complete Egg Inspection/CompletionAttributes/Page_JClient/SalmonellaCompliant' is clicked on

2018-11-12 09:15:07 - [MESSAGE][PASSED] - Object: 'Object Repository/FSM1/Complete Egg Inspection/CompletionAttributes/Page_JClient/SalmonellaCompliant' is clicked on

2018-11-12 09:15:07 - [TEST_STEP][PASSED] - click: Object: 'Object Repository/FSM1/Complete Egg Inspection/CompletionAttributes/Page_JClient/VMDCompliant' is clicked on

2018-11-12 09:15:08 - [MESSAGE][PASSED] - Object: 'Object Repository/FSM1/Complete Egg Inspection/CompletionAttributes/Page_JClient/VMDCompliant' is clicked on

2018-11-12 09:15:08 - [TEST_STEP][PASSED] - click: Object: 'Object Repository/FSM1/Complete Egg Inspection/CompletionAttributes/Page_JClient/PremisesCompliant' is clicked on

2018-11-12 09:15:08 - [MESSAGE][PASSED] - Object: 'Object Repository/FSM1/Complete Egg Inspection/CompletionAttributes/Page_JClient/PremisesCompliant' is clicked on

2018-11-12 09:15:08 - [TEST_STEP][PASSED] - click: Object: 'Object Repository/FSM1/Complete Egg Inspection/CompletionAttributes/Page_JClient/PremisesTempCompliant' is clicked on

2018-11-12 09:15:08 - [MESSAGE][PASSED] - Object: 'Object Repository/FSM1/Complete Egg Inspection/CompletionAttributes/Page_JClient/PremisesTempCompliant' is clicked on

2018-11-12 09:15:08 - [TEST_STEP][PASSED] - click: Object: 'Object Repository/FSM1/Complete Egg Inspection/CompletionAttributes/Page_JClient/EquipmentCompliant' is clicked on

2018-11-12 09:15:08 - [MESSAGE][PASSED] - Object: 'Object Repository/FSM1/Complete Egg Inspection/CompletionAttributes/Page_JClient/EquipmentCompliant' is clicked on

2018-11-12 09:15:08 - [TEST_STEP][PASSED] - click: Object: 'Object Repository/FSM1/Complete Egg Inspection/CompletionAttributes/Page_JClient/QualityCompliant' is clicked on

2018-11-12 09:15:08 - [MESSAGE][PASSED] - Object: 'Object Repository/FSM1/Complete Egg Inspection/CompletionAttributes/Page_JClient/QualityCompliant' is clicked on

2018-11-12 09:15:08 - [TEST_STEP][PASSED] - click: Object: 'Object Repository/FSM1/Complete Egg Inspection/CompletionAttributes/Page_JClient/WeightGradingCompliant' is clicked on

2018-11-12 09:15:09 - [MESSAGE][PASSED] - Object: 'Object Repository/FSM1/Complete Egg Inspection/CompletionAttributes/Page_JClient/WeightGradingCompliant' is clicked on

2018-11-12 09:15:09 - [TEST_STEP][PASSED] - click: Object: 'Object Repository/FSM1/Complete Egg Inspection/CompletionAttributes/Page_JClient/ProductionCompliant' is clicked on

2018-11-12 09:15:09 - [MESSAGE][PASSED] - Object: 'Object Repository/FSM1/Complete Egg Inspection/CompletionAttributes/Page_JClient/ProductionCompliant' is clicked on

2018-11-12 09:15:09 - [TEST_STEP][PASSED] - click: Object: 'Object Repository/FSM1/Complete Egg Inspection/CompletionAttributes/Page_JClient/MarkingEggsCompliant' is clicked on

2018-11-12 09:15:09 - [MESSAGE][PASSED] - Object: 'Object Repository/FSM1/Complete Egg Inspection/CompletionAttributes/Page_JClient/MarkingEggsCompliant' is clicked on

2018-11-12 09:15:09 - [TEST_STEP][PASSED] - delay: Delayed 2 second(s)

2018-11-12 09:15:11 - [MESSAGE][PASSED] - Delayed 2 second(s)

2018-11-12 09:15:11 - [TEST_STEP][PASSED] - click: Object: 'Object Repository/FSM1/Complete Egg Inspection/CompletionAttributes/Page_JClient/LabellingCompliant1' is clicked on

2018-11-12 09:15:11 - [MESSAGE][PASSED] - Object: 'Object Repository/FSM1/Complete Egg Inspection/CompletionAttributes/Page_JClient/LabellingCompliant1' is clicked on

2018-11-12 09:15:11 - [TEST_STEP][PASSED] - selectOptionByValue: All options with value 'COMPLETED' are selected in object 'Object Repository/FSM1/Complete Egg Inspection/CompletionAttributes/Page_JClient/Page_JClient/Page_JClient/select_Yes'  using regular expression

2018-11-12 09:15:12 - [MESSAGE][PASSED] - All options with value 'COMPLETED' are selected in object 'Object Repository/FSM1/Complete Egg Inspection/CompletionAttributes/Page_JClient/Page_JClient/Page_JClient/select_Yes'  using regular expression

2018-11-12 09:15:12 - [TEST_STEP][PASSED] - click: Object: 'Object Repository/FSM1/Complete Egg Inspection/CompletionAttributes/Page_JClient/Page_JClient/div_Save' is clicked on

2018-11-12 09:15:12 - [MESSAGE][PASSED] - Object: 'Object Repository/FSM1/Complete Egg Inspection/CompletionAttributes/Page_JClient/Page_JClient/div_Save' is clicked on

2018-11-12 09:15:12 - [TEST_STEP][PASSED] - delay: Delayed 10 second(s)

2018-11-12 09:15:22 - [MESSAGE][PASSED] - Delayed 10 second(s)

2018-11-12 09:15:22 - [TEST_STEP][PASSED] - click: Object: 'Object Repository/FSM1/Complete Egg Inspection/CompletionAttributes/Page_JClient/CompletedOK' is clicked on

2018-11-12 09:15:22 - [MESSAGE][PASSED] - Object: 'Object Repository/FSM1/Complete Egg Inspection/CompletionAttributes/Page_JClient/CompletedOK' is clicked on

2018-11-12 09:15:22 - [TEST_STEP][PASSED] - delay: Delayed 30 second(s)

2018-11-12 09:15:52 - [MESSAGE][PASSED] - Delayed 30 second(s)]]></system-out>
         <system-err><![CDATA[]]></system-err>
      </testcase>
      <testcase name="Test Cases/Generic/Launch Job Manager Control Centre - Check Result" classname="Test Cases/Generic/Launch Job Manager Control Centre - Check Result" status="PASSED">
         <system-out><![CDATA[2018-11-12 09:15:52 - [TEST_CASE][PASSED] - Test Cases/Generic/Launch Job Manager Control Centre - Check Result: Test Cases/Generic/Launch Job Manager Control Centre - Check Result

2018-11-12 09:15:53 - [TEST_STEP][PASSED] - openBrowser: Browser is opened with url: ''

2018-11-12 09:15:53 - [MESSAGE][WARNING] - A browser is already opened. Closing browser and opening a new one

2018-11-12 09:15:56 - [MESSAGE][PASSED] - Browser is opened with url: ''

2018-11-12 09:15:56 - [TEST_STEP][PASSED] - navigateToUrl: Navigate to 'https://kirona-def-6.kirona.com/jmprep/login#!loginView' successfully

2018-11-12 09:15:57 - [MESSAGE][PASSED] - Navigate to 'https://kirona-def-6.kirona.com/jmprep/login#!loginView' successfully

2018-11-12 09:15:57 - [TEST_STEP][PASSED] - setText: Text 'jon.hatfield' is set on object 'Object Repository/FSM1/Control Centre/Page_Job Manager Login/input_gwt-uid-3'

2018-11-12 09:15:59 - [MESSAGE][PASSED] - Text 'jon.hatfield' is set on object 'Object Repository/FSM1/Control Centre/Page_Job Manager Login/input_gwt-uid-3'

2018-11-12 09:15:59 - [TEST_STEP][PASSED] - setText: Text 'Fr@nc1sJ0n' is set on object 'Object Repository/FSM1/Control Centre/Page_Job Manager Login/input_gwt-uid-5'

2018-11-12 09:16:00 - [MESSAGE][PASSED] - Text 'Fr@nc1sJ0n' is set on object 'Object Repository/FSM1/Control Centre/Page_Job Manager Login/input_gwt-uid-5'

2018-11-12 09:16:00 - [TEST_STEP][PASSED] - click: Object: 'Object Repository/FSM1/PreProd/Page_Job Manager Login/div_Login' is clicked on

2018-11-12 09:16:00 - [MESSAGE][PASSED] - Object: 'Object Repository/FSM1/PreProd/Page_Job Manager Login/div_Login' is clicked on

2018-11-12 09:16:00 - [TEST_STEP][PASSED] - delay: Delayed 5 second(s)

2018-11-12 09:16:05 - [MESSAGE][PASSED] - Delayed 5 second(s)]]></system-out>
         <system-err><![CDATA[]]></system-err>
      </testcase>
      <testcase name="Test Cases/EMI/Control Centre - Check Results - EMI" classname="Test Cases/EMI/Control Centre - Check Results - EMI" status="PASSED">
         <system-out><![CDATA[2018-11-12 09:16:05 - [TEST_CASE][PASSED] - Test Cases/EMI/Control Centre - Check Results - EMI: Test Cases/EMI/Control Centre - Check Results - EMI

2018-11-12 09:16:05 - [TEST_STEP][PASSED] - Statement - log = new com.kms.katalon.core.logging.KeywordLogger(): null

2018-11-12 09:16:05 - [TEST_STEP][PASSED] - setText: Text '88890' is set on object 'Object Repository/FSM1/EMI Check Results/Page_JM Control Centre/input_Recents_v-textfield v-wi'

2018-11-12 09:16:06 - [MESSAGE][PASSED] - Text '88890' is set on object 'Object Repository/FSM1/EMI Check Results/Page_JM Control Centre/input_Recents_v-textfield v-wi'

2018-11-12 09:16:06 - [TEST_STEP][PASSED] - click: Object: 'Object Repository/FSM1/EMI Check Results/Page_JM Control Centre/span_' is clicked on

2018-11-12 09:16:06 - [MESSAGE][PASSED] - Object: 'Object Repository/FSM1/EMI Check Results/Page_JM Control Centre/span_' is clicked on

2018-11-12 09:16:06 - [TEST_STEP][PASSED] - waitForElementPresent: Object 'Object Repository/FSM1/EMI Check Results/Page_JM Control Centre/div_CLOSED' is present

2018-11-12 09:16:11 - [MESSAGE][PASSED] - Object 'Object Repository/FSM1/EMI Check Results/Page_JM Control Centre/div_CLOSED' is present

2018-11-12 09:16:11 - [TEST_STEP][PASSED] - verifyElementPresent: Object 'Object Repository/FSM1/EMI Check Results/Page_JM Control Centre/Page_JM Control Centre/Page_JM Control Centre/Page_JM Control Centre/Page_JM Control Centre/div_Attachments_EMI Technical' is present

2018-11-12 09:16:11 - [MESSAGE][PASSED] - Object 'Object Repository/FSM1/EMI Check Results/Page_JM Control Centre/Page_JM Control Centre/Page_JM Control Centre/Page_JM Control Centre/Page_JM Control Centre/div_Attachments_EMI Technical' is present

2018-11-12 09:16:11 - [TEST_STEP][PASSED] - closeBrowser: Browser is closed

2018-11-12 09:16:12 - [MESSAGE][PASSED] - Browser is closed]]></system-out>
         <system-err><![CDATA[]]></system-err>
      </testcase>
      <system-out><![CDATA[2018-11-12 09:08:42 - [TEST_SUITE][FAILED] - EMI Regression: Test Cases/EMI/Complete EMI Inspection - Data Capture FAILED because (of) (Stack trace: com.kms.katalon.core.exception.StepFailedException: Unable to click on object 'Object Repository/FSM1/PreProd/Page_JClient/CreateButton' (Root cause: org.openqa.selenium.ElementNotVisibleException: element not visible
  (Session info: chrome=70.0.3538.102)
  (Driver info: chromedriver=2.35.528161 (5b82f2d2aae0ca24b877009200ced9065a772e73),platform=Windows NT 10.0.14393 x86_64) (WARNING: The server did not provide any stacktrace information)
Command duration or timeout: 0 milliseconds
Build info: version: '3.7.1', revision: '8a0099a', time: '2017-11-06T21:07:36.161Z'
System info: host: 'SNDFSMINFSRV001', ip: '10.201.1.17', os.name: 'Windows Server 2016', os.arch: 'amd64', os.version: '10.0', java.version: '1.8.0_181'
Driver info: com.kms.katalon.selenium.driver.CChromeDriver
Capabilities {acceptInsecureCerts: false, acceptSslCerts: false, applicationCacheEnabled: false, browserConnectionEnabled: false, browserName: chrome, chrome: {chromedriverVersion: 2.35.528161 (5b82f2d2aae0ca..., userDataDir: C:\Users\JHATFI~1\AppData\L...}, cssSelectorsEnabled: true, databaseEnabled: false, handlesAlerts: true, hasTouchScreen: false, javascriptEnabled: true, locationContextEnabled: true, mobileEmulationEnabled: false, nativeEvents: true, networkConnectionEnabled: false, pageLoadStrategy: normal, platform: XP, platformName: XP, rotatable: false, setWindowRect: true, takesHeapSnapshot: true, takesScreenshot: true, unexpectedAlertBehaviour: , unhandledPromptBehavior: , version: 70.0.3538.102, webStorageEnabled: true}
Session ID: 1ad12b2c948d109c0d160c88986c9beb)
	at com.kms.katalon.core.keyword.internal.KeywordMain.stepFailed(KeywordMain.groovy:36)
	at com.kms.katalon.core.webui.keyword.internal.WebUIKeywordMain.stepFailed(WebUIKeywordMain.groovy:65)
	at com.kms.katalon.core.webui.keyword.internal.WebUIKeywordMain.runKeyword(WebUIKeywordMain.groovy:27)
	at com.kms.katalon.core.webui.keyword.builtin.ClickKeyword.click(ClickKeyword.groovy:86)
	at com.kms.katalon.core.webui.keyword.builtin.ClickKeyword.execute(ClickKeyword.groovy:67)
	at com.kms.katalon.core.keyword.internal.KeywordExecutor.executeKeywordForPlatform(KeywordExecutor.groovy:53)
	at com.kms.katalon.core.webui.keyword.WebUiBuiltInKeywords.click(WebUiBuiltInKeywords.groovy:616)
	at com.kms.katalon.core.webui.keyword.WebUiBuiltInKeywords$click$2.call(Unknown Source)
	at org.codehaus.groovy.runtime.callsite.CallSiteArray.defaultCall(CallSiteArray.java:48)
	at org.codehaus.groovy.runtime.callsite.AbstractCallSite.call(AbstractCallSite.java:113)
	at org.codehaus.groovy.runtime.callsite.AbstractCallSite.call(AbstractCallSite.java:125)
	at Script1531899201564.run(Script1531899201564.groovy:28)
	at com.kms.katalon.core.main.ScriptEngine.run(ScriptEngine.java:183)
	at com.kms.katalon.core.main.ScriptEngine.runScriptAsRawText(ScriptEngine.java:108)
	at com.kms.katalon.core.main.TestCaseExecutor.runScript(TestCaseExecutor.java:294)
	at com.kms.katalon.core.main.TestCaseExecutor.doExecute(TestCaseExecutor.java:285)
	at com.kms.katalon.core.main.TestCaseExecutor.processExecutionPhase(TestCaseExecutor.java:264)
	at com.kms.katalon.core.main.TestCaseExecutor.accessMainPhase(TestCaseExecutor.java:256)
	at com.kms.katalon.core.main.TestCaseExecutor.execute(TestCaseExecutor.java:200)
	at com.kms.katalon.core.main.TestSuiteExecutor.accessTestCaseMainPhase(TestSuiteExecutor.java:129)
	at com.kms.katalon.core.main.TestSuiteExecutor.accessTestSuiteMainPhase(TestSuiteExecutor.java:112)
	at com.kms.katalon.core.main.TestSuiteExecutor.execute(TestSuiteExecutor.java:81)
	at com.kms.katalon.core.main.TestCaseMain.startTestSuite(TestCaseMain.java:142)
	at com.kms.katalon.core.main.TestCaseMain$startTestSuite$0.call(Unknown Source)
	at org.codehaus.groovy.runtime.callsite.CallSiteArray.defaultCall(CallSiteArray.java:48)
	at org.codehaus.groovy.runtime.callsite.AbstractCallSite.call(AbstractCallSite.java:113)
	at org.codehaus.groovy.runtime.callsite.AbstractCallSite.call(AbstractCallSite.java:141)
	at TempTestSuite1542013710117.run(TempTestSuite1542013710117.groovy:36)
	at groovy.lang.GroovyShell.runScriptOrMainOrTestOrRunnable(GroovyShell.java:263)
	at groovy.lang.GroovyShell.run(GroovyShell.java:518)
	at groovy.lang.GroovyShell.run(GroovyShell.java:507)
	at groovy.ui.GroovyMain.processOnce(GroovyMain.java:653)
	at groovy.ui.GroovyMain.run(GroovyMain.java:384)
	at groovy.ui.GroovyMain.process(GroovyMain.java:370)
	at groovy.ui.GroovyMain.processArgs(GroovyMain.java:129)
	at groovy.ui.GroovyMain.main(GroovyMain.java:109)
	at sun.reflect.NativeMethodAccessorImpl.invoke0(Native Method)
	at sun.reflect.NativeMethodAccessorImpl.invoke(NativeMethodAccessorImpl.java:62)
	at sun.reflect.DelegatingMethodAccessorImpl.invoke(DelegatingMethodAccessorImpl.java:43)
	at java.lang.reflect.Method.invoke(Method.java:498)
	at org.codehaus.groovy.tools.GroovyStarter.rootLoader(GroovyStarter.java:109)
	at org.codehaus.groovy.tools.GroovyStarter.main(GroovyStarter.java:131)
)]]></system-out>
      <system-err><![CDATA[2018-11-12 09:08:42 - [TEST_SUITE][FAILED] - EMI Regression: Test Cases/EMI/Complete EMI Inspection - Data Capture FAILED because (of) (Stack trace: com.kms.katalon.core.exception.StepFailedException: Unable to click on object 'Object Repository/FSM1/PreProd/Page_JClient/CreateButton' (Root cause: org.openqa.selenium.ElementNotVisibleException: element not visible
  (Session info: chrome=70.0.3538.102)
  (Driver info: chromedriver=2.35.528161 (5b82f2d2aae0ca24b877009200ced9065a772e73),platform=Windows NT 10.0.14393 x86_64) (WARNING: The server did not provide any stacktrace information)
Command duration or timeout: 0 milliseconds
Build info: version: '3.7.1', revision: '8a0099a', time: '2017-11-06T21:07:36.161Z'
System info: host: 'SNDFSMINFSRV001', ip: '10.201.1.17', os.name: 'Windows Server 2016', os.arch: 'amd64', os.version: '10.0', java.version: '1.8.0_181'
Driver info: com.kms.katalon.selenium.driver.CChromeDriver
Capabilities {acceptInsecureCerts: false, acceptSslCerts: false, applicationCacheEnabled: false, browserConnectionEnabled: false, browserName: chrome, chrome: {chromedriverVersion: 2.35.528161 (5b82f2d2aae0ca..., userDataDir: C:\Users\JHATFI~1\AppData\L...}, cssSelectorsEnabled: true, databaseEnabled: false, handlesAlerts: true, hasTouchScreen: false, javascriptEnabled: true, locationContextEnabled: true, mobileEmulationEnabled: false, nativeEvents: true, networkConnectionEnabled: false, pageLoadStrategy: normal, platform: XP, platformName: XP, rotatable: false, setWindowRect: true, takesHeapSnapshot: true, takesScreenshot: true, unexpectedAlertBehaviour: , unhandledPromptBehavior: , version: 70.0.3538.102, webStorageEnabled: true}
Session ID: 1ad12b2c948d109c0d160c88986c9beb)
	at com.kms.katalon.core.keyword.internal.KeywordMain.stepFailed(KeywordMain.groovy:36)
	at com.kms.katalon.core.webui.keyword.internal.WebUIKeywordMain.stepFailed(WebUIKeywordMain.groovy:65)
	at com.kms.katalon.core.webui.keyword.internal.WebUIKeywordMain.runKeyword(WebUIKeywordMain.groovy:27)
	at com.kms.katalon.core.webui.keyword.builtin.ClickKeyword.click(ClickKeyword.groovy:86)
	at com.kms.katalon.core.webui.keyword.builtin.ClickKeyword.execute(ClickKeyword.groovy:67)
	at com.kms.katalon.core.keyword.internal.KeywordExecutor.executeKeywordForPlatform(KeywordExecutor.groovy:53)
	at com.kms.katalon.core.webui.keyword.WebUiBuiltInKeywords.click(WebUiBuiltInKeywords.groovy:616)
	at com.kms.katalon.core.webui.keyword.WebUiBuiltInKeywords$click$2.call(Unknown Source)
	at org.codehaus.groovy.runtime.callsite.CallSiteArray.defaultCall(CallSiteArray.java:48)
	at org.codehaus.groovy.runtime.callsite.AbstractCallSite.call(AbstractCallSite.java:113)
	at org.codehaus.groovy.runtime.callsite.AbstractCallSite.call(AbstractCallSite.java:125)
	at Script1531899201564.run(Script1531899201564.groovy:28)
	at com.kms.katalon.core.main.ScriptEngine.run(ScriptEngine.java:183)
	at com.kms.katalon.core.main.ScriptEngine.runScriptAsRawText(ScriptEngine.java:108)
	at com.kms.katalon.core.main.TestCaseExecutor.runScript(TestCaseExecutor.java:294)
	at com.kms.katalon.core.main.TestCaseExecutor.doExecute(TestCaseExecutor.java:285)
	at com.kms.katalon.core.main.TestCaseExecutor.processExecutionPhase(TestCaseExecutor.java:264)
	at com.kms.katalon.core.main.TestCaseExecutor.accessMainPhase(TestCaseExecutor.java:256)
	at com.kms.katalon.core.main.TestCaseExecutor.execute(TestCaseExecutor.java:200)
	at com.kms.katalon.core.main.TestSuiteExecutor.accessTestCaseMainPhase(TestSuiteExecutor.java:129)
	at com.kms.katalon.core.main.TestSuiteExecutor.accessTestSuiteMainPhase(TestSuiteExecutor.java:112)
	at com.kms.katalon.core.main.TestSuiteExecutor.execute(TestSuiteExecutor.java:81)
	at com.kms.katalon.core.main.TestCaseMain.startTestSuite(TestCaseMain.java:142)
	at com.kms.katalon.core.main.TestCaseMain$startTestSuite$0.call(Unknown Source)
	at org.codehaus.groovy.runtime.callsite.CallSiteArray.defaultCall(CallSiteArray.java:48)
	at org.codehaus.groovy.runtime.callsite.AbstractCallSite.call(AbstractCallSite.java:113)
	at org.codehaus.groovy.runtime.callsite.AbstractCallSite.call(AbstractCallSite.java:141)
	at TempTestSuite1542013710117.run(TempTestSuite1542013710117.groovy:36)
	at groovy.lang.GroovyShell.runScriptOrMainOrTestOrRunnable(GroovyShell.java:263)
	at groovy.lang.GroovyShell.run(GroovyShell.java:518)
	at groovy.lang.GroovyShell.run(GroovyShell.java:507)
	at groovy.ui.GroovyMain.processOnce(GroovyMain.java:653)
	at groovy.ui.GroovyMain.run(GroovyMain.java:384)
	at groovy.ui.GroovyMain.process(GroovyMain.java:370)
	at groovy.ui.GroovyMain.processArgs(GroovyMain.java:129)
	at groovy.ui.GroovyMain.main(GroovyMain.java:109)
	at sun.reflect.NativeMethodAccessorImpl.invoke0(Native Method)
	at sun.reflect.NativeMethodAccessorImpl.invoke(NativeMethodAccessorImpl.java:62)
	at sun.reflect.DelegatingMethodAccessorImpl.invoke(DelegatingMethodAccessorImpl.java:43)
	at java.lang.reflect.Method.invoke(Method.java:498)
	at org.codehaus.groovy.tools.GroovyStarter.rootLoader(GroovyStarter.java:109)
	at org.codehaus.groovy.tools.GroovyStarter.main(GroovyStarter.java:131)
)]]></system-err>
   </testsuite>
</testsuites>
