<?xml version="1.0" encoding="UTF-8"?>
<testsuites name="ABP Regression" time="108" tests="1" failures="1" errors="0">
   <testsuite name="ABP Regression" tests="1" failures="1" errors="0" time="108" timestamp="2018-05-12 09:34:31" hostname="JHATFIELD - SNDFSMINFSRV001.defra.onmicrosoft.com" id="Test Suites/ABP Regression">
      <properties>
         <property name="deviceName" value=""/>
         <property name="devicePlatform" value=""/>
         <property name="logFolder" value="C:\\Users\\JHATFIELD\\git\\DEFRA-FSM_Automated_Regression_NEW\\Reports\\ABP Regression\\20180512_093428"/>
         <property name="logFiles" value="C:\\Users\\JHATFIELD\\git\\DEFRA-FSM_Automated_Regression_NEW\\Reports\\ABP Regression\\20180512_093428\\execution0.log"/>
         <property name="attachments" value="C:\\Users\\JHATFIELD\\git\\DEFRA-FSM_Automated_Regression_NEW\\Reports\\ABP Regression\\20180512_093428\\1526117779221.png"/>
         <property name="hostName" value="JHATFIELD - SNDFSMINFSRV001.defra.onmicrosoft.com"/>
         <property name="os" value="Windows NT (unknown) 64bit"/>
         <property name="katalonVersion" value="5.4.1.1"/>
         <property name="browser" value="Chrome 66.0.3359.139"/>
         <property name="hostAddress" value="10.201.1.17"/>
         <property name="sessionId" value="b95d276df8e3b7271251de59ddbda0ee"/>
         <property name="seleniumVersion" value="3.7.1"/>
         <property name="proxyInformation" value="ProxyInformation{proxyOption=NO_PROXY, proxyServerType=HTTP, password=, proxyServerAddress=, proxyServerPort=0}"/>
         <property name="platform" value="Windows NT (unknown)"/>
      </properties>
      <testcase name="Test Cases/Launch Job Manager" classname="Test Cases/Launch Job Manager" status="PASSED">
         <system-out><![CDATA[2018-05-12 09:34:32 - [TEST_CASE][PASSED] - Test Cases/Launch Job Manager: Test Cases/Launch Job Manager

2018-05-12 09:34:33 - [TEST_STEP][PASSED] - openBrowser: Browser is opened with url: ''

2018-05-12 09:34:41 - [MESSAGE][PASSED] - Browser is opened with url: ''

2018-05-12 09:34:41 - [TEST_STEP][PASSED] - navigateToUrl: Navigate to 'https://kirona-def-2.kirona.com/jmtest/jclient/jclient.html' successfully

2018-05-12 09:34:42 - [MESSAGE][PASSED] - Navigate to 'https://kirona-def-2.kirona.com/jmtest/jclient/jclient.html' successfully

2018-05-12 09:34:42 - [TEST_STEP][PASSED] - setText: Text 'KIR1' is set on object 'Object Repository/FSM1/Launch Application/Page_JClient/input_gwt-TextBox GKH2EKQBMDB'

2018-05-12 09:34:44 - [MESSAGE][PASSED] - Text 'KIR1' is set on object 'Object Repository/FSM1/Launch Application/Page_JClient/input_gwt-TextBox GKH2EKQBMDB'

2018-05-12 09:34:44 - [TEST_STEP][PASSED] - sendKeys: Keys 'ENTER + ' sent to object: 'Object Repository/FSM1/Launch Application/Page_JClient/input_gwt-TextBox GKH2EKQBMDB'

2018-05-12 09:34:45 - [MESSAGE][PASSED] - Keys 'ENTER + ' sent to object: 'Object Repository/FSM1/Launch Application/Page_JClient/input_gwt-TextBox GKH2EKQBMDB'

2018-05-12 09:34:45 - [TEST_STEP][PASSED] - click: Object: 'Object Repository/FSM1/Launch Application/Page_JClient/div_Configure App' is clicked on

2018-05-12 09:34:45 - [MESSAGE][PASSED] - Object: 'Object Repository/FSM1/Launch Application/Page_JClient/div_Configure App' is clicked on

2018-05-12 09:34:45 - [TEST_STEP][PASSED] - setText: Text 'jon.hatfield' is set on object 'Object Repository/FSM1/Launch Application/Page_JClient/input_gwt-TextBox GKH2EKQBNHC'

2018-05-12 09:34:46 - [MESSAGE][PASSED] - Text 'jon.hatfield' is set on object 'Object Repository/FSM1/Launch Application/Page_JClient/input_gwt-TextBox GKH2EKQBNHC'

2018-05-12 09:34:46 - [TEST_STEP][PASSED] - setText: Text 'Fr@nc1sJ0n' is set on object 'Object Repository/FSM1/Launch Application/Page_JClient/input_gwt-PasswordTextBox GKH2'

2018-05-12 09:34:47 - [MESSAGE][PASSED] - Text 'Fr@nc1sJ0n' is set on object 'Object Repository/FSM1/Launch Application/Page_JClient/input_gwt-PasswordTextBox GKH2'

2018-05-12 09:34:47 - [TEST_STEP][PASSED] - click: Object: 'Object Repository/FSM1/Launch Application/Page_JClient/div_Sign In' is clicked on

2018-05-12 09:34:47 - [MESSAGE][PASSED] - Object: 'Object Repository/FSM1/Launch Application/Page_JClient/div_Sign In' is clicked on

2018-05-12 09:34:47 - [TEST_STEP][PASSED] - delay: Delayed 30 second(s)

2018-05-12 09:35:17 - [MESSAGE][PASSED] - Delayed 30 second(s)]]></system-out>
         <system-err><![CDATA[]]></system-err>
      </testcase>
      <testcase name="Test Cases/Select Inspection" classname="Test Cases/Select Inspection" status="FAILED">
         <failure type="FAILED" message="Unable to click on object 'Object Repository/FSM1/Select Inspection/Page_JClient/InspectionID' (Root cause: com.kms.katalon.core.webui.exception.WebElementNotFoundException: Web element with id: 'Object Repository/FSM1/Select Inspection/Page_JClient/InspectionID' located by 'By.xpath: /html[1]/body[@class=&quot;landscape&quot;]/div[@class=&quot;GKH2EKQBOBB GKH2EKQBACB&quot;]/div[@class=&quot;GKH2EKQBOBB GKH2EKQBACB&quot;]/div[@class=&quot;GKH2EKQBDHB&quot;]/div[@class=&quot;GKH2EKQBCHB&quot;]/div[@class=&quot;GKH2EKQBFHB&quot;]/div[@class=&quot;GKH2EKQBEHB&quot;]/div[@class=&quot;GKH2EKQBOBB GKH2EKQBLGB&quot;]/div[@class=&quot;GKH2EKQBMDC GKH2EKQBMGB GKH2EKQBOGB&quot;]/div[1]/div[@class=&quot;GKH2EKQBOBB&quot;]/div[@class=&quot;GKH2EKQBNEC&quot;]/div[1]/div[@class=&quot;GKH2EKQBCFC&quot;][count(. | //div[@class = 'GKH2EKQBCFC' and (text() = '30227' or . = '30227')]) = count(//div[@class = 'GKH2EKQBCFC' and (text() = '30227' or . = '30227')])]' not found)"/>
         <system-out><![CDATA[2018-05-12 09:35:17 - [TEST_CASE][FAILED] - Test Cases/Select Inspection: Test Cases/Select Inspection FAILED because (of) Unable to click on object 'Object Repository/FSM1/Select Inspection/Page_JClient/InspectionID' (Root cause: com.kms.katalon.core.webui.exception.WebElementNotFoundException: Web element with id: 'Object Repository/FSM1/Select Inspection/Page_JClient/InspectionID' located by 'By.xpath: /html[1]/body[@class="landscape"]/div[@class="GKH2EKQBOBB GKH2EKQBACB"]/div[@class="GKH2EKQBOBB GKH2EKQBACB"]/div[@class="GKH2EKQBDHB"]/div[@class="GKH2EKQBCHB"]/div[@class="GKH2EKQBFHB"]/div[@class="GKH2EKQBEHB"]/div[@class="GKH2EKQBOBB GKH2EKQBLGB"]/div[@class="GKH2EKQBMDC GKH2EKQBMGB GKH2EKQBOGB"]/div[1]/div[@class="GKH2EKQBOBB"]/div[@class="GKH2EKQBNEC"]/div[1]/div[@class="GKH2EKQBCFC"][count(. | //div[@class = 'GKH2EKQBCFC' and (text() = '30227' or . = '30227')]) = count(//div[@class = 'GKH2EKQBCFC' and (text() = '30227' or . = '30227')])]' not found)

2018-05-12 09:35:17 - [TEST_STEP][PASSED] - delay: Delayed 30 second(s)

2018-05-12 09:35:47 - [MESSAGE][PASSED] - Delayed 30 second(s)

2018-05-12 09:35:47 - [TEST_STEP][PASSED] - waitForPageLoad: Wait for page load successfully

2018-05-12 09:35:47 - [MESSAGE][PASSED] - Wait for page load successfully

2018-05-12 09:35:47 - [TEST_STEP][NOT_RUN] - click: NOT_RUN: click

2018-05-12 09:35:47 - [MESSAGE][NOT_RUN] - NOT_RUN: click

2018-05-12 09:35:47 - [TEST_STEP][PASSED] - click: Object: 'Object Repository/FSM1/Select Inspection/Landing/Refresh' is clicked on

2018-05-12 09:35:48 - [MESSAGE][PASSED] - Object: 'Object Repository/FSM1/Select Inspection/Landing/Refresh' is clicked on

2018-05-12 09:35:48 - [TEST_STEP][PASSED] - waitForPageLoad: Wait for page load successfully

2018-05-12 09:35:48 - [MESSAGE][PASSED] - Wait for page load successfully

2018-05-12 09:35:48 - [TEST_STEP][FAILED] - click: Unable to click on object 'Object Repository/FSM1/Select Inspection/Page_JClient/InspectionID' (Root cause: com.kms.katalon.core.webui.exception.WebElementNotFoundException: Web element with id: 'Object Repository/FSM1/Select Inspection/Page_JClient/InspectionID' located by 'By.xpath: /html[1]/body[@class="landscape"]/div[@class="GKH2EKQBOBB GKH2EKQBACB"]/div[@class="GKH2EKQBOBB GKH2EKQBACB"]/div[@class="GKH2EKQBDHB"]/div[@class="GKH2EKQBCHB"]/div[@class="GKH2EKQBFHB"]/div[@class="GKH2EKQBEHB"]/div[@class="GKH2EKQBOBB GKH2EKQBLGB"]/div[@class="GKH2EKQBMDC GKH2EKQBMGB GKH2EKQBOGB"]/div[1]/div[@class="GKH2EKQBOBB"]/div[@class="GKH2EKQBNEC"]/div[1]/div[@class="GKH2EKQBCFC"][count(. | //div[@class = 'GKH2EKQBCFC' and (text() = '30227' or . = '30227')]) = count(//div[@class = 'GKH2EKQBCFC' and (text() = '30227' or . = '30227')])]' not found)

2018-05-12 09:36:19 - [MESSAGE][FAILED] - Unable to click on object 'Object Repository/FSM1/Select Inspection/Page_JClient/InspectionID' (Root cause: com.kms.katalon.core.webui.exception.WebElementNotFoundException: Web element with id: 'Object Repository/FSM1/Select Inspection/Page_JClient/InspectionID' located by 'By.xpath: /html[1]/body[@class="landscape"]/div[@class="GKH2EKQBOBB GKH2EKQBACB"]/div[@class="GKH2EKQBOBB GKH2EKQBACB"]/div[@class="GKH2EKQBDHB"]/div[@class="GKH2EKQBCHB"]/div[@class="GKH2EKQBFHB"]/div[@class="GKH2EKQBEHB"]/div[@class="GKH2EKQBOBB GKH2EKQBLGB"]/div[@class="GKH2EKQBMDC GKH2EKQBMGB GKH2EKQBOGB"]/div[1]/div[@class="GKH2EKQBOBB"]/div[@class="GKH2EKQBNEC"]/div[1]/div[@class="GKH2EKQBCFC"][count(. | //div[@class = 'GKH2EKQBCFC' and (text() = '30227' or . = '30227')]) = count(//div[@class = 'GKH2EKQBCFC' and (text() = '30227' or . = '30227')])]' not found)
[[ATTACHMENT|C:\\Users\\JHATFIELD\\git\\DEFRA-FSM_Automated_Regression_NEW\\Reports\\ABP Regression\\20180512_093428\\1526117779221.png]]]]></system-out>
         <system-err><![CDATA[2018-05-12 09:35:17 - [TEST_CASE][FAILED] - Test Cases/Select Inspection: Test Cases/Select Inspection FAILED because (of) Unable to click on object 'Object Repository/FSM1/Select Inspection/Page_JClient/InspectionID' (Root cause: com.kms.katalon.core.webui.exception.WebElementNotFoundException: Web element with id: 'Object Repository/FSM1/Select Inspection/Page_JClient/InspectionID' located by 'By.xpath: /html[1]/body[@class="landscape"]/div[@class="GKH2EKQBOBB GKH2EKQBACB"]/div[@class="GKH2EKQBOBB GKH2EKQBACB"]/div[@class="GKH2EKQBDHB"]/div[@class="GKH2EKQBCHB"]/div[@class="GKH2EKQBFHB"]/div[@class="GKH2EKQBEHB"]/div[@class="GKH2EKQBOBB GKH2EKQBLGB"]/div[@class="GKH2EKQBMDC GKH2EKQBMGB GKH2EKQBOGB"]/div[1]/div[@class="GKH2EKQBOBB"]/div[@class="GKH2EKQBNEC"]/div[1]/div[@class="GKH2EKQBCFC"][count(. | //div[@class = 'GKH2EKQBCFC' and (text() = '30227' or . = '30227')]) = count(//div[@class = 'GKH2EKQBCFC' and (text() = '30227' or . = '30227')])]' not found)]]></system-err>
      </testcase>
      <system-out><![CDATA[2018-05-12 09:34:31 - [TEST_SUITE][FAILED] - ABP Regression: Test Cases/Select Inspection FAILED because (of) Unable to click on object 'Object Repository/FSM1/Select Inspection/Page_JClient/InspectionID' (Root cause: com.kms.katalon.core.webui.exception.WebElementNotFoundException: Web element with id: 'Object Repository/FSM1/Select Inspection/Page_JClient/InspectionID' located by 'By.xpath: /html[1]/body[@class="landscape"]/div[@class="GKH2EKQBOBB GKH2EKQBACB"]/div[@class="GKH2EKQBOBB GKH2EKQBACB"]/div[@class="GKH2EKQBDHB"]/div[@class="GKH2EKQBCHB"]/div[@class="GKH2EKQBFHB"]/div[@class="GKH2EKQBEHB"]/div[@class="GKH2EKQBOBB GKH2EKQBLGB"]/div[@class="GKH2EKQBMDC GKH2EKQBMGB GKH2EKQBOGB"]/div[1]/div[@class="GKH2EKQBOBB"]/div[@class="GKH2EKQBNEC"]/div[1]/div[@class="GKH2EKQBCFC"][count(. | //div[@class = 'GKH2EKQBCFC' and (text() = '30227' or . = '30227')]) = count(//div[@class = 'GKH2EKQBCFC' and (text() = '30227' or . = '30227')])]' not found)]]></system-out>
      <system-err><![CDATA[2018-05-12 09:34:31 - [TEST_SUITE][FAILED] - ABP Regression: Test Cases/Select Inspection FAILED because (of) Unable to click on object 'Object Repository/FSM1/Select Inspection/Page_JClient/InspectionID' (Root cause: com.kms.katalon.core.webui.exception.WebElementNotFoundException: Web element with id: 'Object Repository/FSM1/Select Inspection/Page_JClient/InspectionID' located by 'By.xpath: /html[1]/body[@class="landscape"]/div[@class="GKH2EKQBOBB GKH2EKQBACB"]/div[@class="GKH2EKQBOBB GKH2EKQBACB"]/div[@class="GKH2EKQBDHB"]/div[@class="GKH2EKQBCHB"]/div[@class="GKH2EKQBFHB"]/div[@class="GKH2EKQBEHB"]/div[@class="GKH2EKQBOBB GKH2EKQBLGB"]/div[@class="GKH2EKQBMDC GKH2EKQBMGB GKH2EKQBOGB"]/div[1]/div[@class="GKH2EKQBOBB"]/div[@class="GKH2EKQBNEC"]/div[1]/div[@class="GKH2EKQBCFC"][count(. | //div[@class = 'GKH2EKQBCFC' and (text() = '30227' or . = '30227')]) = count(//div[@class = 'GKH2EKQBCFC' and (text() = '30227' or . = '30227')])]' not found)]]></system-err>
   </testsuite>
</testsuites>
