{"devicePlatform":"","logFolder":"C:\\Users\\FSMAutomation\\Katalon Studio\\FSM\\Reports\\ABP Regression\\20180402_121610","runData":{"hostName":"FSMAutomation - FSMAutomation1.qb5dfdbpfkuuppye2syu0ciute.cwx.internal.cloudapp.net","os":"Windows 10 64bit","katalonVersion":"5.3.0.1","browser":"Chrome 65.0.3325.181","hostAddress":"10.0.1.4","sessionId":"dd2d89eb88c82e32d5df3f2e179588ed","seleniumVersion":"3.7.1","proxyInformation":"ProxyInformation{proxyOption\u003dNO_PROXY, proxyServerType\u003dHTTP, password\u003d, proxyServerAddress\u003d, proxyServerPort\u003d0}","platform":"Windows 10"},"type":"TEST_SUITE","name":"ABP Regression","id":"Test Suites/ABP Regression","source":"","message":"Test Cases/Select Inspection FAILED because (of) Unable to click on object \u0027Object Repository/FSM1/Select Inspection/Page_JClient/InspectionID\u0027 (Root cause: org.openqa.selenium.WebDriverException: unknown error: Element \u003cdiv class\u003d\"GKH2EKQBCFC\"\u003e...\u003c/div\u003e is not clickable at point (50, 260). Other element would receive the click: \u003cdiv class\u003d\"GKH2EKQBOBB GKH2EKQBACB\" style\u003d\"-webkit-box-align: center; align-items: center; -webkit-box-pack: center; justify-content: center;\"\u003e...\u003c/div\u003e\n  (Session info: chrome\u003d65.0.3325.181)\n  (Driver info: chromedriver\u003d2.35.528161 (5b82f2d2aae0ca24b877009200ced9065a772e73),platform\u003dWindows NT 10.0.16299 x86_64) (WARNING: The server did not provide any stacktrace information)\nCommand duration or timeout: 0 milliseconds\nBuild info: version: \u00273.7.1\u0027, revision: \u00278a0099a\u0027, time: \u00272017-11-06T21:07:36.161Z\u0027\nSystem info: host: \u0027FSMAutomation1\u0027, ip: \u002710.0.1.4\u0027, os.name: \u0027Windows 10\u0027, os.arch: \u0027amd64\u0027, os.version: \u002710.0\u0027, java.version: \u00271.8.0_102\u0027\nDriver info: com.kms.katalon.selenium.driver.CChromeDriver\nCapabilities {acceptInsecureCerts: false, acceptSslCerts: false, applicationCacheEnabled: false, browserConnectionEnabled: false, browserName: chrome, chrome: {chromedriverVersion: 2.35.528161 (5b82f2d2aae0ca..., userDataDir: C:\\Users\\FSMAUT~1\\AppData\\L...}, cssSelectorsEnabled: true, databaseEnabled: false, handlesAlerts: true, hasTouchScreen: false, javascriptEnabled: true, locationContextEnabled: true, mobileEmulationEnabled: false, nativeEvents: true, networkConnectionEnabled: false, pageLoadStrategy: normal, platform: XP, platformName: XP, rotatable: false, setWindowRect: true, takesHeapSnapshot: true, takesScreenshot: true, unexpectedAlertBehaviour: , unhandledPromptBehavior: , version: 65.0.3325.181, webStorageEnabled: true}\nSession ID: dd2d89eb88c82e32d5df3f2e179588ed)","description":"","startTime":1522671373744,"endTime":1522671427929,"childRecords":[{"isOptional":false,"type":"TEST_CASE","name":"Test Cases/Launch Job Manager","id":"Test Cases/Launch Job Manager","source":"C:\\\\Users\\\\FSMAutomation\\\\Katalon Studio\\\\FSM\\\\Test Cases\\\\Launch Job Manager.tc","message":"Test Cases/Launch Job Manager","description":"","startTime":1522671374636,"endTime":1522671417716,"childRecords":[{"testStatus":{"stackTrace":"","statusValue":"INFO"},"type":"MESSAGE","name":"","message":"Evaluating variables for test case","startTime":1522671374781,"endTime":0,"childRecords":[],"interuppted":false},{"testStatus":{"stackTrace":"","statusValue":"INFO"},"type":"MESSAGE","name":"","message":"Variable \u0027Username\u0027 is set to jon.hatfield","startTime":1522671374826,"endTime":0,"childRecords":[],"interuppted":false},{"index":1,"isIgnoredIfFailed":false,"type":"TEST_STEP","name":"openBrowser","message":"Browser is opened with url: \u0027\u0027","description":"","startTime":1522671375456,"endTime":1522671379992,"childRecords":[{"testStatus":{"stackTrace":"","statusValue":"PASSED"},"type":"MESSAGE","name":"","message":"Browser is opened with url: \u0027\u0027","startTime":1522671379991,"endTime":0,"childRecords":[],"interuppted":false}],"interuppted":false},{"index":2,"isIgnoredIfFailed":false,"type":"TEST_STEP","name":"navigateToUrl","message":"Navigate to \u0027https://kirona-def-2.kirona.com/jmtest/jclient/jclient.html\u0027 successfully","description":"","startTime":1522671379992,"endTime":1522671381802,"childRecords":[{"testStatus":{"stackTrace":"","statusValue":"PASSED"},"type":"MESSAGE","name":"","message":"Navigate to \u0027https://kirona-def-2.kirona.com/jmtest/jclient/jclient.html\u0027 successfully","startTime":1522671381801,"endTime":0,"childRecords":[],"interuppted":false}],"interuppted":false},{"index":3,"isIgnoredIfFailed":false,"type":"TEST_STEP","name":"setText","message":"Text \u0027KIR1\u0027 is set on object \u0027Object Repository/FSM1/Launch Application/Page_JClient/input_gwt-TextBox GKH2EKQBMDB\u0027","description":"","startTime":1522671381803,"endTime":1522671384187,"childRecords":[{"testStatus":{"stackTrace":"","statusValue":"PASSED"},"type":"MESSAGE","name":"","message":"Text \u0027KIR1\u0027 is set on object \u0027Object Repository/FSM1/Launch Application/Page_JClient/input_gwt-TextBox GKH2EKQBMDB\u0027","startTime":1522671384180,"endTime":0,"childRecords":[],"interuppted":false}],"interuppted":false},{"index":4,"isIgnoredIfFailed":false,"type":"TEST_STEP","name":"sendKeys","message":"Keys \u0027ENTER + \u0027 sent to object: \u0027Object Repository/FSM1/Launch Application/Page_JClient/input_gwt-TextBox GKH2EKQBMDB\u0027","description":"","startTime":1522671384187,"endTime":1522671384753,"childRecords":[{"testStatus":{"stackTrace":"","statusValue":"PASSED"},"type":"MESSAGE","name":"","message":"Keys \u0027ENTER + \u0027 sent to object: \u0027Object Repository/FSM1/Launch Application/Page_JClient/input_gwt-TextBox GKH2EKQBMDB\u0027","startTime":1522671384750,"endTime":0,"childRecords":[],"interuppted":false}],"interuppted":false},{"index":5,"isIgnoredIfFailed":false,"type":"TEST_STEP","name":"click","message":"Object: \u0027Object Repository/FSM1/Launch Application/Page_JClient/div_Configure App\u0027 is clicked on","description":"","startTime":1522671384753,"endTime":1522671385429,"childRecords":[{"testStatus":{"stackTrace":"","statusValue":"PASSED"},"type":"MESSAGE","name":"","message":"Object: \u0027Object Repository/FSM1/Launch Application/Page_JClient/div_Configure App\u0027 is clicked on","startTime":1522671385428,"endTime":0,"childRecords":[],"interuppted":false}],"interuppted":false},{"index":6,"isIgnoredIfFailed":false,"type":"TEST_STEP","name":"setText","message":"Text \u0027jon.hatfield\u0027 is set on object \u0027Object Repository/FSM1/Launch Application/Page_JClient/input_gwt-TextBox GKH2EKQBNHC\u0027","description":"","startTime":1522671385432,"endTime":1522671386909,"childRecords":[{"testStatus":{"stackTrace":"","statusValue":"PASSED"},"type":"MESSAGE","name":"","message":"Text \u0027jon.hatfield\u0027 is set on object \u0027Object Repository/FSM1/Launch Application/Page_JClient/input_gwt-TextBox GKH2EKQBNHC\u0027","startTime":1522671386909,"endTime":0,"childRecords":[],"interuppted":false}],"interuppted":false},{"index":7,"isIgnoredIfFailed":false,"type":"TEST_STEP","name":"setText","message":"Text \u0027Fr@nc1sJ0n\u0027 is set on object \u0027Object Repository/FSM1/Launch Application/Page_JClient/input_gwt-PasswordTextBox GKH2\u0027","description":"","startTime":1522671386910,"endTime":1522671387406,"childRecords":[{"testStatus":{"stackTrace":"","statusValue":"PASSED"},"type":"MESSAGE","name":"","message":"Text \u0027Fr@nc1sJ0n\u0027 is set on object \u0027Object Repository/FSM1/Launch Application/Page_JClient/input_gwt-PasswordTextBox GKH2\u0027","startTime":1522671387405,"endTime":0,"childRecords":[],"interuppted":false}],"interuppted":false},{"index":8,"isIgnoredIfFailed":false,"type":"TEST_STEP","name":"click","message":"Object: \u0027Object Repository/FSM1/Launch Application/Page_JClient/div_Sign In\u0027 is clicked on","description":"","startTime":1522671387407,"endTime":1522671387687,"childRecords":[{"testStatus":{"stackTrace":"","statusValue":"PASSED"},"type":"MESSAGE","name":"","message":"Object: \u0027Object Repository/FSM1/Launch Application/Page_JClient/div_Sign In\u0027 is clicked on","startTime":1522671387687,"endTime":0,"childRecords":[],"interuppted":false}],"interuppted":false},{"index":9,"isIgnoredIfFailed":false,"type":"TEST_STEP","name":"delay","message":"Delayed 30 second(s)","description":"","startTime":1522671387688,"endTime":1522671417714,"childRecords":[{"testStatus":{"stackTrace":"","statusValue":"PASSED"},"type":"MESSAGE","name":"","message":"Delayed 30 second(s)","startTime":1522671417712,"endTime":0,"childRecords":[],"interuppted":false}],"interuppted":false},{"testStatus":{"stackTrace":"","statusValue":"PASSED"},"type":"MESSAGE","name":"","message":"Test Cases/Launch Job Manager","startTime":1522671417714,"endTime":0,"childRecords":[],"interuppted":false}],"interuppted":false},{"isOptional":false,"type":"TEST_CASE","name":"Test Cases/Select Inspection","id":"Test Cases/Select Inspection","source":"C:\\\\Users\\\\FSMAutomation\\\\Katalon Studio\\\\FSM\\\\Test Cases\\\\Select Inspection.tc","message":"Test Cases/Select Inspection FAILED because (of) Unable to click on object \u0027Object Repository/FSM1/Select Inspection/Page_JClient/InspectionID\u0027 (Root cause: org.openqa.selenium.WebDriverException: unknown error: Element \u003cdiv class\u003d\"GKH2EKQBCFC\"\u003e...\u003c/div\u003e is not clickable at point (50, 260). Other element would receive the click: \u003cdiv class\u003d\"GKH2EKQBOBB GKH2EKQBACB\" style\u003d\"-webkit-box-align: center; align-items: center; -webkit-box-pack: center; justify-content: center;\"\u003e...\u003c/div\u003e\n  (Session info: chrome\u003d65.0.3325.181)\n  (Driver info: chromedriver\u003d2.35.528161 (5b82f2d2aae0ca24b877009200ced9065a772e73),platform\u003dWindows NT 10.0.16299 x86_64) (WARNING: The server did not provide any stacktrace information)\nCommand duration or timeout: 0 milliseconds\nBuild info: version: \u00273.7.1\u0027, revision: \u00278a0099a\u0027, time: \u00272017-11-06T21:07:36.161Z\u0027\nSystem info: host: \u0027FSMAutomation1\u0027, ip: \u002710.0.1.4\u0027, os.name: \u0027Windows 10\u0027, os.arch: \u0027amd64\u0027, os.version: \u002710.0\u0027, java.version: \u00271.8.0_102\u0027\nDriver info: com.kms.katalon.selenium.driver.CChromeDriver\nCapabilities {acceptInsecureCerts: false, acceptSslCerts: false, applicationCacheEnabled: false, browserConnectionEnabled: false, browserName: chrome, chrome: {chromedriverVersion: 2.35.528161 (5b82f2d2aae0ca..., userDataDir: C:\\Users\\FSMAUT~1\\AppData\\L...}, cssSelectorsEnabled: true, databaseEnabled: false, handlesAlerts: true, hasTouchScreen: false, javascriptEnabled: true, locationContextEnabled: true, mobileEmulationEnabled: false, nativeEvents: true, networkConnectionEnabled: false, pageLoadStrategy: normal, platform: XP, platformName: XP, rotatable: false, setWindowRect: true, takesHeapSnapshot: true, takesScreenshot: true, unexpectedAlertBehaviour: , unhandledPromptBehavior: , version: 65.0.3325.181, webStorageEnabled: true}\nSession ID: dd2d89eb88c82e32d5df3f2e179588ed)","description":"","startTime":1522671417723,"endTime":1522671426674,"childRecords":[{"testStatus":{"stackTrace":"","statusValue":"INFO"},"type":"MESSAGE","name":"","message":"Evaluating variables for test case","startTime":1522671417892,"endTime":0,"childRecords":[],"interuppted":false},{"index":1,"isIgnoredIfFailed":false,"type":"TEST_STEP","name":"delay","message":"NOT_RUN: delay","description":"","startTime":1522671419297,"endTime":1522671419307,"childRecords":[{"testStatus":{"stackTrace":"","statusValue":"NOT_RUN"},"type":"MESSAGE","name":"","message":"NOT_RUN: delay","startTime":1522671419306,"endTime":0,"childRecords":[],"interuppted":false}],"interuppted":false},{"index":2,"isIgnoredIfFailed":false,"type":"TEST_STEP","name":"waitForPageLoad","message":"Wait for page load successfully","description":"","startTime":1522671419307,"endTime":1522671419991,"childRecords":[{"testStatus":{"stackTrace":"","statusValue":"PASSED"},"type":"MESSAGE","name":"","message":"Wait for page load successfully","startTime":1522671419990,"endTime":0,"childRecords":[],"interuppted":false}],"interuppted":false},{"index":3,"isIgnoredIfFailed":false,"type":"TEST_STEP","name":"click","message":"Object: \u0027Object Repository/FSM1/Select Inspection/Page_JClient/div_5 Days\u0027 is clicked on","description":"","startTime":1522671419991,"endTime":1522671420584,"childRecords":[{"testStatus":{"stackTrace":"","statusValue":"PASSED"},"type":"MESSAGE","name":"","message":"Object: \u0027Object Repository/FSM1/Select Inspection/Page_JClient/div_5 Days\u0027 is clicked on","startTime":1522671420582,"endTime":0,"childRecords":[],"interuppted":false}],"interuppted":false},{"index":4,"isIgnoredIfFailed":false,"type":"TEST_STEP","name":"click","message":"Object: \u0027Object Repository/FSM1/Select Inspection/Landing/Refresh\u0027 is clicked on","description":"","startTime":1522671420585,"endTime":1522671421095,"childRecords":[{"testStatus":{"stackTrace":"","statusValue":"PASSED"},"type":"MESSAGE","name":"","message":"Object: \u0027Object Repository/FSM1/Select Inspection/Landing/Refresh\u0027 is clicked on","startTime":1522671421094,"endTime":0,"childRecords":[],"interuppted":false}],"interuppted":false},{"index":5,"isIgnoredIfFailed":false,"type":"TEST_STEP","name":"waitForPageLoad","message":"Wait for page load successfully","description":"","startTime":1522671421096,"endTime":1522671421211,"childRecords":[{"testStatus":{"stackTrace":"","statusValue":"PASSED"},"type":"MESSAGE","name":"","message":"Wait for page load successfully","startTime":1522671421210,"endTime":0,"childRecords":[],"interuppted":false}],"interuppted":false},{"attachment":"1522671426110.png","index":6,"isIgnoredIfFailed":false,"type":"TEST_STEP","name":"click","message":"Unable to click on object \u0027Object Repository/FSM1/Select Inspection/Page_JClient/InspectionID\u0027 (Root cause: org.openqa.selenium.WebDriverException: unknown error: Element \u003cdiv class\u003d\"GKH2EKQBCFC\"\u003e...\u003c/div\u003e is not clickable at point (50, 260). Other element would receive the click: \u003cdiv class\u003d\"GKH2EKQBOBB GKH2EKQBACB\" style\u003d\"-webkit-box-align: center; align-items: center; -webkit-box-pack: center; justify-content: center;\"\u003e...\u003c/div\u003e\n  (Session info: chrome\u003d65.0.3325.181)\n  (Driver info: chromedriver\u003d2.35.528161 (5b82f2d2aae0ca24b877009200ced9065a772e73),platform\u003dWindows NT 10.0.16299 x86_64) (WARNING: The server did not provide any stacktrace information)\nCommand duration or timeout: 0 milliseconds\nBuild info: version: \u00273.7.1\u0027, revision: \u00278a0099a\u0027, time: \u00272017-11-06T21:07:36.161Z\u0027\nSystem info: host: \u0027FSMAutomation1\u0027, ip: \u002710.0.1.4\u0027, os.name: \u0027Windows 10\u0027, os.arch: \u0027amd64\u0027, os.version: \u002710.0\u0027, java.version: \u00271.8.0_102\u0027\nDriver info: com.kms.katalon.selenium.driver.CChromeDriver\nCapabilities {acceptInsecureCerts: false, acceptSslCerts: false, applicationCacheEnabled: false, browserConnectionEnabled: false, browserName: chrome, chrome: {chromedriverVersion: 2.35.528161 (5b82f2d2aae0ca..., userDataDir: C:\\Users\\FSMAUT~1\\AppData\\L...}, cssSelectorsEnabled: true, databaseEnabled: false, handlesAlerts: true, hasTouchScreen: false, javascriptEnabled: true, locationContextEnabled: true, mobileEmulationEnabled: false, nativeEvents: true, networkConnectionEnabled: false, pageLoadStrategy: normal, platform: XP, platformName: XP, rotatable: false, setWindowRect: true, takesHeapSnapshot: true, takesScreenshot: true, unexpectedAlertBehaviour: , unhandledPromptBehavior: , version: 65.0.3325.181, webStorageEnabled: true}\nSession ID: dd2d89eb88c82e32d5df3f2e179588ed)","description":"","startTime":1522671421212,"endTime":1522671426666,"childRecords":[{"testStatus":{"stackTrace":"","statusValue":"FAILED"},"attachment":"1522671426110.png","type":"MESSAGE","name":"","message":"Unable to click on object \u0027Object Repository/FSM1/Select Inspection/Page_JClient/InspectionID\u0027 (Root cause: org.openqa.selenium.WebDriverException: unknown error: Element \u003cdiv class\u003d\"GKH2EKQBCFC\"\u003e...\u003c/div\u003e is not clickable at point (50, 260). Other element would receive the click: \u003cdiv class\u003d\"GKH2EKQBOBB GKH2EKQBACB\" style\u003d\"-webkit-box-align: center; align-items: center; -webkit-box-pack: center; justify-content: center;\"\u003e...\u003c/div\u003e\n  (Session info: chrome\u003d65.0.3325.181)\n  (Driver info: chromedriver\u003d2.35.528161 (5b82f2d2aae0ca24b877009200ced9065a772e73),platform\u003dWindows NT 10.0.16299 x86_64) (WARNING: The server did not provide any stacktrace information)\nCommand duration or timeout: 0 milliseconds\nBuild info: version: \u00273.7.1\u0027, revision: \u00278a0099a\u0027, time: \u00272017-11-06T21:07:36.161Z\u0027\nSystem info: host: \u0027FSMAutomation1\u0027, ip: \u002710.0.1.4\u0027, os.name: \u0027Windows 10\u0027, os.arch: \u0027amd64\u0027, os.version: \u002710.0\u0027, java.version: \u00271.8.0_102\u0027\nDriver info: com.kms.katalon.selenium.driver.CChromeDriver\nCapabilities {acceptInsecureCerts: false, acceptSslCerts: false, applicationCacheEnabled: false, browserConnectionEnabled: false, browserName: chrome, chrome: {chromedriverVersion: 2.35.528161 (5b82f2d2aae0ca..., userDataDir: C:\\Users\\FSMAUT~1\\AppData\\L...}, cssSelectorsEnabled: true, databaseEnabled: false, handlesAlerts: true, hasTouchScreen: false, javascriptEnabled: true, locationContextEnabled: true, mobileEmulationEnabled: false, nativeEvents: true, networkConnectionEnabled: false, pageLoadStrategy: normal, platform: XP, platformName: XP, rotatable: false, setWindowRect: true, takesHeapSnapshot: true, takesScreenshot: true, unexpectedAlertBehaviour: , unhandledPromptBehavior: , version: 65.0.3325.181, webStorageEnabled: true}\nSession ID: dd2d89eb88c82e32d5df3f2e179588ed)","startTime":1522671426665,"endTime":0,"childRecords":[],"interuppted":false}],"interuppted":false},{"testStatus":{"stackTrace":"","statusValue":"FAILED"},"type":"MESSAGE","name":"","message":"Test Cases/Select Inspection FAILED because (of) Unable to click on object \u0027Object Repository/FSM1/Select Inspection/Page_JClient/InspectionID\u0027 (Root cause: org.openqa.selenium.WebDriverException: unknown error: Element \u003cdiv class\u003d\"GKH2EKQBCFC\"\u003e...\u003c/div\u003e is not clickable at point (50, 260). Other element would receive the click: \u003cdiv class\u003d\"GKH2EKQBOBB GKH2EKQBACB\" style\u003d\"-webkit-box-align: center; align-items: center; -webkit-box-pack: center; justify-content: center;\"\u003e...\u003c/div\u003e\n  (Session info: chrome\u003d65.0.3325.181)\n  (Driver info: chromedriver\u003d2.35.528161 (5b82f2d2aae0ca24b877009200ced9065a772e73),platform\u003dWindows NT 10.0.16299 x86_64) (WARNING: The server did not provide any stacktrace information)\nCommand duration or timeout: 0 milliseconds\nBuild info: version: \u00273.7.1\u0027, revision: \u00278a0099a\u0027, time: \u00272017-11-06T21:07:36.161Z\u0027\nSystem info: host: \u0027FSMAutomation1\u0027, ip: \u002710.0.1.4\u0027, os.name: \u0027Windows 10\u0027, os.arch: \u0027amd64\u0027, os.version: \u002710.0\u0027, java.version: \u00271.8.0_102\u0027\nDriver info: com.kms.katalon.selenium.driver.CChromeDriver\nCapabilities {acceptInsecureCerts: false, acceptSslCerts: false, applicationCacheEnabled: false, browserConnectionEnabled: false, browserName: chrome, chrome: {chromedriverVersion: 2.35.528161 (5b82f2d2aae0ca..., userDataDir: C:\\Users\\FSMAUT~1\\AppData\\L...}, cssSelectorsEnabled: true, databaseEnabled: false, handlesAlerts: true, hasTouchScreen: false, javascriptEnabled: true, locationContextEnabled: true, mobileEmulationEnabled: false, nativeEvents: true, networkConnectionEnabled: false, pageLoadStrategy: normal, platform: XP, platformName: XP, rotatable: false, setWindowRect: true, takesHeapSnapshot: true, takesScreenshot: true, unexpectedAlertBehaviour: , unhandledPromptBehavior: , version: 65.0.3325.181, webStorageEnabled: true}\nSession ID: dd2d89eb88c82e32d5df3f2e179588ed)","startTime":1522671426666,"endTime":0,"childRecords":[],"interuppted":false}],"interuppted":false}],"interuppted":false}