<?xml version="1.0" encoding="UTF-8"?>
<testsuites name="Check Email" time="6" tests="1" failures="0" errors="1">
   <testsuite name="Check Email" tests="1" failures="0" errors="1" time="6" timestamp="2019-01-07 14:32:46" hostname="jonha - 192.168.0.17" id="Test Suites/Check Email">
      <properties>
         <property name="deviceName" value=""/>
         <property name="devicePlatform" value=""/>
         <property name="logFolder" value="C:\\Users\\jonha\\Documents\\Katalon\\APHA\\JM_8.9\\FSM_Regression\\Reports\\Check Email\\20190107_143243"/>
         <property name="logFiles" value="C:\\Users\\jonha\\Documents\\Katalon\\APHA\\JM_8.9\\FSM_Regression\\Reports\\Check Email\\20190107_143243\\execution0.log"/>
         <property name="attachments" value=""/>
         <property name="hostName" value="jonha - 192.168.0.17"/>
         <property name="hostAddress" value="192.168.0.17"/>
         <property name="os" value="Windows 10 64bit"/>
         <property name="katalonVersion" value="5.9.1.2"/>
      </properties>
      <testcase name="Test Cases/Email/Check Email" classname="Test Cases/Email/Check Email" status="PASSED">
         <system-out><![CDATA[2019-01-07 14:32:46 - [TEST_CASE][PASSED] - Test Cases/Email/Check Email: Test Cases/Email/Check Email

2019-01-07 14:32:47 - [TEST_STEP][PASSED] - responseData = sendRequest(findTestObject("CheckEmail", ["f":"check_email", "seq":"0", "sid_token":"0o023c6smtcm8i1somj12o63o6"])): Send request successfully

2019-01-07 14:32:50 - [MESSAGE][INFO] - HAR: C:\Users\jonha\Documents\Katalon\APHA\JM_8.9\FSM_Regression\Reports\Check Email\20190107_143243\requests\main\0.har

2019-01-07 14:32:50 - [MESSAGE][PASSED] - Send request successfully

2019-01-07 14:32:50 - [TEST_STEP][PASSED] - out.println(responseData.getResponseText()): null

2019-01-07 14:32:50 - [TEST_STEP][PASSED] - jsonSlurper = new groovy.json.JsonSlurper(): null

2019-01-07 14:32:50 - [TEST_STEP][PASSED] - res = jsonSlurper.parseText(responseData.getResponseText()): null

2019-01-07 14:32:50 - [TEST_STEP][PASSED] - MailID = mail_id[1]: null

2019-01-07 14:32:50 - [TEST_STEP][PASSED] - println(MailID): null]]></system-out>
         <system-err><![CDATA[]]></system-err>
      </testcase>
      <testcase name="Test Cases/Email/FetchEmail" classname="Test Cases/Email/FetchEmail" status="ERROR">
         <error type="ERROR" message="Test Cases/Email/FetchEmail FAILED.
Reason:
groovy.lang.MissingPropertyException: No such property: mail_subject for class: java.lang.Boolean
	at FetchEmail.run(FetchEmail:25)
	at com.kms.katalon.core.main.ScriptEngine.run(ScriptEngine.java:194)
	at com.kms.katalon.core.main.ScriptEngine.runScriptAsRawText(ScriptEngine.java:119)
	at com.kms.katalon.core.main.TestCaseExecutor.runScript(TestCaseExecutor.java:321)
	at com.kms.katalon.core.main.TestCaseExecutor.doExecute(TestCaseExecutor.java:312)
	at com.kms.katalon.core.main.TestCaseExecutor.processExecutionPhase(TestCaseExecutor.java:291)
	at com.kms.katalon.core.main.TestCaseExecutor.accessMainPhase(TestCaseExecutor.java:283)
	at com.kms.katalon.core.main.TestCaseExecutor.execute(TestCaseExecutor.java:222)
	at com.kms.katalon.core.main.TestSuiteExecutor.accessTestCaseMainPhase(TestSuiteExecutor.java:129)
	at com.kms.katalon.core.main.TestSuiteExecutor.accessTestSuiteMainPhase(TestSuiteExecutor.java:112)
	at com.kms.katalon.core.main.TestSuiteExecutor.execute(TestSuiteExecutor.java:81)
	at com.kms.katalon.core.main.TestCaseMain.startTestSuite(TestCaseMain.java:149)
	at com.kms.katalon.core.main.TestCaseMain$startTestSuite$0.call(Unknown Source)
	at TempTestSuite1546871563996.run(TempTestSuite1546871563996.groovy:36)
"/>
         <system-out><![CDATA[2019-01-07 14:32:50 - [TEST_CASE][ERROR] - Test Cases/Email/FetchEmail: Test Cases/Email/FetchEmail FAILED.
Reason:
groovy.lang.MissingPropertyException: No such property: mail_subject for class: java.lang.Boolean
	at FetchEmail.run(FetchEmail:25)
	at com.kms.katalon.core.main.ScriptEngine.run(ScriptEngine.java:194)
	at com.kms.katalon.core.main.ScriptEngine.runScriptAsRawText(ScriptEngine.java:119)
	at com.kms.katalon.core.main.TestCaseExecutor.runScript(TestCaseExecutor.java:321)
	at com.kms.katalon.core.main.TestCaseExecutor.doExecute(TestCaseExecutor.java:312)
	at com.kms.katalon.core.main.TestCaseExecutor.processExecutionPhase(TestCaseExecutor.java:291)
	at com.kms.katalon.core.main.TestCaseExecutor.accessMainPhase(TestCaseExecutor.java:283)
	at com.kms.katalon.core.main.TestCaseExecutor.execute(TestCaseExecutor.java:222)
	at com.kms.katalon.core.main.TestSuiteExecutor.accessTestCaseMainPhase(TestSuiteExecutor.java:129)
	at com.kms.katalon.core.main.TestSuiteExecutor.accessTestSuiteMainPhase(TestSuiteExecutor.java:112)
	at com.kms.katalon.core.main.TestSuiteExecutor.execute(TestSuiteExecutor.java:81)
	at com.kms.katalon.core.main.TestCaseMain.startTestSuite(TestCaseMain.java:149)
	at com.kms.katalon.core.main.TestCaseMain$startTestSuite$0.call(Unknown Source)
	at TempTestSuite1546871563996.run(TempTestSuite1546871563996.groovy:36)


2019-01-07 14:32:51 - [TEST_STEP][PASSED] - responseData1 = sendRequest(findTestObject("Fetch_Email", ["email_id":MailID])): Send request successfully

2019-01-07 14:32:52 - [MESSAGE][INFO] - HAR: C:\Users\jonha\Documents\Katalon\APHA\JM_8.9\FSM_Regression\Reports\Check Email\20190107_143243\requests\main\1.har

2019-01-07 14:32:52 - [MESSAGE][PASSED] - Send request successfully

2019-01-07 14:32:52 - [TEST_STEP][PASSED] - out.println(responseData1.getResponseText()): null

2019-01-07 14:32:52 - [TEST_STEP][PASSED] - jsonSlurper1 = new groovy.json.JsonSlurper(): null

2019-01-07 14:32:52 - [TEST_STEP][PASSED] - res1 = jsonSlurper1.parseText(responseData1.getResponseText()): null

2019-01-07 14:32:52 - [TEST_STEP][ERROR] - MailSubject = mail_subject: MailSubject = mail_subject FAILED.
Reason:
groovy.lang.MissingPropertyException: No such property: mail_subject for class: java.lang.Boolean
	at FetchEmail.run(FetchEmail:25)
	at com.kms.katalon.core.main.ScriptEngine.run(ScriptEngine.java:194)
	at com.kms.katalon.core.main.ScriptEngine.runScriptAsRawText(ScriptEngine.java:119)
	at com.kms.katalon.core.main.TestCaseExecutor.runScript(TestCaseExecutor.java:321)
	at com.kms.katalon.core.main.TestCaseExecutor.doExecute(TestCaseExecutor.java:312)
	at com.kms.katalon.core.main.TestCaseExecutor.processExecutionPhase(TestCaseExecutor.java:291)
	at com.kms.katalon.core.main.TestCaseExecutor.accessMainPhase(TestCaseExecutor.java:283)
	at com.kms.katalon.core.main.TestCaseExecutor.execute(TestCaseExecutor.java:222)
	at com.kms.katalon.core.main.TestSuiteExecutor.accessTestCaseMainPhase(TestSuiteExecutor.java:129)
	at com.kms.katalon.core.main.TestSuiteExecutor.accessTestSuiteMainPhase(TestSuiteExecutor.java:112)
	at com.kms.katalon.core.main.TestSuiteExecutor.execute(TestSuiteExecutor.java:81)
	at com.kms.katalon.core.main.TestCaseMain.startTestSuite(TestCaseMain.java:149)
	at com.kms.katalon.core.main.TestCaseMain$startTestSuite$0.call(Unknown Source)
	at TempTestSuite1546871563996.run(TempTestSuite1546871563996.groovy:36)


2019-01-07 14:32:52 - [MESSAGE][ERROR] - MailSubject = mail_subject FAILED.
Reason:
groovy.lang.MissingPropertyException: No such property: mail_subject for class: java.lang.Boolean
	at FetchEmail.run(FetchEmail:25)
	at com.kms.katalon.core.main.ScriptEngine.run(ScriptEngine.java:194)
	at com.kms.katalon.core.main.ScriptEngine.runScriptAsRawText(ScriptEngine.java:119)
	at com.kms.katalon.core.main.TestCaseExecutor.runScript(TestCaseExecutor.java:321)
	at com.kms.katalon.core.main.TestCaseExecutor.doExecute(TestCaseExecutor.java:312)
	at com.kms.katalon.core.main.TestCaseExecutor.processExecutionPhase(TestCaseExecutor.java:291)
	at com.kms.katalon.core.main.TestCaseExecutor.accessMainPhase(TestCaseExecutor.java:283)
	at com.kms.katalon.core.main.TestCaseExecutor.execute(TestCaseExecutor.java:222)
	at com.kms.katalon.core.main.TestSuiteExecutor.accessTestCaseMainPhase(TestSuiteExecutor.java:129)
	at com.kms.katalon.core.main.TestSuiteExecutor.accessTestSuiteMainPhase(TestSuiteExecutor.java:112)
	at com.kms.katalon.core.main.TestSuiteExecutor.execute(TestSuiteExecutor.java:81)
	at com.kms.katalon.core.main.TestCaseMain.startTestSuite(TestCaseMain.java:149)
	at com.kms.katalon.core.main.TestCaseMain$startTestSuite$0.call(Unknown Source)
	at TempTestSuite1546871563996.run(TempTestSuite1546871563996.groovy:36)]]></system-out>
         <system-err><![CDATA[2019-01-07 14:32:50 - [TEST_CASE][ERROR] - Test Cases/Email/FetchEmail: Test Cases/Email/FetchEmail FAILED.
Reason:
groovy.lang.MissingPropertyException: No such property: mail_subject for class: java.lang.Boolean
	at FetchEmail.run(FetchEmail:25)
	at com.kms.katalon.core.main.ScriptEngine.run(ScriptEngine.java:194)
	at com.kms.katalon.core.main.ScriptEngine.runScriptAsRawText(ScriptEngine.java:119)
	at com.kms.katalon.core.main.TestCaseExecutor.runScript(TestCaseExecutor.java:321)
	at com.kms.katalon.core.main.TestCaseExecutor.doExecute(TestCaseExecutor.java:312)
	at com.kms.katalon.core.main.TestCaseExecutor.processExecutionPhase(TestCaseExecutor.java:291)
	at com.kms.katalon.core.main.TestCaseExecutor.accessMainPhase(TestCaseExecutor.java:283)
	at com.kms.katalon.core.main.TestCaseExecutor.execute(TestCaseExecutor.java:222)
	at com.kms.katalon.core.main.TestSuiteExecutor.accessTestCaseMainPhase(TestSuiteExecutor.java:129)
	at com.kms.katalon.core.main.TestSuiteExecutor.accessTestSuiteMainPhase(TestSuiteExecutor.java:112)
	at com.kms.katalon.core.main.TestSuiteExecutor.execute(TestSuiteExecutor.java:81)
	at com.kms.katalon.core.main.TestCaseMain.startTestSuite(TestCaseMain.java:149)
	at com.kms.katalon.core.main.TestCaseMain$startTestSuite$0.call(Unknown Source)
	at TempTestSuite1546871563996.run(TempTestSuite1546871563996.groovy:36)]]></system-err>
      </testcase>
      <system-out><![CDATA[2019-01-07 14:32:46 - [TEST_SUITE][ERROR] - Check Email: Test Cases/Email/FetchEmail FAILED.
Reason:
groovy.lang.MissingPropertyException: No such property: mail_subject for class: java.lang.Boolean
	at FetchEmail.run(FetchEmail:25)
	at com.kms.katalon.core.main.ScriptEngine.run(ScriptEngine.java:194)
	at com.kms.katalon.core.main.ScriptEngine.runScriptAsRawText(ScriptEngine.java:119)
	at com.kms.katalon.core.main.TestCaseExecutor.runScript(TestCaseExecutor.java:321)
	at com.kms.katalon.core.main.TestCaseExecutor.doExecute(TestCaseExecutor.java:312)
	at com.kms.katalon.core.main.TestCaseExecutor.processExecutionPhase(TestCaseExecutor.java:291)
	at com.kms.katalon.core.main.TestCaseExecutor.accessMainPhase(TestCaseExecutor.java:283)
	at com.kms.katalon.core.main.TestCaseExecutor.execute(TestCaseExecutor.java:222)
	at com.kms.katalon.core.main.TestSuiteExecutor.accessTestCaseMainPhase(TestSuiteExecutor.java:129)
	at com.kms.katalon.core.main.TestSuiteExecutor.accessTestSuiteMainPhase(TestSuiteExecutor.java:112)
	at com.kms.katalon.core.main.TestSuiteExecutor.execute(TestSuiteExecutor.java:81)
	at com.kms.katalon.core.main.TestCaseMain.startTestSuite(TestCaseMain.java:149)
	at com.kms.katalon.core.main.TestCaseMain$startTestSuite$0.call(Unknown Source)
	at TempTestSuite1546871563996.run(TempTestSuite1546871563996.groovy:36)]]></system-out>
      <system-err><![CDATA[2019-01-07 14:32:46 - [TEST_SUITE][ERROR] - Check Email: Test Cases/Email/FetchEmail FAILED.
Reason:
groovy.lang.MissingPropertyException: No such property: mail_subject for class: java.lang.Boolean
	at FetchEmail.run(FetchEmail:25)
	at com.kms.katalon.core.main.ScriptEngine.run(ScriptEngine.java:194)
	at com.kms.katalon.core.main.ScriptEngine.runScriptAsRawText(ScriptEngine.java:119)
	at com.kms.katalon.core.main.TestCaseExecutor.runScript(TestCaseExecutor.java:321)
	at com.kms.katalon.core.main.TestCaseExecutor.doExecute(TestCaseExecutor.java:312)
	at com.kms.katalon.core.main.TestCaseExecutor.processExecutionPhase(TestCaseExecutor.java:291)
	at com.kms.katalon.core.main.TestCaseExecutor.accessMainPhase(TestCaseExecutor.java:283)
	at com.kms.katalon.core.main.TestCaseExecutor.execute(TestCaseExecutor.java:222)
	at com.kms.katalon.core.main.TestSuiteExecutor.accessTestCaseMainPhase(TestSuiteExecutor.java:129)
	at com.kms.katalon.core.main.TestSuiteExecutor.accessTestSuiteMainPhase(TestSuiteExecutor.java:112)
	at com.kms.katalon.core.main.TestSuiteExecutor.execute(TestSuiteExecutor.java:81)
	at com.kms.katalon.core.main.TestCaseMain.startTestSuite(TestCaseMain.java:149)
	at com.kms.katalon.core.main.TestCaseMain$startTestSuite$0.call(Unknown Source)
	at TempTestSuite1546871563996.run(TempTestSuite1546871563996.groovy:36)]]></system-err>
   </testsuite>
</testsuites>
