<?xml version="1.0" encoding="UTF-8"?>
<testsuites name="ABP Regression" time="86" tests="1" failures="1" errors="0">
   <testsuite name="ABP Regression" tests="1" failures="1" errors="0" time="86" timestamp="2018-03-31 15:39:06" hostname="FSMAutomation - FSMAutomation1.qb5dfdbpfkuuppye2syu0ciute.cwx.internal.cloudapp.net" id="Test Suites/ABP Regression">
      <properties>
         <property name="deviceName" value=""/>
         <property name="devicePlatform" value=""/>
         <property name="logFolder" value="C:\\Users\\FSMAutomation\\Katalon Studio\\FSM\\Reports\\ABP Regression\\20180331_153903"/>
         <property name="logFiles" value="C:\\Users\\FSMAutomation\\Katalon Studio\\FSM\\Reports\\ABP Regression\\20180331_153903\\execution0.log"/>
         <property name="attachments" value="C:\\Users\\FSMAutomation\\Katalon Studio\\FSM\\Reports\\ABP Regression\\20180331_153903\\1522510831861.png"/>
         <property name="hostName" value="FSMAutomation - FSMAutomation1.qb5dfdbpfkuuppye2syu0ciute.cwx.internal.cloudapp.net"/>
         <property name="os" value="Windows 10 64bit"/>
         <property name="katalonVersion" value="5.3.0.1"/>
         <property name="browser" value="Chrome 65.0.3325.181"/>
         <property name="hostAddress" value="10.0.1.4"/>
         <property name="sessionId" value="30e01503cdbb5fc1c8cd6e9f1c0e12d0"/>
         <property name="seleniumVersion" value="3.7.1"/>
         <property name="proxyInformation" value="ProxyInformation{proxyOption=NO_PROXY, proxyServerType=HTTP, password=, proxyServerAddress=, proxyServerPort=0}"/>
         <property name="platform" value="Windows 10"/>
      </properties>
      <testcase name="Test Cases/Launch Job Manager" classname="Test Cases/Launch Job Manager" status="PASSED">
         <system-out><![CDATA[2018-03-31 15:39:07 - [TEST_CASE][PASSED] - Test Cases/Launch Job Manager: Test Cases/Launch Job Manager

2018-03-31 15:39:08 - [TEST_STEP][PASSED] - openBrowser: Browser is opened with url: ''

2018-03-31 15:39:13 - [MESSAGE][PASSED] - Browser is opened with url: ''

2018-03-31 15:39:13 - [TEST_STEP][PASSED] - navigateToUrl: Navigate to 'https://kirona-def-2.kirona.com/jmtest/jclient/jclient.html' successfully

2018-03-31 15:39:14 - [MESSAGE][PASSED] - Navigate to 'https://kirona-def-2.kirona.com/jmtest/jclient/jclient.html' successfully

2018-03-31 15:39:14 - [TEST_STEP][PASSED] - setText: Text 'KIR1' is set on object 'Object Repository/FSM1/Launch Application/Page_JClient/input_gwt-TextBox GKH2EKQBMDB'

2018-03-31 15:39:16 - [MESSAGE][PASSED] - Text 'KIR1' is set on object 'Object Repository/FSM1/Launch Application/Page_JClient/input_gwt-TextBox GKH2EKQBMDB'

2018-03-31 15:39:16 - [TEST_STEP][PASSED] - sendKeys: Keys 'ENTER + ' sent to object: 'Object Repository/FSM1/Launch Application/Page_JClient/input_gwt-TextBox GKH2EKQBMDB'

2018-03-31 15:39:16 - [MESSAGE][PASSED] - Keys 'ENTER + ' sent to object: 'Object Repository/FSM1/Launch Application/Page_JClient/input_gwt-TextBox GKH2EKQBMDB'

2018-03-31 15:39:16 - [TEST_STEP][PASSED] - click: Object: 'Object Repository/FSM1/Launch Application/Page_JClient/div_Configure App' is clicked on

2018-03-31 15:39:17 - [MESSAGE][PASSED] - Object: 'Object Repository/FSM1/Launch Application/Page_JClient/div_Configure App' is clicked on

2018-03-31 15:39:17 - [TEST_STEP][PASSED] - setText: Text 'jon.hatfield' is set on object 'Object Repository/FSM1/Launch Application/Page_JClient/input_gwt-TextBox GKH2EKQBNHC'

2018-03-31 15:39:18 - [MESSAGE][PASSED] - Text 'jon.hatfield' is set on object 'Object Repository/FSM1/Launch Application/Page_JClient/input_gwt-TextBox GKH2EKQBNHC'

2018-03-31 15:39:18 - [TEST_STEP][PASSED] - setText: Text 'Fr@nc1sJ0n' is set on object 'Object Repository/FSM1/Launch Application/Page_JClient/input_gwt-PasswordTextBox GKH2'

2018-03-31 15:39:19 - [MESSAGE][PASSED] - Text 'Fr@nc1sJ0n' is set on object 'Object Repository/FSM1/Launch Application/Page_JClient/input_gwt-PasswordTextBox GKH2'

2018-03-31 15:39:19 - [TEST_STEP][PASSED] - click: Object: 'Object Repository/FSM1/Launch Application/Page_JClient/div_Sign In' is clicked on

2018-03-31 15:39:19 - [MESSAGE][PASSED] - Object: 'Object Repository/FSM1/Launch Application/Page_JClient/div_Sign In' is clicked on

2018-03-31 15:39:19 - [TEST_STEP][PASSED] - delay: Delayed 30 second(s)

2018-03-31 15:39:49 - [MESSAGE][PASSED] - Delayed 30 second(s)]]></system-out>
         <system-err><![CDATA[]]></system-err>
      </testcase>
      <testcase name="Test Cases/Select Inspection" classname="Test Cases/Select Inspection" status="FAILED">
         <failure type="FAILED" message="Unable to click on object 'Object Repository/FSM1/Select Inspection/Page_JClient/div_Checking for Job updates' (Root cause: com.kms.katalon.core.webui.exception.WebElementNotFoundException: Web element with id: 'Object Repository/FSM1/Select Inspection/Page_JClient/div_Checking for Job updates' located by 'By.xpath: /html[1]/body[@class=&quot;landscape&quot;]/div[@class=&quot;GKH2EKQBO- GKH2EKQBO1 GKH2EKQBN1&quot;]/div[@class=&quot;GKH2EKQBP-&quot;]/div[@class=&quot;GKH2EKQBOBB GKH2EKQBACB&quot;][count(. | //div[@class = 'GKH2EKQBOBB GKH2EKQBACB']) = count(//div[@class = 'GKH2EKQBOBB GKH2EKQBACB'])]' not found)"/>
         <system-out><![CDATA[2018-03-31 15:39:49 - [TEST_CASE][FAILED] - Test Cases/Select Inspection: Test Cases/Select Inspection FAILED because (of) Unable to click on object 'Object Repository/FSM1/Select Inspection/Page_JClient/div_Checking for Job updates' (Root cause: com.kms.katalon.core.webui.exception.WebElementNotFoundException: Web element with id: 'Object Repository/FSM1/Select Inspection/Page_JClient/div_Checking for Job updates' located by 'By.xpath: /html[1]/body[@class="landscape"]/div[@class="GKH2EKQBO- GKH2EKQBO1 GKH2EKQBN1"]/div[@class="GKH2EKQBP-"]/div[@class="GKH2EKQBOBB GKH2EKQBACB"][count(. | //div[@class = 'GKH2EKQBOBB GKH2EKQBACB']) = count(//div[@class = 'GKH2EKQBOBB GKH2EKQBACB'])]' not found)

2018-03-31 15:39:50 - [TEST_STEP][PASSED] - delay: Delayed 10 second(s)

2018-03-31 15:40:00 - [MESSAGE][PASSED] - Delayed 10 second(s)

2018-03-31 15:40:00 - [TEST_STEP][PASSED] - click: Object: 'Object Repository/FSM1/Select Inspection/Page_JClient/div_5 Days' is clicked on

2018-03-31 15:40:00 - [MESSAGE][PASSED] - Object: 'Object Repository/FSM1/Select Inspection/Page_JClient/div_5 Days' is clicked on

2018-03-31 15:40:00 - [TEST_STEP][FAILED] - click: Unable to click on object 'Object Repository/FSM1/Select Inspection/Page_JClient/div_Checking for Job updates' (Root cause: com.kms.katalon.core.webui.exception.WebElementNotFoundException: Web element with id: 'Object Repository/FSM1/Select Inspection/Page_JClient/div_Checking for Job updates' located by 'By.xpath: /html[1]/body[@class="landscape"]/div[@class="GKH2EKQBO- GKH2EKQBO1 GKH2EKQBN1"]/div[@class="GKH2EKQBP-"]/div[@class="GKH2EKQBOBB GKH2EKQBACB"][count(. | //div[@class = 'GKH2EKQBOBB GKH2EKQBACB']) = count(//div[@class = 'GKH2EKQBOBB GKH2EKQBACB'])]' not found)

2018-03-31 15:40:32 - [MESSAGE][FAILED] - Unable to click on object 'Object Repository/FSM1/Select Inspection/Page_JClient/div_Checking for Job updates' (Root cause: com.kms.katalon.core.webui.exception.WebElementNotFoundException: Web element with id: 'Object Repository/FSM1/Select Inspection/Page_JClient/div_Checking for Job updates' located by 'By.xpath: /html[1]/body[@class="landscape"]/div[@class="GKH2EKQBO- GKH2EKQBO1 GKH2EKQBN1"]/div[@class="GKH2EKQBP-"]/div[@class="GKH2EKQBOBB GKH2EKQBACB"][count(. | //div[@class = 'GKH2EKQBOBB GKH2EKQBACB']) = count(//div[@class = 'GKH2EKQBOBB GKH2EKQBACB'])]' not found)
[[ATTACHMENT|C:\\Users\\FSMAutomation\\Katalon Studio\\FSM\\Reports\\ABP Regression\\20180331_153903\\1522510831861.png]]]]></system-out>
         <system-err><![CDATA[2018-03-31 15:39:49 - [TEST_CASE][FAILED] - Test Cases/Select Inspection: Test Cases/Select Inspection FAILED because (of) Unable to click on object 'Object Repository/FSM1/Select Inspection/Page_JClient/div_Checking for Job updates' (Root cause: com.kms.katalon.core.webui.exception.WebElementNotFoundException: Web element with id: 'Object Repository/FSM1/Select Inspection/Page_JClient/div_Checking for Job updates' located by 'By.xpath: /html[1]/body[@class="landscape"]/div[@class="GKH2EKQBO- GKH2EKQBO1 GKH2EKQBN1"]/div[@class="GKH2EKQBP-"]/div[@class="GKH2EKQBOBB GKH2EKQBACB"][count(. | //div[@class = 'GKH2EKQBOBB GKH2EKQBACB']) = count(//div[@class = 'GKH2EKQBOBB GKH2EKQBACB'])]' not found)]]></system-err>
      </testcase>
      <system-out><![CDATA[2018-03-31 15:39:06 - [TEST_SUITE][FAILED] - ABP Regression: Test Cases/Select Inspection FAILED because (of) Unable to click on object 'Object Repository/FSM1/Select Inspection/Page_JClient/div_Checking for Job updates' (Root cause: com.kms.katalon.core.webui.exception.WebElementNotFoundException: Web element with id: 'Object Repository/FSM1/Select Inspection/Page_JClient/div_Checking for Job updates' located by 'By.xpath: /html[1]/body[@class="landscape"]/div[@class="GKH2EKQBO- GKH2EKQBO1 GKH2EKQBN1"]/div[@class="GKH2EKQBP-"]/div[@class="GKH2EKQBOBB GKH2EKQBACB"][count(. | //div[@class = 'GKH2EKQBOBB GKH2EKQBACB']) = count(//div[@class = 'GKH2EKQBOBB GKH2EKQBACB'])]' not found)]]></system-out>
      <system-err><![CDATA[2018-03-31 15:39:06 - [TEST_SUITE][FAILED] - ABP Regression: Test Cases/Select Inspection FAILED because (of) Unable to click on object 'Object Repository/FSM1/Select Inspection/Page_JClient/div_Checking for Job updates' (Root cause: com.kms.katalon.core.webui.exception.WebElementNotFoundException: Web element with id: 'Object Repository/FSM1/Select Inspection/Page_JClient/div_Checking for Job updates' located by 'By.xpath: /html[1]/body[@class="landscape"]/div[@class="GKH2EKQBO- GKH2EKQBO1 GKH2EKQBN1"]/div[@class="GKH2EKQBP-"]/div[@class="GKH2EKQBOBB GKH2EKQBACB"][count(. | //div[@class = 'GKH2EKQBOBB GKH2EKQBACB']) = count(//div[@class = 'GKH2EKQBOBB GKH2EKQBACB'])]' not found)]]></system-err>
   </testsuite>
</testsuites>
