<?xml version="1.0" encoding="UTF-8"?>
<testsuites name="ABP Regression" time="61" tests="1" failures="1" errors="0">
   <testsuite name="ABP Regression" tests="1" failures="1" errors="0" time="61" timestamp="2018-03-31 15:49:55" hostname="FSMAutomation - FSMAutomation1.qb5dfdbpfkuuppye2syu0ciute.cwx.internal.cloudapp.net" id="Test Suites/ABP Regression">
      <properties>
         <property name="deviceName" value=""/>
         <property name="devicePlatform" value=""/>
         <property name="logFolder" value="C:\\Users\\FSMAutomation\\Katalon Studio\\FSM\\Reports\\ABP Regression\\20180331_154951"/>
         <property name="logFiles" value="C:\\Users\\FSMAutomation\\Katalon Studio\\FSM\\Reports\\ABP Regression\\20180331_154951\\execution0.log"/>
         <property name="attachments" value="C:\\Users\\FSMAutomation\\Katalon Studio\\FSM\\Reports\\ABP Regression\\20180331_154951\\1522511455153.png"/>
         <property name="hostName" value="FSMAutomation - FSMAutomation1.qb5dfdbpfkuuppye2syu0ciute.cwx.internal.cloudapp.net"/>
         <property name="os" value="Windows 10 64bit"/>
         <property name="katalonVersion" value="5.3.0.1"/>
         <property name="browser" value="Chrome 65.0.3325.181"/>
         <property name="hostAddress" value="10.0.1.4"/>
         <property name="sessionId" value="ea38951a3ed11474d5abff232ce7bd33"/>
         <property name="seleniumVersion" value="3.7.1"/>
         <property name="proxyInformation" value="ProxyInformation{proxyOption=NO_PROXY, proxyServerType=HTTP, password=, proxyServerAddress=, proxyServerPort=0}"/>
         <property name="platform" value="Windows 10"/>
      </properties>
      <testcase name="Test Cases/Launch Job Manager" classname="Test Cases/Launch Job Manager" status="PASSED">
         <system-out><![CDATA[2018-03-31 15:49:56 - [TEST_CASE][PASSED] - Test Cases/Launch Job Manager: Test Cases/Launch Job Manager

2018-03-31 15:49:57 - [TEST_STEP][PASSED] - openBrowser: Browser is opened with url: ''

2018-03-31 15:50:01 - [MESSAGE][PASSED] - Browser is opened with url: ''

2018-03-31 15:50:01 - [TEST_STEP][PASSED] - navigateToUrl: Navigate to 'https://kirona-def-2.kirona.com/jmtest/jclient/jclient.html' successfully

2018-03-31 15:50:02 - [MESSAGE][PASSED] - Navigate to 'https://kirona-def-2.kirona.com/jmtest/jclient/jclient.html' successfully

2018-03-31 15:50:02 - [TEST_STEP][PASSED] - setText: Text 'KIR1' is set on object 'Object Repository/FSM1/Launch Application/Page_JClient/input_gwt-TextBox GKH2EKQBMDB'

2018-03-31 15:50:05 - [MESSAGE][PASSED] - Text 'KIR1' is set on object 'Object Repository/FSM1/Launch Application/Page_JClient/input_gwt-TextBox GKH2EKQBMDB'

2018-03-31 15:50:05 - [TEST_STEP][PASSED] - sendKeys: Keys 'ENTER + ' sent to object: 'Object Repository/FSM1/Launch Application/Page_JClient/input_gwt-TextBox GKH2EKQBMDB'

2018-03-31 15:50:06 - [MESSAGE][PASSED] - Keys 'ENTER + ' sent to object: 'Object Repository/FSM1/Launch Application/Page_JClient/input_gwt-TextBox GKH2EKQBMDB'

2018-03-31 15:50:06 - [TEST_STEP][PASSED] - click: Object: 'Object Repository/FSM1/Launch Application/Page_JClient/div_Configure App' is clicked on

2018-03-31 15:50:06 - [MESSAGE][PASSED] - Object: 'Object Repository/FSM1/Launch Application/Page_JClient/div_Configure App' is clicked on

2018-03-31 15:50:06 - [TEST_STEP][PASSED] - setText: Text 'jon.hatfield' is set on object 'Object Repository/FSM1/Launch Application/Page_JClient/input_gwt-TextBox GKH2EKQBNHC'

2018-03-31 15:50:07 - [MESSAGE][PASSED] - Text 'jon.hatfield' is set on object 'Object Repository/FSM1/Launch Application/Page_JClient/input_gwt-TextBox GKH2EKQBNHC'

2018-03-31 15:50:07 - [TEST_STEP][PASSED] - setText: Text 'Fr@nc1sJ0n' is set on object 'Object Repository/FSM1/Launch Application/Page_JClient/input_gwt-PasswordTextBox GKH2'

2018-03-31 15:50:08 - [MESSAGE][PASSED] - Text 'Fr@nc1sJ0n' is set on object 'Object Repository/FSM1/Launch Application/Page_JClient/input_gwt-PasswordTextBox GKH2'

2018-03-31 15:50:08 - [TEST_STEP][PASSED] - click: Object: 'Object Repository/FSM1/Launch Application/Page_JClient/div_Sign In' is clicked on

2018-03-31 15:50:08 - [MESSAGE][PASSED] - Object: 'Object Repository/FSM1/Launch Application/Page_JClient/div_Sign In' is clicked on

2018-03-31 15:50:08 - [TEST_STEP][PASSED] - delay: Delayed 30 second(s)

2018-03-31 15:50:39 - [MESSAGE][PASSED] - Delayed 30 second(s)]]></system-out>
         <system-err><![CDATA[]]></system-err>
      </testcase>
      <testcase name="Test Cases/Select Inspection" classname="Test Cases/Select Inspection" status="FAILED">
         <failure type="FAILED" message="Unable to click on object 'Object Repository/FSM1/Select Inspection/Page_JClient/div_30316' (Root cause: org.openqa.selenium.WebDriverException: unknown error: Element &lt;div class=&quot;GKH2EKQBCFC&quot;>...&lt;/div> is not clickable at point (50, 127). Other element would receive the click: &lt;div class=&quot;GKH2EKQBOBB GKH2EKQBACB&quot; style=&quot;-webkit-box-align: center; align-items: center; -webkit-box-pack: center; justify-content: center;&quot;>...&lt;/div>
  (Session info: chrome=65.0.3325.181)
  (Driver info: chromedriver=2.35.528161 (5b82f2d2aae0ca24b877009200ced9065a772e73),platform=Windows NT 10.0.16299 x86_64) (WARNING: The server did not provide any stacktrace information)
Command duration or timeout: 0 milliseconds
Build info: version: '3.7.1', revision: '8a0099a', time: '2017-11-06T21:07:36.161Z'
System info: host: 'FSMAutomation1', ip: '10.0.1.4', os.name: 'Windows 10', os.arch: 'amd64', os.version: '10.0', java.version: '1.8.0_102'
Driver info: com.kms.katalon.selenium.driver.CChromeDriver
Capabilities {acceptInsecureCerts: false, acceptSslCerts: false, applicationCacheEnabled: false, browserConnectionEnabled: false, browserName: chrome, chrome: {chromedriverVersion: 2.35.528161 (5b82f2d2aae0ca..., userDataDir: C:\Users\FSMAUT~1\AppData\L...}, cssSelectorsEnabled: true, databaseEnabled: false, handlesAlerts: true, hasTouchScreen: false, javascriptEnabled: true, locationContextEnabled: true, mobileEmulationEnabled: false, nativeEvents: true, networkConnectionEnabled: false, pageLoadStrategy: normal, platform: XP, platformName: XP, rotatable: false, setWindowRect: true, takesHeapSnapshot: true, takesScreenshot: true, unexpectedAlertBehaviour: , unhandledPromptBehavior: , version: 65.0.3325.181, webStorageEnabled: true}
Session ID: ea38951a3ed11474d5abff232ce7bd33)"/>
         <system-out><![CDATA[2018-03-31 15:50:39 - [TEST_CASE][FAILED] - Test Cases/Select Inspection: Test Cases/Select Inspection FAILED because (of) Unable to click on object 'Object Repository/FSM1/Select Inspection/Page_JClient/div_30316' (Root cause: org.openqa.selenium.WebDriverException: unknown error: Element <div class="GKH2EKQBCFC">...</div> is not clickable at point (50, 127). Other element would receive the click: <div class="GKH2EKQBOBB GKH2EKQBACB" style="-webkit-box-align: center; align-items: center; -webkit-box-pack: center; justify-content: center;">...</div>
  (Session info: chrome=65.0.3325.181)
  (Driver info: chromedriver=2.35.528161 (5b82f2d2aae0ca24b877009200ced9065a772e73),platform=Windows NT 10.0.16299 x86_64) (WARNING: The server did not provide any stacktrace information)
Command duration or timeout: 0 milliseconds
Build info: version: '3.7.1', revision: '8a0099a', time: '2017-11-06T21:07:36.161Z'
System info: host: 'FSMAutomation1', ip: '10.0.1.4', os.name: 'Windows 10', os.arch: 'amd64', os.version: '10.0', java.version: '1.8.0_102'
Driver info: com.kms.katalon.selenium.driver.CChromeDriver
Capabilities {acceptInsecureCerts: false, acceptSslCerts: false, applicationCacheEnabled: false, browserConnectionEnabled: false, browserName: chrome, chrome: {chromedriverVersion: 2.35.528161 (5b82f2d2aae0ca..., userDataDir: C:\Users\FSMAUT~1\AppData\L...}, cssSelectorsEnabled: true, databaseEnabled: false, handlesAlerts: true, hasTouchScreen: false, javascriptEnabled: true, locationContextEnabled: true, mobileEmulationEnabled: false, nativeEvents: true, networkConnectionEnabled: false, pageLoadStrategy: normal, platform: XP, platformName: XP, rotatable: false, setWindowRect: true, takesHeapSnapshot: true, takesScreenshot: true, unexpectedAlertBehaviour: , unhandledPromptBehavior: , version: 65.0.3325.181, webStorageEnabled: true}
Session ID: ea38951a3ed11474d5abff232ce7bd33)

2018-03-31 15:50:39 - [TEST_STEP][PASSED] - delay: Delayed 10 second(s)

2018-03-31 15:50:49 - [MESSAGE][PASSED] - Delayed 10 second(s)

2018-03-31 15:50:49 - [TEST_STEP][PASSED] - click: Object: 'Object Repository/FSM1/Select Inspection/Page_JClient/div_5 Days' is clicked on

2018-03-31 15:50:49 - [MESSAGE][PASSED] - Object: 'Object Repository/FSM1/Select Inspection/Page_JClient/div_5 Days' is clicked on

2018-03-31 15:50:49 - [TEST_STEP][PASSED] - click: Object: 'Object Repository/FSM1/Select Inspection/Landing/Refresh' is clicked on

2018-03-31 15:50:50 - [MESSAGE][PASSED] - Object: 'Object Repository/FSM1/Select Inspection/Landing/Refresh' is clicked on

2018-03-31 15:50:50 - [TEST_STEP][FAILED] - click: Unable to click on object 'Object Repository/FSM1/Select Inspection/Page_JClient/div_30316' (Root cause: org.openqa.selenium.WebDriverException: unknown error: Element <div class="GKH2EKQBCFC">...</div> is not clickable at point (50, 127). Other element would receive the click: <div class="GKH2EKQBOBB GKH2EKQBACB" style="-webkit-box-align: center; align-items: center; -webkit-box-pack: center; justify-content: center;">...</div>
  (Session info: chrome=65.0.3325.181)
  (Driver info: chromedriver=2.35.528161 (5b82f2d2aae0ca24b877009200ced9065a772e73),platform=Windows NT 10.0.16299 x86_64) (WARNING: The server did not provide any stacktrace information)
Command duration or timeout: 0 milliseconds
Build info: version: '3.7.1', revision: '8a0099a', time: '2017-11-06T21:07:36.161Z'
System info: host: 'FSMAutomation1', ip: '10.0.1.4', os.name: 'Windows 10', os.arch: 'amd64', os.version: '10.0', java.version: '1.8.0_102'
Driver info: com.kms.katalon.selenium.driver.CChromeDriver
Capabilities {acceptInsecureCerts: false, acceptSslCerts: false, applicationCacheEnabled: false, browserConnectionEnabled: false, browserName: chrome, chrome: {chromedriverVersion: 2.35.528161 (5b82f2d2aae0ca..., userDataDir: C:\Users\FSMAUT~1\AppData\L...}, cssSelectorsEnabled: true, databaseEnabled: false, handlesAlerts: true, hasTouchScreen: false, javascriptEnabled: true, locationContextEnabled: true, mobileEmulationEnabled: false, nativeEvents: true, networkConnectionEnabled: false, pageLoadStrategy: normal, platform: XP, platformName: XP, rotatable: false, setWindowRect: true, takesHeapSnapshot: true, takesScreenshot: true, unexpectedAlertBehaviour: , unhandledPromptBehavior: , version: 65.0.3325.181, webStorageEnabled: true}
Session ID: ea38951a3ed11474d5abff232ce7bd33)

2018-03-31 15:50:55 - [MESSAGE][FAILED] - Unable to click on object 'Object Repository/FSM1/Select Inspection/Page_JClient/div_30316' (Root cause: org.openqa.selenium.WebDriverException: unknown error: Element <div class="GKH2EKQBCFC">...</div> is not clickable at point (50, 127). Other element would receive the click: <div class="GKH2EKQBOBB GKH2EKQBACB" style="-webkit-box-align: center; align-items: center; -webkit-box-pack: center; justify-content: center;">...</div>
  (Session info: chrome=65.0.3325.181)
  (Driver info: chromedriver=2.35.528161 (5b82f2d2aae0ca24b877009200ced9065a772e73),platform=Windows NT 10.0.16299 x86_64) (WARNING: The server did not provide any stacktrace information)
Command duration or timeout: 0 milliseconds
Build info: version: '3.7.1', revision: '8a0099a', time: '2017-11-06T21:07:36.161Z'
System info: host: 'FSMAutomation1', ip: '10.0.1.4', os.name: 'Windows 10', os.arch: 'amd64', os.version: '10.0', java.version: '1.8.0_102'
Driver info: com.kms.katalon.selenium.driver.CChromeDriver
Capabilities {acceptInsecureCerts: false, acceptSslCerts: false, applicationCacheEnabled: false, browserConnectionEnabled: false, browserName: chrome, chrome: {chromedriverVersion: 2.35.528161 (5b82f2d2aae0ca..., userDataDir: C:\Users\FSMAUT~1\AppData\L...}, cssSelectorsEnabled: true, databaseEnabled: false, handlesAlerts: true, hasTouchScreen: false, javascriptEnabled: true, locationContextEnabled: true, mobileEmulationEnabled: false, nativeEvents: true, networkConnectionEnabled: false, pageLoadStrategy: normal, platform: XP, platformName: XP, rotatable: false, setWindowRect: true, takesHeapSnapshot: true, takesScreenshot: true, unexpectedAlertBehaviour: , unhandledPromptBehavior: , version: 65.0.3325.181, webStorageEnabled: true}
Session ID: ea38951a3ed11474d5abff232ce7bd33)
[[ATTACHMENT|C:\\Users\\FSMAutomation\\Katalon Studio\\FSM\\Reports\\ABP Regression\\20180331_154951\\1522511455153.png]]]]></system-out>
         <system-err><![CDATA[2018-03-31 15:50:39 - [TEST_CASE][FAILED] - Test Cases/Select Inspection: Test Cases/Select Inspection FAILED because (of) Unable to click on object 'Object Repository/FSM1/Select Inspection/Page_JClient/div_30316' (Root cause: org.openqa.selenium.WebDriverException: unknown error: Element <div class="GKH2EKQBCFC">...</div> is not clickable at point (50, 127). Other element would receive the click: <div class="GKH2EKQBOBB GKH2EKQBACB" style="-webkit-box-align: center; align-items: center; -webkit-box-pack: center; justify-content: center;">...</div>
  (Session info: chrome=65.0.3325.181)
  (Driver info: chromedriver=2.35.528161 (5b82f2d2aae0ca24b877009200ced9065a772e73),platform=Windows NT 10.0.16299 x86_64) (WARNING: The server did not provide any stacktrace information)
Command duration or timeout: 0 milliseconds
Build info: version: '3.7.1', revision: '8a0099a', time: '2017-11-06T21:07:36.161Z'
System info: host: 'FSMAutomation1', ip: '10.0.1.4', os.name: 'Windows 10', os.arch: 'amd64', os.version: '10.0', java.version: '1.8.0_102'
Driver info: com.kms.katalon.selenium.driver.CChromeDriver
Capabilities {acceptInsecureCerts: false, acceptSslCerts: false, applicationCacheEnabled: false, browserConnectionEnabled: false, browserName: chrome, chrome: {chromedriverVersion: 2.35.528161 (5b82f2d2aae0ca..., userDataDir: C:\Users\FSMAUT~1\AppData\L...}, cssSelectorsEnabled: true, databaseEnabled: false, handlesAlerts: true, hasTouchScreen: false, javascriptEnabled: true, locationContextEnabled: true, mobileEmulationEnabled: false, nativeEvents: true, networkConnectionEnabled: false, pageLoadStrategy: normal, platform: XP, platformName: XP, rotatable: false, setWindowRect: true, takesHeapSnapshot: true, takesScreenshot: true, unexpectedAlertBehaviour: , unhandledPromptBehavior: , version: 65.0.3325.181, webStorageEnabled: true}
Session ID: ea38951a3ed11474d5abff232ce7bd33)]]></system-err>
      </testcase>
      <system-out><![CDATA[2018-03-31 15:49:55 - [TEST_SUITE][FAILED] - ABP Regression: Test Cases/Select Inspection FAILED because (of) Unable to click on object 'Object Repository/FSM1/Select Inspection/Page_JClient/div_30316' (Root cause: org.openqa.selenium.WebDriverException: unknown error: Element <div class="GKH2EKQBCFC">...</div> is not clickable at point (50, 127). Other element would receive the click: <div class="GKH2EKQBOBB GKH2EKQBACB" style="-webkit-box-align: center; align-items: center; -webkit-box-pack: center; justify-content: center;">...</div>
  (Session info: chrome=65.0.3325.181)
  (Driver info: chromedriver=2.35.528161 (5b82f2d2aae0ca24b877009200ced9065a772e73),platform=Windows NT 10.0.16299 x86_64) (WARNING: The server did not provide any stacktrace information)
Command duration or timeout: 0 milliseconds
Build info: version: '3.7.1', revision: '8a0099a', time: '2017-11-06T21:07:36.161Z'
System info: host: 'FSMAutomation1', ip: '10.0.1.4', os.name: 'Windows 10', os.arch: 'amd64', os.version: '10.0', java.version: '1.8.0_102'
Driver info: com.kms.katalon.selenium.driver.CChromeDriver
Capabilities {acceptInsecureCerts: false, acceptSslCerts: false, applicationCacheEnabled: false, browserConnectionEnabled: false, browserName: chrome, chrome: {chromedriverVersion: 2.35.528161 (5b82f2d2aae0ca..., userDataDir: C:\Users\FSMAUT~1\AppData\L...}, cssSelectorsEnabled: true, databaseEnabled: false, handlesAlerts: true, hasTouchScreen: false, javascriptEnabled: true, locationContextEnabled: true, mobileEmulationEnabled: false, nativeEvents: true, networkConnectionEnabled: false, pageLoadStrategy: normal, platform: XP, platformName: XP, rotatable: false, setWindowRect: true, takesHeapSnapshot: true, takesScreenshot: true, unexpectedAlertBehaviour: , unhandledPromptBehavior: , version: 65.0.3325.181, webStorageEnabled: true}
Session ID: ea38951a3ed11474d5abff232ce7bd33)]]></system-out>
      <system-err><![CDATA[2018-03-31 15:49:55 - [TEST_SUITE][FAILED] - ABP Regression: Test Cases/Select Inspection FAILED because (of) Unable to click on object 'Object Repository/FSM1/Select Inspection/Page_JClient/div_30316' (Root cause: org.openqa.selenium.WebDriverException: unknown error: Element <div class="GKH2EKQBCFC">...</div> is not clickable at point (50, 127). Other element would receive the click: <div class="GKH2EKQBOBB GKH2EKQBACB" style="-webkit-box-align: center; align-items: center; -webkit-box-pack: center; justify-content: center;">...</div>
  (Session info: chrome=65.0.3325.181)
  (Driver info: chromedriver=2.35.528161 (5b82f2d2aae0ca24b877009200ced9065a772e73),platform=Windows NT 10.0.16299 x86_64) (WARNING: The server did not provide any stacktrace information)
Command duration or timeout: 0 milliseconds
Build info: version: '3.7.1', revision: '8a0099a', time: '2017-11-06T21:07:36.161Z'
System info: host: 'FSMAutomation1', ip: '10.0.1.4', os.name: 'Windows 10', os.arch: 'amd64', os.version: '10.0', java.version: '1.8.0_102'
Driver info: com.kms.katalon.selenium.driver.CChromeDriver
Capabilities {acceptInsecureCerts: false, acceptSslCerts: false, applicationCacheEnabled: false, browserConnectionEnabled: false, browserName: chrome, chrome: {chromedriverVersion: 2.35.528161 (5b82f2d2aae0ca..., userDataDir: C:\Users\FSMAUT~1\AppData\L...}, cssSelectorsEnabled: true, databaseEnabled: false, handlesAlerts: true, hasTouchScreen: false, javascriptEnabled: true, locationContextEnabled: true, mobileEmulationEnabled: false, nativeEvents: true, networkConnectionEnabled: false, pageLoadStrategy: normal, platform: XP, platformName: XP, rotatable: false, setWindowRect: true, takesHeapSnapshot: true, takesScreenshot: true, unexpectedAlertBehaviour: , unhandledPromptBehavior: , version: 65.0.3325.181, webStorageEnabled: true}
Session ID: ea38951a3ed11474d5abff232ce7bd33)]]></system-err>
   </testsuite>
</testsuites>
