<?xml version="1.0" encoding="UTF-8"?>
<testsuites name="BSE16 Regression - Livestock Farm" time="329" tests="15" failures="6" errors="0">
   <testsuite name="BSE16 Regression - Livestock Farm" tests="15" failures="6" errors="0" time="329" timestamp="2019-01-25 10:33:11" hostname="jonha - DESKTOP-KMCIR60" id="Test Suites/Form Jobs/BSE16 Regression - Livestock Farm">
      <properties>
         <property name="deviceName" value=""/>
         <property name="devicePlatform" value=""/>
         <property name="logFolder" value="C:\\Users\\jonha\\Documents\\Katalon\\APHA\\JM_8.9\\FSM_Regression\\Reports\\Form Jobs\\BSE16 Regression - Livestock Farm\\20190125_100418"/>
         <property name="logFiles" value="C:\\Users\\jonha\\Documents\\Katalon\\APHA\\JM_8.9\\FSM_Regression\\Reports\\Form Jobs\\BSE16 Regression - Livestock Farm\\20190125_100418\\execution0.log"/>
         <property name="attachments" value="C:\\Users\\jonha\\Documents\\Katalon\\APHA\\JM_8.9\\FSM_Regression\\Reports\\Form Jobs\\BSE16 Regression - Livestock Farm\\20190125_100418\\1548412441608.png, C:\\Users\\jonha\\Documents\\Katalon\\APHA\\JM_8.9\\FSM_Regression\\Reports\\Form Jobs\\BSE16 Regression - Livestock Farm\\20190125_100418\\1548412562105.png, C:\\Users\\jonha\\Documents\\Katalon\\APHA\\JM_8.9\\FSM_Regression\\Reports\\Form Jobs\\BSE16 Regression - Livestock Farm\\20190125_100418\\1548412595704.png, C:\\Users\\jonha\\Documents\\Katalon\\APHA\\JM_8.9\\FSM_Regression\\Reports\\Form Jobs\\BSE16 Regression - Livestock Farm\\20190125_100418\\1548412627061.png, C:\\Users\\jonha\\Documents\\Katalon\\APHA\\JM_8.9\\FSM_Regression\\Reports\\Form Jobs\\BSE16 Regression - Livestock Farm\\20190125_100418\\1548412685733.png, C:\\Users\\jonha\\Documents\\Katalon\\APHA\\JM_8.9\\FSM_Regression\\Reports\\Form Jobs\\BSE16 Regression - Livestock Farm\\20190125_100418\\1548412719660.png"/>
         <property name="hostName" value="jonha - DESKTOP-KMCIR60"/>
         <property name="os" value="Windows 10 64bit"/>
         <property name="katalonVersion" value="5.9.1.2"/>
         <property name="browser" value="Chrome 71.0.3578.98"/>
         <property name="hostAddress" value="192.168.0.12"/>
         <property name="sessionId" value="a29851ecc57b73365731a1e259dc75e5"/>
         <property name="seleniumVersion" value="3.7.1"/>
         <property name="proxyInformation" value="ProxyInformation{proxyOption=NO_PROXY, proxyServerType=HTTP, password=, proxyServerAddress=, proxyServerPort=0}"/>
         <property name="platform" value="Windows 10"/>
      </properties>
      <testcase name="Test Cases/Generic/Launch Job Manager" classname="Test Cases/Generic/Launch Job Manager" status="PASSED">
         <system-out><![CDATA[2019-01-25 10:33:11 - [TEST_CASE][PASSED] - Test Cases/Generic/Launch Job Manager: Test Cases/Generic/Launch Job Manager

2019-01-25 10:33:12 - [TEST_STEP][PASSED] - openBrowser(""): Browser is opened with url: ''

2019-01-25 10:33:12 - [MESSAGE][INFO] - Starting 'Chrome' driver

2019-01-25 10:33:12 - [MESSAGE][INFO] - Action delay is set to 0 seconds

2019-01-25 10:33:15 - [MESSAGE][PASSED] - Browser is opened with url: ''

2019-01-25 10:33:15 - [TEST_STEP][PASSED] - navigateToUrl(JMURL): Navigate to 'https://kirona-def-6.kirona.com/jmprep/jclient/jclient.html' successfully

2019-01-25 10:33:17 - [MESSAGE][PASSED] - Navigate to 'https://kirona-def-6.kirona.com/jmprep/jclient/jclient.html' successfully

2019-01-25 10:33:17 - [TEST_STEP][PASSED] - delay(3): Delayed 3 second(s)

2019-01-25 10:33:20 - [MESSAGE][PASSED] - Delayed 3 second(s)

2019-01-25 10:33:20 - [TEST_STEP][PASSED] - setText(findTestObject("FSM1/Launch Application/Page_JClient/input_gwt-TextBox GKH2EKQBMDB"), "KIR1"): Text 'KIR1' is set on object 'Object Repository/FSM1/Launch Application/Page_JClient/input_gwt-TextBox GKH2EKQBMDB'

2019-01-25 10:33:20 - [MESSAGE][PASSED] - Text 'KIR1' is set on object 'Object Repository/FSM1/Launch Application/Page_JClient/input_gwt-TextBox GKH2EKQBMDB'

2019-01-25 10:33:20 - [TEST_STEP][PASSED] - sendKeys(findTestObject("FSM1/Launch Application/Page_JClient/input_gwt-TextBox GKH2EKQBMDB"), Keys.chord(ENTER)): Keys 'ENTER + ' sent to object: 'Object Repository/FSM1/Launch Application/Page_JClient/input_gwt-TextBox GKH2EKQBMDB'

2019-01-25 10:33:20 - [MESSAGE][PASSED] - Keys 'ENTER + ' sent to object: 'Object Repository/FSM1/Launch Application/Page_JClient/input_gwt-TextBox GKH2EKQBMDB'

2019-01-25 10:33:20 - [TEST_STEP][PASSED] - delay(3): Delayed 3 second(s)

2019-01-25 10:33:23 - [MESSAGE][PASSED] - Delayed 3 second(s)

2019-01-25 10:33:23 - [TEST_STEP][PASSED] - click(findTestObject("FSM1/Launch Application/Page_JClient/div_Configure App")): Object: 'Object Repository/FSM1/Launch Application/Page_JClient/div_Configure App' is clicked on

2019-01-25 10:33:23 - [MESSAGE][PASSED] - Object: 'Object Repository/FSM1/Launch Application/Page_JClient/div_Configure App' is clicked on

2019-01-25 10:33:23 - [TEST_STEP][PASSED] - setText(findTestObject("FSM1/Launch Application/Page_JClient/input_gwt-TextBox GKH2EKQBNHC"), findTestData("Pre Production/Environmental/UandP").getValue(3, 1)): Text 'test.inspector' is set on object 'Object Repository/FSM1/Launch Application/Page_JClient/input_gwt-TextBox GKH2EKQBNHC'

2019-01-25 10:33:24 - [MESSAGE][PASSED] - Text 'test.inspector' is set on object 'Object Repository/FSM1/Launch Application/Page_JClient/input_gwt-TextBox GKH2EKQBNHC'

2019-01-25 10:33:24 - [TEST_STEP][PASSED] - setText(findTestObject("FSM1/Launch Application/Page_JClient/input_gwt-PasswordTextBox GKH2"), findTestData("Pre Production/Environmental/UandP").getValue(4, 1)): Text 'Password1.' is set on object 'Object Repository/FSM1/Launch Application/Page_JClient/input_gwt-PasswordTextBox GKH2'

2019-01-25 10:33:24 - [MESSAGE][PASSED] - Text 'Password1.' is set on object 'Object Repository/FSM1/Launch Application/Page_JClient/input_gwt-PasswordTextBox GKH2'

2019-01-25 10:33:24 - [TEST_STEP][PASSED] - click(findTestObject("FSM1/Launch Application/Page_JClient/div_Sign In")): Object: 'Object Repository/FSM1/Launch Application/Page_JClient/div_Sign In' is clicked on

2019-01-25 10:33:24 - [MESSAGE][PASSED] - Object: 'Object Repository/FSM1/Launch Application/Page_JClient/div_Sign In' is clicked on

2019-01-25 10:33:24 - [TEST_STEP][PASSED] - delay(15): Delayed 15 second(s)

2019-01-25 10:33:39 - [MESSAGE][PASSED] - Delayed 15 second(s)]]></system-out>
         <system-err><![CDATA[]]></system-err>
      </testcase>
      <testcase name="Test Cases/Form Jobs/BSE16/Create BSE Inspection" classname="Test Cases/Form Jobs/BSE16/Create BSE Inspection" status="FAILED">
         <failure type="FAILED" message="Test Cases/Form Jobs/BSE16/Create BSE Inspection FAILED.
Reason:
com.kms.katalon.core.exception.StepFailedException: Unable to click on object 'Object Repository/FSM1/BSE16/Page_JClient/div_TRAVELLING' (Root cause: org.openqa.selenium.StaleElementReferenceException: stale element reference: element is not attached to the page document
  (Session info: chrome=71.0.3578.98)
  (Driver info: chromedriver=2.43.600210 (68dcf5eebde37173d4027fa8635e332711d2874a),platform=Windows NT 10.0.17134 x86_64) (WARNING: The server did not provide any stacktrace information)
Command duration or timeout: 0 milliseconds
For documentation on this error, please visit: http://seleniumhq.org/exceptions/stale_element_reference.html
Build info: version: '3.7.1', revision: '8a0099a', time: '2017-11-06T21:07:36.161Z'
System info: host: 'DESKTOP-KMCIR60', ip: '192.168.0.12', os.name: 'Windows 10', os.arch: 'amd64', os.version: '10.0', java.version: '1.8.0_181'
Driver info: com.kms.katalon.selenium.driver.CChromeDriver
Capabilities {acceptInsecureCerts: false, acceptSslCerts: false, applicationCacheEnabled: false, browserConnectionEnabled: false, browserName: chrome, chrome: {chromedriverVersion: 2.43.600210 (68dcf5eebde371..., userDataDir: C:\Users\jonha\AppData\Loca...}, cssSelectorsEnabled: true, databaseEnabled: false, goog:chromeOptions: {debuggerAddress: localhost:51141}, handlesAlerts: true, hasTouchScreen: false, javascriptEnabled: true, locationContextEnabled: true, mobileEmulationEnabled: false, nativeEvents: true, networkConnectionEnabled: false, pageLoadStrategy: normal, platform: XP, platformName: XP, rotatable: false, setWindowRect: true, takesHeapSnapshot: true, takesScreenshot: true, unexpectedAlertBehaviour: , unhandledPromptBehavior: , version: 71.0.3578.98, webStorageEnabled: true}
Session ID: eb98b655de5a039b5e9652ab6a85a670)
	at com.kms.katalon.core.keyword.internal.KeywordMain.stepFailed(KeywordMain.groovy:36)
	at com.kms.katalon.core.webui.keyword.internal.WebUIKeywordMain.stepFailed(WebUIKeywordMain.groovy:65)
	at com.kms.katalon.core.webui.keyword.internal.WebUIKeywordMain.runKeyword(WebUIKeywordMain.groovy:27)
	at com.kms.katalon.core.webui.keyword.builtin.ClickKeyword.click(ClickKeyword.groovy:86)
	at com.kms.katalon.core.webui.keyword.builtin.ClickKeyword.execute(ClickKeyword.groovy:67)
	at com.kms.katalon.core.keyword.internal.KeywordExecutor.executeKeywordForPlatform(KeywordExecutor.groovy:53)
	at com.kms.katalon.core.webui.keyword.WebUiBuiltInKeywords.click(WebUiBuiltInKeywords.groovy:616)
	at com.kms.katalon.core.webui.keyword.WebUiBuiltInKeywords$click$3.call(Unknown Source)
	at Create BSE Inspection.run(Create BSE Inspection:45)
	at com.kms.katalon.core.main.ScriptEngine.run(ScriptEngine.java:194)
	at com.kms.katalon.core.main.ScriptEngine.runScriptAsRawText(ScriptEngine.java:119)
	at com.kms.katalon.core.main.TestCaseExecutor.runScript(TestCaseExecutor.java:321)
	at com.kms.katalon.core.main.TestCaseExecutor.doExecute(TestCaseExecutor.java:312)
	at com.kms.katalon.core.main.TestCaseExecutor.processExecutionPhase(TestCaseExecutor.java:291)
	at com.kms.katalon.core.main.TestCaseExecutor.accessMainPhase(TestCaseExecutor.java:283)
	at com.kms.katalon.core.main.TestCaseExecutor.execute(TestCaseExecutor.java:222)
	at com.kms.katalon.core.main.TestSuiteExecutor.accessTestCaseMainPhase(TestSuiteExecutor.java:129)
	at com.kms.katalon.core.main.TestSuiteExecutor.accessTestSuiteMainPhase(TestSuiteExecutor.java:112)
	at com.kms.katalon.core.main.TestSuiteExecutor.execute(TestSuiteExecutor.java:81)
	at com.kms.katalon.core.main.TestCaseMain.startTestSuite(TestCaseMain.java:149)
	at com.kms.katalon.core.main.TestCaseMain$startTestSuite$0.call(Unknown Source)
	at TempTestSuite1548410658791.run(TempTestSuite1548410658791.groovy:36)
"/>
         <system-out><![CDATA[2019-01-25 10:33:39 - [TEST_CASE][FAILED] - Test Cases/Form Jobs/BSE16/Create BSE Inspection: Test Cases/Form Jobs/BSE16/Create BSE Inspection FAILED.
Reason:
com.kms.katalon.core.exception.StepFailedException: Unable to click on object 'Object Repository/FSM1/BSE16/Page_JClient/div_TRAVELLING' (Root cause: org.openqa.selenium.StaleElementReferenceException: stale element reference: element is not attached to the page document
  (Session info: chrome=71.0.3578.98)
  (Driver info: chromedriver=2.43.600210 (68dcf5eebde37173d4027fa8635e332711d2874a),platform=Windows NT 10.0.17134 x86_64) (WARNING: The server did not provide any stacktrace information)
Command duration or timeout: 0 milliseconds
For documentation on this error, please visit: http://seleniumhq.org/exceptions/stale_element_reference.html
Build info: version: '3.7.1', revision: '8a0099a', time: '2017-11-06T21:07:36.161Z'
System info: host: 'DESKTOP-KMCIR60', ip: '192.168.0.12', os.name: 'Windows 10', os.arch: 'amd64', os.version: '10.0', java.version: '1.8.0_181'
Driver info: com.kms.katalon.selenium.driver.CChromeDriver
Capabilities {acceptInsecureCerts: false, acceptSslCerts: false, applicationCacheEnabled: false, browserConnectionEnabled: false, browserName: chrome, chrome: {chromedriverVersion: 2.43.600210 (68dcf5eebde371..., userDataDir: C:\Users\jonha\AppData\Loca...}, cssSelectorsEnabled: true, databaseEnabled: false, goog:chromeOptions: {debuggerAddress: localhost:51141}, handlesAlerts: true, hasTouchScreen: false, javascriptEnabled: true, locationContextEnabled: true, mobileEmulationEnabled: false, nativeEvents: true, networkConnectionEnabled: false, pageLoadStrategy: normal, platform: XP, platformName: XP, rotatable: false, setWindowRect: true, takesHeapSnapshot: true, takesScreenshot: true, unexpectedAlertBehaviour: , unhandledPromptBehavior: , version: 71.0.3578.98, webStorageEnabled: true}
Session ID: eb98b655de5a039b5e9652ab6a85a670)
	at com.kms.katalon.core.keyword.internal.KeywordMain.stepFailed(KeywordMain.groovy:36)
	at com.kms.katalon.core.webui.keyword.internal.WebUIKeywordMain.stepFailed(WebUIKeywordMain.groovy:65)
	at com.kms.katalon.core.webui.keyword.internal.WebUIKeywordMain.runKeyword(WebUIKeywordMain.groovy:27)
	at com.kms.katalon.core.webui.keyword.builtin.ClickKeyword.click(ClickKeyword.groovy:86)
	at com.kms.katalon.core.webui.keyword.builtin.ClickKeyword.execute(ClickKeyword.groovy:67)
	at com.kms.katalon.core.keyword.internal.KeywordExecutor.executeKeywordForPlatform(KeywordExecutor.groovy:53)
	at com.kms.katalon.core.webui.keyword.WebUiBuiltInKeywords.click(WebUiBuiltInKeywords.groovy:616)
	at com.kms.katalon.core.webui.keyword.WebUiBuiltInKeywords$click$3.call(Unknown Source)
	at Create BSE Inspection.run(Create BSE Inspection:45)
	at com.kms.katalon.core.main.ScriptEngine.run(ScriptEngine.java:194)
	at com.kms.katalon.core.main.ScriptEngine.runScriptAsRawText(ScriptEngine.java:119)
	at com.kms.katalon.core.main.TestCaseExecutor.runScript(TestCaseExecutor.java:321)
	at com.kms.katalon.core.main.TestCaseExecutor.doExecute(TestCaseExecutor.java:312)
	at com.kms.katalon.core.main.TestCaseExecutor.processExecutionPhase(TestCaseExecutor.java:291)
	at com.kms.katalon.core.main.TestCaseExecutor.accessMainPhase(TestCaseExecutor.java:283)
	at com.kms.katalon.core.main.TestCaseExecutor.execute(TestCaseExecutor.java:222)
	at com.kms.katalon.core.main.TestSuiteExecutor.accessTestCaseMainPhase(TestSuiteExecutor.java:129)
	at com.kms.katalon.core.main.TestSuiteExecutor.accessTestSuiteMainPhase(TestSuiteExecutor.java:112)
	at com.kms.katalon.core.main.TestSuiteExecutor.execute(TestSuiteExecutor.java:81)
	at com.kms.katalon.core.main.TestCaseMain.startTestSuite(TestCaseMain.java:149)
	at com.kms.katalon.core.main.TestCaseMain$startTestSuite$0.call(Unknown Source)
	at TempTestSuite1548410658791.run(TempTestSuite1548410658791.groovy:36)


2019-01-25 10:33:40 - [TEST_STEP][PASSED] - log = new com.kms.katalon.core.logging.KeywordLogger(): null

2019-01-25 10:33:40 - [TEST_STEP][PASSED] - delay(15): Delayed 15 second(s)

2019-01-25 10:33:55 - [MESSAGE][PASSED] - Delayed 15 second(s)

2019-01-25 10:33:55 - [TEST_STEP][PASSED] - click(findTestObject("Object Repository/FSM1/BSE16/Page_JClient/div_Main Menu_GKH2EKQBMBC")): Object: 'Object Repository/FSM1/BSE16/Page_JClient/div_Main Menu_GKH2EKQBMBC' is clicked on

2019-01-25 10:33:55 - [MESSAGE][PASSED] - Object: 'Object Repository/FSM1/BSE16/Page_JClient/div_Main Menu_GKH2EKQBMBC' is clicked on

2019-01-25 10:33:55 - [TEST_STEP][PASSED] - delay(3): Delayed 3 second(s)

2019-01-25 10:33:58 - [MESSAGE][PASSED] - Delayed 3 second(s)

2019-01-25 10:33:58 - [TEST_STEP][PASSED] - click(findTestObject("Object Repository/FSM1/BSE16/Page_JClient/div_Form Jobs")): Object: 'Object Repository/FSM1/BSE16/Page_JClient/div_Form Jobs' is clicked on

2019-01-25 10:33:58 - [MESSAGE][PASSED] - Object: 'Object Repository/FSM1/BSE16/Page_JClient/div_Form Jobs' is clicked on

2019-01-25 10:33:58 - [TEST_STEP][PASSED] - click(findTestObject("Object Repository/FSM1/BSE16/Page_JClient/div_BSE16")): Object: 'Object Repository/FSM1/BSE16/Page_JClient/div_BSE16' is clicked on

2019-01-25 10:33:58 - [MESSAGE][PASSED] - Object: 'Object Repository/FSM1/BSE16/Page_JClient/div_BSE16' is clicked on

2019-01-25 10:33:58 - [TEST_STEP][PASSED] - click(findTestObject("Object Repository/FSM1/BSE16/Page_JClient/div_WITH OPERATIVE")): Object: 'Object Repository/FSM1/BSE16/Page_JClient/div_WITH OPERATIVE' is clicked on

2019-01-25 10:33:59 - [MESSAGE][PASSED] - Object: 'Object Repository/FSM1/BSE16/Page_JClient/div_WITH OPERATIVE' is clicked on

2019-01-25 10:33:59 - [TEST_STEP][PASSED] - delay(2): Delayed 2 second(s)

2019-01-25 10:34:01 - [MESSAGE][PASSED] - Delayed 2 second(s)

2019-01-25 10:34:01 - [TEST_STEP][PASSED] - click(findTestObject("Object Repository/FSM1/BSE16/Page_JClient/div_TRAVELLING")): Object: 'Object Repository/FSM1/BSE16/Page_JClient/div_TRAVELLING' is clicked on

2019-01-25 10:34:01 - [MESSAGE][PASSED] - Object: 'Object Repository/FSM1/BSE16/Page_JClient/div_TRAVELLING' is clicked on

2019-01-25 10:34:01 - [TEST_STEP][FAILED] - click(findTestObject("Object Repository/FSM1/BSE16/Page_JClient/div_TRAVELLING")): click(findTestObject("Object Repository/FSM1/BSE16/Page_JClient/div_TRAVELLING")) FAILED.
Reason:
com.kms.katalon.core.exception.StepFailedException: Unable to click on object 'Object Repository/FSM1/BSE16/Page_JClient/div_TRAVELLING' (Root cause: org.openqa.selenium.StaleElementReferenceException: stale element reference: element is not attached to the page document
  (Session info: chrome=71.0.3578.98)
  (Driver info: chromedriver=2.43.600210 (68dcf5eebde37173d4027fa8635e332711d2874a),platform=Windows NT 10.0.17134 x86_64) (WARNING: The server did not provide any stacktrace information)
Command duration or timeout: 0 milliseconds
For documentation on this error, please visit: http://seleniumhq.org/exceptions/stale_element_reference.html
Build info: version: '3.7.1', revision: '8a0099a', time: '2017-11-06T21:07:36.161Z'
System info: host: 'DESKTOP-KMCIR60', ip: '192.168.0.12', os.name: 'Windows 10', os.arch: 'amd64', os.version: '10.0', java.version: '1.8.0_181'
Driver info: com.kms.katalon.selenium.driver.CChromeDriver
Capabilities {acceptInsecureCerts: false, acceptSslCerts: false, applicationCacheEnabled: false, browserConnectionEnabled: false, browserName: chrome, chrome: {chromedriverVersion: 2.43.600210 (68dcf5eebde371..., userDataDir: C:\Users\jonha\AppData\Loca...}, cssSelectorsEnabled: true, databaseEnabled: false, goog:chromeOptions: {debuggerAddress: localhost:51141}, handlesAlerts: true, hasTouchScreen: false, javascriptEnabled: true, locationContextEnabled: true, mobileEmulationEnabled: false, nativeEvents: true, networkConnectionEnabled: false, pageLoadStrategy: normal, platform: XP, platformName: XP, rotatable: false, setWindowRect: true, takesHeapSnapshot: true, takesScreenshot: true, unexpectedAlertBehaviour: , unhandledPromptBehavior: , version: 71.0.3578.98, webStorageEnabled: true}
Session ID: eb98b655de5a039b5e9652ab6a85a670)
	at com.kms.katalon.core.keyword.internal.KeywordMain.stepFailed(KeywordMain.groovy:36)
	at com.kms.katalon.core.webui.keyword.internal.WebUIKeywordMain.stepFailed(WebUIKeywordMain.groovy:65)
	at com.kms.katalon.core.webui.keyword.internal.WebUIKeywordMain.runKeyword(WebUIKeywordMain.groovy:27)
	at com.kms.katalon.core.webui.keyword.builtin.ClickKeyword.click(ClickKeyword.groovy:86)
	at com.kms.katalon.core.webui.keyword.builtin.ClickKeyword.execute(ClickKeyword.groovy:67)
	at com.kms.katalon.core.keyword.internal.KeywordExecutor.executeKeywordForPlatform(KeywordExecutor.groovy:53)
	at com.kms.katalon.core.webui.keyword.WebUiBuiltInKeywords.click(WebUiBuiltInKeywords.groovy:616)
	at com.kms.katalon.core.webui.keyword.WebUiBuiltInKeywords$click$3.call(Unknown Source)
	at Create BSE Inspection.run(Create BSE Inspection:45)
	at com.kms.katalon.core.main.ScriptEngine.run(ScriptEngine.java:194)
	at com.kms.katalon.core.main.ScriptEngine.runScriptAsRawText(ScriptEngine.java:119)
	at com.kms.katalon.core.main.TestCaseExecutor.runScript(TestCaseExecutor.java:321)
	at com.kms.katalon.core.main.TestCaseExecutor.doExecute(TestCaseExecutor.java:312)
	at com.kms.katalon.core.main.TestCaseExecutor.processExecutionPhase(TestCaseExecutor.java:291)
	at com.kms.katalon.core.main.TestCaseExecutor.accessMainPhase(TestCaseExecutor.java:283)
	at com.kms.katalon.core.main.TestCaseExecutor.execute(TestCaseExecutor.java:222)
	at com.kms.katalon.core.main.TestSuiteExecutor.accessTestCaseMainPhase(TestSuiteExecutor.java:129)
	at com.kms.katalon.core.main.TestSuiteExecutor.accessTestSuiteMainPhase(TestSuiteExecutor.java:112)
	at com.kms.katalon.core.main.TestSuiteExecutor.execute(TestSuiteExecutor.java:81)
	at com.kms.katalon.core.main.TestCaseMain.startTestSuite(TestCaseMain.java:149)
	at com.kms.katalon.core.main.TestCaseMain$startTestSuite$0.call(Unknown Source)
	at TempTestSuite1548410658791.run(TempTestSuite1548410658791.groovy:36)


2019-01-25 10:34:02 - [MESSAGE][FAILED] - Unable to click on object 'Object Repository/FSM1/BSE16/Page_JClient/div_TRAVELLING' (Root cause: org.openqa.selenium.StaleElementReferenceException: stale element reference: element is not attached to the page document
  (Session info: chrome=71.0.3578.98)
  (Driver info: chromedriver=2.43.600210 (68dcf5eebde37173d4027fa8635e332711d2874a),platform=Windows NT 10.0.17134 x86_64) (WARNING: The server did not provide any stacktrace information)
Command duration or timeout: 0 milliseconds
For documentation on this error, please visit: http://seleniumhq.org/exceptions/stale_element_reference.html
Build info: version: '3.7.1', revision: '8a0099a', time: '2017-11-06T21:07:36.161Z'
System info: host: 'DESKTOP-KMCIR60', ip: '192.168.0.12', os.name: 'Windows 10', os.arch: 'amd64', os.version: '10.0', java.version: '1.8.0_181'
Driver info: com.kms.katalon.selenium.driver.CChromeDriver
Capabilities {acceptInsecureCerts: false, acceptSslCerts: false, applicationCacheEnabled: false, browserConnectionEnabled: false, browserName: chrome, chrome: {chromedriverVersion: 2.43.600210 (68dcf5eebde371..., userDataDir: C:\Users\jonha\AppData\Loca...}, cssSelectorsEnabled: true, databaseEnabled: false, goog:chromeOptions: {debuggerAddress: localhost:51141}, handlesAlerts: true, hasTouchScreen: false, javascriptEnabled: true, locationContextEnabled: true, mobileEmulationEnabled: false, nativeEvents: true, networkConnectionEnabled: false, pageLoadStrategy: normal, platform: XP, platformName: XP, rotatable: false, setWindowRect: true, takesHeapSnapshot: true, takesScreenshot: true, unexpectedAlertBehaviour: , unhandledPromptBehavior: , version: 71.0.3578.98, webStorageEnabled: true}
Session ID: eb98b655de5a039b5e9652ab6a85a670)
[[ATTACHMENT|C:\\Users\\jonha\\Documents\\Katalon\\APHA\\JM_8.9\\FSM_Regression\\Reports\\Form Jobs\\BSE16 Regression - Livestock Farm\\20190125_100418\\1548412441608.png]]

2019-01-25 10:34:02 - [MESSAGE][FAILED] - click(findTestObject("Object Repository/FSM1/BSE16/Page_JClient/div_TRAVELLING")) FAILED.
Reason:
com.kms.katalon.core.exception.StepFailedException: Unable to click on object 'Object Repository/FSM1/BSE16/Page_JClient/div_TRAVELLING' (Root cause: org.openqa.selenium.StaleElementReferenceException: stale element reference: element is not attached to the page document
  (Session info: chrome=71.0.3578.98)
  (Driver info: chromedriver=2.43.600210 (68dcf5eebde37173d4027fa8635e332711d2874a),platform=Windows NT 10.0.17134 x86_64) (WARNING: The server did not provide any stacktrace information)
Command duration or timeout: 0 milliseconds
For documentation on this error, please visit: http://seleniumhq.org/exceptions/stale_element_reference.html
Build info: version: '3.7.1', revision: '8a0099a', time: '2017-11-06T21:07:36.161Z'
System info: host: 'DESKTOP-KMCIR60', ip: '192.168.0.12', os.name: 'Windows 10', os.arch: 'amd64', os.version: '10.0', java.version: '1.8.0_181'
Driver info: com.kms.katalon.selenium.driver.CChromeDriver
Capabilities {acceptInsecureCerts: false, acceptSslCerts: false, applicationCacheEnabled: false, browserConnectionEnabled: false, browserName: chrome, chrome: {chromedriverVersion: 2.43.600210 (68dcf5eebde371..., userDataDir: C:\Users\jonha\AppData\Loca...}, cssSelectorsEnabled: true, databaseEnabled: false, goog:chromeOptions: {debuggerAddress: localhost:51141}, handlesAlerts: true, hasTouchScreen: false, javascriptEnabled: true, locationContextEnabled: true, mobileEmulationEnabled: false, nativeEvents: true, networkConnectionEnabled: false, pageLoadStrategy: normal, platform: XP, platformName: XP, rotatable: false, setWindowRect: true, takesHeapSnapshot: true, takesScreenshot: true, unexpectedAlertBehaviour: , unhandledPromptBehavior: , version: 71.0.3578.98, webStorageEnabled: true}
Session ID: eb98b655de5a039b5e9652ab6a85a670)
	at com.kms.katalon.core.keyword.internal.KeywordMain.stepFailed(KeywordMain.groovy:36)
	at com.kms.katalon.core.webui.keyword.internal.WebUIKeywordMain.stepFailed(WebUIKeywordMain.groovy:65)
	at com.kms.katalon.core.webui.keyword.internal.WebUIKeywordMain.runKeyword(WebUIKeywordMain.groovy:27)
	at com.kms.katalon.core.webui.keyword.builtin.ClickKeyword.click(ClickKeyword.groovy:86)
	at com.kms.katalon.core.webui.keyword.builtin.ClickKeyword.execute(ClickKeyword.groovy:67)
	at com.kms.katalon.core.keyword.internal.KeywordExecutor.executeKeywordForPlatform(KeywordExecutor.groovy:53)
	at com.kms.katalon.core.webui.keyword.WebUiBuiltInKeywords.click(WebUiBuiltInKeywords.groovy:616)
	at com.kms.katalon.core.webui.keyword.WebUiBuiltInKeywords$click$3.call(Unknown Source)
	at Create BSE Inspection.run(Create BSE Inspection:45)
	at com.kms.katalon.core.main.ScriptEngine.run(ScriptEngine.java:194)
	at com.kms.katalon.core.main.ScriptEngine.runScriptAsRawText(ScriptEngine.java:119)
	at com.kms.katalon.core.main.TestCaseExecutor.runScript(TestCaseExecutor.java:321)
	at com.kms.katalon.core.main.TestCaseExecutor.doExecute(TestCaseExecutor.java:312)
	at com.kms.katalon.core.main.TestCaseExecutor.processExecutionPhase(TestCaseExecutor.java:291)
	at com.kms.katalon.core.main.TestCaseExecutor.accessMainPhase(TestCaseExecutor.java:283)
	at com.kms.katalon.core.main.TestCaseExecutor.execute(TestCaseExecutor.java:222)
	at com.kms.katalon.core.main.TestSuiteExecutor.accessTestCaseMainPhase(TestSuiteExecutor.java:129)
	at com.kms.katalon.core.main.TestSuiteExecutor.accessTestSuiteMainPhase(TestSuiteExecutor.java:112)
	at com.kms.katalon.core.main.TestSuiteExecutor.execute(TestSuiteExecutor.java:81)
	at com.kms.katalon.core.main.TestCaseMain.startTestSuite(TestCaseMain.java:149)
	at com.kms.katalon.core.main.TestCaseMain$startTestSuite$0.call(Unknown Source)
	at TempTestSuite1548410658791.run(TempTestSuite1548410658791.groovy:36)]]></system-out>
         <system-err><![CDATA[2019-01-25 10:33:39 - [TEST_CASE][FAILED] - Test Cases/Form Jobs/BSE16/Create BSE Inspection: Test Cases/Form Jobs/BSE16/Create BSE Inspection FAILED.
Reason:
com.kms.katalon.core.exception.StepFailedException: Unable to click on object 'Object Repository/FSM1/BSE16/Page_JClient/div_TRAVELLING' (Root cause: org.openqa.selenium.StaleElementReferenceException: stale element reference: element is not attached to the page document
  (Session info: chrome=71.0.3578.98)
  (Driver info: chromedriver=2.43.600210 (68dcf5eebde37173d4027fa8635e332711d2874a),platform=Windows NT 10.0.17134 x86_64) (WARNING: The server did not provide any stacktrace information)
Command duration or timeout: 0 milliseconds
For documentation on this error, please visit: http://seleniumhq.org/exceptions/stale_element_reference.html
Build info: version: '3.7.1', revision: '8a0099a', time: '2017-11-06T21:07:36.161Z'
System info: host: 'DESKTOP-KMCIR60', ip: '192.168.0.12', os.name: 'Windows 10', os.arch: 'amd64', os.version: '10.0', java.version: '1.8.0_181'
Driver info: com.kms.katalon.selenium.driver.CChromeDriver
Capabilities {acceptInsecureCerts: false, acceptSslCerts: false, applicationCacheEnabled: false, browserConnectionEnabled: false, browserName: chrome, chrome: {chromedriverVersion: 2.43.600210 (68dcf5eebde371..., userDataDir: C:\Users\jonha\AppData\Loca...}, cssSelectorsEnabled: true, databaseEnabled: false, goog:chromeOptions: {debuggerAddress: localhost:51141}, handlesAlerts: true, hasTouchScreen: false, javascriptEnabled: true, locationContextEnabled: true, mobileEmulationEnabled: false, nativeEvents: true, networkConnectionEnabled: false, pageLoadStrategy: normal, platform: XP, platformName: XP, rotatable: false, setWindowRect: true, takesHeapSnapshot: true, takesScreenshot: true, unexpectedAlertBehaviour: , unhandledPromptBehavior: , version: 71.0.3578.98, webStorageEnabled: true}
Session ID: eb98b655de5a039b5e9652ab6a85a670)
	at com.kms.katalon.core.keyword.internal.KeywordMain.stepFailed(KeywordMain.groovy:36)
	at com.kms.katalon.core.webui.keyword.internal.WebUIKeywordMain.stepFailed(WebUIKeywordMain.groovy:65)
	at com.kms.katalon.core.webui.keyword.internal.WebUIKeywordMain.runKeyword(WebUIKeywordMain.groovy:27)
	at com.kms.katalon.core.webui.keyword.builtin.ClickKeyword.click(ClickKeyword.groovy:86)
	at com.kms.katalon.core.webui.keyword.builtin.ClickKeyword.execute(ClickKeyword.groovy:67)
	at com.kms.katalon.core.keyword.internal.KeywordExecutor.executeKeywordForPlatform(KeywordExecutor.groovy:53)
	at com.kms.katalon.core.webui.keyword.WebUiBuiltInKeywords.click(WebUiBuiltInKeywords.groovy:616)
	at com.kms.katalon.core.webui.keyword.WebUiBuiltInKeywords$click$3.call(Unknown Source)
	at Create BSE Inspection.run(Create BSE Inspection:45)
	at com.kms.katalon.core.main.ScriptEngine.run(ScriptEngine.java:194)
	at com.kms.katalon.core.main.ScriptEngine.runScriptAsRawText(ScriptEngine.java:119)
	at com.kms.katalon.core.main.TestCaseExecutor.runScript(TestCaseExecutor.java:321)
	at com.kms.katalon.core.main.TestCaseExecutor.doExecute(TestCaseExecutor.java:312)
	at com.kms.katalon.core.main.TestCaseExecutor.processExecutionPhase(TestCaseExecutor.java:291)
	at com.kms.katalon.core.main.TestCaseExecutor.accessMainPhase(TestCaseExecutor.java:283)
	at com.kms.katalon.core.main.TestCaseExecutor.execute(TestCaseExecutor.java:222)
	at com.kms.katalon.core.main.TestSuiteExecutor.accessTestCaseMainPhase(TestSuiteExecutor.java:129)
	at com.kms.katalon.core.main.TestSuiteExecutor.accessTestSuiteMainPhase(TestSuiteExecutor.java:112)
	at com.kms.katalon.core.main.TestSuiteExecutor.execute(TestSuiteExecutor.java:81)
	at com.kms.katalon.core.main.TestCaseMain.startTestSuite(TestCaseMain.java:149)
	at com.kms.katalon.core.main.TestCaseMain$startTestSuite$0.call(Unknown Source)
	at TempTestSuite1548410658791.run(TempTestSuite1548410658791.groovy:36)]]></system-err>
      </testcase>
      <testcase name="Test Cases/Form Jobs/BSE16/Edit Job Details - Livestock Farm" classname="Test Cases/Form Jobs/BSE16/Edit Job Details - Livestock Farm" status="PASSED">
         <system-out><![CDATA[2019-01-25 10:34:02 - [TEST_CASE][PASSED] - Test Cases/Form Jobs/BSE16/Edit Job Details - Livestock Farm: Test Cases/Form Jobs/BSE16/Edit Job Details - Livestock Farm

2019-01-25 10:34:02 - [TEST_STEP][PASSED] - click(findTestObject("Object Repository/FSM1/BSE16/Page_JClient/Page_JClient/div_Edit attributes")): Object: 'Object Repository/FSM1/BSE16/Page_JClient/Page_JClient/div_Edit attributes' is clicked on

2019-01-25 10:34:02 - [MESSAGE][PASSED] - Object: 'Object Repository/FSM1/BSE16/Page_JClient/Page_JClient/div_Edit attributes' is clicked on

2019-01-25 10:34:02 - [TEST_STEP][PASSED] - selectOptionByValue(findTestObject("Object Repository/FSM1/BSE16/Page_JClient/Page_JClient/select_Southern-1Southern-2Sou"), "SOUTHERN1", true): All options with value 'SOUTHERN1' are selected in object 'Object Repository/FSM1/BSE16/Page_JClient/Page_JClient/select_Southern-1Southern-2Sou'  using regular expression

2019-01-25 10:34:03 - [MESSAGE][PASSED] - All options with value 'SOUTHERN1' are selected in object 'Object Repository/FSM1/BSE16/Page_JClient/Page_JClient/select_Southern-1Southern-2Sou'  using regular expression

2019-01-25 10:34:03 - [TEST_STEP][PASSED] - setText(findTestObject("Object Repository/FSM1/BSE16/Page_JClient/Page_JClient/input_Email_gwt-TextBox GKH2EK"), "test@automation.com"): Text 'test@automation.com' is set on object 'Object Repository/FSM1/BSE16/Page_JClient/Page_JClient/input_Email_gwt-TextBox GKH2EK'

2019-01-25 10:34:03 - [MESSAGE][PASSED] - Text 'test@automation.com' is set on object 'Object Repository/FSM1/BSE16/Page_JClient/Page_JClient/input_Email_gwt-TextBox GKH2EK'

2019-01-25 10:34:03 - [TEST_STEP][PASSED] - click(findTestObject("Object Repository/FSM1/BSE16/Page_JClient/Page_JClient/input_Vet_radio_group_2")): Object: 'Object Repository/FSM1/BSE16/Page_JClient/Page_JClient/input_Vet_radio_group_2' is clicked on

2019-01-25 10:34:03 - [MESSAGE][PASSED] - Object: 'Object Repository/FSM1/BSE16/Page_JClient/Page_JClient/input_Vet_radio_group_2' is clicked on

2019-01-25 10:34:03 - [TEST_STEP][PASSED] - setText(findTestObject("Object Repository/FSM1/BSE16/Page_JClient/Page_JClient/input_TownFarm_gwt-TextBox GKH"), "Test Automation"): Text 'Test Automation' is set on object 'Object Repository/FSM1/BSE16/Page_JClient/Page_JClient/input_TownFarm_gwt-TextBox GKH'

2019-01-25 10:34:03 - [MESSAGE][PASSED] - Text 'Test Automation' is set on object 'Object Repository/FSM1/BSE16/Page_JClient/Page_JClient/input_TownFarm_gwt-TextBox GKH'

2019-01-25 10:34:03 - [TEST_STEP][PASSED] - setText(findTestObject("Object Repository/FSM1/BSE16/Page_JClient/Page_JClient/textarea_Address_gwt-TextArea"), "Test automation"): Text 'Test automation' is set on object 'Object Repository/FSM1/BSE16/Page_JClient/Page_JClient/textarea_Address_gwt-TextArea'

2019-01-25 10:34:03 - [MESSAGE][PASSED] - Text 'Test automation' is set on object 'Object Repository/FSM1/BSE16/Page_JClient/Page_JClient/textarea_Address_gwt-TextArea'

2019-01-25 10:34:03 - [TEST_STEP][PASSED] - setText(findTestObject("Object Repository/FSM1/BSE16/Page_JClient/Page_JClient/input_Postcode_gwt-TextBox GKH"), "CV37 6SN"): Text 'CV37 6SN' is set on object 'Object Repository/FSM1/BSE16/Page_JClient/Page_JClient/input_Postcode_gwt-TextBox GKH'

2019-01-25 10:34:03 - [MESSAGE][PASSED] - Text 'CV37 6SN' is set on object 'Object Repository/FSM1/BSE16/Page_JClient/Page_JClient/input_Postcode_gwt-TextBox GKH'

2019-01-25 10:34:03 - [TEST_STEP][PASSED] - selectOptionByValue(findTestObject("Object Repository/FSM1/BSE16/Page_JClient/Page_JClient/select_FeedmillImporterInterme"), findTestData("Pre Production/Form Jobs/BSE16/BSE16 - Livestock Farm").getValue(1, 1), false): All options with value 'LIVESTOCK_FARM' are selected in object 'Object Repository/FSM1/BSE16/Page_JClient/Page_JClient/select_FeedmillImporterInterme' 

2019-01-25 10:34:04 - [MESSAGE][PASSED] - All options with value 'LIVESTOCK_FARM' are selected in object 'Object Repository/FSM1/BSE16/Page_JClient/Page_JClient/select_FeedmillImporterInterme' 

2019-01-25 10:34:04 - [TEST_STEP][PASSED] - delay(3): Delayed 3 second(s)

2019-01-25 10:34:07 - [MESSAGE][PASSED] - Delayed 3 second(s)]]></system-out>
         <system-err><![CDATA[]]></system-err>
      </testcase>
      <testcase name="Test Cases/Form Jobs/BSE16/Sample Details" classname="Test Cases/Form Jobs/BSE16/Sample Details" status="PASSED">
         <system-out><![CDATA[2019-01-25 10:34:07 - [TEST_CASE][PASSED] - Test Cases/Form Jobs/BSE16/Sample Details: Test Cases/Form Jobs/BSE16/Sample Details

2019-01-25 10:34:07 - [TEST_STEP][PASSED] - click(findTestObject("Object Repository/FSM1/BSE16/Page_JClient/div_Sample Details")): Object: 'Object Repository/FSM1/BSE16/Page_JClient/div_Sample Details' is clicked on

2019-01-25 10:34:07 - [MESSAGE][PASSED] - Object: 'Object Repository/FSM1/BSE16/Page_JClient/div_Sample Details' is clicked on

2019-01-25 10:34:07 - [TEST_STEP][PASSED] - delay(3): Delayed 3 second(s)

2019-01-25 10:34:10 - [MESSAGE][PASSED] - Delayed 3 second(s)

2019-01-25 10:34:10 - [TEST_STEP][PASSED] - click(findTestObject("Object Repository/FSM1/BSE16/Page_JClient/input_Did you take samples at")): Object: 'Object Repository/FSM1/BSE16/Page_JClient/input_Did you take samples at' is clicked on

2019-01-25 10:34:10 - [MESSAGE][PASSED] - Object: 'Object Repository/FSM1/BSE16/Page_JClient/input_Did you take samples at' is clicked on

2019-01-25 10:34:10 - [TEST_STEP][PASSED] - click(findTestObject("Object Repository/FSM1/BSE16/Page_JClient/input_Are these routine sample")): Object: 'Object Repository/FSM1/BSE16/Page_JClient/input_Are these routine sample' is clicked on

2019-01-25 10:34:10 - [MESSAGE][PASSED] - Object: 'Object Repository/FSM1/BSE16/Page_JClient/input_Are these routine sample' is clicked on

2019-01-25 10:34:10 - [TEST_STEP][PASSED] - setText(findTestObject("Object Repository/FSM1/BSE16/Page_JClient/input_Total no. of rations sam"), "2"): Text '2' is set on object 'Object Repository/FSM1/BSE16/Page_JClient/input_Total no. of rations sam'

2019-01-25 10:34:10 - [MESSAGE][PASSED] - Text '2' is set on object 'Object Repository/FSM1/BSE16/Page_JClient/input_Total no. of rations sam'

2019-01-25 10:34:10 - [TEST_STEP][PASSED] - setText(findTestObject("Object Repository/FSM1/BSE16/Page_JClient/input_No. of fatoil samples_gw"), "2"): Text '2' is set on object 'Object Repository/FSM1/BSE16/Page_JClient/input_No. of fatoil samples_gw'

2019-01-25 10:34:11 - [MESSAGE][PASSED] - Text '2' is set on object 'Object Repository/FSM1/BSE16/Page_JClient/input_No. of fatoil samples_gw'

2019-01-25 10:34:11 - [TEST_STEP][PASSED] - mydate = new java.util.Date(): null

2019-01-25 10:34:11 - [TEST_STEP][PASSED] - formattedDate = mydate.format("dd/MM/yyyy"): null

2019-01-25 10:34:11 - [TEST_STEP][PASSED] - sendKeys(findTestObject("FSM1/BSE16/Page_JClient/input_Date of dispatch to Weyb"), formattedDate): Keys '25/01/2019' sent to object: 'Object Repository/FSM1/BSE16/Page_JClient/input_Date of dispatch to Weyb'

2019-01-25 10:34:11 - [MESSAGE][PASSED] - Keys '25/01/2019' sent to object: 'Object Repository/FSM1/BSE16/Page_JClient/input_Date of dispatch to Weyb'

2019-01-25 10:34:11 - [TEST_STEP][PASSED] - click(findTestObject("FSM1/BSE16/Page_JClient/div_Save - Sample")): Object: 'Object Repository/FSM1/BSE16/Page_JClient/div_Save - Sample' is clicked on

2019-01-25 10:34:11 - [MESSAGE][PASSED] - Object: 'Object Repository/FSM1/BSE16/Page_JClient/div_Save - Sample' is clicked on

2019-01-25 10:34:11 - [TEST_STEP][PASSED] - delay(2): Delayed 2 second(s)

2019-01-25 10:34:13 - [MESSAGE][PASSED] - Delayed 2 second(s)]]></system-out>
         <system-err><![CDATA[]]></system-err>
      </testcase>
      <testcase name="Test Cases/Form Jobs/BSE16/Establishment - Production Information" classname="Test Cases/Form Jobs/BSE16/Establishment - Production Information" status="PASSED">
         <system-out><![CDATA[2019-01-25 10:34:13 - [TEST_CASE][PASSED] - Test Cases/Form Jobs/BSE16/Establishment - Production Information: Test Cases/Form Jobs/BSE16/Establishment - Production Information

2019-01-25 10:34:13 - [TEST_STEP][PASSED] - click(findTestObject("Object Repository/FSM1/BSE16/Page_JClient/div_EstablishmentProduction In")): Object: 'Object Repository/FSM1/BSE16/Page_JClient/div_EstablishmentProduction In' is clicked on

2019-01-25 10:34:13 - [MESSAGE][PASSED] - Object: 'Object Repository/FSM1/BSE16/Page_JClient/div_EstablishmentProduction In' is clicked on

2019-01-25 10:34:13 - [TEST_STEP][PASSED] - delay(3): Delayed 3 second(s)

2019-01-25 10:34:16 - [MESSAGE][PASSED] - Delayed 3 second(s)

2019-01-25 10:34:16 - [TEST_STEP][PASSED] - selectOptionByValue(findTestObject("Object Repository/FSM1/BSE16/Page_JClient/select_ 15000 tonnes15000-1500"), "15000150000_TONNES", true): All options with value '15000150000_TONNES' are selected in object 'Object Repository/FSM1/BSE16/Page_JClient/select_ 15000 tonnes15000-1500'  using regular expression

2019-01-25 10:34:17 - [MESSAGE][PASSED] - All options with value '15000150000_TONNES' are selected in object 'Object Repository/FSM1/BSE16/Page_JClient/select_ 15000 tonnes15000-1500'  using regular expression

2019-01-25 10:34:17 - [TEST_STEP][PASSED] - click(findTestObject("Object Repository/FSM1/BSE16/Page_JClient/input_Non-ruminant feed only_r")): Object: 'Object Repository/FSM1/BSE16/Page_JClient/input_Non-ruminant feed only_r' is clicked on

2019-01-25 10:34:17 - [MESSAGE][PASSED] - Object: 'Object Repository/FSM1/BSE16/Page_JClient/input_Non-ruminant feed only_r' is clicked on

2019-01-25 10:34:17 - [TEST_STEP][PASSED] - click(findTestObject("Object Repository/FSM1/BSE16/Page_JClient/input_Ruminant feed only_radio")): Object: 'Object Repository/FSM1/BSE16/Page_JClient/input_Ruminant feed only_radio' is clicked on

2019-01-25 10:34:17 - [MESSAGE][PASSED] - Object: 'Object Repository/FSM1/BSE16/Page_JClient/input_Ruminant feed only_radio' is clicked on

2019-01-25 10:34:17 - [TEST_STEP][PASSED] - click(findTestObject("Object Repository/FSM1/BSE16/Page_JClient/input_Ruminant and non-ruminan")): Object: 'Object Repository/FSM1/BSE16/Page_JClient/input_Ruminant and non-ruminan' is clicked on

2019-01-25 10:34:17 - [MESSAGE][PASSED] - Object: 'Object Repository/FSM1/BSE16/Page_JClient/input_Ruminant and non-ruminan' is clicked on

2019-01-25 10:34:17 - [TEST_STEP][PASSED] - click(findTestObject("Object Repository/FSM1/BSE16/Page_JClient/input_Only Non-ruminant feed w")): Object: 'Object Repository/FSM1/BSE16/Page_JClient/input_Only Non-ruminant feed w' is clicked on

2019-01-25 10:34:17 - [MESSAGE][PASSED] - Object: 'Object Repository/FSM1/BSE16/Page_JClient/input_Only Non-ruminant feed w' is clicked on

2019-01-25 10:34:17 - [TEST_STEP][PASSED] - click(findTestObject("Object Repository/FSM1/BSE16/Page_JClient/input_Ruminant and Non-ruminan (1)")): Object: 'Object Repository/FSM1/BSE16/Page_JClient/input_Ruminant and Non-ruminan (1)' is clicked on

2019-01-25 10:34:17 - [MESSAGE][PASSED] - Object: 'Object Repository/FSM1/BSE16/Page_JClient/input_Ruminant and Non-ruminan (1)' is clicked on

2019-01-25 10:34:17 - [TEST_STEP][PASSED] - click(findTestObject("Object Repository/FSM1/BSE16/Page_JClient/input_No_radio_group_10")): Object: 'Object Repository/FSM1/BSE16/Page_JClient/input_No_radio_group_10' is clicked on

2019-01-25 10:34:17 - [MESSAGE][PASSED] - Object: 'Object Repository/FSM1/BSE16/Page_JClient/input_No_radio_group_10' is clicked on

2019-01-25 10:34:17 - [TEST_STEP][PASSED] - click(findTestObject("Object Repository/FSM1/BSE16/Page_JClient/input_Is production single str")): Object: 'Object Repository/FSM1/BSE16/Page_JClient/input_Is production single str' is clicked on

2019-01-25 10:34:17 - [MESSAGE][PASSED] - Object: 'Object Repository/FSM1/BSE16/Page_JClient/input_Is production single str' is clicked on

2019-01-25 10:34:17 - [TEST_STEP][PASSED] - click(findTestObject("Object Repository/FSM1/BSE16/Page_JClient/input_Is production dual strea")): Object: 'Object Repository/FSM1/BSE16/Page_JClient/input_Is production dual strea' is clicked on

2019-01-25 10:34:18 - [MESSAGE][PASSED] - Object: 'Object Repository/FSM1/BSE16/Page_JClient/input_Is production dual strea' is clicked on

2019-01-25 10:34:18 - [TEST_STEP][PASSED] - click(findTestObject("Object Repository/FSM1/BSE16/Page_JClient/input_Is this a blending plant")): Object: 'Object Repository/FSM1/BSE16/Page_JClient/input_Is this a blending plant' is clicked on

2019-01-25 10:34:18 - [MESSAGE][PASSED] - Object: 'Object Repository/FSM1/BSE16/Page_JClient/input_Is this a blending plant' is clicked on

2019-01-25 10:34:18 - [TEST_STEP][PASSED] - click(findTestObject("Object Repository/FSM1/BSE16/Page_JClient/input_No_radio_group_14")): Object: 'Object Repository/FSM1/BSE16/Page_JClient/input_No_radio_group_14' is clicked on

2019-01-25 10:34:18 - [MESSAGE][PASSED] - Object: 'Object Repository/FSM1/BSE16/Page_JClient/input_No_radio_group_14' is clicked on

2019-01-25 10:34:18 - [TEST_STEP][PASSED] - setText(findTestObject("Object Repository/FSM1/BSE16/Page_JClient/input_Registration no. (if app"), "1234"): Text '1234' is set on object 'Object Repository/FSM1/BSE16/Page_JClient/input_Registration no. (if app'

2019-01-25 10:34:18 - [MESSAGE][PASSED] - Text '1234' is set on object 'Object Repository/FSM1/BSE16/Page_JClient/input_Registration no. (if app'

2019-01-25 10:34:18 - [TEST_STEP][PASSED] - click(findTestObject("Object Repository/FSM1/BSE16/Page_JClient/input_Registration no. (if app_1")): Object: 'Object Repository/FSM1/BSE16/Page_JClient/input_Registration no. (if app_1' is clicked on

2019-01-25 10:34:18 - [MESSAGE][PASSED] - Object: 'Object Repository/FSM1/BSE16/Page_JClient/input_Registration no. (if app_1' is clicked on

2019-01-25 10:34:18 - [TEST_STEP][PASSED] - click(findTestObject("FSM1/BSE16/Page_JClient/div_Save - Generic")): Object: 'Object Repository/FSM1/BSE16/Page_JClient/div_Save - Generic' is clicked on

2019-01-25 10:34:18 - [MESSAGE][PASSED] - Object: 'Object Repository/FSM1/BSE16/Page_JClient/div_Save - Generic' is clicked on

2019-01-25 10:34:18 - [TEST_STEP][PASSED] - delay(2): Delayed 2 second(s)

2019-01-25 10:34:20 - [MESSAGE][PASSED] - Delayed 2 second(s)]]></system-out>
         <system-err><![CDATA[]]></system-err>
      </testcase>
      <testcase name="Test Cases/Form Jobs/BSE16/Livestock On Farm" classname="Test Cases/Form Jobs/BSE16/Livestock On Farm" status="PASSED">
         <system-out><![CDATA[2019-01-25 10:34:20 - [TEST_CASE][PASSED] - Test Cases/Form Jobs/BSE16/Livestock On Farm: Test Cases/Form Jobs/BSE16/Livestock On Farm

2019-01-25 10:34:20 - [TEST_STEP][PASSED] - click(findTestObject("Object Repository/FSM1/BSE16/Page_JClient/div_Livestock on Farm")): Object: 'Object Repository/FSM1/BSE16/Page_JClient/div_Livestock on Farm' is clicked on

2019-01-25 10:34:21 - [MESSAGE][PASSED] - Object: 'Object Repository/FSM1/BSE16/Page_JClient/div_Livestock on Farm' is clicked on

2019-01-25 10:34:21 - [TEST_STEP][PASSED] - delay(2): Delayed 2 second(s)

2019-01-25 10:34:23 - [MESSAGE][PASSED] - Delayed 2 second(s)

2019-01-25 10:34:23 - [TEST_STEP][PASSED] - click(findTestObject("Object Repository/FSM1/BSE16/Page_JClient/input_Ruminants on farm_radio_")): Object: 'Object Repository/FSM1/BSE16/Page_JClient/input_Ruminants on farm_radio_' is clicked on

2019-01-25 10:34:23 - [MESSAGE][PASSED] - Object: 'Object Repository/FSM1/BSE16/Page_JClient/input_Ruminants on farm_radio_' is clicked on

2019-01-25 10:34:23 - [TEST_STEP][PASSED] - click(findTestObject("Object Repository/FSM1/BSE16/Page_JClient/input_Stock types kept on prem")): Object: 'Object Repository/FSM1/BSE16/Page_JClient/input_Stock types kept on prem' is clicked on

2019-01-25 10:34:23 - [MESSAGE][PASSED] - Object: 'Object Repository/FSM1/BSE16/Page_JClient/input_Stock types kept on prem' is clicked on

2019-01-25 10:34:23 - [TEST_STEP][PASSED] - click(findTestObject("Object Repository/FSM1/BSE16/Page_JClient/input_Non-ruminants on farm_ra")): Object: 'Object Repository/FSM1/BSE16/Page_JClient/input_Non-ruminants on farm_ra' is clicked on

2019-01-25 10:34:23 - [MESSAGE][PASSED] - Object: 'Object Repository/FSM1/BSE16/Page_JClient/input_Non-ruminants on farm_ra' is clicked on

2019-01-25 10:34:23 - [TEST_STEP][PASSED] - click(findTestObject("Object Repository/FSM1/BSE16/Page_JClient/input_Poultry_gwt-uid-157")): Object: 'Object Repository/FSM1/BSE16/Page_JClient/input_Poultry_gwt-uid-157' is clicked on

2019-01-25 10:34:23 - [MESSAGE][PASSED] - Object: 'Object Repository/FSM1/BSE16/Page_JClient/input_Poultry_gwt-uid-157' is clicked on

2019-01-25 10:34:23 - [TEST_STEP][PASSED] - click(findTestObject("FSM1/BSE16/Page_JClient/div_Save - Generic")): Object: 'Object Repository/FSM1/BSE16/Page_JClient/div_Save - Generic' is clicked on

2019-01-25 10:34:23 - [MESSAGE][PASSED] - Object: 'Object Repository/FSM1/BSE16/Page_JClient/div_Save - Generic' is clicked on

2019-01-25 10:34:23 - [TEST_STEP][PASSED] - delay(2): Delayed 2 second(s)

2019-01-25 10:34:25 - [MESSAGE][PASSED] - Delayed 2 second(s)]]></system-out>
         <system-err><![CDATA[]]></system-err>
      </testcase>
      <testcase name="Test Cases/Form Jobs/BSE16/Restricted Proteins" classname="Test Cases/Form Jobs/BSE16/Restricted Proteins" status="PASSED">
         <system-out><![CDATA[2019-01-25 10:34:25 - [TEST_CASE][PASSED] - Test Cases/Form Jobs/BSE16/Restricted Proteins: Test Cases/Form Jobs/BSE16/Restricted Proteins

2019-01-25 10:34:25 - [TEST_STEP][PASSED] - click(findTestObject("Object Repository/FSM1/BSE16/Page_JClient/Page_JClient/div_Restricted ProteinsAuthori")): Object: 'Object Repository/FSM1/BSE16/Page_JClient/Page_JClient/div_Restricted ProteinsAuthori' is clicked on

2019-01-25 10:34:26 - [MESSAGE][PASSED] - Object: 'Object Repository/FSM1/BSE16/Page_JClient/Page_JClient/div_Restricted ProteinsAuthori' is clicked on

2019-01-25 10:34:26 - [TEST_STEP][PASSED] - delay(2): Delayed 2 second(s)

2019-01-25 10:34:28 - [MESSAGE][PASSED] - Delayed 2 second(s)

2019-01-25 10:34:28 - [TEST_STEP][PASSED] - click(findTestObject("Object Repository/FSM1/BSE16/Page_JClient/Page_JClient/input_Are restricted proteins (1)")): Object: 'Object Repository/FSM1/BSE16/Page_JClient/Page_JClient/input_Are restricted proteins (1)' is clicked on

2019-01-25 10:34:28 - [MESSAGE][PASSED] - Object: 'Object Repository/FSM1/BSE16/Page_JClient/Page_JClient/input_Are restricted proteins (1)' is clicked on

2019-01-25 10:34:28 - [TEST_STEP][PASSED] - click(findTestObject("Object Repository/FSM1/BSE16/Page_JClient/Page_JClient/input_Which restricted protein")): Object: 'Object Repository/FSM1/BSE16/Page_JClient/Page_JClient/input_Which restricted protein' is clicked on

2019-01-25 10:34:28 - [MESSAGE][PASSED] - Object: 'Object Repository/FSM1/BSE16/Page_JClient/Page_JClient/input_Which restricted protein' is clicked on

2019-01-25 10:34:28 - [TEST_STEP][PASSED] - click(findTestObject("Object Repository/FSM1/BSE16/Page_JClient/Page_JClient/input_Supply further details o_2")): Object: 'Object Repository/FSM1/BSE16/Page_JClient/Page_JClient/input_Supply further details o_2' is clicked on

2019-01-25 10:34:28 - [MESSAGE][PASSED] - Object: 'Object Repository/FSM1/BSE16/Page_JClient/Page_JClient/input_Supply further details o_2' is clicked on

2019-01-25 10:34:28 - [TEST_STEP][PASSED] - click(findTestObject("Object Repository/FSM1/BSE16/Page_JClient/Page_JClient/input_No_radio_group_4")): Object: 'Object Repository/FSM1/BSE16/Page_JClient/Page_JClient/input_No_radio_group_4' is clicked on

2019-01-25 10:34:28 - [MESSAGE][PASSED] - Object: 'Object Repository/FSM1/BSE16/Page_JClient/Page_JClient/input_No_radio_group_4' is clicked on

2019-01-25 10:34:28 - [TEST_STEP][PASSED] - selectOptionByValue(findTestObject("Object Repository/FSM1/BSE16/Page_JClient/Page_JClient/select_YesNo"), "YES", true): All options with value 'YES' are selected in object 'Object Repository/FSM1/BSE16/Page_JClient/Page_JClient/select_YesNo'  using regular expression

2019-01-25 10:34:28 - [MESSAGE][PASSED] - All options with value 'YES' are selected in object 'Object Repository/FSM1/BSE16/Page_JClient/Page_JClient/select_YesNo'  using regular expression

2019-01-25 10:34:28 - [TEST_STEP][PASSED] - click(findTestObject("Object Repository/FSM1/BSE16/Page_JClient/Page_JClient/input_Registration number of b")): Object: 'Object Repository/FSM1/BSE16/Page_JClient/Page_JClient/input_Registration number of b' is clicked on

2019-01-25 10:34:28 - [MESSAGE][PASSED] - Object: 'Object Repository/FSM1/BSE16/Page_JClient/Page_JClient/input_Registration number of b' is clicked on

2019-01-25 10:34:28 - [TEST_STEP][PASSED] - click(findTestObject("Object Repository/FSM1/BSE16/Page_JClient/Page_JClient/input_No_gwt-uid-127")): Object: 'Object Repository/FSM1/BSE16/Page_JClient/Page_JClient/input_No_gwt-uid-127' is clicked on

2019-01-25 10:34:28 - [MESSAGE][PASSED] - Object: 'Object Repository/FSM1/BSE16/Page_JClient/Page_JClient/input_No_gwt-uid-127' is clicked on

2019-01-25 10:34:28 - [TEST_STEP][PASSED] - click(findTestObject("Object Repository/FSM1/BSE16/Page_JClient/Page_JClient/input_How are the restricted p")): Object: 'Object Repository/FSM1/BSE16/Page_JClient/Page_JClient/input_How are the restricted p' is clicked on

2019-01-25 10:34:28 - [MESSAGE][PASSED] - Object: 'Object Repository/FSM1/BSE16/Page_JClient/Page_JClient/input_How are the restricted p' is clicked on

2019-01-25 10:34:28 - [TEST_STEP][PASSED] - click(findTestObject("Object Repository/FSM1/BSE16/Page_JClient/Page_JClient/input_NA_radio_group_6")): Object: 'Object Repository/FSM1/BSE16/Page_JClient/Page_JClient/input_NA_radio_group_6' is clicked on

2019-01-25 10:34:28 - [MESSAGE][PASSED] - Object: 'Object Repository/FSM1/BSE16/Page_JClient/Page_JClient/input_NA_radio_group_6' is clicked on

2019-01-25 10:34:28 - [TEST_STEP][PASSED] - click(findTestObject("Object Repository/FSM1/BSE16/Page_JClient/Page_JClient/input_NA_radio_group_7")): Object: 'Object Repository/FSM1/BSE16/Page_JClient/Page_JClient/input_NA_radio_group_7' is clicked on

2019-01-25 10:34:29 - [MESSAGE][PASSED] - Object: 'Object Repository/FSM1/BSE16/Page_JClient/Page_JClient/input_NA_radio_group_7' is clicked on

2019-01-25 10:34:29 - [TEST_STEP][PASSED] - click(findTestObject("Object Repository/FSM1/BSE16/Page_JClient/Page_JClient/input_NA_radio_group_8")): Object: 'Object Repository/FSM1/BSE16/Page_JClient/Page_JClient/input_NA_radio_group_8' is clicked on

2019-01-25 10:34:29 - [MESSAGE][PASSED] - Object: 'Object Repository/FSM1/BSE16/Page_JClient/Page_JClient/input_NA_radio_group_8' is clicked on

2019-01-25 10:34:29 - [TEST_STEP][PASSED] - click(findTestObject("Object Repository/FSM1/BSE16/Page_JClient/Page_JClient/input_NA_radio_group_9")): Object: 'Object Repository/FSM1/BSE16/Page_JClient/Page_JClient/input_NA_radio_group_9' is clicked on

2019-01-25 10:34:29 - [MESSAGE][PASSED] - Object: 'Object Repository/FSM1/BSE16/Page_JClient/Page_JClient/input_NA_radio_group_9' is clicked on

2019-01-25 10:34:29 - [TEST_STEP][PASSED] - click(findTestObject("Object Repository/FSM1/BSE16/Page_JClient/Page_JClient/input_NA_radio_group_10")): Object: 'Object Repository/FSM1/BSE16/Page_JClient/Page_JClient/input_NA_radio_group_10' is clicked on

2019-01-25 10:34:29 - [MESSAGE][PASSED] - Object: 'Object Repository/FSM1/BSE16/Page_JClient/Page_JClient/input_NA_radio_group_10' is clicked on

2019-01-25 10:34:29 - [TEST_STEP][PASSED] - click(findTestObject("Object Repository/FSM1/BSE16/Page_JClient/Page_JClient/input_Commentsfurther details_")): Object: 'Object Repository/FSM1/BSE16/Page_JClient/Page_JClient/input_Commentsfurther details_' is clicked on

2019-01-25 10:34:29 - [MESSAGE][PASSED] - Object: 'Object Repository/FSM1/BSE16/Page_JClient/Page_JClient/input_Commentsfurther details_' is clicked on

2019-01-25 10:34:29 - [TEST_STEP][PASSED] - click(findTestObject("Object Repository/FSM1/BSE16/Page_JClient/Page_JClient/div_Save - Generic")): Object: 'Object Repository/FSM1/BSE16/Page_JClient/Page_JClient/div_Save - Generic' is clicked on

2019-01-25 10:34:29 - [MESSAGE][PASSED] - Object: 'Object Repository/FSM1/BSE16/Page_JClient/Page_JClient/div_Save - Generic' is clicked on

2019-01-25 10:34:29 - [TEST_STEP][PASSED] - delay(2): Delayed 2 second(s)

2019-01-25 10:34:31 - [MESSAGE][PASSED] - Delayed 2 second(s)]]></system-out>
         <system-err><![CDATA[]]></system-err>
      </testcase>
      <testcase name="Test Cases/Form Jobs/BSE16/Pet Food" classname="Test Cases/Form Jobs/BSE16/Pet Food" status="PASSED">
         <system-out><![CDATA[2019-01-25 10:34:31 - [TEST_CASE][PASSED] - Test Cases/Form Jobs/BSE16/Pet Food: Test Cases/Form Jobs/BSE16/Pet Food

2019-01-25 10:34:31 - [TEST_STEP][PASSED] - click(findTestObject("Object Repository/FSM1/BSE16/Page_JClient/div_Pet Food")): Object: 'Object Repository/FSM1/BSE16/Page_JClient/div_Pet Food' is clicked on

2019-01-25 10:34:32 - [MESSAGE][PASSED] - Object: 'Object Repository/FSM1/BSE16/Page_JClient/div_Pet Food' is clicked on

2019-01-25 10:34:32 - [TEST_STEP][PASSED] - delay(2): Delayed 2 second(s)

2019-01-25 10:34:34 - [MESSAGE][PASSED] - Delayed 2 second(s)

2019-01-25 10:34:34 - [TEST_STEP][PASSED] - click(findTestObject("Object Repository/FSM1/BSE16/Page_JClient/input_NA_radio_group_2")): Object: 'Object Repository/FSM1/BSE16/Page_JClient/input_NA_radio_group_2' is clicked on

2019-01-25 10:34:34 - [MESSAGE][PASSED] - Object: 'Object Repository/FSM1/BSE16/Page_JClient/input_NA_radio_group_2' is clicked on

2019-01-25 10:34:34 - [TEST_STEP][PASSED] - click(findTestObject("Object Repository/FSM1/BSE16/Page_JClient/input_NA_radio_group_3")): Object: 'Object Repository/FSM1/BSE16/Page_JClient/input_NA_radio_group_3' is clicked on

2019-01-25 10:34:34 - [MESSAGE][PASSED] - Object: 'Object Repository/FSM1/BSE16/Page_JClient/input_NA_radio_group_3' is clicked on

2019-01-25 10:34:34 - [TEST_STEP][PASSED] - setText(findTestObject("Object Repository/FSM1/BSE16/Page_JClient/textarea_Further details if re"), "Test automation"): Text 'Test automation' is set on object 'Object Repository/FSM1/BSE16/Page_JClient/textarea_Further details if re'

2019-01-25 10:34:34 - [MESSAGE][PASSED] - Text 'Test automation' is set on object 'Object Repository/FSM1/BSE16/Page_JClient/textarea_Further details if re'

2019-01-25 10:34:34 - [TEST_STEP][PASSED] - click(findTestObject("FSM1/BSE16/Page_JClient/div_Save - Generic")): Object: 'Object Repository/FSM1/BSE16/Page_JClient/div_Save - Generic' is clicked on

2019-01-25 10:34:34 - [MESSAGE][PASSED] - Object: 'Object Repository/FSM1/BSE16/Page_JClient/div_Save - Generic' is clicked on

2019-01-25 10:34:34 - [TEST_STEP][PASSED] - delay(3): Delayed 3 second(s)

2019-01-25 10:34:37 - [MESSAGE][PASSED] - Delayed 3 second(s)]]></system-out>
         <system-err><![CDATA[]]></system-err>
      </testcase>
      <testcase name="Test Cases/Form Jobs/BSE16/Former Food Stuffs" classname="Test Cases/Form Jobs/BSE16/Former Food Stuffs" status="PASSED">
         <system-out><![CDATA[2019-01-25 10:34:37 - [TEST_CASE][PASSED] - Test Cases/Form Jobs/BSE16/Former Food Stuffs: Test Cases/Form Jobs/BSE16/Former Food Stuffs

2019-01-25 10:34:37 - [TEST_STEP][PASSED] - click(findTestObject("Object Repository/FSM1/BSE16/Page_JClient/div_Former Foodstuffs")): Object: 'Object Repository/FSM1/BSE16/Page_JClient/div_Former Foodstuffs' is clicked on

2019-01-25 10:34:37 - [MESSAGE][PASSED] - Object: 'Object Repository/FSM1/BSE16/Page_JClient/div_Former Foodstuffs' is clicked on

2019-01-25 10:34:37 - [TEST_STEP][PASSED] - delay(3): Delayed 3 second(s)

2019-01-25 10:34:40 - [MESSAGE][PASSED] - Delayed 3 second(s)

2019-01-25 10:34:40 - [TEST_STEP][PASSED] - click(findTestObject("Object Repository/FSM1/BSE16/Page_JClient/input_Are former foodstuffs us")): Object: 'Object Repository/FSM1/BSE16/Page_JClient/input_Are former foodstuffs us' is clicked on

2019-01-25 10:34:41 - [MESSAGE][PASSED] - Object: 'Object Repository/FSM1/BSE16/Page_JClient/input_Are former foodstuffs us' is clicked on

2019-01-25 10:34:41 - [TEST_STEP][PASSED] - click(findTestObject("Object Repository/FSM1/BSE16/Page_JClient/input_Which former foodstuffs")): Object: 'Object Repository/FSM1/BSE16/Page_JClient/input_Which former foodstuffs' is clicked on

2019-01-25 10:34:41 - [MESSAGE][PASSED] - Object: 'Object Repository/FSM1/BSE16/Page_JClient/input_Which former foodstuffs' is clicked on

2019-01-25 10:34:41 - [TEST_STEP][PASSED] - click(findTestObject("Object Repository/FSM1/BSE16/Page_JClient/input_Kitchenrestaurant_gwt-ui")): Object: 'Object Repository/FSM1/BSE16/Page_JClient/input_Kitchenrestaurant_gwt-ui' is clicked on

2019-01-25 10:34:41 - [MESSAGE][PASSED] - Object: 'Object Repository/FSM1/BSE16/Page_JClient/input_Kitchenrestaurant_gwt-ui' is clicked on

2019-01-25 10:34:41 - [TEST_STEP][PASSED] - click(findTestObject("Object Repository/FSM1/BSE16/Page_JClient/input_Food manufacturer_radio_")): Object: 'Object Repository/FSM1/BSE16/Page_JClient/input_Food manufacturer_radio_' is clicked on

2019-01-25 10:34:41 - [MESSAGE][PASSED] - Object: 'Object Repository/FSM1/BSE16/Page_JClient/input_Food manufacturer_radio_' is clicked on

2019-01-25 10:34:41 - [TEST_STEP][PASSED] - click(findTestObject("Object Repository/FSM1/BSE16/Page_JClient/input_NA_radio_group_6")): Object: 'Object Repository/FSM1/BSE16/Page_JClient/input_NA_radio_group_6' is clicked on

2019-01-25 10:34:41 - [MESSAGE][PASSED] - Object: 'Object Repository/FSM1/BSE16/Page_JClient/input_NA_radio_group_6' is clicked on

2019-01-25 10:34:41 - [TEST_STEP][PASSED] - click(findTestObject("FSM1/BSE16/Page_JClient/div_Save - Generic")): Object: 'Object Repository/FSM1/BSE16/Page_JClient/div_Save - Generic' is clicked on

2019-01-25 10:34:41 - [MESSAGE][PASSED] - Object: 'Object Repository/FSM1/BSE16/Page_JClient/div_Save - Generic' is clicked on

2019-01-25 10:34:41 - [TEST_STEP][PASSED] - delay(3): Delayed 3 second(s)

2019-01-25 10:34:44 - [MESSAGE][PASSED] - Delayed 3 second(s)]]></system-out>
         <system-err><![CDATA[]]></system-err>
      </testcase>
      <testcase name="Test Cases/Form Jobs/BSE16/Storage of ABP, PAP and Organic Fertiliser" classname="Test Cases/Form Jobs/BSE16/Storage of ABP, PAP and Organic Fertiliser" status="PASSED">
         <system-out><![CDATA[2019-01-25 10:34:44 - [TEST_CASE][PASSED] - Test Cases/Form Jobs/BSE16/Storage of ABP, PAP and Organic Fertiliser: Test Cases/Form Jobs/BSE16/Storage of ABP, PAP and Organic Fertiliser

2019-01-25 10:34:44 - [TEST_STEP][PASSED] - click(findTestObject("Object Repository/FSM1/BSE16/Page_JClient/div_Storage of ABP PAP and org")): Object: 'Object Repository/FSM1/BSE16/Page_JClient/div_Storage of ABP PAP and org' is clicked on

2019-01-25 10:34:44 - [MESSAGE][PASSED] - Object: 'Object Repository/FSM1/BSE16/Page_JClient/div_Storage of ABP PAP and org' is clicked on

2019-01-25 10:34:44 - [TEST_STEP][PASSED] - delay(2): Delayed 2 second(s)

2019-01-25 10:34:46 - [MESSAGE][PASSED] - Delayed 2 second(s)

2019-01-25 10:34:46 - [TEST_STEP][PASSED] - click(findTestObject("Object Repository/FSM1/BSE16/Page_JClient/input_PAP (not including restr")): Object: 'Object Repository/FSM1/BSE16/Page_JClient/input_PAP (not including restr' is clicked on

2019-01-25 10:34:47 - [MESSAGE][PASSED] - Object: 'Object Repository/FSM1/BSE16/Page_JClient/input_PAP (not including restr' is clicked on

2019-01-25 10:34:47 - [TEST_STEP][PASSED] - setText(findTestObject("Object Repository/FSM1/BSE16/Page_JClient/textarea_None_gwt-TextArea GKH"), "Test automation"): Text 'Test automation' is set on object 'Object Repository/FSM1/BSE16/Page_JClient/textarea_None_gwt-TextArea GKH'

2019-01-25 10:34:47 - [MESSAGE][PASSED] - Text 'Test automation' is set on object 'Object Repository/FSM1/BSE16/Page_JClient/textarea_None_gwt-TextArea GKH'

2019-01-25 10:34:47 - [TEST_STEP][PASSED] - click(findTestObject("Object Repository/FSM1/BSE16/Page_JClient/input_NA_radio_group_7")): Object: 'Object Repository/FSM1/BSE16/Page_JClient/input_NA_radio_group_7' is clicked on

2019-01-25 10:34:47 - [MESSAGE][PASSED] - Object: 'Object Repository/FSM1/BSE16/Page_JClient/input_NA_radio_group_7' is clicked on

2019-01-25 10:34:47 - [TEST_STEP][PASSED] - click(findTestObject("Object Repository/FSM1/BSE16/Page_JClient/input_NA_radio_group_8")): Object: 'Object Repository/FSM1/BSE16/Page_JClient/input_NA_radio_group_8' is clicked on

2019-01-25 10:34:47 - [MESSAGE][PASSED] - Object: 'Object Repository/FSM1/BSE16/Page_JClient/input_NA_radio_group_8' is clicked on

2019-01-25 10:34:47 - [TEST_STEP][PASSED] - click(findTestObject("Object Repository/FSM1/BSE16/Page_JClient/input_NA_radio_group_9")): Object: 'Object Repository/FSM1/BSE16/Page_JClient/input_NA_radio_group_9' is clicked on

2019-01-25 10:34:47 - [MESSAGE][PASSED] - Object: 'Object Repository/FSM1/BSE16/Page_JClient/input_NA_radio_group_9' is clicked on

2019-01-25 10:34:47 - [TEST_STEP][PASSED] - click(findTestObject("Object Repository/FSM1/BSE16/Page_JClient/input_NA_radio_group_10")): Object: 'Object Repository/FSM1/BSE16/Page_JClient/input_NA_radio_group_10' is clicked on

2019-01-25 10:34:47 - [MESSAGE][PASSED] - Object: 'Object Repository/FSM1/BSE16/Page_JClient/input_NA_radio_group_10' is clicked on

2019-01-25 10:34:47 - [TEST_STEP][PASSED] - click(findTestObject("Object Repository/FSM1/BSE16/Page_JClient/input_NA_radio_group_11")): Object: 'Object Repository/FSM1/BSE16/Page_JClient/input_NA_radio_group_11' is clicked on

2019-01-25 10:34:47 - [MESSAGE][PASSED] - Object: 'Object Repository/FSM1/BSE16/Page_JClient/input_NA_radio_group_11' is clicked on

2019-01-25 10:34:47 - [TEST_STEP][PASSED] - click(findTestObject("FSM1/BSE16/Page_JClient/div_Save - Generic")): Object: 'Object Repository/FSM1/BSE16/Page_JClient/div_Save - Generic' is clicked on

2019-01-25 10:34:47 - [MESSAGE][PASSED] - Object: 'Object Repository/FSM1/BSE16/Page_JClient/div_Save - Generic' is clicked on

2019-01-25 10:34:47 - [TEST_STEP][PASSED] - delay(3): Delayed 3 second(s)

2019-01-25 10:34:50 - [MESSAGE][PASSED] - Delayed 3 second(s)]]></system-out>
         <system-err><![CDATA[]]></system-err>
      </testcase>
      <testcase name="Test Cases/Form Jobs/BSE16/On Farm Feeding of Milk" classname="Test Cases/Form Jobs/BSE16/On Farm Feeding of Milk" status="PASSED">
         <system-out><![CDATA[2019-01-25 10:34:50 - [TEST_CASE][PASSED] - Test Cases/Form Jobs/BSE16/On Farm Feeding of Milk: Test Cases/Form Jobs/BSE16/On Farm Feeding of Milk

2019-01-25 10:34:51 - [TEST_STEP][PASSED] - delay(3): Delayed 3 second(s)

2019-01-25 10:34:54 - [MESSAGE][PASSED] - Delayed 3 second(s)

2019-01-25 10:34:54 - [TEST_STEP][PASSED] - click(findTestObject("Object Repository/FSM1/BSE16/Page_JClient/div_On farm feeding of milk mi")): Object: 'Object Repository/FSM1/BSE16/Page_JClient/div_On farm feeding of milk mi' is clicked on

2019-01-25 10:34:54 - [MESSAGE][PASSED] - Object: 'Object Repository/FSM1/BSE16/Page_JClient/div_On farm feeding of milk mi' is clicked on

2019-01-25 10:34:54 - [TEST_STEP][PASSED] - delay(3): Delayed 3 second(s)

2019-01-25 10:34:57 - [MESSAGE][PASSED] - Delayed 3 second(s)

2019-01-25 10:34:57 - [TEST_STEP][PASSED] - click(findTestObject("Object Repository/FSM1/BSE16/Page_JClient/input_Is there on farm feeding")): Object: 'Object Repository/FSM1/BSE16/Page_JClient/input_Is there on farm feeding' is clicked on

2019-01-25 10:34:57 - [MESSAGE][PASSED] - Object: 'Object Repository/FSM1/BSE16/Page_JClient/input_Is there on farm feeding' is clicked on

2019-01-25 10:34:57 - [TEST_STEP][PASSED] - click(findTestObject("Object Repository/FSM1/BSE16/Page_JClient/input_No_radio_group_13")): Object: 'Object Repository/FSM1/BSE16/Page_JClient/input_No_radio_group_13' is clicked on

2019-01-25 10:34:57 - [MESSAGE][PASSED] - Object: 'Object Repository/FSM1/BSE16/Page_JClient/input_No_radio_group_13' is clicked on

2019-01-25 10:34:57 - [TEST_STEP][PASSED] - click(findTestObject("Object Repository/FSM1/BSE16/Page_JClient/input_Registered milk processi")): Object: 'Object Repository/FSM1/BSE16/Page_JClient/input_Registered milk processi' is clicked on

2019-01-25 10:34:57 - [MESSAGE][PASSED] - Object: 'Object Repository/FSM1/BSE16/Page_JClient/input_Registered milk processi' is clicked on

2019-01-25 10:34:57 - [TEST_STEP][PASSED] - click(findTestObject("Object Repository/FSM1/BSE16/Page_JClient/input_Unregistered milk proces")): Object: 'Object Repository/FSM1/BSE16/Page_JClient/input_Unregistered milk proces' is clicked on

2019-01-25 10:34:57 - [MESSAGE][PASSED] - Object: 'Object Repository/FSM1/BSE16/Page_JClient/input_Unregistered milk proces' is clicked on

2019-01-25 10:34:57 - [TEST_STEP][PASSED] - click(findTestObject("Object Repository/FSM1/BSE16/Page_JClient/input_Retail stores or superma")): Object: 'Object Repository/FSM1/BSE16/Page_JClient/input_Retail stores or superma' is clicked on

2019-01-25 10:34:57 - [MESSAGE][PASSED] - Object: 'Object Repository/FSM1/BSE16/Page_JClient/input_Retail stores or superma' is clicked on

2019-01-25 10:34:57 - [TEST_STEP][PASSED] - click(findTestObject("Object Repository/FSM1/BSE16/Page_JClient/input_concat(Another farm whic")): Object: 'Object Repository/FSM1/BSE16/Page_JClient/input_concat(Another farm whic' is clicked on

2019-01-25 10:34:57 - [MESSAGE][PASSED] - Object: 'Object Repository/FSM1/BSE16/Page_JClient/input_concat(Another farm whic' is clicked on

2019-01-25 10:34:57 - [TEST_STEP][PASSED] - click(findTestObject("FSM1/BSE16/Page_JClient/div_Save - Generic")): Object: 'Object Repository/FSM1/BSE16/Page_JClient/div_Save - Generic' is clicked on

2019-01-25 10:34:57 - [MESSAGE][PASSED] - Object: 'Object Repository/FSM1/BSE16/Page_JClient/div_Save - Generic' is clicked on

2019-01-25 10:34:57 - [TEST_STEP][PASSED] - delay(3): Delayed 3 second(s)

2019-01-25 10:35:00 - [MESSAGE][PASSED] - Delayed 3 second(s)]]></system-out>
         <system-err><![CDATA[]]></system-err>
      </testcase>
      <testcase name="Test Cases/Form Jobs/BSE16/Hobby Farms" classname="Test Cases/Form Jobs/BSE16/Hobby Farms" status="PASSED">
         <system-out><![CDATA[2019-01-25 10:35:01 - [TEST_CASE][PASSED] - Test Cases/Form Jobs/BSE16/Hobby Farms: Test Cases/Form Jobs/BSE16/Hobby Farms

2019-01-25 10:35:01 - [TEST_STEP][PASSED] - click(findTestObject("Object Repository/FSM1/BSE16/Page_JClient/div_Hobby farms city open farm")): Object: 'Object Repository/FSM1/BSE16/Page_JClient/div_Hobby farms city open farm' is clicked on

2019-01-25 10:35:01 - [MESSAGE][PASSED] - Object: 'Object Repository/FSM1/BSE16/Page_JClient/div_Hobby farms city open farm' is clicked on

2019-01-25 10:35:01 - [TEST_STEP][PASSED] - selectOptionByValue(findTestObject("Object Repository/FSM1/BSE16/Page_JClient/select_Hobby farmCity open far"), "HOBBY_FARM", true): All options with value 'HOBBY_FARM' are selected in object 'Object Repository/FSM1/BSE16/Page_JClient/select_Hobby farmCity open far'  using regular expression

2019-01-25 10:35:01 - [MESSAGE][PASSED] - All options with value 'HOBBY_FARM' are selected in object 'Object Repository/FSM1/BSE16/Page_JClient/select_Hobby farmCity open far'  using regular expression

2019-01-25 10:35:01 - [TEST_STEP][PASSED] - delay(2): Delayed 2 second(s)

2019-01-25 10:35:03 - [MESSAGE][PASSED] - Delayed 2 second(s)

2019-01-25 10:35:03 - [TEST_STEP][PASSED] - click(findTestObject("Object Repository/JM_8918/BSE16/Page_JClient/input_Are there non-commercial")): Object: 'Object Repository/JM_8918/BSE16/Page_JClient/input_Are there non-commercial' is clicked on

2019-01-25 10:35:03 - [MESSAGE][PASSED] - Object: 'Object Repository/JM_8918/BSE16/Page_JClient/input_Are there non-commercial' is clicked on

2019-01-25 10:35:03 - [TEST_STEP][PASSED] - click(findTestObject("Object Repository/JM_8918/BSE16/Page_JClient/input_If you have any welfare")): Object: 'Object Repository/JM_8918/BSE16/Page_JClient/input_If you have any welfare' is clicked on

2019-01-25 10:35:03 - [MESSAGE][PASSED] - Object: 'Object Repository/JM_8918/BSE16/Page_JClient/input_If you have any welfare' is clicked on

2019-01-25 10:35:03 - [TEST_STEP][PASSED] - click(findTestObject("FSM1/BSE16/Page_JClient/div_Save - Generic")): Object: 'Object Repository/FSM1/BSE16/Page_JClient/div_Save - Generic' is clicked on

2019-01-25 10:35:03 - [MESSAGE][PASSED] - Object: 'Object Repository/FSM1/BSE16/Page_JClient/div_Save - Generic' is clicked on

2019-01-25 10:35:03 - [TEST_STEP][PASSED] - delay(3): Delayed 3 second(s)

2019-01-25 10:35:06 - [MESSAGE][PASSED] - Delayed 3 second(s)]]></system-out>
         <system-err><![CDATA[]]></system-err>
      </testcase>
      <testcase name="Test Cases/Form Jobs/BSE16/Visit Report" classname="Test Cases/Form Jobs/BSE16/Visit Report" status="PASSED">
         <system-out><![CDATA[2019-01-25 10:35:06 - [TEST_CASE][PASSED] - Test Cases/Form Jobs/BSE16/Visit Report: Test Cases/Form Jobs/BSE16/Visit Report

2019-01-25 10:35:07 - [TEST_STEP][PASSED] - delay(2): Delayed 2 second(s)

2019-01-25 10:35:09 - [MESSAGE][PASSED] - Delayed 2 second(s)

2019-01-25 10:35:09 - [TEST_STEP][PASSED] - click(findTestObject("Object Repository/FSM1/BSE16/Page_JClient/div_Visit Report")): Object: 'Object Repository/FSM1/BSE16/Page_JClient/div_Visit Report' is clicked on

2019-01-25 10:35:09 - [MESSAGE][PASSED] - Object: 'Object Repository/FSM1/BSE16/Page_JClient/div_Visit Report' is clicked on

2019-01-25 10:35:09 - [TEST_STEP][PASSED] - delay(3): Delayed 3 second(s)

2019-01-25 10:35:12 - [MESSAGE][PASSED] - Delayed 3 second(s)

2019-01-25 10:35:12 - [TEST_STEP][PASSED] - setText(findTestObject("Object Repository/FSM1/BSE16/Page_JClient/textarea_Visit Report_gwt-Text"), "Test automation"): Text 'Test automation' is set on object 'Object Repository/FSM1/BSE16/Page_JClient/textarea_Visit Report_gwt-Text'

2019-01-25 10:35:12 - [MESSAGE][PASSED] - Text 'Test automation' is set on object 'Object Repository/FSM1/BSE16/Page_JClient/textarea_Visit Report_gwt-Text'

2019-01-25 10:35:12 - [TEST_STEP][PASSED] - delay(2): Delayed 2 second(s)

2019-01-25 10:35:14 - [MESSAGE][PASSED] - Delayed 2 second(s)

2019-01-25 10:35:14 - [TEST_STEP][PASSED] - click(findTestObject("FSM1/BSE16/Page_JClient/div_Save - Generic")): Object: 'Object Repository/FSM1/BSE16/Page_JClient/div_Save - Generic' is clicked on

2019-01-25 10:35:14 - [MESSAGE][PASSED] - Object: 'Object Repository/FSM1/BSE16/Page_JClient/div_Save - Generic' is clicked on

2019-01-25 10:35:14 - [TEST_STEP][PASSED] - delay(3): Delayed 3 second(s)

2019-01-25 10:35:17 - [MESSAGE][PASSED] - Delayed 3 second(s)]]></system-out>
         <system-err><![CDATA[]]></system-err>
      </testcase>
      <testcase name="Test Cases/Form Jobs/BSE16/All Livestock Premises" classname="Test Cases/Form Jobs/BSE16/All Livestock Premises" status="PASSED">
         <system-out><![CDATA[2019-01-25 10:35:17 - [TEST_CASE][PASSED] - Test Cases/Form Jobs/BSE16/All Livestock Premises: Test Cases/Form Jobs/BSE16/All Livestock Premises

2019-01-25 10:35:17 - [TEST_STEP][PASSED] - click(findTestObject("Object Repository/FSM1/BSE16/Page_JClient/div_All Livestock Premises")): Object: 'Object Repository/FSM1/BSE16/Page_JClient/div_All Livestock Premises' is clicked on

2019-01-25 10:35:18 - [MESSAGE][PASSED] - Object: 'Object Repository/FSM1/BSE16/Page_JClient/div_All Livestock Premises' is clicked on

2019-01-25 10:35:18 - [TEST_STEP][PASSED] - delay(2): Delayed 2 second(s)

2019-01-25 10:35:20 - [MESSAGE][PASSED] - Delayed 2 second(s)

2019-01-25 10:35:20 - [TEST_STEP][PASSED] - click(findTestObject("Object Repository/FSM1/BSE16/Page_JClient/input_Do you suspect illegal f")): Object: 'Object Repository/FSM1/BSE16/Page_JClient/input_Do you suspect illegal f' is clicked on

2019-01-25 10:35:20 - [MESSAGE][PASSED] - Object: 'Object Repository/FSM1/BSE16/Page_JClient/input_Do you suspect illegal f' is clicked on

2019-01-25 10:35:20 - [TEST_STEP][PASSED] - click(findTestObject("FSM1/BSE16/Page_JClient/div_Save - Generic")): Object: 'Object Repository/FSM1/BSE16/Page_JClient/div_Save - Generic' is clicked on

2019-01-25 10:35:20 - [MESSAGE][PASSED] - Object: 'Object Repository/FSM1/BSE16/Page_JClient/div_Save - Generic' is clicked on

2019-01-25 10:35:20 - [TEST_STEP][PASSED] - delay(3): Delayed 3 second(s)

2019-01-25 10:35:23 - [MESSAGE][PASSED] - Delayed 3 second(s)]]></system-out>
         <system-err><![CDATA[]]></system-err>
      </testcase>
      <testcase name="Test Cases/Form Jobs/BSE16/Save All Job Lines" classname="Test Cases/Form Jobs/BSE16/Save All Job Lines" status="PASSED">
         <system-out><![CDATA[2019-01-25 10:35:23 - [TEST_CASE][PASSED] - Test Cases/Form Jobs/BSE16/Save All Job Lines: Test Cases/Form Jobs/BSE16/Save All Job Lines

2019-01-25 10:35:23 - [TEST_STEP][PASSED] - delay(2): Delayed 2 second(s)

2019-01-25 10:35:25 - [MESSAGE][PASSED] - Delayed 2 second(s)

2019-01-25 10:35:25 - [TEST_STEP][PASSED] - click(findTestObject("Object Repository/FSM1/BSE16/Page_JClient/div_Save (1)")): Object: 'Object Repository/FSM1/BSE16/Page_JClient/div_Save (1)' is clicked on

2019-01-25 10:35:25 - [MESSAGE][PASSED] - Object: 'Object Repository/FSM1/BSE16/Page_JClient/div_Save (1)' is clicked on

2019-01-25 10:35:25 - [TEST_STEP][PASSED] - delay(3): Delayed 3 second(s)

2019-01-25 10:35:28 - [MESSAGE][PASSED] - Delayed 3 second(s)]]></system-out>
         <system-err><![CDATA[]]></system-err>
      </testcase>
      <testcase name="Test Cases/Form Jobs/BSE16/NFA Samples Taken" classname="Test Cases/Form Jobs/BSE16/NFA Samples Taken" status="FAILED">
         <failure type="FAILED" message="Test Cases/Form Jobs/BSE16/NFA Samples Taken FAILED.
Reason:
com.kms.katalon.core.exception.StepFailedException: Unable to click on object 'Object Repository/FSM1/BSE16/NFA Samples/Page_JClient/Page_JClient/Page_JClient/div_Samples Taken NFA' (Root cause: com.kms.katalon.core.webui.exception.WebElementNotFoundException: Web element with id: 'Object Repository/FSM1/BSE16/NFA Samples/Page_JClient/Page_JClient/Page_JClient/div_Samples Taken NFA' located by 'By.xpath: //div[(text() = 'Samples Taken NFA' or . = 'Samples Taken NFA')]' not found)
	at com.kms.katalon.core.keyword.internal.KeywordMain.stepFailed(KeywordMain.groovy:36)
	at com.kms.katalon.core.webui.keyword.internal.WebUIKeywordMain.stepFailed(WebUIKeywordMain.groovy:65)
	at com.kms.katalon.core.webui.keyword.internal.WebUIKeywordMain.runKeyword(WebUIKeywordMain.groovy:27)
	at com.kms.katalon.core.webui.keyword.builtin.ClickKeyword.click(ClickKeyword.groovy:86)
	at com.kms.katalon.core.webui.keyword.builtin.ClickKeyword.execute(ClickKeyword.groovy:67)
	at com.kms.katalon.core.keyword.internal.KeywordExecutor.executeKeywordForPlatform(KeywordExecutor.groovy:53)
	at com.kms.katalon.core.webui.keyword.WebUiBuiltInKeywords.click(WebUiBuiltInKeywords.groovy:616)
	at com.kms.katalon.core.webui.keyword.WebUiBuiltInKeywords$click$3.call(Unknown Source)
	at NFA Samples Taken.run(NFA Samples Taken:18)
	at com.kms.katalon.core.main.ScriptEngine.run(ScriptEngine.java:194)
	at com.kms.katalon.core.main.ScriptEngine.runScriptAsRawText(ScriptEngine.java:119)
	at com.kms.katalon.core.main.TestCaseExecutor.runScript(TestCaseExecutor.java:321)
	at com.kms.katalon.core.main.TestCaseExecutor.doExecute(TestCaseExecutor.java:312)
	at com.kms.katalon.core.main.TestCaseExecutor.processExecutionPhase(TestCaseExecutor.java:291)
	at com.kms.katalon.core.main.TestCaseExecutor.accessMainPhase(TestCaseExecutor.java:283)
	at com.kms.katalon.core.main.TestCaseExecutor.execute(TestCaseExecutor.java:222)
	at com.kms.katalon.core.main.TestSuiteExecutor.accessTestCaseMainPhase(TestSuiteExecutor.java:129)
	at com.kms.katalon.core.main.TestSuiteExecutor.accessTestSuiteMainPhase(TestSuiteExecutor.java:112)
	at com.kms.katalon.core.main.TestSuiteExecutor.execute(TestSuiteExecutor.java:81)
	at com.kms.katalon.core.main.TestCaseMain.startTestSuite(TestCaseMain.java:149)
	at com.kms.katalon.core.main.TestCaseMain$startTestSuite$0.call(Unknown Source)
	at TempTestSuite1548410658791.run(TempTestSuite1548410658791.groovy:36)
"/>
         <system-out><![CDATA[2019-01-25 10:35:28 - [TEST_CASE][FAILED] - Test Cases/Form Jobs/BSE16/NFA Samples Taken: Test Cases/Form Jobs/BSE16/NFA Samples Taken FAILED.
Reason:
com.kms.katalon.core.exception.StepFailedException: Unable to click on object 'Object Repository/FSM1/BSE16/NFA Samples/Page_JClient/Page_JClient/Page_JClient/div_Samples Taken NFA' (Root cause: com.kms.katalon.core.webui.exception.WebElementNotFoundException: Web element with id: 'Object Repository/FSM1/BSE16/NFA Samples/Page_JClient/Page_JClient/Page_JClient/div_Samples Taken NFA' located by 'By.xpath: //div[(text() = 'Samples Taken NFA' or . = 'Samples Taken NFA')]' not found)
	at com.kms.katalon.core.keyword.internal.KeywordMain.stepFailed(KeywordMain.groovy:36)
	at com.kms.katalon.core.webui.keyword.internal.WebUIKeywordMain.stepFailed(WebUIKeywordMain.groovy:65)
	at com.kms.katalon.core.webui.keyword.internal.WebUIKeywordMain.runKeyword(WebUIKeywordMain.groovy:27)
	at com.kms.katalon.core.webui.keyword.builtin.ClickKeyword.click(ClickKeyword.groovy:86)
	at com.kms.katalon.core.webui.keyword.builtin.ClickKeyword.execute(ClickKeyword.groovy:67)
	at com.kms.katalon.core.keyword.internal.KeywordExecutor.executeKeywordForPlatform(KeywordExecutor.groovy:53)
	at com.kms.katalon.core.webui.keyword.WebUiBuiltInKeywords.click(WebUiBuiltInKeywords.groovy:616)
	at com.kms.katalon.core.webui.keyword.WebUiBuiltInKeywords$click$3.call(Unknown Source)
	at NFA Samples Taken.run(NFA Samples Taken:18)
	at com.kms.katalon.core.main.ScriptEngine.run(ScriptEngine.java:194)
	at com.kms.katalon.core.main.ScriptEngine.runScriptAsRawText(ScriptEngine.java:119)
	at com.kms.katalon.core.main.TestCaseExecutor.runScript(TestCaseExecutor.java:321)
	at com.kms.katalon.core.main.TestCaseExecutor.doExecute(TestCaseExecutor.java:312)
	at com.kms.katalon.core.main.TestCaseExecutor.processExecutionPhase(TestCaseExecutor.java:291)
	at com.kms.katalon.core.main.TestCaseExecutor.accessMainPhase(TestCaseExecutor.java:283)
	at com.kms.katalon.core.main.TestCaseExecutor.execute(TestCaseExecutor.java:222)
	at com.kms.katalon.core.main.TestSuiteExecutor.accessTestCaseMainPhase(TestSuiteExecutor.java:129)
	at com.kms.katalon.core.main.TestSuiteExecutor.accessTestSuiteMainPhase(TestSuiteExecutor.java:112)
	at com.kms.katalon.core.main.TestSuiteExecutor.execute(TestSuiteExecutor.java:81)
	at com.kms.katalon.core.main.TestCaseMain.startTestSuite(TestCaseMain.java:149)
	at com.kms.katalon.core.main.TestCaseMain$startTestSuite$0.call(Unknown Source)
	at TempTestSuite1548410658791.run(TempTestSuite1548410658791.groovy:36)


2019-01-25 10:35:28 - [TEST_STEP][PASSED] - delay(2): Delayed 2 second(s)

2019-01-25 10:35:30 - [MESSAGE][PASSED] - Delayed 2 second(s)

2019-01-25 10:35:30 - [TEST_STEP][FAILED] - click(findTestObject("Object Repository/FSM1/BSE16/NFA Samples/Page_JClient/Page_JClient/Page_JClient/div_Samples Taken NFA")): click(findTestObject("Object Repository/FSM1/BSE16/NFA Samples/Page_JClient/Page_JClient/Page_JClient/div_Samples Taken NFA")) FAILED.
Reason:
com.kms.katalon.core.exception.StepFailedException: Unable to click on object 'Object Repository/FSM1/BSE16/NFA Samples/Page_JClient/Page_JClient/Page_JClient/div_Samples Taken NFA' (Root cause: com.kms.katalon.core.webui.exception.WebElementNotFoundException: Web element with id: 'Object Repository/FSM1/BSE16/NFA Samples/Page_JClient/Page_JClient/Page_JClient/div_Samples Taken NFA' located by 'By.xpath: //div[(text() = 'Samples Taken NFA' or . = 'Samples Taken NFA')]' not found)
	at com.kms.katalon.core.keyword.internal.KeywordMain.stepFailed(KeywordMain.groovy:36)
	at com.kms.katalon.core.webui.keyword.internal.WebUIKeywordMain.stepFailed(WebUIKeywordMain.groovy:65)
	at com.kms.katalon.core.webui.keyword.internal.WebUIKeywordMain.runKeyword(WebUIKeywordMain.groovy:27)
	at com.kms.katalon.core.webui.keyword.builtin.ClickKeyword.click(ClickKeyword.groovy:86)
	at com.kms.katalon.core.webui.keyword.builtin.ClickKeyword.execute(ClickKeyword.groovy:67)
	at com.kms.katalon.core.keyword.internal.KeywordExecutor.executeKeywordForPlatform(KeywordExecutor.groovy:53)
	at com.kms.katalon.core.webui.keyword.WebUiBuiltInKeywords.click(WebUiBuiltInKeywords.groovy:616)
	at com.kms.katalon.core.webui.keyword.WebUiBuiltInKeywords$click$3.call(Unknown Source)
	at NFA Samples Taken.run(NFA Samples Taken:18)
	at com.kms.katalon.core.main.ScriptEngine.run(ScriptEngine.java:194)
	at com.kms.katalon.core.main.ScriptEngine.runScriptAsRawText(ScriptEngine.java:119)
	at com.kms.katalon.core.main.TestCaseExecutor.runScript(TestCaseExecutor.java:321)
	at com.kms.katalon.core.main.TestCaseExecutor.doExecute(TestCaseExecutor.java:312)
	at com.kms.katalon.core.main.TestCaseExecutor.processExecutionPhase(TestCaseExecutor.java:291)
	at com.kms.katalon.core.main.TestCaseExecutor.accessMainPhase(TestCaseExecutor.java:283)
	at com.kms.katalon.core.main.TestCaseExecutor.execute(TestCaseExecutor.java:222)
	at com.kms.katalon.core.main.TestSuiteExecutor.accessTestCaseMainPhase(TestSuiteExecutor.java:129)
	at com.kms.katalon.core.main.TestSuiteExecutor.accessTestSuiteMainPhase(TestSuiteExecutor.java:112)
	at com.kms.katalon.core.main.TestSuiteExecutor.execute(TestSuiteExecutor.java:81)
	at com.kms.katalon.core.main.TestCaseMain.startTestSuite(TestCaseMain.java:149)
	at com.kms.katalon.core.main.TestCaseMain$startTestSuite$0.call(Unknown Source)
	at TempTestSuite1548410658791.run(TempTestSuite1548410658791.groovy:36)


2019-01-25 10:36:02 - [MESSAGE][INFO] - Unable to find the element located by 'By.xpath: //div[(text() = 'Samples Taken NFA' or . = 'Samples Taken NFA')]'. Please recheck the objects properties to make sure the desired element is located. 

2019-01-25 10:36:02 - [MESSAGE][FAILED] - Unable to click on object 'Object Repository/FSM1/BSE16/NFA Samples/Page_JClient/Page_JClient/Page_JClient/div_Samples Taken NFA' (Root cause: com.kms.katalon.core.webui.exception.WebElementNotFoundException: Web element with id: 'Object Repository/FSM1/BSE16/NFA Samples/Page_JClient/Page_JClient/Page_JClient/div_Samples Taken NFA' located by 'By.xpath: //div[(text() = 'Samples Taken NFA' or . = 'Samples Taken NFA')]' not found)
[[ATTACHMENT|C:\\Users\\jonha\\Documents\\Katalon\\APHA\\JM_8.9\\FSM_Regression\\Reports\\Form Jobs\\BSE16 Regression - Livestock Farm\\20190125_100418\\1548412562105.png]]

2019-01-25 10:36:02 - [MESSAGE][FAILED] - click(findTestObject("Object Repository/FSM1/BSE16/NFA Samples/Page_JClient/Page_JClient/Page_JClient/div_Samples Taken NFA")) FAILED.
Reason:
com.kms.katalon.core.exception.StepFailedException: Unable to click on object 'Object Repository/FSM1/BSE16/NFA Samples/Page_JClient/Page_JClient/Page_JClient/div_Samples Taken NFA' (Root cause: com.kms.katalon.core.webui.exception.WebElementNotFoundException: Web element with id: 'Object Repository/FSM1/BSE16/NFA Samples/Page_JClient/Page_JClient/Page_JClient/div_Samples Taken NFA' located by 'By.xpath: //div[(text() = 'Samples Taken NFA' or . = 'Samples Taken NFA')]' not found)
	at com.kms.katalon.core.keyword.internal.KeywordMain.stepFailed(KeywordMain.groovy:36)
	at com.kms.katalon.core.webui.keyword.internal.WebUIKeywordMain.stepFailed(WebUIKeywordMain.groovy:65)
	at com.kms.katalon.core.webui.keyword.internal.WebUIKeywordMain.runKeyword(WebUIKeywordMain.groovy:27)
	at com.kms.katalon.core.webui.keyword.builtin.ClickKeyword.click(ClickKeyword.groovy:86)
	at com.kms.katalon.core.webui.keyword.builtin.ClickKeyword.execute(ClickKeyword.groovy:67)
	at com.kms.katalon.core.keyword.internal.KeywordExecutor.executeKeywordForPlatform(KeywordExecutor.groovy:53)
	at com.kms.katalon.core.webui.keyword.WebUiBuiltInKeywords.click(WebUiBuiltInKeywords.groovy:616)
	at com.kms.katalon.core.webui.keyword.WebUiBuiltInKeywords$click$3.call(Unknown Source)
	at NFA Samples Taken.run(NFA Samples Taken:18)
	at com.kms.katalon.core.main.ScriptEngine.run(ScriptEngine.java:194)
	at com.kms.katalon.core.main.ScriptEngine.runScriptAsRawText(ScriptEngine.java:119)
	at com.kms.katalon.core.main.TestCaseExecutor.runScript(TestCaseExecutor.java:321)
	at com.kms.katalon.core.main.TestCaseExecutor.doExecute(TestCaseExecutor.java:312)
	at com.kms.katalon.core.main.TestCaseExecutor.processExecutionPhase(TestCaseExecutor.java:291)
	at com.kms.katalon.core.main.TestCaseExecutor.accessMainPhase(TestCaseExecutor.java:283)
	at com.kms.katalon.core.main.TestCaseExecutor.execute(TestCaseExecutor.java:222)
	at com.kms.katalon.core.main.TestSuiteExecutor.accessTestCaseMainPhase(TestSuiteExecutor.java:129)
	at com.kms.katalon.core.main.TestSuiteExecutor.accessTestSuiteMainPhase(TestSuiteExecutor.java:112)
	at com.kms.katalon.core.main.TestSuiteExecutor.execute(TestSuiteExecutor.java:81)
	at com.kms.katalon.core.main.TestCaseMain.startTestSuite(TestCaseMain.java:149)
	at com.kms.katalon.core.main.TestCaseMain$startTestSuite$0.call(Unknown Source)
	at TempTestSuite1548410658791.run(TempTestSuite1548410658791.groovy:36)]]></system-out>
         <system-err><![CDATA[2019-01-25 10:35:28 - [TEST_CASE][FAILED] - Test Cases/Form Jobs/BSE16/NFA Samples Taken: Test Cases/Form Jobs/BSE16/NFA Samples Taken FAILED.
Reason:
com.kms.katalon.core.exception.StepFailedException: Unable to click on object 'Object Repository/FSM1/BSE16/NFA Samples/Page_JClient/Page_JClient/Page_JClient/div_Samples Taken NFA' (Root cause: com.kms.katalon.core.webui.exception.WebElementNotFoundException: Web element with id: 'Object Repository/FSM1/BSE16/NFA Samples/Page_JClient/Page_JClient/Page_JClient/div_Samples Taken NFA' located by 'By.xpath: //div[(text() = 'Samples Taken NFA' or . = 'Samples Taken NFA')]' not found)
	at com.kms.katalon.core.keyword.internal.KeywordMain.stepFailed(KeywordMain.groovy:36)
	at com.kms.katalon.core.webui.keyword.internal.WebUIKeywordMain.stepFailed(WebUIKeywordMain.groovy:65)
	at com.kms.katalon.core.webui.keyword.internal.WebUIKeywordMain.runKeyword(WebUIKeywordMain.groovy:27)
	at com.kms.katalon.core.webui.keyword.builtin.ClickKeyword.click(ClickKeyword.groovy:86)
	at com.kms.katalon.core.webui.keyword.builtin.ClickKeyword.execute(ClickKeyword.groovy:67)
	at com.kms.katalon.core.keyword.internal.KeywordExecutor.executeKeywordForPlatform(KeywordExecutor.groovy:53)
	at com.kms.katalon.core.webui.keyword.WebUiBuiltInKeywords.click(WebUiBuiltInKeywords.groovy:616)
	at com.kms.katalon.core.webui.keyword.WebUiBuiltInKeywords$click$3.call(Unknown Source)
	at NFA Samples Taken.run(NFA Samples Taken:18)
	at com.kms.katalon.core.main.ScriptEngine.run(ScriptEngine.java:194)
	at com.kms.katalon.core.main.ScriptEngine.runScriptAsRawText(ScriptEngine.java:119)
	at com.kms.katalon.core.main.TestCaseExecutor.runScript(TestCaseExecutor.java:321)
	at com.kms.katalon.core.main.TestCaseExecutor.doExecute(TestCaseExecutor.java:312)
	at com.kms.katalon.core.main.TestCaseExecutor.processExecutionPhase(TestCaseExecutor.java:291)
	at com.kms.katalon.core.main.TestCaseExecutor.accessMainPhase(TestCaseExecutor.java:283)
	at com.kms.katalon.core.main.TestCaseExecutor.execute(TestCaseExecutor.java:222)
	at com.kms.katalon.core.main.TestSuiteExecutor.accessTestCaseMainPhase(TestSuiteExecutor.java:129)
	at com.kms.katalon.core.main.TestSuiteExecutor.accessTestSuiteMainPhase(TestSuiteExecutor.java:112)
	at com.kms.katalon.core.main.TestSuiteExecutor.execute(TestSuiteExecutor.java:81)
	at com.kms.katalon.core.main.TestCaseMain.startTestSuite(TestCaseMain.java:149)
	at com.kms.katalon.core.main.TestCaseMain$startTestSuite$0.call(Unknown Source)
	at TempTestSuite1548410658791.run(TempTestSuite1548410658791.groovy:36)]]></system-err>
      </testcase>
      <testcase name="Test Cases/Form Jobs/BSE16/NFA Samples Taken 2" classname="Test Cases/Form Jobs/BSE16/NFA Samples Taken 2" status="FAILED">
         <failure type="FAILED" message="Test Cases/Form Jobs/BSE16/NFA Samples Taken 2 FAILED.
Reason:
com.kms.katalon.core.exception.StepFailedException: Unable to click on object 'Object Repository/FSM1/BSE16/NFA Samples/Page_JClient/Page_JClient/div_Samples Taken NFA' (Root cause: com.kms.katalon.core.webui.exception.WebElementNotFoundException: Web element with id: 'Object Repository/FSM1/BSE16/NFA Samples/Page_JClient/Page_JClient/div_Samples Taken NFA' located by 'By.xpath: //div[(text() = 'Samples Taken NFA' or . = 'Samples Taken NFA')]' not found)
	at com.kms.katalon.core.keyword.internal.KeywordMain.stepFailed(KeywordMain.groovy:36)
	at com.kms.katalon.core.webui.keyword.internal.WebUIKeywordMain.stepFailed(WebUIKeywordMain.groovy:65)
	at com.kms.katalon.core.webui.keyword.internal.WebUIKeywordMain.runKeyword(WebUIKeywordMain.groovy:27)
	at com.kms.katalon.core.webui.keyword.builtin.ClickKeyword.click(ClickKeyword.groovy:86)
	at com.kms.katalon.core.webui.keyword.builtin.ClickKeyword.execute(ClickKeyword.groovy:67)
	at com.kms.katalon.core.keyword.internal.KeywordExecutor.executeKeywordForPlatform(KeywordExecutor.groovy:53)
	at com.kms.katalon.core.webui.keyword.WebUiBuiltInKeywords.click(WebUiBuiltInKeywords.groovy:616)
	at com.kms.katalon.core.webui.keyword.WebUiBuiltInKeywords$click$3.call(Unknown Source)
	at NFA Samples Taken 2.run(NFA Samples Taken 2:18)
	at com.kms.katalon.core.main.ScriptEngine.run(ScriptEngine.java:194)
	at com.kms.katalon.core.main.ScriptEngine.runScriptAsRawText(ScriptEngine.java:119)
	at com.kms.katalon.core.main.TestCaseExecutor.runScript(TestCaseExecutor.java:321)
	at com.kms.katalon.core.main.TestCaseExecutor.doExecute(TestCaseExecutor.java:312)
	at com.kms.katalon.core.main.TestCaseExecutor.processExecutionPhase(TestCaseExecutor.java:291)
	at com.kms.katalon.core.main.TestCaseExecutor.accessMainPhase(TestCaseExecutor.java:283)
	at com.kms.katalon.core.main.TestCaseExecutor.execute(TestCaseExecutor.java:222)
	at com.kms.katalon.core.main.TestSuiteExecutor.accessTestCaseMainPhase(TestSuiteExecutor.java:129)
	at com.kms.katalon.core.main.TestSuiteExecutor.accessTestSuiteMainPhase(TestSuiteExecutor.java:112)
	at com.kms.katalon.core.main.TestSuiteExecutor.execute(TestSuiteExecutor.java:81)
	at com.kms.katalon.core.main.TestCaseMain.startTestSuite(TestCaseMain.java:149)
	at com.kms.katalon.core.main.TestCaseMain$startTestSuite$0.call(Unknown Source)
	at TempTestSuite1548410658791.run(TempTestSuite1548410658791.groovy:36)
"/>
         <system-out><![CDATA[2019-01-25 10:36:02 - [TEST_CASE][FAILED] - Test Cases/Form Jobs/BSE16/NFA Samples Taken 2: Test Cases/Form Jobs/BSE16/NFA Samples Taken 2 FAILED.
Reason:
com.kms.katalon.core.exception.StepFailedException: Unable to click on object 'Object Repository/FSM1/BSE16/NFA Samples/Page_JClient/Page_JClient/div_Samples Taken NFA' (Root cause: com.kms.katalon.core.webui.exception.WebElementNotFoundException: Web element with id: 'Object Repository/FSM1/BSE16/NFA Samples/Page_JClient/Page_JClient/div_Samples Taken NFA' located by 'By.xpath: //div[(text() = 'Samples Taken NFA' or . = 'Samples Taken NFA')]' not found)
	at com.kms.katalon.core.keyword.internal.KeywordMain.stepFailed(KeywordMain.groovy:36)
	at com.kms.katalon.core.webui.keyword.internal.WebUIKeywordMain.stepFailed(WebUIKeywordMain.groovy:65)
	at com.kms.katalon.core.webui.keyword.internal.WebUIKeywordMain.runKeyword(WebUIKeywordMain.groovy:27)
	at com.kms.katalon.core.webui.keyword.builtin.ClickKeyword.click(ClickKeyword.groovy:86)
	at com.kms.katalon.core.webui.keyword.builtin.ClickKeyword.execute(ClickKeyword.groovy:67)
	at com.kms.katalon.core.keyword.internal.KeywordExecutor.executeKeywordForPlatform(KeywordExecutor.groovy:53)
	at com.kms.katalon.core.webui.keyword.WebUiBuiltInKeywords.click(WebUiBuiltInKeywords.groovy:616)
	at com.kms.katalon.core.webui.keyword.WebUiBuiltInKeywords$click$3.call(Unknown Source)
	at NFA Samples Taken 2.run(NFA Samples Taken 2:18)
	at com.kms.katalon.core.main.ScriptEngine.run(ScriptEngine.java:194)
	at com.kms.katalon.core.main.ScriptEngine.runScriptAsRawText(ScriptEngine.java:119)
	at com.kms.katalon.core.main.TestCaseExecutor.runScript(TestCaseExecutor.java:321)
	at com.kms.katalon.core.main.TestCaseExecutor.doExecute(TestCaseExecutor.java:312)
	at com.kms.katalon.core.main.TestCaseExecutor.processExecutionPhase(TestCaseExecutor.java:291)
	at com.kms.katalon.core.main.TestCaseExecutor.accessMainPhase(TestCaseExecutor.java:283)
	at com.kms.katalon.core.main.TestCaseExecutor.execute(TestCaseExecutor.java:222)
	at com.kms.katalon.core.main.TestSuiteExecutor.accessTestCaseMainPhase(TestSuiteExecutor.java:129)
	at com.kms.katalon.core.main.TestSuiteExecutor.accessTestSuiteMainPhase(TestSuiteExecutor.java:112)
	at com.kms.katalon.core.main.TestSuiteExecutor.execute(TestSuiteExecutor.java:81)
	at com.kms.katalon.core.main.TestCaseMain.startTestSuite(TestCaseMain.java:149)
	at com.kms.katalon.core.main.TestCaseMain$startTestSuite$0.call(Unknown Source)
	at TempTestSuite1548410658791.run(TempTestSuite1548410658791.groovy:36)


2019-01-25 10:36:02 - [TEST_STEP][PASSED] - delay(2): Delayed 2 second(s)

2019-01-25 10:36:04 - [MESSAGE][PASSED] - Delayed 2 second(s)

2019-01-25 10:36:04 - [TEST_STEP][FAILED] - click(findTestObject("Object Repository/FSM1/BSE16/NFA Samples/Page_JClient/Page_JClient/div_Samples Taken NFA")): click(findTestObject("Object Repository/FSM1/BSE16/NFA Samples/Page_JClient/Page_JClient/div_Samples Taken NFA")) FAILED.
Reason:
com.kms.katalon.core.exception.StepFailedException: Unable to click on object 'Object Repository/FSM1/BSE16/NFA Samples/Page_JClient/Page_JClient/div_Samples Taken NFA' (Root cause: com.kms.katalon.core.webui.exception.WebElementNotFoundException: Web element with id: 'Object Repository/FSM1/BSE16/NFA Samples/Page_JClient/Page_JClient/div_Samples Taken NFA' located by 'By.xpath: //div[(text() = 'Samples Taken NFA' or . = 'Samples Taken NFA')]' not found)
	at com.kms.katalon.core.keyword.internal.KeywordMain.stepFailed(KeywordMain.groovy:36)
	at com.kms.katalon.core.webui.keyword.internal.WebUIKeywordMain.stepFailed(WebUIKeywordMain.groovy:65)
	at com.kms.katalon.core.webui.keyword.internal.WebUIKeywordMain.runKeyword(WebUIKeywordMain.groovy:27)
	at com.kms.katalon.core.webui.keyword.builtin.ClickKeyword.click(ClickKeyword.groovy:86)
	at com.kms.katalon.core.webui.keyword.builtin.ClickKeyword.execute(ClickKeyword.groovy:67)
	at com.kms.katalon.core.keyword.internal.KeywordExecutor.executeKeywordForPlatform(KeywordExecutor.groovy:53)
	at com.kms.katalon.core.webui.keyword.WebUiBuiltInKeywords.click(WebUiBuiltInKeywords.groovy:616)
	at com.kms.katalon.core.webui.keyword.WebUiBuiltInKeywords$click$3.call(Unknown Source)
	at NFA Samples Taken 2.run(NFA Samples Taken 2:18)
	at com.kms.katalon.core.main.ScriptEngine.run(ScriptEngine.java:194)
	at com.kms.katalon.core.main.ScriptEngine.runScriptAsRawText(ScriptEngine.java:119)
	at com.kms.katalon.core.main.TestCaseExecutor.runScript(TestCaseExecutor.java:321)
	at com.kms.katalon.core.main.TestCaseExecutor.doExecute(TestCaseExecutor.java:312)
	at com.kms.katalon.core.main.TestCaseExecutor.processExecutionPhase(TestCaseExecutor.java:291)
	at com.kms.katalon.core.main.TestCaseExecutor.accessMainPhase(TestCaseExecutor.java:283)
	at com.kms.katalon.core.main.TestCaseExecutor.execute(TestCaseExecutor.java:222)
	at com.kms.katalon.core.main.TestSuiteExecutor.accessTestCaseMainPhase(TestSuiteExecutor.java:129)
	at com.kms.katalon.core.main.TestSuiteExecutor.accessTestSuiteMainPhase(TestSuiteExecutor.java:112)
	at com.kms.katalon.core.main.TestSuiteExecutor.execute(TestSuiteExecutor.java:81)
	at com.kms.katalon.core.main.TestCaseMain.startTestSuite(TestCaseMain.java:149)
	at com.kms.katalon.core.main.TestCaseMain$startTestSuite$0.call(Unknown Source)
	at TempTestSuite1548410658791.run(TempTestSuite1548410658791.groovy:36)


2019-01-25 10:36:35 - [MESSAGE][INFO] - Unable to find the element located by 'By.xpath: //div[(text() = 'Samples Taken NFA' or . = 'Samples Taken NFA')]'. Please recheck the objects properties to make sure the desired element is located. 

2019-01-25 10:36:36 - [MESSAGE][FAILED] - Unable to click on object 'Object Repository/FSM1/BSE16/NFA Samples/Page_JClient/Page_JClient/div_Samples Taken NFA' (Root cause: com.kms.katalon.core.webui.exception.WebElementNotFoundException: Web element with id: 'Object Repository/FSM1/BSE16/NFA Samples/Page_JClient/Page_JClient/div_Samples Taken NFA' located by 'By.xpath: //div[(text() = 'Samples Taken NFA' or . = 'Samples Taken NFA')]' not found)
[[ATTACHMENT|C:\\Users\\jonha\\Documents\\Katalon\\APHA\\JM_8.9\\FSM_Regression\\Reports\\Form Jobs\\BSE16 Regression - Livestock Farm\\20190125_100418\\1548412595704.png]]

2019-01-25 10:36:36 - [MESSAGE][FAILED] - click(findTestObject("Object Repository/FSM1/BSE16/NFA Samples/Page_JClient/Page_JClient/div_Samples Taken NFA")) FAILED.
Reason:
com.kms.katalon.core.exception.StepFailedException: Unable to click on object 'Object Repository/FSM1/BSE16/NFA Samples/Page_JClient/Page_JClient/div_Samples Taken NFA' (Root cause: com.kms.katalon.core.webui.exception.WebElementNotFoundException: Web element with id: 'Object Repository/FSM1/BSE16/NFA Samples/Page_JClient/Page_JClient/div_Samples Taken NFA' located by 'By.xpath: //div[(text() = 'Samples Taken NFA' or . = 'Samples Taken NFA')]' not found)
	at com.kms.katalon.core.keyword.internal.KeywordMain.stepFailed(KeywordMain.groovy:36)
	at com.kms.katalon.core.webui.keyword.internal.WebUIKeywordMain.stepFailed(WebUIKeywordMain.groovy:65)
	at com.kms.katalon.core.webui.keyword.internal.WebUIKeywordMain.runKeyword(WebUIKeywordMain.groovy:27)
	at com.kms.katalon.core.webui.keyword.builtin.ClickKeyword.click(ClickKeyword.groovy:86)
	at com.kms.katalon.core.webui.keyword.builtin.ClickKeyword.execute(ClickKeyword.groovy:67)
	at com.kms.katalon.core.keyword.internal.KeywordExecutor.executeKeywordForPlatform(KeywordExecutor.groovy:53)
	at com.kms.katalon.core.webui.keyword.WebUiBuiltInKeywords.click(WebUiBuiltInKeywords.groovy:616)
	at com.kms.katalon.core.webui.keyword.WebUiBuiltInKeywords$click$3.call(Unknown Source)
	at NFA Samples Taken 2.run(NFA Samples Taken 2:18)
	at com.kms.katalon.core.main.ScriptEngine.run(ScriptEngine.java:194)
	at com.kms.katalon.core.main.ScriptEngine.runScriptAsRawText(ScriptEngine.java:119)
	at com.kms.katalon.core.main.TestCaseExecutor.runScript(TestCaseExecutor.java:321)
	at com.kms.katalon.core.main.TestCaseExecutor.doExecute(TestCaseExecutor.java:312)
	at com.kms.katalon.core.main.TestCaseExecutor.processExecutionPhase(TestCaseExecutor.java:291)
	at com.kms.katalon.core.main.TestCaseExecutor.accessMainPhase(TestCaseExecutor.java:283)
	at com.kms.katalon.core.main.TestCaseExecutor.execute(TestCaseExecutor.java:222)
	at com.kms.katalon.core.main.TestSuiteExecutor.accessTestCaseMainPhase(TestSuiteExecutor.java:129)
	at com.kms.katalon.core.main.TestSuiteExecutor.accessTestSuiteMainPhase(TestSuiteExecutor.java:112)
	at com.kms.katalon.core.main.TestSuiteExecutor.execute(TestSuiteExecutor.java:81)
	at com.kms.katalon.core.main.TestCaseMain.startTestSuite(TestCaseMain.java:149)
	at com.kms.katalon.core.main.TestCaseMain$startTestSuite$0.call(Unknown Source)
	at TempTestSuite1548410658791.run(TempTestSuite1548410658791.groovy:36)]]></system-out>
         <system-err><![CDATA[2019-01-25 10:36:02 - [TEST_CASE][FAILED] - Test Cases/Form Jobs/BSE16/NFA Samples Taken 2: Test Cases/Form Jobs/BSE16/NFA Samples Taken 2 FAILED.
Reason:
com.kms.katalon.core.exception.StepFailedException: Unable to click on object 'Object Repository/FSM1/BSE16/NFA Samples/Page_JClient/Page_JClient/div_Samples Taken NFA' (Root cause: com.kms.katalon.core.webui.exception.WebElementNotFoundException: Web element with id: 'Object Repository/FSM1/BSE16/NFA Samples/Page_JClient/Page_JClient/div_Samples Taken NFA' located by 'By.xpath: //div[(text() = 'Samples Taken NFA' or . = 'Samples Taken NFA')]' not found)
	at com.kms.katalon.core.keyword.internal.KeywordMain.stepFailed(KeywordMain.groovy:36)
	at com.kms.katalon.core.webui.keyword.internal.WebUIKeywordMain.stepFailed(WebUIKeywordMain.groovy:65)
	at com.kms.katalon.core.webui.keyword.internal.WebUIKeywordMain.runKeyword(WebUIKeywordMain.groovy:27)
	at com.kms.katalon.core.webui.keyword.builtin.ClickKeyword.click(ClickKeyword.groovy:86)
	at com.kms.katalon.core.webui.keyword.builtin.ClickKeyword.execute(ClickKeyword.groovy:67)
	at com.kms.katalon.core.keyword.internal.KeywordExecutor.executeKeywordForPlatform(KeywordExecutor.groovy:53)
	at com.kms.katalon.core.webui.keyword.WebUiBuiltInKeywords.click(WebUiBuiltInKeywords.groovy:616)
	at com.kms.katalon.core.webui.keyword.WebUiBuiltInKeywords$click$3.call(Unknown Source)
	at NFA Samples Taken 2.run(NFA Samples Taken 2:18)
	at com.kms.katalon.core.main.ScriptEngine.run(ScriptEngine.java:194)
	at com.kms.katalon.core.main.ScriptEngine.runScriptAsRawText(ScriptEngine.java:119)
	at com.kms.katalon.core.main.TestCaseExecutor.runScript(TestCaseExecutor.java:321)
	at com.kms.katalon.core.main.TestCaseExecutor.doExecute(TestCaseExecutor.java:312)
	at com.kms.katalon.core.main.TestCaseExecutor.processExecutionPhase(TestCaseExecutor.java:291)
	at com.kms.katalon.core.main.TestCaseExecutor.accessMainPhase(TestCaseExecutor.java:283)
	at com.kms.katalon.core.main.TestCaseExecutor.execute(TestCaseExecutor.java:222)
	at com.kms.katalon.core.main.TestSuiteExecutor.accessTestCaseMainPhase(TestSuiteExecutor.java:129)
	at com.kms.katalon.core.main.TestSuiteExecutor.accessTestSuiteMainPhase(TestSuiteExecutor.java:112)
	at com.kms.katalon.core.main.TestSuiteExecutor.execute(TestSuiteExecutor.java:81)
	at com.kms.katalon.core.main.TestCaseMain.startTestSuite(TestCaseMain.java:149)
	at com.kms.katalon.core.main.TestCaseMain$startTestSuite$0.call(Unknown Source)
	at TempTestSuite1548410658791.run(TempTestSuite1548410658791.groovy:36)]]></system-err>
      </testcase>
      <testcase name="Test Cases/Form Jobs/BSE16/Complete BSE16 Inspection" classname="Test Cases/Form Jobs/BSE16/Complete BSE16 Inspection" status="FAILED">
         <failure type="FAILED" message="Test Cases/Form Jobs/BSE16/Complete BSE16 Inspection FAILED.
Reason:
com.kms.katalon.core.exception.StepFailedException: Unable to click on object 'Object Repository/FSM1/IV17/Page_JClient/div_STARTED' (Root cause: com.kms.katalon.core.webui.exception.WebElementNotFoundException: Web element with id: 'Object Repository/FSM1/IV17/Page_JClient/div_STARTED' located by 'By.xpath: //div[(text() = 'STARTED' or . = 'STARTED')]' not found)
	at com.kms.katalon.core.keyword.internal.KeywordMain.stepFailed(KeywordMain.groovy:36)
	at com.kms.katalon.core.webui.keyword.internal.WebUIKeywordMain.stepFailed(WebUIKeywordMain.groovy:65)
	at com.kms.katalon.core.webui.keyword.internal.WebUIKeywordMain.runKeyword(WebUIKeywordMain.groovy:27)
	at com.kms.katalon.core.webui.keyword.builtin.ClickKeyword.click(ClickKeyword.groovy:86)
	at com.kms.katalon.core.webui.keyword.builtin.ClickKeyword.execute(ClickKeyword.groovy:67)
	at com.kms.katalon.core.keyword.internal.KeywordExecutor.executeKeywordForPlatform(KeywordExecutor.groovy:53)
	at com.kms.katalon.core.webui.keyword.WebUiBuiltInKeywords.click(WebUiBuiltInKeywords.groovy:616)
	at com.kms.katalon.core.webui.keyword.WebUiBuiltInKeywords$click$3.call(Unknown Source)
	at Complete BSE16 Inspection.run(Complete BSE16 Inspection:29)
	at com.kms.katalon.core.main.ScriptEngine.run(ScriptEngine.java:194)
	at com.kms.katalon.core.main.ScriptEngine.runScriptAsRawText(ScriptEngine.java:119)
	at com.kms.katalon.core.main.TestCaseExecutor.runScript(TestCaseExecutor.java:321)
	at com.kms.katalon.core.main.TestCaseExecutor.doExecute(TestCaseExecutor.java:312)
	at com.kms.katalon.core.main.TestCaseExecutor.processExecutionPhase(TestCaseExecutor.java:291)
	at com.kms.katalon.core.main.TestCaseExecutor.accessMainPhase(TestCaseExecutor.java:283)
	at com.kms.katalon.core.main.TestCaseExecutor.execute(TestCaseExecutor.java:222)
	at com.kms.katalon.core.main.TestSuiteExecutor.accessTestCaseMainPhase(TestSuiteExecutor.java:129)
	at com.kms.katalon.core.main.TestSuiteExecutor.accessTestSuiteMainPhase(TestSuiteExecutor.java:112)
	at com.kms.katalon.core.main.TestSuiteExecutor.execute(TestSuiteExecutor.java:81)
	at com.kms.katalon.core.main.TestCaseMain.startTestSuite(TestCaseMain.java:149)
	at com.kms.katalon.core.main.TestCaseMain$startTestSuite$0.call(Unknown Source)
	at TempTestSuite1548410658791.run(TempTestSuite1548410658791.groovy:36)
"/>
         <system-out><![CDATA[2019-01-25 10:36:36 - [TEST_CASE][FAILED] - Test Cases/Form Jobs/BSE16/Complete BSE16 Inspection: Test Cases/Form Jobs/BSE16/Complete BSE16 Inspection FAILED.
Reason:
com.kms.katalon.core.exception.StepFailedException: Unable to click on object 'Object Repository/FSM1/IV17/Page_JClient/div_STARTED' (Root cause: com.kms.katalon.core.webui.exception.WebElementNotFoundException: Web element with id: 'Object Repository/FSM1/IV17/Page_JClient/div_STARTED' located by 'By.xpath: //div[(text() = 'STARTED' or . = 'STARTED')]' not found)
	at com.kms.katalon.core.keyword.internal.KeywordMain.stepFailed(KeywordMain.groovy:36)
	at com.kms.katalon.core.webui.keyword.internal.WebUIKeywordMain.stepFailed(WebUIKeywordMain.groovy:65)
	at com.kms.katalon.core.webui.keyword.internal.WebUIKeywordMain.runKeyword(WebUIKeywordMain.groovy:27)
	at com.kms.katalon.core.webui.keyword.builtin.ClickKeyword.click(ClickKeyword.groovy:86)
	at com.kms.katalon.core.webui.keyword.builtin.ClickKeyword.execute(ClickKeyword.groovy:67)
	at com.kms.katalon.core.keyword.internal.KeywordExecutor.executeKeywordForPlatform(KeywordExecutor.groovy:53)
	at com.kms.katalon.core.webui.keyword.WebUiBuiltInKeywords.click(WebUiBuiltInKeywords.groovy:616)
	at com.kms.katalon.core.webui.keyword.WebUiBuiltInKeywords$click$3.call(Unknown Source)
	at Complete BSE16 Inspection.run(Complete BSE16 Inspection:29)
	at com.kms.katalon.core.main.ScriptEngine.run(ScriptEngine.java:194)
	at com.kms.katalon.core.main.ScriptEngine.runScriptAsRawText(ScriptEngine.java:119)
	at com.kms.katalon.core.main.TestCaseExecutor.runScript(TestCaseExecutor.java:321)
	at com.kms.katalon.core.main.TestCaseExecutor.doExecute(TestCaseExecutor.java:312)
	at com.kms.katalon.core.main.TestCaseExecutor.processExecutionPhase(TestCaseExecutor.java:291)
	at com.kms.katalon.core.main.TestCaseExecutor.accessMainPhase(TestCaseExecutor.java:283)
	at com.kms.katalon.core.main.TestCaseExecutor.execute(TestCaseExecutor.java:222)
	at com.kms.katalon.core.main.TestSuiteExecutor.accessTestCaseMainPhase(TestSuiteExecutor.java:129)
	at com.kms.katalon.core.main.TestSuiteExecutor.accessTestSuiteMainPhase(TestSuiteExecutor.java:112)
	at com.kms.katalon.core.main.TestSuiteExecutor.execute(TestSuiteExecutor.java:81)
	at com.kms.katalon.core.main.TestCaseMain.startTestSuite(TestCaseMain.java:149)
	at com.kms.katalon.core.main.TestCaseMain$startTestSuite$0.call(Unknown Source)
	at TempTestSuite1548410658791.run(TempTestSuite1548410658791.groovy:36)


2019-01-25 10:36:36 - [TEST_STEP][PASSED] - log = new com.kms.katalon.core.logging.KeywordLogger(): null

2019-01-25 10:36:36 - [TEST_STEP][FAILED] - click(findTestObject("Object Repository/FSM1/IV17/Page_JClient/div_STARTED")): click(findTestObject("Object Repository/FSM1/IV17/Page_JClient/div_STARTED")) FAILED.
Reason:
com.kms.katalon.core.exception.StepFailedException: Unable to click on object 'Object Repository/FSM1/IV17/Page_JClient/div_STARTED' (Root cause: com.kms.katalon.core.webui.exception.WebElementNotFoundException: Web element with id: 'Object Repository/FSM1/IV17/Page_JClient/div_STARTED' located by 'By.xpath: //div[(text() = 'STARTED' or . = 'STARTED')]' not found)
	at com.kms.katalon.core.keyword.internal.KeywordMain.stepFailed(KeywordMain.groovy:36)
	at com.kms.katalon.core.webui.keyword.internal.WebUIKeywordMain.stepFailed(WebUIKeywordMain.groovy:65)
	at com.kms.katalon.core.webui.keyword.internal.WebUIKeywordMain.runKeyword(WebUIKeywordMain.groovy:27)
	at com.kms.katalon.core.webui.keyword.builtin.ClickKeyword.click(ClickKeyword.groovy:86)
	at com.kms.katalon.core.webui.keyword.builtin.ClickKeyword.execute(ClickKeyword.groovy:67)
	at com.kms.katalon.core.keyword.internal.KeywordExecutor.executeKeywordForPlatform(KeywordExecutor.groovy:53)
	at com.kms.katalon.core.webui.keyword.WebUiBuiltInKeywords.click(WebUiBuiltInKeywords.groovy:616)
	at com.kms.katalon.core.webui.keyword.WebUiBuiltInKeywords$click$3.call(Unknown Source)
	at Complete BSE16 Inspection.run(Complete BSE16 Inspection:29)
	at com.kms.katalon.core.main.ScriptEngine.run(ScriptEngine.java:194)
	at com.kms.katalon.core.main.ScriptEngine.runScriptAsRawText(ScriptEngine.java:119)
	at com.kms.katalon.core.main.TestCaseExecutor.runScript(TestCaseExecutor.java:321)
	at com.kms.katalon.core.main.TestCaseExecutor.doExecute(TestCaseExecutor.java:312)
	at com.kms.katalon.core.main.TestCaseExecutor.processExecutionPhase(TestCaseExecutor.java:291)
	at com.kms.katalon.core.main.TestCaseExecutor.accessMainPhase(TestCaseExecutor.java:283)
	at com.kms.katalon.core.main.TestCaseExecutor.execute(TestCaseExecutor.java:222)
	at com.kms.katalon.core.main.TestSuiteExecutor.accessTestCaseMainPhase(TestSuiteExecutor.java:129)
	at com.kms.katalon.core.main.TestSuiteExecutor.accessTestSuiteMainPhase(TestSuiteExecutor.java:112)
	at com.kms.katalon.core.main.TestSuiteExecutor.execute(TestSuiteExecutor.java:81)
	at com.kms.katalon.core.main.TestCaseMain.startTestSuite(TestCaseMain.java:149)
	at com.kms.katalon.core.main.TestCaseMain$startTestSuite$0.call(Unknown Source)
	at TempTestSuite1548410658791.run(TempTestSuite1548410658791.groovy:36)


2019-01-25 10:37:07 - [MESSAGE][INFO] - Unable to find the element located by 'By.xpath: //div[(text() = 'STARTED' or . = 'STARTED')]'. Please recheck the objects properties to make sure the desired element is located. 

2019-01-25 10:37:07 - [MESSAGE][FAILED] - Unable to click on object 'Object Repository/FSM1/IV17/Page_JClient/div_STARTED' (Root cause: com.kms.katalon.core.webui.exception.WebElementNotFoundException: Web element with id: 'Object Repository/FSM1/IV17/Page_JClient/div_STARTED' located by 'By.xpath: //div[(text() = 'STARTED' or . = 'STARTED')]' not found)
[[ATTACHMENT|C:\\Users\\jonha\\Documents\\Katalon\\APHA\\JM_8.9\\FSM_Regression\\Reports\\Form Jobs\\BSE16 Regression - Livestock Farm\\20190125_100418\\1548412627061.png]]

2019-01-25 10:37:07 - [MESSAGE][FAILED] - click(findTestObject("Object Repository/FSM1/IV17/Page_JClient/div_STARTED")) FAILED.
Reason:
com.kms.katalon.core.exception.StepFailedException: Unable to click on object 'Object Repository/FSM1/IV17/Page_JClient/div_STARTED' (Root cause: com.kms.katalon.core.webui.exception.WebElementNotFoundException: Web element with id: 'Object Repository/FSM1/IV17/Page_JClient/div_STARTED' located by 'By.xpath: //div[(text() = 'STARTED' or . = 'STARTED')]' not found)
	at com.kms.katalon.core.keyword.internal.KeywordMain.stepFailed(KeywordMain.groovy:36)
	at com.kms.katalon.core.webui.keyword.internal.WebUIKeywordMain.stepFailed(WebUIKeywordMain.groovy:65)
	at com.kms.katalon.core.webui.keyword.internal.WebUIKeywordMain.runKeyword(WebUIKeywordMain.groovy:27)
	at com.kms.katalon.core.webui.keyword.builtin.ClickKeyword.click(ClickKeyword.groovy:86)
	at com.kms.katalon.core.webui.keyword.builtin.ClickKeyword.execute(ClickKeyword.groovy:67)
	at com.kms.katalon.core.keyword.internal.KeywordExecutor.executeKeywordForPlatform(KeywordExecutor.groovy:53)
	at com.kms.katalon.core.webui.keyword.WebUiBuiltInKeywords.click(WebUiBuiltInKeywords.groovy:616)
	at com.kms.katalon.core.webui.keyword.WebUiBuiltInKeywords$click$3.call(Unknown Source)
	at Complete BSE16 Inspection.run(Complete BSE16 Inspection:29)
	at com.kms.katalon.core.main.ScriptEngine.run(ScriptEngine.java:194)
	at com.kms.katalon.core.main.ScriptEngine.runScriptAsRawText(ScriptEngine.java:119)
	at com.kms.katalon.core.main.TestCaseExecutor.runScript(TestCaseExecutor.java:321)
	at com.kms.katalon.core.main.TestCaseExecutor.doExecute(TestCaseExecutor.java:312)
	at com.kms.katalon.core.main.TestCaseExecutor.processExecutionPhase(TestCaseExecutor.java:291)
	at com.kms.katalon.core.main.TestCaseExecutor.accessMainPhase(TestCaseExecutor.java:283)
	at com.kms.katalon.core.main.TestCaseExecutor.execute(TestCaseExecutor.java:222)
	at com.kms.katalon.core.main.TestSuiteExecutor.accessTestCaseMainPhase(TestSuiteExecutor.java:129)
	at com.kms.katalon.core.main.TestSuiteExecutor.accessTestSuiteMainPhase(TestSuiteExecutor.java:112)
	at com.kms.katalon.core.main.TestSuiteExecutor.execute(TestSuiteExecutor.java:81)
	at com.kms.katalon.core.main.TestCaseMain.startTestSuite(TestCaseMain.java:149)
	at com.kms.katalon.core.main.TestCaseMain$startTestSuite$0.call(Unknown Source)
	at TempTestSuite1548410658791.run(TempTestSuite1548410658791.groovy:36)]]></system-out>
         <system-err><![CDATA[2019-01-25 10:36:36 - [TEST_CASE][FAILED] - Test Cases/Form Jobs/BSE16/Complete BSE16 Inspection: Test Cases/Form Jobs/BSE16/Complete BSE16 Inspection FAILED.
Reason:
com.kms.katalon.core.exception.StepFailedException: Unable to click on object 'Object Repository/FSM1/IV17/Page_JClient/div_STARTED' (Root cause: com.kms.katalon.core.webui.exception.WebElementNotFoundException: Web element with id: 'Object Repository/FSM1/IV17/Page_JClient/div_STARTED' located by 'By.xpath: //div[(text() = 'STARTED' or . = 'STARTED')]' not found)
	at com.kms.katalon.core.keyword.internal.KeywordMain.stepFailed(KeywordMain.groovy:36)
	at com.kms.katalon.core.webui.keyword.internal.WebUIKeywordMain.stepFailed(WebUIKeywordMain.groovy:65)
	at com.kms.katalon.core.webui.keyword.internal.WebUIKeywordMain.runKeyword(WebUIKeywordMain.groovy:27)
	at com.kms.katalon.core.webui.keyword.builtin.ClickKeyword.click(ClickKeyword.groovy:86)
	at com.kms.katalon.core.webui.keyword.builtin.ClickKeyword.execute(ClickKeyword.groovy:67)
	at com.kms.katalon.core.keyword.internal.KeywordExecutor.executeKeywordForPlatform(KeywordExecutor.groovy:53)
	at com.kms.katalon.core.webui.keyword.WebUiBuiltInKeywords.click(WebUiBuiltInKeywords.groovy:616)
	at com.kms.katalon.core.webui.keyword.WebUiBuiltInKeywords$click$3.call(Unknown Source)
	at Complete BSE16 Inspection.run(Complete BSE16 Inspection:29)
	at com.kms.katalon.core.main.ScriptEngine.run(ScriptEngine.java:194)
	at com.kms.katalon.core.main.ScriptEngine.runScriptAsRawText(ScriptEngine.java:119)
	at com.kms.katalon.core.main.TestCaseExecutor.runScript(TestCaseExecutor.java:321)
	at com.kms.katalon.core.main.TestCaseExecutor.doExecute(TestCaseExecutor.java:312)
	at com.kms.katalon.core.main.TestCaseExecutor.processExecutionPhase(TestCaseExecutor.java:291)
	at com.kms.katalon.core.main.TestCaseExecutor.accessMainPhase(TestCaseExecutor.java:283)
	at com.kms.katalon.core.main.TestCaseExecutor.execute(TestCaseExecutor.java:222)
	at com.kms.katalon.core.main.TestSuiteExecutor.accessTestCaseMainPhase(TestSuiteExecutor.java:129)
	at com.kms.katalon.core.main.TestSuiteExecutor.accessTestSuiteMainPhase(TestSuiteExecutor.java:112)
	at com.kms.katalon.core.main.TestSuiteExecutor.execute(TestSuiteExecutor.java:81)
	at com.kms.katalon.core.main.TestCaseMain.startTestSuite(TestCaseMain.java:149)
	at com.kms.katalon.core.main.TestCaseMain$startTestSuite$0.call(Unknown Source)
	at TempTestSuite1548410658791.run(TempTestSuite1548410658791.groovy:36)]]></system-err>
      </testcase>
      <testcase name="Test Cases/Generic/Launch Job Manager Control Centre - Check Result" classname="Test Cases/Generic/Launch Job Manager Control Centre - Check Result" status="PASSED">
         <system-out><![CDATA[2019-01-25 10:37:07 - [TEST_CASE][PASSED] - Test Cases/Generic/Launch Job Manager Control Centre - Check Result: Test Cases/Generic/Launch Job Manager Control Centre - Check Result

2019-01-25 10:37:07 - [TEST_STEP][PASSED] - openBrowser(""): Browser is opened with url: ''

2019-01-25 10:37:07 - [MESSAGE][WARNING] - A browser is already opened. Closing browser and opening a new one

2019-01-25 10:37:08 - [MESSAGE][INFO] - Starting 'Chrome' driver

2019-01-25 10:37:10 - [MESSAGE][PASSED] - Browser is opened with url: ''

2019-01-25 10:37:10 - [TEST_STEP][PASSED] - navigateToUrl(CCURL): Navigate to 'https://kirona-def-6.kirona.com/jmprep/login#!loginView' successfully

2019-01-25 10:37:11 - [MESSAGE][PASSED] - Navigate to 'https://kirona-def-6.kirona.com/jmprep/login#!loginView' successfully

2019-01-25 10:37:11 - [TEST_STEP][PASSED] - setText(findTestObject("FSM1/Control Centre/Page_Job Manager Login/input_gwt-uid-3"), Username): Text 'jon.hatfield' is set on object 'Object Repository/FSM1/Control Centre/Page_Job Manager Login/input_gwt-uid-3'

2019-01-25 10:37:11 - [MESSAGE][PASSED] - Text 'jon.hatfield' is set on object 'Object Repository/FSM1/Control Centre/Page_Job Manager Login/input_gwt-uid-3'

2019-01-25 10:37:11 - [TEST_STEP][PASSED] - setText(findTestObject("FSM1/Control Centre/Page_Job Manager Login/input_gwt-uid-5"), Password): Text 'Fr@nc1sJ0n' is set on object 'Object Repository/FSM1/Control Centre/Page_Job Manager Login/input_gwt-uid-5'

2019-01-25 10:37:12 - [MESSAGE][PASSED] - Text 'Fr@nc1sJ0n' is set on object 'Object Repository/FSM1/Control Centre/Page_Job Manager Login/input_gwt-uid-5'

2019-01-25 10:37:12 - [TEST_STEP][PASSED] - delay(2): Delayed 2 second(s)

2019-01-25 10:37:14 - [MESSAGE][PASSED] - Delayed 2 second(s)

2019-01-25 10:37:14 - [TEST_STEP][PASSED] - click(findTestObject("FSM1/PreProd/Page_Job Manager Login/div_Login")): Object: 'Object Repository/FSM1/PreProd/Page_Job Manager Login/div_Login' is clicked on

2019-01-25 10:37:14 - [MESSAGE][PASSED] - Object: 'Object Repository/FSM1/PreProd/Page_Job Manager Login/div_Login' is clicked on

2019-01-25 10:37:14 - [TEST_STEP][PASSED] - delay(20): Delayed 20 second(s)

2019-01-25 10:37:34 - [MESSAGE][PASSED] - Delayed 20 second(s)]]></system-out>
         <system-err><![CDATA[]]></system-err>
      </testcase>
      <testcase name="Test Cases/Form Jobs/BSE16/Control Centre - Check Results - BSE16" classname="Test Cases/Form Jobs/BSE16/Control Centre - Check Results - BSE16" status="FAILED">
         <failure type="FAILED" message="Test Cases/Form Jobs/BSE16/Control Centre - Check Results - BSE16 FAILED.
Reason:
com.kms.katalon.core.exception.StepFailedException: Unable to click on object 'Object Repository/FSM1/EMI Check Results/Page_JM Control Centre/span_' (Root cause: com.kms.katalon.core.webui.exception.WebElementNotFoundException: Web element with id: 'Object Repository/FSM1/EMI Check Results/Page_JM Control Centre/span_' located by 'By.cssSelector: #menuLocation > div > div > div > div.v-csslayout.v-layout.v-widget.menuLayout.v-csslayout-menuLayout > div.v-csslayout.v-layout.v-widget.footerComponents.v-csslayout-footerComponents > div.v-csslayout.v-layout.v-widget.jobMode.v-csslayout-jobMode.footerComponent.v-csslayout-footerComponent > div.v-csslayout.v-layout.v-widget.actionIcon.v-csslayout-actionIcon > div > span' not found)
	at com.kms.katalon.core.keyword.internal.KeywordMain.stepFailed(KeywordMain.groovy:36)
	at com.kms.katalon.core.webui.keyword.internal.WebUIKeywordMain.stepFailed(WebUIKeywordMain.groovy:65)
	at com.kms.katalon.core.webui.keyword.internal.WebUIKeywordMain.runKeyword(WebUIKeywordMain.groovy:27)
	at com.kms.katalon.core.webui.keyword.builtin.ClickKeyword.click(ClickKeyword.groovy:86)
	at com.kms.katalon.core.webui.keyword.builtin.ClickKeyword.execute(ClickKeyword.groovy:67)
	at com.kms.katalon.core.keyword.internal.KeywordExecutor.executeKeywordForPlatform(KeywordExecutor.groovy:53)
	at com.kms.katalon.core.webui.keyword.WebUiBuiltInKeywords.click(WebUiBuiltInKeywords.groovy:616)
	at com.kms.katalon.core.webui.keyword.WebUiBuiltInKeywords$click$3.call(Unknown Source)
	at Control Centre - Check Results - BSE16.run(Control Centre - Check Results - BSE16:30)
	at com.kms.katalon.core.main.ScriptEngine.run(ScriptEngine.java:194)
	at com.kms.katalon.core.main.ScriptEngine.runScriptAsRawText(ScriptEngine.java:119)
	at com.kms.katalon.core.main.TestCaseExecutor.runScript(TestCaseExecutor.java:321)
	at com.kms.katalon.core.main.TestCaseExecutor.doExecute(TestCaseExecutor.java:312)
	at com.kms.katalon.core.main.TestCaseExecutor.processExecutionPhase(TestCaseExecutor.java:291)
	at com.kms.katalon.core.main.TestCaseExecutor.accessMainPhase(TestCaseExecutor.java:283)
	at com.kms.katalon.core.main.TestCaseExecutor.execute(TestCaseExecutor.java:222)
	at com.kms.katalon.core.main.TestSuiteExecutor.accessTestCaseMainPhase(TestSuiteExecutor.java:129)
	at com.kms.katalon.core.main.TestSuiteExecutor.accessTestSuiteMainPhase(TestSuiteExecutor.java:112)
	at com.kms.katalon.core.main.TestSuiteExecutor.execute(TestSuiteExecutor.java:81)
	at com.kms.katalon.core.main.TestCaseMain.startTestSuite(TestCaseMain.java:149)
	at com.kms.katalon.core.main.TestCaseMain$startTestSuite$0.call(Unknown Source)
	at TempTestSuite1548410658791.run(TempTestSuite1548410658791.groovy:36)
"/>
         <system-out><![CDATA[2019-01-25 10:37:34 - [TEST_CASE][FAILED] - Test Cases/Form Jobs/BSE16/Control Centre - Check Results - BSE16: Test Cases/Form Jobs/BSE16/Control Centre - Check Results - BSE16 FAILED.
Reason:
com.kms.katalon.core.exception.StepFailedException: Unable to click on object 'Object Repository/FSM1/EMI Check Results/Page_JM Control Centre/span_' (Root cause: com.kms.katalon.core.webui.exception.WebElementNotFoundException: Web element with id: 'Object Repository/FSM1/EMI Check Results/Page_JM Control Centre/span_' located by 'By.cssSelector: #menuLocation > div > div > div > div.v-csslayout.v-layout.v-widget.menuLayout.v-csslayout-menuLayout > div.v-csslayout.v-layout.v-widget.footerComponents.v-csslayout-footerComponents > div.v-csslayout.v-layout.v-widget.jobMode.v-csslayout-jobMode.footerComponent.v-csslayout-footerComponent > div.v-csslayout.v-layout.v-widget.actionIcon.v-csslayout-actionIcon > div > span' not found)
	at com.kms.katalon.core.keyword.internal.KeywordMain.stepFailed(KeywordMain.groovy:36)
	at com.kms.katalon.core.webui.keyword.internal.WebUIKeywordMain.stepFailed(WebUIKeywordMain.groovy:65)
	at com.kms.katalon.core.webui.keyword.internal.WebUIKeywordMain.runKeyword(WebUIKeywordMain.groovy:27)
	at com.kms.katalon.core.webui.keyword.builtin.ClickKeyword.click(ClickKeyword.groovy:86)
	at com.kms.katalon.core.webui.keyword.builtin.ClickKeyword.execute(ClickKeyword.groovy:67)
	at com.kms.katalon.core.keyword.internal.KeywordExecutor.executeKeywordForPlatform(KeywordExecutor.groovy:53)
	at com.kms.katalon.core.webui.keyword.WebUiBuiltInKeywords.click(WebUiBuiltInKeywords.groovy:616)
	at com.kms.katalon.core.webui.keyword.WebUiBuiltInKeywords$click$3.call(Unknown Source)
	at Control Centre - Check Results - BSE16.run(Control Centre - Check Results - BSE16:30)
	at com.kms.katalon.core.main.ScriptEngine.run(ScriptEngine.java:194)
	at com.kms.katalon.core.main.ScriptEngine.runScriptAsRawText(ScriptEngine.java:119)
	at com.kms.katalon.core.main.TestCaseExecutor.runScript(TestCaseExecutor.java:321)
	at com.kms.katalon.core.main.TestCaseExecutor.doExecute(TestCaseExecutor.java:312)
	at com.kms.katalon.core.main.TestCaseExecutor.processExecutionPhase(TestCaseExecutor.java:291)
	at com.kms.katalon.core.main.TestCaseExecutor.accessMainPhase(TestCaseExecutor.java:283)
	at com.kms.katalon.core.main.TestCaseExecutor.execute(TestCaseExecutor.java:222)
	at com.kms.katalon.core.main.TestSuiteExecutor.accessTestCaseMainPhase(TestSuiteExecutor.java:129)
	at com.kms.katalon.core.main.TestSuiteExecutor.accessTestSuiteMainPhase(TestSuiteExecutor.java:112)
	at com.kms.katalon.core.main.TestSuiteExecutor.execute(TestSuiteExecutor.java:81)
	at com.kms.katalon.core.main.TestCaseMain.startTestSuite(TestCaseMain.java:149)
	at com.kms.katalon.core.main.TestCaseMain$startTestSuite$0.call(Unknown Source)
	at TempTestSuite1548410658791.run(TempTestSuite1548410658791.groovy:36)


2019-01-25 10:37:34 - [TEST_STEP][PASSED] - log = new com.kms.katalon.core.logging.KeywordLogger(): null

2019-01-25 10:37:34 - [TEST_STEP][PASSED] - setText(findTestObject("Object Repository/FSM1/EMI Check Results/Page_JM Control Centre/input_Recents_v-textfield v-wi"), temp1): Text '' is set on object 'Object Repository/FSM1/EMI Check Results/Page_JM Control Centre/input_Recents_v-textfield v-wi'

2019-01-25 10:37:34 - [MESSAGE][PASSED] - Text '' is set on object 'Object Repository/FSM1/EMI Check Results/Page_JM Control Centre/input_Recents_v-textfield v-wi'

2019-01-25 10:37:34 - [TEST_STEP][FAILED] - click(findTestObject("Object Repository/FSM1/EMI Check Results/Page_JM Control Centre/span_")): click(findTestObject("Object Repository/FSM1/EMI Check Results/Page_JM Control Centre/span_")) FAILED.
Reason:
com.kms.katalon.core.exception.StepFailedException: Unable to click on object 'Object Repository/FSM1/EMI Check Results/Page_JM Control Centre/span_' (Root cause: com.kms.katalon.core.webui.exception.WebElementNotFoundException: Web element with id: 'Object Repository/FSM1/EMI Check Results/Page_JM Control Centre/span_' located by 'By.cssSelector: #menuLocation > div > div > div > div.v-csslayout.v-layout.v-widget.menuLayout.v-csslayout-menuLayout > div.v-csslayout.v-layout.v-widget.footerComponents.v-csslayout-footerComponents > div.v-csslayout.v-layout.v-widget.jobMode.v-csslayout-jobMode.footerComponent.v-csslayout-footerComponent > div.v-csslayout.v-layout.v-widget.actionIcon.v-csslayout-actionIcon > div > span' not found)
	at com.kms.katalon.core.keyword.internal.KeywordMain.stepFailed(KeywordMain.groovy:36)
	at com.kms.katalon.core.webui.keyword.internal.WebUIKeywordMain.stepFailed(WebUIKeywordMain.groovy:65)
	at com.kms.katalon.core.webui.keyword.internal.WebUIKeywordMain.runKeyword(WebUIKeywordMain.groovy:27)
	at com.kms.katalon.core.webui.keyword.builtin.ClickKeyword.click(ClickKeyword.groovy:86)
	at com.kms.katalon.core.webui.keyword.builtin.ClickKeyword.execute(ClickKeyword.groovy:67)
	at com.kms.katalon.core.keyword.internal.KeywordExecutor.executeKeywordForPlatform(KeywordExecutor.groovy:53)
	at com.kms.katalon.core.webui.keyword.WebUiBuiltInKeywords.click(WebUiBuiltInKeywords.groovy:616)
	at com.kms.katalon.core.webui.keyword.WebUiBuiltInKeywords$click$3.call(Unknown Source)
	at Control Centre - Check Results - BSE16.run(Control Centre - Check Results - BSE16:30)
	at com.kms.katalon.core.main.ScriptEngine.run(ScriptEngine.java:194)
	at com.kms.katalon.core.main.ScriptEngine.runScriptAsRawText(ScriptEngine.java:119)
	at com.kms.katalon.core.main.TestCaseExecutor.runScript(TestCaseExecutor.java:321)
	at com.kms.katalon.core.main.TestCaseExecutor.doExecute(TestCaseExecutor.java:312)
	at com.kms.katalon.core.main.TestCaseExecutor.processExecutionPhase(TestCaseExecutor.java:291)
	at com.kms.katalon.core.main.TestCaseExecutor.accessMainPhase(TestCaseExecutor.java:283)
	at com.kms.katalon.core.main.TestCaseExecutor.execute(TestCaseExecutor.java:222)
	at com.kms.katalon.core.main.TestSuiteExecutor.accessTestCaseMainPhase(TestSuiteExecutor.java:129)
	at com.kms.katalon.core.main.TestSuiteExecutor.accessTestSuiteMainPhase(TestSuiteExecutor.java:112)
	at com.kms.katalon.core.main.TestSuiteExecutor.execute(TestSuiteExecutor.java:81)
	at com.kms.katalon.core.main.TestCaseMain.startTestSuite(TestCaseMain.java:149)
	at com.kms.katalon.core.main.TestCaseMain$startTestSuite$0.call(Unknown Source)
	at TempTestSuite1548410658791.run(TempTestSuite1548410658791.groovy:36)


2019-01-25 10:38:05 - [MESSAGE][INFO] - Unable to find the element located by 'By.cssSelector: #menuLocation > div > div > div > div.v-csslayout.v-layout.v-widget.menuLayout.v-csslayout-menuLayout > div.v-csslayout.v-layout.v-widget.footerComponents.v-csslayout-footerComponents > div.v-csslayout.v-layout.v-widget.jobMode.v-csslayout-jobMode.footerComponent.v-csslayout-footerComponent > div.v-csslayout.v-layout.v-widget.actionIcon.v-csslayout-actionIcon > div > span'. Please recheck the objects properties to make sure the desired element is located. 

2019-01-25 10:38:06 - [MESSAGE][FAILED] - Unable to click on object 'Object Repository/FSM1/EMI Check Results/Page_JM Control Centre/span_' (Root cause: com.kms.katalon.core.webui.exception.WebElementNotFoundException: Web element with id: 'Object Repository/FSM1/EMI Check Results/Page_JM Control Centre/span_' located by 'By.cssSelector: #menuLocation > div > div > div > div.v-csslayout.v-layout.v-widget.menuLayout.v-csslayout-menuLayout > div.v-csslayout.v-layout.v-widget.footerComponents.v-csslayout-footerComponents > div.v-csslayout.v-layout.v-widget.jobMode.v-csslayout-jobMode.footerComponent.v-csslayout-footerComponent > div.v-csslayout.v-layout.v-widget.actionIcon.v-csslayout-actionIcon > div > span' not found)
[[ATTACHMENT|C:\\Users\\jonha\\Documents\\Katalon\\APHA\\JM_8.9\\FSM_Regression\\Reports\\Form Jobs\\BSE16 Regression - Livestock Farm\\20190125_100418\\1548412685733.png]]

2019-01-25 10:38:06 - [MESSAGE][FAILED] - click(findTestObject("Object Repository/FSM1/EMI Check Results/Page_JM Control Centre/span_")) FAILED.
Reason:
com.kms.katalon.core.exception.StepFailedException: Unable to click on object 'Object Repository/FSM1/EMI Check Results/Page_JM Control Centre/span_' (Root cause: com.kms.katalon.core.webui.exception.WebElementNotFoundException: Web element with id: 'Object Repository/FSM1/EMI Check Results/Page_JM Control Centre/span_' located by 'By.cssSelector: #menuLocation > div > div > div > div.v-csslayout.v-layout.v-widget.menuLayout.v-csslayout-menuLayout > div.v-csslayout.v-layout.v-widget.footerComponents.v-csslayout-footerComponents > div.v-csslayout.v-layout.v-widget.jobMode.v-csslayout-jobMode.footerComponent.v-csslayout-footerComponent > div.v-csslayout.v-layout.v-widget.actionIcon.v-csslayout-actionIcon > div > span' not found)
	at com.kms.katalon.core.keyword.internal.KeywordMain.stepFailed(KeywordMain.groovy:36)
	at com.kms.katalon.core.webui.keyword.internal.WebUIKeywordMain.stepFailed(WebUIKeywordMain.groovy:65)
	at com.kms.katalon.core.webui.keyword.internal.WebUIKeywordMain.runKeyword(WebUIKeywordMain.groovy:27)
	at com.kms.katalon.core.webui.keyword.builtin.ClickKeyword.click(ClickKeyword.groovy:86)
	at com.kms.katalon.core.webui.keyword.builtin.ClickKeyword.execute(ClickKeyword.groovy:67)
	at com.kms.katalon.core.keyword.internal.KeywordExecutor.executeKeywordForPlatform(KeywordExecutor.groovy:53)
	at com.kms.katalon.core.webui.keyword.WebUiBuiltInKeywords.click(WebUiBuiltInKeywords.groovy:616)
	at com.kms.katalon.core.webui.keyword.WebUiBuiltInKeywords$click$3.call(Unknown Source)
	at Control Centre - Check Results - BSE16.run(Control Centre - Check Results - BSE16:30)
	at com.kms.katalon.core.main.ScriptEngine.run(ScriptEngine.java:194)
	at com.kms.katalon.core.main.ScriptEngine.runScriptAsRawText(ScriptEngine.java:119)
	at com.kms.katalon.core.main.TestCaseExecutor.runScript(TestCaseExecutor.java:321)
	at com.kms.katalon.core.main.TestCaseExecutor.doExecute(TestCaseExecutor.java:312)
	at com.kms.katalon.core.main.TestCaseExecutor.processExecutionPhase(TestCaseExecutor.java:291)
	at com.kms.katalon.core.main.TestCaseExecutor.accessMainPhase(TestCaseExecutor.java:283)
	at com.kms.katalon.core.main.TestCaseExecutor.execute(TestCaseExecutor.java:222)
	at com.kms.katalon.core.main.TestSuiteExecutor.accessTestCaseMainPhase(TestSuiteExecutor.java:129)
	at com.kms.katalon.core.main.TestSuiteExecutor.accessTestSuiteMainPhase(TestSuiteExecutor.java:112)
	at com.kms.katalon.core.main.TestSuiteExecutor.execute(TestSuiteExecutor.java:81)
	at com.kms.katalon.core.main.TestCaseMain.startTestSuite(TestCaseMain.java:149)
	at com.kms.katalon.core.main.TestCaseMain$startTestSuite$0.call(Unknown Source)
	at TempTestSuite1548410658791.run(TempTestSuite1548410658791.groovy:36)]]></system-out>
         <system-err><![CDATA[2019-01-25 10:37:34 - [TEST_CASE][FAILED] - Test Cases/Form Jobs/BSE16/Control Centre - Check Results - BSE16: Test Cases/Form Jobs/BSE16/Control Centre - Check Results - BSE16 FAILED.
Reason:
com.kms.katalon.core.exception.StepFailedException: Unable to click on object 'Object Repository/FSM1/EMI Check Results/Page_JM Control Centre/span_' (Root cause: com.kms.katalon.core.webui.exception.WebElementNotFoundException: Web element with id: 'Object Repository/FSM1/EMI Check Results/Page_JM Control Centre/span_' located by 'By.cssSelector: #menuLocation > div > div > div > div.v-csslayout.v-layout.v-widget.menuLayout.v-csslayout-menuLayout > div.v-csslayout.v-layout.v-widget.footerComponents.v-csslayout-footerComponents > div.v-csslayout.v-layout.v-widget.jobMode.v-csslayout-jobMode.footerComponent.v-csslayout-footerComponent > div.v-csslayout.v-layout.v-widget.actionIcon.v-csslayout-actionIcon > div > span' not found)
	at com.kms.katalon.core.keyword.internal.KeywordMain.stepFailed(KeywordMain.groovy:36)
	at com.kms.katalon.core.webui.keyword.internal.WebUIKeywordMain.stepFailed(WebUIKeywordMain.groovy:65)
	at com.kms.katalon.core.webui.keyword.internal.WebUIKeywordMain.runKeyword(WebUIKeywordMain.groovy:27)
	at com.kms.katalon.core.webui.keyword.builtin.ClickKeyword.click(ClickKeyword.groovy:86)
	at com.kms.katalon.core.webui.keyword.builtin.ClickKeyword.execute(ClickKeyword.groovy:67)
	at com.kms.katalon.core.keyword.internal.KeywordExecutor.executeKeywordForPlatform(KeywordExecutor.groovy:53)
	at com.kms.katalon.core.webui.keyword.WebUiBuiltInKeywords.click(WebUiBuiltInKeywords.groovy:616)
	at com.kms.katalon.core.webui.keyword.WebUiBuiltInKeywords$click$3.call(Unknown Source)
	at Control Centre - Check Results - BSE16.run(Control Centre - Check Results - BSE16:30)
	at com.kms.katalon.core.main.ScriptEngine.run(ScriptEngine.java:194)
	at com.kms.katalon.core.main.ScriptEngine.runScriptAsRawText(ScriptEngine.java:119)
	at com.kms.katalon.core.main.TestCaseExecutor.runScript(TestCaseExecutor.java:321)
	at com.kms.katalon.core.main.TestCaseExecutor.doExecute(TestCaseExecutor.java:312)
	at com.kms.katalon.core.main.TestCaseExecutor.processExecutionPhase(TestCaseExecutor.java:291)
	at com.kms.katalon.core.main.TestCaseExecutor.accessMainPhase(TestCaseExecutor.java:283)
	at com.kms.katalon.core.main.TestCaseExecutor.execute(TestCaseExecutor.java:222)
	at com.kms.katalon.core.main.TestSuiteExecutor.accessTestCaseMainPhase(TestSuiteExecutor.java:129)
	at com.kms.katalon.core.main.TestSuiteExecutor.accessTestSuiteMainPhase(TestSuiteExecutor.java:112)
	at com.kms.katalon.core.main.TestSuiteExecutor.execute(TestSuiteExecutor.java:81)
	at com.kms.katalon.core.main.TestCaseMain.startTestSuite(TestCaseMain.java:149)
	at com.kms.katalon.core.main.TestCaseMain$startTestSuite$0.call(Unknown Source)
	at TempTestSuite1548410658791.run(TempTestSuite1548410658791.groovy:36)]]></system-err>
      </testcase>
      <testcase name="Test Cases/Generic/Check Subsequent Inspection Doesnt Exist" classname="Test Cases/Generic/Check Subsequent Inspection Doesnt Exist" status="FAILED">
         <failure type="FAILED" message="Test Cases/Generic/Check Subsequent Inspection Doesnt Exist FAILED.
Reason:
com.kms.katalon.core.exception.StepFailedException: Unable to click on object 'Object Repository/FSM1/Complete ABP Inspection/Check Subsequent Inspections/New/Page_JM Control Centre/div_' (Root cause: com.kms.katalon.core.webui.exception.WebElementNotFoundException: Web element with id: 'Object Repository/FSM1/Complete ABP Inspection/Check Subsequent Inspections/New/Page_JM Control Centre/iframe_close_vaadiniframe_1' located by 'By.xpath: id(&quot;vaadiniframe&quot;)[count(. | //iframe[@id = 'vaadiniframe']) = count(//iframe[@id = 'vaadiniframe'])]' not found)
	at com.kms.katalon.core.keyword.internal.KeywordMain.stepFailed(KeywordMain.groovy:36)
	at com.kms.katalon.core.webui.keyword.internal.WebUIKeywordMain.stepFailed(WebUIKeywordMain.groovy:65)
	at com.kms.katalon.core.webui.keyword.internal.WebUIKeywordMain.runKeyword(WebUIKeywordMain.groovy:27)
	at com.kms.katalon.core.webui.keyword.builtin.ClickKeyword.click(ClickKeyword.groovy:86)
	at com.kms.katalon.core.webui.keyword.builtin.ClickKeyword.execute(ClickKeyword.groovy:67)
	at com.kms.katalon.core.keyword.internal.KeywordExecutor.executeKeywordForPlatform(KeywordExecutor.groovy:53)
	at com.kms.katalon.core.webui.keyword.WebUiBuiltInKeywords.click(WebUiBuiltInKeywords.groovy:616)
	at com.kms.katalon.core.webui.keyword.WebUiBuiltInKeywords$click$3.call(Unknown Source)
	at Check Subsequent Inspection Doesnt Exist.run(Check Subsequent Inspection Doesnt Exist:18)
	at com.kms.katalon.core.main.ScriptEngine.run(ScriptEngine.java:194)
	at com.kms.katalon.core.main.ScriptEngine.runScriptAsRawText(ScriptEngine.java:119)
	at com.kms.katalon.core.main.TestCaseExecutor.runScript(TestCaseExecutor.java:321)
	at com.kms.katalon.core.main.TestCaseExecutor.doExecute(TestCaseExecutor.java:312)
	at com.kms.katalon.core.main.TestCaseExecutor.processExecutionPhase(TestCaseExecutor.java:291)
	at com.kms.katalon.core.main.TestCaseExecutor.accessMainPhase(TestCaseExecutor.java:283)
	at com.kms.katalon.core.main.TestCaseExecutor.execute(TestCaseExecutor.java:222)
	at com.kms.katalon.core.main.TestSuiteExecutor.accessTestCaseMainPhase(TestSuiteExecutor.java:129)
	at com.kms.katalon.core.main.TestSuiteExecutor.accessTestSuiteMainPhase(TestSuiteExecutor.java:112)
	at com.kms.katalon.core.main.TestSuiteExecutor.execute(TestSuiteExecutor.java:81)
	at com.kms.katalon.core.main.TestCaseMain.startTestSuite(TestCaseMain.java:149)
	at com.kms.katalon.core.main.TestCaseMain$startTestSuite$0.call(Unknown Source)
	at TempTestSuite1548410658791.run(TempTestSuite1548410658791.groovy:36)
"/>
         <system-out><![CDATA[2019-01-25 10:38:06 - [TEST_CASE][FAILED] - Test Cases/Generic/Check Subsequent Inspection Doesnt Exist: Test Cases/Generic/Check Subsequent Inspection Doesnt Exist FAILED.
Reason:
com.kms.katalon.core.exception.StepFailedException: Unable to click on object 'Object Repository/FSM1/Complete ABP Inspection/Check Subsequent Inspections/New/Page_JM Control Centre/div_' (Root cause: com.kms.katalon.core.webui.exception.WebElementNotFoundException: Web element with id: 'Object Repository/FSM1/Complete ABP Inspection/Check Subsequent Inspections/New/Page_JM Control Centre/iframe_close_vaadiniframe_1' located by 'By.xpath: id("vaadiniframe")[count(. | //iframe[@id = 'vaadiniframe']) = count(//iframe[@id = 'vaadiniframe'])]' not found)
	at com.kms.katalon.core.keyword.internal.KeywordMain.stepFailed(KeywordMain.groovy:36)
	at com.kms.katalon.core.webui.keyword.internal.WebUIKeywordMain.stepFailed(WebUIKeywordMain.groovy:65)
	at com.kms.katalon.core.webui.keyword.internal.WebUIKeywordMain.runKeyword(WebUIKeywordMain.groovy:27)
	at com.kms.katalon.core.webui.keyword.builtin.ClickKeyword.click(ClickKeyword.groovy:86)
	at com.kms.katalon.core.webui.keyword.builtin.ClickKeyword.execute(ClickKeyword.groovy:67)
	at com.kms.katalon.core.keyword.internal.KeywordExecutor.executeKeywordForPlatform(KeywordExecutor.groovy:53)
	at com.kms.katalon.core.webui.keyword.WebUiBuiltInKeywords.click(WebUiBuiltInKeywords.groovy:616)
	at com.kms.katalon.core.webui.keyword.WebUiBuiltInKeywords$click$3.call(Unknown Source)
	at Check Subsequent Inspection Doesnt Exist.run(Check Subsequent Inspection Doesnt Exist:18)
	at com.kms.katalon.core.main.ScriptEngine.run(ScriptEngine.java:194)
	at com.kms.katalon.core.main.ScriptEngine.runScriptAsRawText(ScriptEngine.java:119)
	at com.kms.katalon.core.main.TestCaseExecutor.runScript(TestCaseExecutor.java:321)
	at com.kms.katalon.core.main.TestCaseExecutor.doExecute(TestCaseExecutor.java:312)
	at com.kms.katalon.core.main.TestCaseExecutor.processExecutionPhase(TestCaseExecutor.java:291)
	at com.kms.katalon.core.main.TestCaseExecutor.accessMainPhase(TestCaseExecutor.java:283)
	at com.kms.katalon.core.main.TestCaseExecutor.execute(TestCaseExecutor.java:222)
	at com.kms.katalon.core.main.TestSuiteExecutor.accessTestCaseMainPhase(TestSuiteExecutor.java:129)
	at com.kms.katalon.core.main.TestSuiteExecutor.accessTestSuiteMainPhase(TestSuiteExecutor.java:112)
	at com.kms.katalon.core.main.TestSuiteExecutor.execute(TestSuiteExecutor.java:81)
	at com.kms.katalon.core.main.TestCaseMain.startTestSuite(TestCaseMain.java:149)
	at com.kms.katalon.core.main.TestCaseMain$startTestSuite$0.call(Unknown Source)
	at TempTestSuite1548410658791.run(TempTestSuite1548410658791.groovy:36)


2019-01-25 10:38:06 - [TEST_STEP][PASSED] - delay(2): Delayed 2 second(s)

2019-01-25 10:38:08 - [MESSAGE][PASSED] - Delayed 2 second(s)

2019-01-25 10:38:08 - [TEST_STEP][FAILED] - click(findTestObject("Object Repository/FSM1/Complete ABP Inspection/Check Subsequent Inspections/New/Page_JM Control Centre/div_")): click(findTestObject("Object Repository/FSM1/Complete ABP Inspection/Check Subsequent Inspections/New/Page_JM Control Centre/div_")) FAILED.
Reason:
com.kms.katalon.core.exception.StepFailedException: Unable to click on object 'Object Repository/FSM1/Complete ABP Inspection/Check Subsequent Inspections/New/Page_JM Control Centre/div_' (Root cause: com.kms.katalon.core.webui.exception.WebElementNotFoundException: Web element with id: 'Object Repository/FSM1/Complete ABP Inspection/Check Subsequent Inspections/New/Page_JM Control Centre/iframe_close_vaadiniframe_1' located by 'By.xpath: id("vaadiniframe")[count(. | //iframe[@id = 'vaadiniframe']) = count(//iframe[@id = 'vaadiniframe'])]' not found)
	at com.kms.katalon.core.keyword.internal.KeywordMain.stepFailed(KeywordMain.groovy:36)
	at com.kms.katalon.core.webui.keyword.internal.WebUIKeywordMain.stepFailed(WebUIKeywordMain.groovy:65)
	at com.kms.katalon.core.webui.keyword.internal.WebUIKeywordMain.runKeyword(WebUIKeywordMain.groovy:27)
	at com.kms.katalon.core.webui.keyword.builtin.ClickKeyword.click(ClickKeyword.groovy:86)
	at com.kms.katalon.core.webui.keyword.builtin.ClickKeyword.execute(ClickKeyword.groovy:67)
	at com.kms.katalon.core.keyword.internal.KeywordExecutor.executeKeywordForPlatform(KeywordExecutor.groovy:53)
	at com.kms.katalon.core.webui.keyword.WebUiBuiltInKeywords.click(WebUiBuiltInKeywords.groovy:616)
	at com.kms.katalon.core.webui.keyword.WebUiBuiltInKeywords$click$3.call(Unknown Source)
	at Check Subsequent Inspection Doesnt Exist.run(Check Subsequent Inspection Doesnt Exist:18)
	at com.kms.katalon.core.main.ScriptEngine.run(ScriptEngine.java:194)
	at com.kms.katalon.core.main.ScriptEngine.runScriptAsRawText(ScriptEngine.java:119)
	at com.kms.katalon.core.main.TestCaseExecutor.runScript(TestCaseExecutor.java:321)
	at com.kms.katalon.core.main.TestCaseExecutor.doExecute(TestCaseExecutor.java:312)
	at com.kms.katalon.core.main.TestCaseExecutor.processExecutionPhase(TestCaseExecutor.java:291)
	at com.kms.katalon.core.main.TestCaseExecutor.accessMainPhase(TestCaseExecutor.java:283)
	at com.kms.katalon.core.main.TestCaseExecutor.execute(TestCaseExecutor.java:222)
	at com.kms.katalon.core.main.TestSuiteExecutor.accessTestCaseMainPhase(TestSuiteExecutor.java:129)
	at com.kms.katalon.core.main.TestSuiteExecutor.accessTestSuiteMainPhase(TestSuiteExecutor.java:112)
	at com.kms.katalon.core.main.TestSuiteExecutor.execute(TestSuiteExecutor.java:81)
	at com.kms.katalon.core.main.TestCaseMain.startTestSuite(TestCaseMain.java:149)
	at com.kms.katalon.core.main.TestCaseMain$startTestSuite$0.call(Unknown Source)
	at TempTestSuite1548410658791.run(TempTestSuite1548410658791.groovy:36)


2019-01-25 10:38:39 - [MESSAGE][INFO] - Unable to find the element located by 'By.xpath: id("vaadiniframe")[count(. | //iframe[@id = 'vaadiniframe']) = count(//iframe[@id = 'vaadiniframe'])]'. Please recheck the objects properties to make sure the desired element is located. 

2019-01-25 10:38:40 - [MESSAGE][FAILED] - Unable to click on object 'Object Repository/FSM1/Complete ABP Inspection/Check Subsequent Inspections/New/Page_JM Control Centre/div_' (Root cause: com.kms.katalon.core.webui.exception.WebElementNotFoundException: Web element with id: 'Object Repository/FSM1/Complete ABP Inspection/Check Subsequent Inspections/New/Page_JM Control Centre/iframe_close_vaadiniframe_1' located by 'By.xpath: id("vaadiniframe")[count(. | //iframe[@id = 'vaadiniframe']) = count(//iframe[@id = 'vaadiniframe'])]' not found)
[[ATTACHMENT|C:\\Users\\jonha\\Documents\\Katalon\\APHA\\JM_8.9\\FSM_Regression\\Reports\\Form Jobs\\BSE16 Regression - Livestock Farm\\20190125_100418\\1548412719660.png]]

2019-01-25 10:38:40 - [MESSAGE][FAILED] - click(findTestObject("Object Repository/FSM1/Complete ABP Inspection/Check Subsequent Inspections/New/Page_JM Control Centre/div_")) FAILED.
Reason:
com.kms.katalon.core.exception.StepFailedException: Unable to click on object 'Object Repository/FSM1/Complete ABP Inspection/Check Subsequent Inspections/New/Page_JM Control Centre/div_' (Root cause: com.kms.katalon.core.webui.exception.WebElementNotFoundException: Web element with id: 'Object Repository/FSM1/Complete ABP Inspection/Check Subsequent Inspections/New/Page_JM Control Centre/iframe_close_vaadiniframe_1' located by 'By.xpath: id("vaadiniframe")[count(. | //iframe[@id = 'vaadiniframe']) = count(//iframe[@id = 'vaadiniframe'])]' not found)
	at com.kms.katalon.core.keyword.internal.KeywordMain.stepFailed(KeywordMain.groovy:36)
	at com.kms.katalon.core.webui.keyword.internal.WebUIKeywordMain.stepFailed(WebUIKeywordMain.groovy:65)
	at com.kms.katalon.core.webui.keyword.internal.WebUIKeywordMain.runKeyword(WebUIKeywordMain.groovy:27)
	at com.kms.katalon.core.webui.keyword.builtin.ClickKeyword.click(ClickKeyword.groovy:86)
	at com.kms.katalon.core.webui.keyword.builtin.ClickKeyword.execute(ClickKeyword.groovy:67)
	at com.kms.katalon.core.keyword.internal.KeywordExecutor.executeKeywordForPlatform(KeywordExecutor.groovy:53)
	at com.kms.katalon.core.webui.keyword.WebUiBuiltInKeywords.click(WebUiBuiltInKeywords.groovy:616)
	at com.kms.katalon.core.webui.keyword.WebUiBuiltInKeywords$click$3.call(Unknown Source)
	at Check Subsequent Inspection Doesnt Exist.run(Check Subsequent Inspection Doesnt Exist:18)
	at com.kms.katalon.core.main.ScriptEngine.run(ScriptEngine.java:194)
	at com.kms.katalon.core.main.ScriptEngine.runScriptAsRawText(ScriptEngine.java:119)
	at com.kms.katalon.core.main.TestCaseExecutor.runScript(TestCaseExecutor.java:321)
	at com.kms.katalon.core.main.TestCaseExecutor.doExecute(TestCaseExecutor.java:312)
	at com.kms.katalon.core.main.TestCaseExecutor.processExecutionPhase(TestCaseExecutor.java:291)
	at com.kms.katalon.core.main.TestCaseExecutor.accessMainPhase(TestCaseExecutor.java:283)
	at com.kms.katalon.core.main.TestCaseExecutor.execute(TestCaseExecutor.java:222)
	at com.kms.katalon.core.main.TestSuiteExecutor.accessTestCaseMainPhase(TestSuiteExecutor.java:129)
	at com.kms.katalon.core.main.TestSuiteExecutor.accessTestSuiteMainPhase(TestSuiteExecutor.java:112)
	at com.kms.katalon.core.main.TestSuiteExecutor.execute(TestSuiteExecutor.java:81)
	at com.kms.katalon.core.main.TestCaseMain.startTestSuite(TestCaseMain.java:149)
	at com.kms.katalon.core.main.TestCaseMain$startTestSuite$0.call(Unknown Source)
	at TempTestSuite1548410658791.run(TempTestSuite1548410658791.groovy:36)]]></system-out>
         <system-err><![CDATA[2019-01-25 10:38:06 - [TEST_CASE][FAILED] - Test Cases/Generic/Check Subsequent Inspection Doesnt Exist: Test Cases/Generic/Check Subsequent Inspection Doesnt Exist FAILED.
Reason:
com.kms.katalon.core.exception.StepFailedException: Unable to click on object 'Object Repository/FSM1/Complete ABP Inspection/Check Subsequent Inspections/New/Page_JM Control Centre/div_' (Root cause: com.kms.katalon.core.webui.exception.WebElementNotFoundException: Web element with id: 'Object Repository/FSM1/Complete ABP Inspection/Check Subsequent Inspections/New/Page_JM Control Centre/iframe_close_vaadiniframe_1' located by 'By.xpath: id("vaadiniframe")[count(. | //iframe[@id = 'vaadiniframe']) = count(//iframe[@id = 'vaadiniframe'])]' not found)
	at com.kms.katalon.core.keyword.internal.KeywordMain.stepFailed(KeywordMain.groovy:36)
	at com.kms.katalon.core.webui.keyword.internal.WebUIKeywordMain.stepFailed(WebUIKeywordMain.groovy:65)
	at com.kms.katalon.core.webui.keyword.internal.WebUIKeywordMain.runKeyword(WebUIKeywordMain.groovy:27)
	at com.kms.katalon.core.webui.keyword.builtin.ClickKeyword.click(ClickKeyword.groovy:86)
	at com.kms.katalon.core.webui.keyword.builtin.ClickKeyword.execute(ClickKeyword.groovy:67)
	at com.kms.katalon.core.keyword.internal.KeywordExecutor.executeKeywordForPlatform(KeywordExecutor.groovy:53)
	at com.kms.katalon.core.webui.keyword.WebUiBuiltInKeywords.click(WebUiBuiltInKeywords.groovy:616)
	at com.kms.katalon.core.webui.keyword.WebUiBuiltInKeywords$click$3.call(Unknown Source)
	at Check Subsequent Inspection Doesnt Exist.run(Check Subsequent Inspection Doesnt Exist:18)
	at com.kms.katalon.core.main.ScriptEngine.run(ScriptEngine.java:194)
	at com.kms.katalon.core.main.ScriptEngine.runScriptAsRawText(ScriptEngine.java:119)
	at com.kms.katalon.core.main.TestCaseExecutor.runScript(TestCaseExecutor.java:321)
	at com.kms.katalon.core.main.TestCaseExecutor.doExecute(TestCaseExecutor.java:312)
	at com.kms.katalon.core.main.TestCaseExecutor.processExecutionPhase(TestCaseExecutor.java:291)
	at com.kms.katalon.core.main.TestCaseExecutor.accessMainPhase(TestCaseExecutor.java:283)
	at com.kms.katalon.core.main.TestCaseExecutor.execute(TestCaseExecutor.java:222)
	at com.kms.katalon.core.main.TestSuiteExecutor.accessTestCaseMainPhase(TestSuiteExecutor.java:129)
	at com.kms.katalon.core.main.TestSuiteExecutor.accessTestSuiteMainPhase(TestSuiteExecutor.java:112)
	at com.kms.katalon.core.main.TestSuiteExecutor.execute(TestSuiteExecutor.java:81)
	at com.kms.katalon.core.main.TestCaseMain.startTestSuite(TestCaseMain.java:149)
	at com.kms.katalon.core.main.TestCaseMain$startTestSuite$0.call(Unknown Source)
	at TempTestSuite1548410658791.run(TempTestSuite1548410658791.groovy:36)]]></system-err>
      </testcase>
      <system-out><![CDATA[2019-01-25 10:33:11 - [TEST_SUITE][FAILED] - BSE16 Regression - Livestock Farm: Test Cases/Form Jobs/BSE16/Create BSE Inspection FAILED.
Reason:
com.kms.katalon.core.exception.StepFailedException: Unable to click on object 'Object Repository/FSM1/BSE16/Page_JClient/div_TRAVELLING' (Root cause: org.openqa.selenium.StaleElementReferenceException: stale element reference: element is not attached to the page document
  (Session info: chrome=71.0.3578.98)
  (Driver info: chromedriver=2.43.600210 (68dcf5eebde37173d4027fa8635e332711d2874a),platform=Windows NT 10.0.17134 x86_64) (WARNING: The server did not provide any stacktrace information)
Command duration or timeout: 0 milliseconds
For documentation on this error, please visit: http://seleniumhq.org/exceptions/stale_element_reference.html
Build info: version: '3.7.1', revision: '8a0099a', time: '2017-11-06T21:07:36.161Z'
System info: host: 'DESKTOP-KMCIR60', ip: '192.168.0.12', os.name: 'Windows 10', os.arch: 'amd64', os.version: '10.0', java.version: '1.8.0_181'
Driver info: com.kms.katalon.selenium.driver.CChromeDriver
Capabilities {acceptInsecureCerts: false, acceptSslCerts: false, applicationCacheEnabled: false, browserConnectionEnabled: false, browserName: chrome, chrome: {chromedriverVersion: 2.43.600210 (68dcf5eebde371..., userDataDir: C:\Users\jonha\AppData\Loca...}, cssSelectorsEnabled: true, databaseEnabled: false, goog:chromeOptions: {debuggerAddress: localhost:51141}, handlesAlerts: true, hasTouchScreen: false, javascriptEnabled: true, locationContextEnabled: true, mobileEmulationEnabled: false, nativeEvents: true, networkConnectionEnabled: false, pageLoadStrategy: normal, platform: XP, platformName: XP, rotatable: false, setWindowRect: true, takesHeapSnapshot: true, takesScreenshot: true, unexpectedAlertBehaviour: , unhandledPromptBehavior: , version: 71.0.3578.98, webStorageEnabled: true}
Session ID: eb98b655de5a039b5e9652ab6a85a670)
	at com.kms.katalon.core.keyword.internal.KeywordMain.stepFailed(KeywordMain.groovy:36)
	at com.kms.katalon.core.webui.keyword.internal.WebUIKeywordMain.stepFailed(WebUIKeywordMain.groovy:65)
	at com.kms.katalon.core.webui.keyword.internal.WebUIKeywordMain.runKeyword(WebUIKeywordMain.groovy:27)
	at com.kms.katalon.core.webui.keyword.builtin.ClickKeyword.click(ClickKeyword.groovy:86)
	at com.kms.katalon.core.webui.keyword.builtin.ClickKeyword.execute(ClickKeyword.groovy:67)
	at com.kms.katalon.core.keyword.internal.KeywordExecutor.executeKeywordForPlatform(KeywordExecutor.groovy:53)
	at com.kms.katalon.core.webui.keyword.WebUiBuiltInKeywords.click(WebUiBuiltInKeywords.groovy:616)
	at com.kms.katalon.core.webui.keyword.WebUiBuiltInKeywords$click$3.call(Unknown Source)
	at Create BSE Inspection.run(Create BSE Inspection:45)
	at com.kms.katalon.core.main.ScriptEngine.run(ScriptEngine.java:194)
	at com.kms.katalon.core.main.ScriptEngine.runScriptAsRawText(ScriptEngine.java:119)
	at com.kms.katalon.core.main.TestCaseExecutor.runScript(TestCaseExecutor.java:321)
	at com.kms.katalon.core.main.TestCaseExecutor.doExecute(TestCaseExecutor.java:312)
	at com.kms.katalon.core.main.TestCaseExecutor.processExecutionPhase(TestCaseExecutor.java:291)
	at com.kms.katalon.core.main.TestCaseExecutor.accessMainPhase(TestCaseExecutor.java:283)
	at com.kms.katalon.core.main.TestCaseExecutor.execute(TestCaseExecutor.java:222)
	at com.kms.katalon.core.main.TestSuiteExecutor.accessTestCaseMainPhase(TestSuiteExecutor.java:129)
	at com.kms.katalon.core.main.TestSuiteExecutor.accessTestSuiteMainPhase(TestSuiteExecutor.java:112)
	at com.kms.katalon.core.main.TestSuiteExecutor.execute(TestSuiteExecutor.java:81)
	at com.kms.katalon.core.main.TestCaseMain.startTestSuite(TestCaseMain.java:149)
	at com.kms.katalon.core.main.TestCaseMain$startTestSuite$0.call(Unknown Source)
	at TempTestSuite1548410658791.run(TempTestSuite1548410658791.groovy:36)]]></system-out>
      <system-err><![CDATA[2019-01-25 10:33:11 - [TEST_SUITE][FAILED] - BSE16 Regression - Livestock Farm: Test Cases/Form Jobs/BSE16/Create BSE Inspection FAILED.
Reason:
com.kms.katalon.core.exception.StepFailedException: Unable to click on object 'Object Repository/FSM1/BSE16/Page_JClient/div_TRAVELLING' (Root cause: org.openqa.selenium.StaleElementReferenceException: stale element reference: element is not attached to the page document
  (Session info: chrome=71.0.3578.98)
  (Driver info: chromedriver=2.43.600210 (68dcf5eebde37173d4027fa8635e332711d2874a),platform=Windows NT 10.0.17134 x86_64) (WARNING: The server did not provide any stacktrace information)
Command duration or timeout: 0 milliseconds
For documentation on this error, please visit: http://seleniumhq.org/exceptions/stale_element_reference.html
Build info: version: '3.7.1', revision: '8a0099a', time: '2017-11-06T21:07:36.161Z'
System info: host: 'DESKTOP-KMCIR60', ip: '192.168.0.12', os.name: 'Windows 10', os.arch: 'amd64', os.version: '10.0', java.version: '1.8.0_181'
Driver info: com.kms.katalon.selenium.driver.CChromeDriver
Capabilities {acceptInsecureCerts: false, acceptSslCerts: false, applicationCacheEnabled: false, browserConnectionEnabled: false, browserName: chrome, chrome: {chromedriverVersion: 2.43.600210 (68dcf5eebde371..., userDataDir: C:\Users\jonha\AppData\Loca...}, cssSelectorsEnabled: true, databaseEnabled: false, goog:chromeOptions: {debuggerAddress: localhost:51141}, handlesAlerts: true, hasTouchScreen: false, javascriptEnabled: true, locationContextEnabled: true, mobileEmulationEnabled: false, nativeEvents: true, networkConnectionEnabled: false, pageLoadStrategy: normal, platform: XP, platformName: XP, rotatable: false, setWindowRect: true, takesHeapSnapshot: true, takesScreenshot: true, unexpectedAlertBehaviour: , unhandledPromptBehavior: , version: 71.0.3578.98, webStorageEnabled: true}
Session ID: eb98b655de5a039b5e9652ab6a85a670)
	at com.kms.katalon.core.keyword.internal.KeywordMain.stepFailed(KeywordMain.groovy:36)
	at com.kms.katalon.core.webui.keyword.internal.WebUIKeywordMain.stepFailed(WebUIKeywordMain.groovy:65)
	at com.kms.katalon.core.webui.keyword.internal.WebUIKeywordMain.runKeyword(WebUIKeywordMain.groovy:27)
	at com.kms.katalon.core.webui.keyword.builtin.ClickKeyword.click(ClickKeyword.groovy:86)
	at com.kms.katalon.core.webui.keyword.builtin.ClickKeyword.execute(ClickKeyword.groovy:67)
	at com.kms.katalon.core.keyword.internal.KeywordExecutor.executeKeywordForPlatform(KeywordExecutor.groovy:53)
	at com.kms.katalon.core.webui.keyword.WebUiBuiltInKeywords.click(WebUiBuiltInKeywords.groovy:616)
	at com.kms.katalon.core.webui.keyword.WebUiBuiltInKeywords$click$3.call(Unknown Source)
	at Create BSE Inspection.run(Create BSE Inspection:45)
	at com.kms.katalon.core.main.ScriptEngine.run(ScriptEngine.java:194)
	at com.kms.katalon.core.main.ScriptEngine.runScriptAsRawText(ScriptEngine.java:119)
	at com.kms.katalon.core.main.TestCaseExecutor.runScript(TestCaseExecutor.java:321)
	at com.kms.katalon.core.main.TestCaseExecutor.doExecute(TestCaseExecutor.java:312)
	at com.kms.katalon.core.main.TestCaseExecutor.processExecutionPhase(TestCaseExecutor.java:291)
	at com.kms.katalon.core.main.TestCaseExecutor.accessMainPhase(TestCaseExecutor.java:283)
	at com.kms.katalon.core.main.TestCaseExecutor.execute(TestCaseExecutor.java:222)
	at com.kms.katalon.core.main.TestSuiteExecutor.accessTestCaseMainPhase(TestSuiteExecutor.java:129)
	at com.kms.katalon.core.main.TestSuiteExecutor.accessTestSuiteMainPhase(TestSuiteExecutor.java:112)
	at com.kms.katalon.core.main.TestSuiteExecutor.execute(TestSuiteExecutor.java:81)
	at com.kms.katalon.core.main.TestCaseMain.startTestSuite(TestCaseMain.java:149)
	at com.kms.katalon.core.main.TestCaseMain$startTestSuite$0.call(Unknown Source)
	at TempTestSuite1548410658791.run(TempTestSuite1548410658791.groovy:36)]]></system-err>
   </testsuite>
</testsuites>
