<?xml version="1.0" encoding="UTF-8"?>
<testsuites name="NCP Regression - Breeding Chickens" time="782" tests="7" failures="7" errors="1">
   <testsuite name="NCP Regression - Breeding Chickens" tests="7" failures="7" errors="1" time="782" timestamp="2019-01-30 18:14:39" hostname="jonha - DESKTOP-KMCIR60" id="Test Suites/NCP/NCP Regression - Breeding Chickens">
      <properties>
         <property name="deviceName" value=""/>
         <property name="devicePlatform" value=""/>
         <property name="logFolder" value="C:\\Users\\jonha\\Documents\\Katalon\\APHA\\JM_8.9\\FSM_Regression\\Reports\\NCP\\NCP Regression - Breeding Chickens\\20190130_172658"/>
         <property name="logFiles" value="C:\\Users\\jonha\\Documents\\Katalon\\APHA\\JM_8.9\\FSM_Regression\\Reports\\NCP\\NCP Regression - Breeding Chickens\\20190130_172658\\execution0.log"/>
         <property name="attachments" value="C:\\Users\\jonha\\Documents\\Katalon\\APHA\\JM_8.9\\FSM_Regression\\Reports\\NCP\\NCP Regression - Breeding Chickens\\20190130_172658\\1548872344324.png, C:\\Users\\jonha\\Documents\\Katalon\\APHA\\JM_8.9\\FSM_Regression\\Reports\\NCP\\NCP Regression - Breeding Chickens\\20190130_172658\\1548872377360.png, C:\\Users\\jonha\\Documents\\Katalon\\APHA\\JM_8.9\\FSM_Regression\\Reports\\NCP\\NCP Regression - Breeding Chickens\\20190130_172658\\1548872409306.png, C:\\Users\\jonha\\Documents\\Katalon\\APHA\\JM_8.9\\FSM_Regression\\Reports\\NCP\\NCP Regression - Breeding Chickens\\20190130_172658\\1548872440857.png, C:\\Users\\jonha\\Documents\\Katalon\\APHA\\JM_8.9\\FSM_Regression\\Reports\\NCP\\NCP Regression - Breeding Chickens\\20190130_172658\\1548872472423.png, C:\\Users\\jonha\\Documents\\Katalon\\APHA\\JM_8.9\\FSM_Regression\\Reports\\NCP\\NCP Regression - Breeding Chickens\\20190130_172658\\1548872576282.png, C:\\Users\\jonha\\Documents\\Katalon\\APHA\\JM_8.9\\FSM_Regression\\Reports\\NCP\\NCP Regression - Breeding Chickens\\20190130_172658\\1548872576741.png, C:\\Users\\jonha\\Documents\\Katalon\\APHA\\JM_8.9\\FSM_Regression\\Reports\\NCP\\NCP Regression - Breeding Chickens\\20190130_172658\\1548872614834.png, C:\\Users\\jonha\\Documents\\Katalon\\APHA\\JM_8.9\\FSM_Regression\\Reports\\NCP\\NCP Regression - Breeding Chickens\\20190130_172658\\1548872615282.png"/>
         <property name="hostName" value="jonha - DESKTOP-KMCIR60"/>
         <property name="os" value="Windows 10 64bit"/>
         <property name="katalonVersion" value="5.9.1.2"/>
         <property name="browser" value="Chrome 71.0.3578.98"/>
         <property name="hostAddress" value="192.168.0.14"/>
         <property name="sessionId" value="0ec5427ffd7063a095a373607a40897e"/>
         <property name="seleniumVersion" value="3.7.1"/>
         <property name="proxyInformation" value="ProxyInformation{proxyOption=NO_PROXY, proxyServerType=HTTP, password=, proxyServerAddress=, proxyServerPort=0}"/>
         <property name="platform" value="Windows 10"/>
      </properties>
      <testcase name="Test Cases/Email/Verify Email" classname="Test Cases/Email/Verify Email" status="PASSED">
         <system-out><![CDATA[2019-01-30 18:14:39 - [TEST_CASE][PASSED] - Test Cases/Email/Verify Email: Test Cases/Email/Verify Email

2019-01-30 18:14:40 - [TEST_STEP][PASSED] - sendRequest(findTestObject("Object Repository/SetEmailUser", ["f":"set_email_user", "email_user":"hatfield", "site":"guerrillamail.com", "lang":"en", "sid_token":"0o023c6smtcm8i1somj12o63o6"])): Send request successfully

2019-01-30 18:14:44 - [MESSAGE][INFO] - HAR: C:\Users\jonha\Documents\Katalon\APHA\JM_8.9\FSM_Regression\Reports\NCP\NCP Regression - Breeding Chickens\20190130_172658\requests\main\0.har

2019-01-30 18:14:44 - [MESSAGE][PASSED] - Send request successfully]]></system-out>
         <system-err><![CDATA[]]></system-err>
      </testcase>
      <testcase name="Test Cases/Generic/Launch Job Manager Control Centre" classname="Test Cases/Generic/Launch Job Manager Control Centre" status="PASSED">
         <system-out><![CDATA[2019-01-30 18:14:44 - [TEST_CASE][PASSED] - Test Cases/Generic/Launch Job Manager Control Centre: Test Cases/Generic/Launch Job Manager Control Centre

2019-01-30 18:14:44 - [TEST_STEP][PASSED] - openBrowser(""): Browser is opened with url: ''

2019-01-30 18:14:45 - [MESSAGE][INFO] - Starting 'Chrome' driver

2019-01-30 18:14:45 - [MESSAGE][INFO] - Action delay is set to 0 seconds

2019-01-30 18:14:47 - [MESSAGE][PASSED] - Browser is opened with url: ''

2019-01-30 18:14:47 - [TEST_STEP][PASSED] - navigateToUrl(CCURL): Navigate to 'https://kirona-def-6.kirona.com/jmprep/login#!loginView' successfully

2019-01-30 18:14:50 - [MESSAGE][PASSED] - Navigate to 'https://kirona-def-6.kirona.com/jmprep/login#!loginView' successfully

2019-01-30 18:14:50 - [TEST_STEP][PASSED] - setText(findTestObject("FSM1/Control Centre/Page_Job Manager Login/input_gwt-uid-3"), Username): Text 'jon.hatfield' is set on object 'Object Repository/FSM1/Control Centre/Page_Job Manager Login/input_gwt-uid-3'

2019-01-30 18:14:51 - [MESSAGE][PASSED] - Text 'jon.hatfield' is set on object 'Object Repository/FSM1/Control Centre/Page_Job Manager Login/input_gwt-uid-3'

2019-01-30 18:14:51 - [TEST_STEP][PASSED] - setText(findTestObject("FSM1/Control Centre/Page_Job Manager Login/input_gwt-uid-5"), Password): Text 'Fr@nc1sJ0n' is set on object 'Object Repository/FSM1/Control Centre/Page_Job Manager Login/input_gwt-uid-5'

2019-01-30 18:14:51 - [MESSAGE][PASSED] - Text 'Fr@nc1sJ0n' is set on object 'Object Repository/FSM1/Control Centre/Page_Job Manager Login/input_gwt-uid-5'

2019-01-30 18:14:51 - [TEST_STEP][PASSED] - delay(2): Delayed 2 second(s)

2019-01-30 18:14:53 - [MESSAGE][PASSED] - Delayed 2 second(s)

2019-01-30 18:14:53 - [TEST_STEP][PASSED] - click(findTestObject("FSM1/PreProd/Page_Job Manager Login/div_Login")): Object: 'Object Repository/FSM1/PreProd/Page_Job Manager Login/div_Login' is clicked on

2019-01-30 18:14:53 - [MESSAGE][PASSED] - Object: 'Object Repository/FSM1/PreProd/Page_Job Manager Login/div_Login' is clicked on

2019-01-30 18:14:53 - [TEST_STEP][PASSED] - delay(5): Delayed 5 second(s)

2019-01-30 18:14:58 - [MESSAGE][PASSED] - Delayed 5 second(s)]]></system-out>
         <system-err><![CDATA[]]></system-err>
      </testcase>
      <testcase name="Test Cases/NCP/Generic/Create NCP Inspection - Manual Assignment" classname="Test Cases/NCP/Generic/Create NCP Inspection - Manual Assignment" status="PASSED">
         <system-out><![CDATA[2019-01-30 18:14:58 - [TEST_CASE][PASSED] - Test Cases/NCP/Generic/Create NCP Inspection - Manual Assignment: Test Cases/NCP/Generic/Create NCP Inspection - Manual Assignment

2019-01-30 18:14:59 - [TEST_STEP][PASSED] - log = new com.kms.katalon.core.logging.KeywordLogger(): null

2019-01-30 18:14:59 - [TEST_STEP][PASSED] - waitForElementClickable(findTestObject("FSM1/NCP/Create Inspection/Page_JM Control Centre/div_Create"), 60): Object 'Object Repository/FSM1/NCP/Create Inspection/Page_JM Control Centre/div_Create' is clickable

2019-01-30 18:15:09 - [MESSAGE][PASSED] - Object 'Object Repository/FSM1/NCP/Create Inspection/Page_JM Control Centre/div_Create' is clickable

2019-01-30 18:15:09 - [TEST_STEP][PASSED] - delay(3): Delayed 3 second(s)

2019-01-30 18:15:12 - [MESSAGE][PASSED] - Delayed 3 second(s)

2019-01-30 18:15:12 - [TEST_STEP][PASSED] - click(findTestObject("Object Repository/FSM1/NCP/Create Inspection/Page_JM Control Centre/div_Create")): Object: 'Object Repository/FSM1/NCP/Create Inspection/Page_JM Control Centre/div_Create' is clicked on

2019-01-30 18:15:12 - [MESSAGE][PASSED] - Object: 'Object Repository/FSM1/NCP/Create Inspection/Page_JM Control Centre/div_Create' is clicked on

2019-01-30 18:15:12 - [TEST_STEP][PASSED] - setText(findTestObject("Object Repository/FSM1/NCP/Create Inspection/Page_JM Control Centre/input_Type_gwt-uid-8"), "cso01 - ncp salmonella"): Text 'cso01 - ncp salmonella' is set on object 'Object Repository/FSM1/NCP/Create Inspection/Page_JM Control Centre/input_Type_gwt-uid-8'

2019-01-30 18:15:19 - [MESSAGE][PASSED] - Text 'cso01 - ncp salmonella' is set on object 'Object Repository/FSM1/NCP/Create Inspection/Page_JM Control Centre/input_Type_gwt-uid-8'

2019-01-30 18:15:19 - [TEST_STEP][PASSED] - click(findTestObject("Object Repository/FSM1/NCP/Create Inspection/Page_JM Control Centre/span_CSO01 - NCP Salmonella")): Object: 'Object Repository/FSM1/NCP/Create Inspection/Page_JM Control Centre/span_CSO01 - NCP Salmonella' is clicked on

2019-01-30 18:15:20 - [MESSAGE][PASSED] - Object: 'Object Repository/FSM1/NCP/Create Inspection/Page_JM Control Centre/span_CSO01 - NCP Salmonella' is clicked on

2019-01-30 18:15:20 - [TEST_STEP][NOT_RUN] - setText(findTestObject("Object Repository/FSM1/NCP/Create Inspection/Page_JM Control Centre/input_Type_gwt-uid-8"), "CSO01 - NCP Salmonella"): NOT_RUN: setText(findTestObject("Object Repository/FSM1/NCP/Create Inspection/Page_JM Control Centre/input_Type_gwt-uid-8"), "CSO01 - NCP Salmonella")

2019-01-30 18:15:20 - [MESSAGE][NOT_RUN] - NOT_RUN: setText(findTestObject("Object Repository/FSM1/NCP/Create Inspection/Page_JM Control Centre/input_Type_gwt-uid-8"), "CSO01 - NCP Salmonella")

2019-01-30 18:15:20 - [TEST_STEP][PASSED] - click(findTestObject("Object Repository/FSM1/NCP/Create Inspection/Page_JM Control Centre/div_SLA_v-filterselect-button")): Object: 'Object Repository/FSM1/NCP/Create Inspection/Page_JM Control Centre/div_SLA_v-filterselect-button' is clicked on

2019-01-30 18:15:24 - [MESSAGE][PASSED] - Object: 'Object Repository/FSM1/NCP/Create Inspection/Page_JM Control Centre/div_SLA_v-filterselect-button' is clicked on

2019-01-30 18:15:24 - [TEST_STEP][PASSED] - click(findTestObject("Object Repository/FSM1/NCP/Create Inspection/Page_JM Control Centre/td_24 Hours")): Object: 'Object Repository/FSM1/NCP/Create Inspection/Page_JM Control Centre/td_24 Hours' is clicked on

2019-01-30 18:15:24 - [MESSAGE][PASSED] - Object: 'Object Repository/FSM1/NCP/Create Inspection/Page_JM Control Centre/td_24 Hours' is clicked on

2019-01-30 18:15:24 - [TEST_STEP][PASSED] - click(findTestObject("Object Repository/FSM1/NCP/Create Inspection/Page_JM Control Centre/div_Flock Type_v-filterselect-")): Object: 'Object Repository/FSM1/NCP/Create Inspection/Page_JM Control Centre/div_Flock Type_v-filterselect-' is clicked on

2019-01-30 18:15:24 - [MESSAGE][PASSED] - Object: 'Object Repository/FSM1/NCP/Create Inspection/Page_JM Control Centre/div_Flock Type_v-filterselect-' is clicked on

2019-01-30 18:15:24 - [TEST_STEP][PASSED] - FlockType = modifyObjectProperty(findTestObject("Object Repository/FSM1/NCP/Create Inspection/Page_JM Control Centre/span_Breeding Chickens"), "text", "equals", FlockType, true): Modify property of object successfully

2019-01-30 18:15:24 - [MESSAGE][PASSED] - Modify property of object successfully

2019-01-30 18:15:24 - [TEST_STEP][PASSED] - click(FlockType, STOP_ON_FAILURE): Object: 'Object Repository/FSM1/NCP/Create Inspection/Page_JM Control Centre/span_Breeding Chickens' is clicked on

2019-01-30 18:15:25 - [MESSAGE][PASSED] - Object: 'Object Repository/FSM1/NCP/Create Inspection/Page_JM Control Centre/span_Breeding Chickens' is clicked on

2019-01-30 18:15:25 - [TEST_STEP][NOT_RUN] - click(findTestObject("Object Repository/FSM1/NCP/Create Inspection/Page_JM Control Centre/span_Breeding Chickens")): NOT_RUN: click(findTestObject("Object Repository/FSM1/NCP/Create Inspection/Page_JM Control Centre/span_Breeding Chickens"))

2019-01-30 18:15:25 - [MESSAGE][NOT_RUN] - NOT_RUN: click(findTestObject("Object Repository/FSM1/NCP/Create Inspection/Page_JM Control Centre/span_Breeding Chickens"))

2019-01-30 18:15:25 - [TEST_STEP][PASSED] - click(findTestObject("Object Repository/FSM1/NCP/Create Inspection/Page_JM Control Centre/div_Region_v-filterselect-butt")): Object: 'Object Repository/FSM1/NCP/Create Inspection/Page_JM Control Centre/div_Region_v-filterselect-butt' is clicked on

2019-01-30 18:15:25 - [MESSAGE][PASSED] - Object: 'Object Repository/FSM1/NCP/Create Inspection/Page_JM Control Centre/div_Region_v-filterselect-butt' is clicked on

2019-01-30 18:15:25 - [TEST_STEP][PASSED] - click(findTestObject("Object Repository/FSM1/NCP/Create Inspection/Page_JM Control Centre/span_West")): Object: 'Object Repository/FSM1/NCP/Create Inspection/Page_JM Control Centre/span_West' is clicked on

2019-01-30 18:15:26 - [MESSAGE][PASSED] - Object: 'Object Repository/FSM1/NCP/Create Inspection/Page_JM Control Centre/span_West' is clicked on

2019-01-30 18:15:26 - [TEST_STEP][PASSED] - setText(findTestObject("Object Repository/FSM1/NCP/Create Inspection/Page_JM Control Centre/input_Customer ID_gwt-uid-34"), RandomStringUtils.randomNumeric(5)): Text '95091' is set on object 'Object Repository/FSM1/NCP/Create Inspection/Page_JM Control Centre/input_Customer ID_gwt-uid-34'

2019-01-30 18:15:26 - [MESSAGE][PASSED] - Text '95091' is set on object 'Object Repository/FSM1/NCP/Create Inspection/Page_JM Control Centre/input_Customer ID_gwt-uid-34'

2019-01-30 18:15:26 - [TEST_STEP][PASSED] - setText(findTestObject("Object Repository/FSM1/NCP/Create Inspection/Page_JM Control Centre/input_Customer Name_gwt-uid-36"), "Test Automation"): Text 'Test Automation' is set on object 'Object Repository/FSM1/NCP/Create Inspection/Page_JM Control Centre/input_Customer Name_gwt-uid-36'

2019-01-30 18:15:26 - [MESSAGE][PASSED] - Text 'Test Automation' is set on object 'Object Repository/FSM1/NCP/Create Inspection/Page_JM Control Centre/input_Customer Name_gwt-uid-36'

2019-01-30 18:15:26 - [TEST_STEP][PASSED] - setText(findTestObject("Object Repository/FSM1/NCP/Create Inspection/Page_JM Control Centre/input_Customer Phone_gwt-uid-3"), "07824487657"): Text '07824487657' is set on object 'Object Repository/FSM1/NCP/Create Inspection/Page_JM Control Centre/input_Customer Phone_gwt-uid-3'

2019-01-30 18:15:27 - [MESSAGE][PASSED] - Text '07824487657' is set on object 'Object Repository/FSM1/NCP/Create Inspection/Page_JM Control Centre/input_Customer Phone_gwt-uid-3'

2019-01-30 18:15:27 - [TEST_STEP][PASSED] - setText(findTestObject("Object Repository/FSM1/NCP/Create Inspection/Page_JM Control Centre/input_Customer email_gwt-uid-4"), "test@automation.com"): Text 'test@automation.com' is set on object 'Object Repository/FSM1/NCP/Create Inspection/Page_JM Control Centre/input_Customer email_gwt-uid-4'

2019-01-30 18:15:27 - [MESSAGE][PASSED] - Text 'test@automation.com' is set on object 'Object Repository/FSM1/NCP/Create Inspection/Page_JM Control Centre/input_Customer email_gwt-uid-4'

2019-01-30 18:15:27 - [TEST_STEP][PASSED] - setText(findTestObject("Object Repository/FSM1/NCP/Create Inspection/Page_JM Control Centre/input_Name_gwt-uid-42"), "Test Automation Reg"): Text 'Test Automation Reg' is set on object 'Object Repository/FSM1/NCP/Create Inspection/Page_JM Control Centre/input_Name_gwt-uid-42'

2019-01-30 18:15:27 - [MESSAGE][PASSED] - Text 'Test Automation Reg' is set on object 'Object Repository/FSM1/NCP/Create Inspection/Page_JM Control Centre/input_Name_gwt-uid-42'

2019-01-30 18:15:27 - [TEST_STEP][PASSED] - setText(findTestObject("Object Repository/FSM1/NCP/Create Inspection/Page_JM Control Centre/input_Phone_gwt-uid-44"), "017877645322"): Text '017877645322' is set on object 'Object Repository/FSM1/NCP/Create Inspection/Page_JM Control Centre/input_Phone_gwt-uid-44'

2019-01-30 18:15:28 - [MESSAGE][PASSED] - Text '017877645322' is set on object 'Object Repository/FSM1/NCP/Create Inspection/Page_JM Control Centre/input_Phone_gwt-uid-44'

2019-01-30 18:15:28 - [TEST_STEP][PASSED] - setText(findTestObject("Object Repository/FSM1/NCP/Create Inspection/Page_JM Control Centre/input_CPHRegistration Number_g"), "11/222/3333"): Text '11/222/3333' is set on object 'Object Repository/FSM1/NCP/Create Inspection/Page_JM Control Centre/input_CPHRegistration Number_g'

2019-01-30 18:15:28 - [MESSAGE][PASSED] - Text '11/222/3333' is set on object 'Object Repository/FSM1/NCP/Create Inspection/Page_JM Control Centre/input_CPHRegistration Number_g'

2019-01-30 18:15:28 - [TEST_STEP][PASSED] - setText(findTestObject("Object Repository/FSM1/NCP/Create Inspection/Page_JM Control Centre/input_Survey Ref_gwt-uid-48"), RandomStringUtils.randomNumeric(5)): Text '39079' is set on object 'Object Repository/FSM1/NCP/Create Inspection/Page_JM Control Centre/input_Survey Ref_gwt-uid-48'

2019-01-30 18:15:28 - [MESSAGE][PASSED] - Text '39079' is set on object 'Object Repository/FSM1/NCP/Create Inspection/Page_JM Control Centre/input_Survey Ref_gwt-uid-48'

2019-01-30 18:15:28 - [TEST_STEP][PASSED] - click(findTestObject("Object Repository/FSM1/Create ABP Inspection Manual Ass/Page_JM Control Centre/Page_JM Control Centre/Page_JM Control Centre/span_")): Object: 'Object Repository/FSM1/Create ABP Inspection Manual Ass/Page_JM Control Centre/Page_JM Control Centre/Page_JM Control Centre/span_' is clicked on

2019-01-30 18:15:28 - [MESSAGE][PASSED] - Object: 'Object Repository/FSM1/Create ABP Inspection Manual Ass/Page_JM Control Centre/Page_JM Control Centre/Page_JM Control Centre/span_' is clicked on

2019-01-30 18:15:28 - [TEST_STEP][PASSED] - click(findTestObject("FSM1/Control Centre/Create EMI Inspection/Address Search/Page_JM Control Centre/Postcode Search")): Object: 'Object Repository/FSM1/Control Centre/Create EMI Inspection/Address Search/Page_JM Control Centre/Postcode Search' is clicked on

2019-01-30 18:15:29 - [MESSAGE][PASSED] - Object: 'Object Repository/FSM1/Control Centre/Create EMI Inspection/Address Search/Page_JM Control Centre/Postcode Search' is clicked on

2019-01-30 18:15:29 - [TEST_STEP][PASSED] - setText(findTestObject("FSM1/PreProd/Page_JM Control Centre/PostcodeSearch"), findTestData("Pre Production/ABP/ABP Inspection Data 01a").getValue(2, 1)): Text 'WR5 2NQ' is set on object 'Object Repository/FSM1/PreProd/Page_JM Control Centre/PostcodeSearch'

2019-01-30 18:15:29 - [MESSAGE][PASSED] - Text 'WR5 2NQ' is set on object 'Object Repository/FSM1/PreProd/Page_JM Control Centre/PostcodeSearch'

2019-01-30 18:15:29 - [TEST_STEP][PASSED] - doubleClick(findTestObject("JM_8918/Page_JM Control Centre/div_Search")): Object: 'Object Repository/JM_8918/Page_JM Control Centre/div_Search' is double clicked on

2019-01-30 18:15:31 - [MESSAGE][PASSED] - Object: 'Object Repository/JM_8918/Page_JM Control Centre/div_Search' is double clicked on

2019-01-30 18:15:31 - [TEST_STEP][PASSED] - FullAddress = modifyObjectProperty(findTestObject("Object Repository/FSM1/Create ABP Inspection Manual Ass/Page_JM Control Centre/Page_JM Control Centre/Page_JM Control Centre/Address"), "text", "equals", findTestData("Pre Production/ABP/ABP Inspection Data 01a").getValue(3, 1), true): Modify property of object successfully

2019-01-30 18:15:31 - [MESSAGE][PASSED] - Modify property of object successfully

2019-01-30 18:15:31 - [TEST_STEP][PASSED] - click(FullAddress, STOP_ON_FAILURE): Object: 'Object Repository/FSM1/Create ABP Inspection Manual Ass/Page_JM Control Centre/Page_JM Control Centre/Page_JM Control Centre/Address' is clicked on

2019-01-30 18:15:32 - [MESSAGE][PASSED] - Object: 'Object Repository/FSM1/Create ABP Inspection Manual Ass/Page_JM Control Centre/Page_JM Control Centre/Page_JM Control Centre/Address' is clicked on

2019-01-30 18:15:32 - [TEST_STEP][PASSED] - click(findTestObject("FSM1/Control Centre/Create EMI Inspection/Create Address/Page_JM Control Centre (2)/div_Add Selected Item")): Object: 'Object Repository/FSM1/Control Centre/Create EMI Inspection/Create Address/Page_JM Control Centre (2)/div_Add Selected Item' is clicked on

2019-01-30 18:15:33 - [MESSAGE][PASSED] - Object: 'Object Repository/FSM1/Control Centre/Create EMI Inspection/Create Address/Page_JM Control Centre (2)/div_Add Selected Item' is clicked on

2019-01-30 18:15:33 - [TEST_STEP][PASSED] - delay(3): Delayed 3 second(s)

2019-01-30 18:15:36 - [MESSAGE][PASSED] - Delayed 3 second(s)

2019-01-30 18:15:36 - [TEST_STEP][PASSED] - click(findTestObject("FSM1/Control Centre/Create EMI Inspection/Finish/Page_JM Control Centre (3)/div_Create")): Object: 'Object Repository/FSM1/Control Centre/Create EMI Inspection/Finish/Page_JM Control Centre (3)/div_Create' is clicked on

2019-01-30 18:15:36 - [MESSAGE][PASSED] - Object: 'Object Repository/FSM1/Control Centre/Create EMI Inspection/Finish/Page_JM Control Centre (3)/div_Create' is clicked on

2019-01-30 18:15:36 - [TEST_STEP][PASSED] - waitForElementPresent(findTestObject("Object Repository/FSM1/Create ABP Inspection Manual Ass/Page_JM Control Centre/Page_JM Control Centre/Page_JM Control Centre/div_APPROVED"), 120, STOP_ON_FAILURE): Object 'Object Repository/FSM1/Create ABP Inspection Manual Ass/Page_JM Control Centre/Page_JM Control Centre/Page_JM Control Centre/div_APPROVED' is present

2019-01-30 18:15:39 - [MESSAGE][PASSED] - Object 'Object Repository/FSM1/Create ABP Inspection Manual Ass/Page_JM Control Centre/Page_JM Control Centre/Page_JM Control Centre/div_APPROVED' is present

2019-01-30 18:15:39 - [TEST_STEP][PASSED] - delay(2): Delayed 2 second(s)

2019-01-30 18:15:41 - [MESSAGE][PASSED] - Delayed 2 second(s)

2019-01-30 18:15:41 - [TEST_STEP][PASSED] - click(findTestObject("Object Repository/FSM1/Create ABP Inspection Manual Ass/Page_JM Control Centre/Page_JM Control Centre/Page_JM Control Centre/span_Schedule")): Object: 'Object Repository/FSM1/Create ABP Inspection Manual Ass/Page_JM Control Centre/Page_JM Control Centre/Page_JM Control Centre/span_Schedule' is clicked on

2019-01-30 18:15:41 - [MESSAGE][PASSED] - Object: 'Object Repository/FSM1/Create ABP Inspection Manual Ass/Page_JM Control Centre/Page_JM Control Centre/Page_JM Control Centre/span_Schedule' is clicked on

2019-01-30 18:15:41 - [TEST_STEP][PASSED] - click(findTestObject("Object Repository/JM_8918/New/Page_JM Control Centre/Page_JM Control Centre/label_Manually Allocate as an")): Object: 'Object Repository/JM_8918/New/Page_JM Control Centre/Page_JM Control Centre/label_Manually Allocate as an' is clicked on

2019-01-30 18:15:44 - [MESSAGE][PASSED] - Object: 'Object Repository/JM_8918/New/Page_JM Control Centre/Page_JM Control Centre/label_Manually Allocate as an' is clicked on

2019-01-30 18:15:44 - [TEST_STEP][PASSED] - click(findTestObject("Object Repository/JM_8918/New/Page_JM Control Centre/Page_JM Control Centre/div_Owner_v-filterselect-butto")): Object: 'Object Repository/JM_8918/New/Page_JM Control Centre/Page_JM Control Centre/div_Owner_v-filterselect-butto' is clicked on

2019-01-30 18:15:44 - [MESSAGE][PASSED] - Object: 'Object Repository/JM_8918/New/Page_JM Control Centre/Page_JM Control Centre/div_Owner_v-filterselect-butto' is clicked on

2019-01-30 18:15:44 - [TEST_STEP][PASSED] - setText(findTestObject("Object Repository/JM_8918/New/Page_JM Control Centre/Page_JM Control Centre/input_Owner_gwt-uid-304"), "test"): Text 'test' is set on object 'Object Repository/JM_8918/New/Page_JM Control Centre/Page_JM Control Centre/input_Owner_gwt-uid-304'

2019-01-30 18:15:44 - [MESSAGE][PASSED] - Text 'test' is set on object 'Object Repository/JM_8918/New/Page_JM Control Centre/Page_JM Control Centre/input_Owner_gwt-uid-304'

2019-01-30 18:15:44 - [TEST_STEP][PASSED] - delay(2): Delayed 2 second(s)

2019-01-30 18:15:46 - [MESSAGE][PASSED] - Delayed 2 second(s)

2019-01-30 18:15:46 - [TEST_STEP][PASSED] - click(findTestObject("Object Repository/JM_8918/New/Page_JM Control Centre/Page_JM Control Centre/span_Test Inspector")): Object: 'Object Repository/JM_8918/New/Page_JM Control Centre/Page_JM Control Centre/span_Test Inspector' is clicked on

2019-01-30 18:15:47 - [MESSAGE][PASSED] - Object: 'Object Repository/JM_8918/New/Page_JM Control Centre/Page_JM Control Centre/span_Test Inspector' is clicked on

2019-01-30 18:15:47 - [TEST_STEP][PASSED] - delay(2): Delayed 2 second(s)

2019-01-30 18:15:49 - [MESSAGE][PASSED] - Delayed 2 second(s)

2019-01-30 18:15:49 - [TEST_STEP][NOT_RUN] - setText(findTestObject("Object Repository/FSM1/Create ABP Inspection Manual Ass/Page_JM Control Centre/Page_JM Control Centre/Page_JM Control Centre/input_Owner_gwt-uid-311"), "Test Inspector"): NOT_RUN: setText(findTestObject("Object Repository/FSM1/Create ABP Inspection Manual Ass/Page_JM Control Centre/Page_JM Control Centre/Page_JM Control Centre/input_Owner_gwt-uid-311"), "Test Inspector")

2019-01-30 18:15:49 - [MESSAGE][NOT_RUN] - NOT_RUN: setText(findTestObject("Object Repository/FSM1/Create ABP Inspection Manual Ass/Page_JM Control Centre/Page_JM Control Centre/Page_JM Control Centre/input_Owner_gwt-uid-311"), "Test Inspector")

2019-01-30 18:15:49 - [TEST_STEP][NOT_RUN] - mydate = new java.util.Date(): NOT_RUN: mydate = new java.util.Date()

2019-01-30 18:15:49 - [MESSAGE][NOT_RUN] - NOT_RUN: mydate = new java.util.Date()

2019-01-30 18:15:49 - [TEST_STEP][NOT_RUN] - tomorrow = mydate.next(): NOT_RUN: tomorrow = mydate.next()

2019-01-30 18:15:49 - [MESSAGE][NOT_RUN] - NOT_RUN: tomorrow = mydate.next()

2019-01-30 18:15:49 - [TEST_STEP][NOT_RUN] - formattedDate = tomorrow.format("dd-MMM-yyyy"): NOT_RUN: formattedDate = tomorrow.format("dd-MMM-yyyy")

2019-01-30 18:15:49 - [MESSAGE][NOT_RUN] - NOT_RUN: formattedDate = tomorrow.format("dd-MMM-yyyy")

2019-01-30 18:15:49 - [TEST_STEP][NOT_RUN] - setText(findTestObject("Object Repository/FSM1/Create ABP Inspection Manual Ass/Page_JM Control Centre/Page_JM Control Centre/Page_JM Control Centre/input_From date_gwt-uid-504 (10)"), formattedDate): NOT_RUN: setText(findTestObject("Object Repository/FSM1/Create ABP Inspection Manual Ass/Page_JM Control Centre/Page_JM Control Centre/Page_JM Control Centre/input_From date_gwt-uid-504 (10)"), formattedDate)

2019-01-30 18:15:49 - [MESSAGE][NOT_RUN] - NOT_RUN: setText(findTestObject("Object Repository/FSM1/Create ABP Inspection Manual Ass/Page_JM Control Centre/Page_JM Control Centre/Page_JM Control Centre/input_From date_gwt-uid-504 (10)"), formattedDate)

2019-01-30 18:15:49 - [TEST_STEP][NOT_RUN] - delay(2): NOT_RUN: delay(2)

2019-01-30 18:15:49 - [MESSAGE][NOT_RUN] - NOT_RUN: delay(2)

2019-01-30 18:15:49 - [TEST_STEP][NOT_RUN] - setText(findTestObject("Object Repository/FSM1/Create ABP Inspection Manual Ass/Page_JM Control Centre/Page_JM Control Centre/Page_JM Control Centre/input_Due date_gwt-uid-506 (11)"), formattedDate): NOT_RUN: setText(findTestObject("Object Repository/FSM1/Create ABP Inspection Manual Ass/Page_JM Control Centre/Page_JM Control Centre/Page_JM Control Centre/input_Due date_gwt-uid-506 (11)"), formattedDate)

2019-01-30 18:15:49 - [MESSAGE][NOT_RUN] - NOT_RUN: setText(findTestObject("Object Repository/FSM1/Create ABP Inspection Manual Ass/Page_JM Control Centre/Page_JM Control Centre/Page_JM Control Centre/input_Due date_gwt-uid-506 (11)"), formattedDate)

2019-01-30 18:15:49 - [TEST_STEP][PASSED] - click(findTestObject("Object Repository/FSM1/Create ABP Inspection Manual Ass/Page_JM Control Centre/Page_JM Control Centre/Page_JM Control Centre/div_Allocate")): Object: 'Object Repository/FSM1/Create ABP Inspection Manual Ass/Page_JM Control Centre/Page_JM Control Centre/Page_JM Control Centre/div_Allocate' is clicked on

2019-01-30 18:15:49 - [MESSAGE][PASSED] - Object: 'Object Repository/FSM1/Create ABP Inspection Manual Ass/Page_JM Control Centre/Page_JM Control Centre/Page_JM Control Centre/div_Allocate' is clicked on

2019-01-30 18:15:49 - [TEST_STEP][PASSED] - InspectionID = getText(findTestObject("Object Repository/FSM1/Create ABP Inspection Manual Ass/Page_JM Control Centre/Page_JM Control Centre/Page_JM Control Centre/InspectionID")): Text of object 'Object Repository/FSM1/Create ABP Inspection Manual Ass/Page_JM Control Centre/Page_JM Control Centre/Page_JM Control Centre/InspectionID' is: 'Viewing Job 103575'

2019-01-30 18:15:49 - [MESSAGE][PASSED] - Text of object 'Object Repository/FSM1/Create ABP Inspection Manual Ass/Page_JM Control Centre/Page_JM Control Centre/Page_JM Control Centre/InspectionID' is: 'Viewing Job 103575'

2019-01-30 18:15:49 - [TEST_STEP][PASSED] - InspectionID = InspectionID.replaceAll("Viewing Job ", ""): null

2019-01-30 18:15:49 - [TEST_STEP][PASSED] - log.logWarning(InspectionID): 103575

2019-01-30 18:15:49 - [MESSAGE][WARNING] - 103575

2019-01-30 18:15:49 - [TEST_STEP][PASSED] - temp = InspectionID: null

2019-01-30 18:15:49 - [TEST_STEP][PASSED] - delay(90): Delayed 90 second(s)

2019-01-30 18:17:19 - [MESSAGE][PASSED] - Delayed 90 second(s)]]></system-out>
         <system-err><![CDATA[]]></system-err>
      </testcase>
      <testcase name="Test Cases/Generic/Launch Job Manager" classname="Test Cases/Generic/Launch Job Manager" status="PASSED">
         <system-out><![CDATA[2019-01-30 18:17:19 - [TEST_CASE][PASSED] - Test Cases/Generic/Launch Job Manager: Test Cases/Generic/Launch Job Manager

2019-01-30 18:17:19 - [TEST_STEP][PASSED] - openBrowser(""): Browser is opened with url: ''

2019-01-30 18:17:19 - [MESSAGE][WARNING] - A browser is already opened. Closing browser and opening a new one

2019-01-30 18:17:20 - [MESSAGE][INFO] - Starting 'Chrome' driver

2019-01-30 18:17:22 - [MESSAGE][PASSED] - Browser is opened with url: ''

2019-01-30 18:17:22 - [TEST_STEP][PASSED] - navigateToUrl(JMURL): Navigate to 'https://kirona-def-6.kirona.com/jmprep/jclient/jclient.html' successfully

2019-01-30 18:17:33 - [MESSAGE][PASSED] - Navigate to 'https://kirona-def-6.kirona.com/jmprep/jclient/jclient.html' successfully

2019-01-30 18:17:33 - [TEST_STEP][PASSED] - delay(3): Delayed 3 second(s)

2019-01-30 18:17:36 - [MESSAGE][PASSED] - Delayed 3 second(s)

2019-01-30 18:17:36 - [TEST_STEP][PASSED] - setText(findTestObject("FSM1/Launch Application/Page_JClient/input_gwt-TextBox GKH2EKQBMDB"), "KIR1"): Text 'KIR1' is set on object 'Object Repository/FSM1/Launch Application/Page_JClient/input_gwt-TextBox GKH2EKQBMDB'

2019-01-30 18:17:36 - [MESSAGE][PASSED] - Text 'KIR1' is set on object 'Object Repository/FSM1/Launch Application/Page_JClient/input_gwt-TextBox GKH2EKQBMDB'

2019-01-30 18:17:36 - [TEST_STEP][PASSED] - sendKeys(findTestObject("FSM1/Launch Application/Page_JClient/input_gwt-TextBox GKH2EKQBMDB"), Keys.chord(ENTER)): Keys 'ENTER + ' sent to object: 'Object Repository/FSM1/Launch Application/Page_JClient/input_gwt-TextBox GKH2EKQBMDB'

2019-01-30 18:17:36 - [MESSAGE][PASSED] - Keys 'ENTER + ' sent to object: 'Object Repository/FSM1/Launch Application/Page_JClient/input_gwt-TextBox GKH2EKQBMDB'

2019-01-30 18:17:36 - [TEST_STEP][PASSED] - delay(3): Delayed 3 second(s)

2019-01-30 18:17:39 - [MESSAGE][PASSED] - Delayed 3 second(s)

2019-01-30 18:17:39 - [TEST_STEP][PASSED] - click(findTestObject("FSM1/Launch Application/Page_JClient/div_Configure App")): Object: 'Object Repository/FSM1/Launch Application/Page_JClient/div_Configure App' is clicked on

2019-01-30 18:17:39 - [MESSAGE][PASSED] - Object: 'Object Repository/FSM1/Launch Application/Page_JClient/div_Configure App' is clicked on

2019-01-30 18:17:39 - [TEST_STEP][PASSED] - setText(findTestObject("FSM1/Launch Application/Page_JClient/input_gwt-TextBox GKH2EKQBNHC"), findTestData("Pre Production/Environmental/UandP").getValue(3, 1)): Text 'test.inspector' is set on object 'Object Repository/FSM1/Launch Application/Page_JClient/input_gwt-TextBox GKH2EKQBNHC'

2019-01-30 18:17:40 - [MESSAGE][PASSED] - Text 'test.inspector' is set on object 'Object Repository/FSM1/Launch Application/Page_JClient/input_gwt-TextBox GKH2EKQBNHC'

2019-01-30 18:17:40 - [TEST_STEP][PASSED] - setText(findTestObject("FSM1/Launch Application/Page_JClient/input_gwt-PasswordTextBox GKH2"), findTestData("Pre Production/Environmental/UandP").getValue(4, 1)): Text 'Password1.' is set on object 'Object Repository/FSM1/Launch Application/Page_JClient/input_gwt-PasswordTextBox GKH2'

2019-01-30 18:17:40 - [MESSAGE][PASSED] - Text 'Password1.' is set on object 'Object Repository/FSM1/Launch Application/Page_JClient/input_gwt-PasswordTextBox GKH2'

2019-01-30 18:17:40 - [TEST_STEP][PASSED] - click(findTestObject("FSM1/Launch Application/Page_JClient/div_Sign In")): Object: 'Object Repository/FSM1/Launch Application/Page_JClient/div_Sign In' is clicked on

2019-01-30 18:17:40 - [MESSAGE][PASSED] - Object: 'Object Repository/FSM1/Launch Application/Page_JClient/div_Sign In' is clicked on

2019-01-30 18:17:40 - [TEST_STEP][PASSED] - delay(15): Delayed 15 second(s)

2019-01-30 18:17:55 - [MESSAGE][PASSED] - Delayed 15 second(s)]]></system-out>
         <system-err><![CDATA[]]></system-err>
      </testcase>
      <testcase name="Test Cases/Generic/Select Inspection" classname="Test Cases/Generic/Select Inspection" status="FAILED">
         <failure type="FAILED" message="Test Cases/Generic/Select Inspection FAILED.
Reason:
com.kms.katalon.core.exception.StepFailedException: Unable to click on object 'Object Repository/JM_8918/Page_JM Control Centre/Page_JM Control Centre/Page_JClient/Refresh' (Root cause: org.openqa.selenium.WebDriverException: unknown error: Element &lt;div class=&quot;GFNJNYPCLSB&quot; style=&quot;background-color: transparent; width: 30px; height: 30px; background-image: url(&amp;quot;data:image/png;base64,iVBORw0KGgoAAAANSUhEUgAAADwAAAA8CAYAAAA6/NlyAAACHklEQVR42u2a7Y2DMAyGGYERGKEblA2uG5QNYIPrBscGYYNjA7oBbAAb0A1yRkqliiYkcI75qF/Jf07qJQ92HMdJELBYLBaLxTqspJQRWAZWgN3luzr19xwsAQv3CBkqyE4uUznA7wX0BvaQOOo2Cw4TuyCCjtWAnbbk1ULSKNsCbOMw0RrsB+wL7DxKaGewK5gAax3+V6GZQ6kSX+Et6TnCirmhqD5K5Qqtyfz3NWCHCUf/HCO2eDxXEfImH8BTazZF/rBiYizdvt76yMY69YNXPC2fdEZiy7FD2bT1xB6WzWsyahyBT5iTuFFtF4Zwtaml8G7lKYyXCDWcM8MgkSfgfgEwajg3tiIAGTieCY0azhGld0fLaKjCfqnDOdGViyuUsSb4HvXjGwqN28o1/LP+FugnKcMWEQdHlWE7Oh0Z2H+BzsAMTArcf9oa/rgsval9mAJYV2k1RwZepZa2dF1yr+OrVivZackyl27UpM/Q27PU5+GZy0v6qKdDw/Z0Jz40kHVdSHtahvFLigaii5e978sTH7uiyJA6PTz2pbOJXnhEEVqC4obP4WYyoUweteUKJEKIpKkXBGKNNkttu+VbcHt4cWjC08LOhH4WB7mCiUe/j9XeWji+CVkHdjRpQfQCIA22IuW93hNovcnzt/L2NyL4cCF+3cPpKlR3uu1C0GoXoBNHy1St88rgxUo9ernu8iUei8VisVgslk5/qMzBWIiR3T4AAAAASUVORK5CYII=&amp;quot;); background-size: 30px 30px; background-repeat: no-repeat;&quot;>&lt;/div> is not clickable at point (314, 140). Other element would receive the click: &lt;div class=&quot;GFNJNYPCOBB GFNJNYPCACB&quot; style=&quot;-webkit-box-align: center; align-items: center; -webkit-box-pack: center; justify-content: center;&quot;>...&lt;/div>
  (Session info: chrome=71.0.3578.98)
  (Driver info: chromedriver=2.43.600210 (68dcf5eebde37173d4027fa8635e332711d2874a),platform=Windows NT 10.0.17134 x86_64) (WARNING: The server did not provide any stacktrace information)
Command duration or timeout: 0 milliseconds
Build info: version: '3.7.1', revision: '8a0099a', time: '2017-11-06T21:07:36.161Z'
System info: host: 'DESKTOP-KMCIR60', ip: '192.168.0.14', os.name: 'Windows 10', os.arch: 'amd64', os.version: '10.0', java.version: '1.8.0_181'
Driver info: com.kms.katalon.selenium.driver.CChromeDriver
Capabilities {acceptInsecureCerts: false, acceptSslCerts: false, applicationCacheEnabled: false, browserConnectionEnabled: false, browserName: chrome, chrome: {chromedriverVersion: 2.43.600210 (68dcf5eebde371..., userDataDir: C:\Users\jonha\AppData\Loca...}, cssSelectorsEnabled: true, databaseEnabled: false, goog:chromeOptions: {debuggerAddress: localhost:53297}, handlesAlerts: true, hasTouchScreen: false, javascriptEnabled: true, locationContextEnabled: true, mobileEmulationEnabled: false, nativeEvents: true, networkConnectionEnabled: false, pageLoadStrategy: normal, platform: XP, platformName: XP, rotatable: false, setWindowRect: true, takesHeapSnapshot: true, takesScreenshot: true, unexpectedAlertBehaviour: , unhandledPromptBehavior: , version: 71.0.3578.98, webStorageEnabled: true}
Session ID: b61aa6303bcd5659df07ffb89dc379b7)
	at com.kms.katalon.core.keyword.internal.KeywordMain.stepFailed(KeywordMain.groovy:36)
	at com.kms.katalon.core.webui.keyword.internal.WebUIKeywordMain.stepFailed(WebUIKeywordMain.groovy:65)
	at com.kms.katalon.core.webui.keyword.internal.WebUIKeywordMain.runKeyword(WebUIKeywordMain.groovy:27)
	at com.kms.katalon.core.webui.keyword.builtin.ClickKeyword.click(ClickKeyword.groovy:86)
	at com.kms.katalon.core.webui.keyword.builtin.ClickKeyword.execute(ClickKeyword.groovy:67)
	at com.kms.katalon.core.keyword.internal.KeywordExecutor.executeKeywordForPlatform(KeywordExecutor.groovy:53)
	at com.kms.katalon.core.webui.keyword.WebUiBuiltInKeywords.click(WebUiBuiltInKeywords.groovy:616)
	at com.kms.katalon.core.webui.keyword.WebUiBuiltInKeywords$click$2.call(Unknown Source)
	at Select Inspection.run(Select Inspection:28)
	at com.kms.katalon.core.main.ScriptEngine.run(ScriptEngine.java:194)
	at com.kms.katalon.core.main.ScriptEngine.runScriptAsRawText(ScriptEngine.java:119)
	at com.kms.katalon.core.main.TestCaseExecutor.runScript(TestCaseExecutor.java:321)
	at com.kms.katalon.core.main.TestCaseExecutor.doExecute(TestCaseExecutor.java:312)
	at com.kms.katalon.core.main.TestCaseExecutor.processExecutionPhase(TestCaseExecutor.java:291)
	at com.kms.katalon.core.main.TestCaseExecutor.accessMainPhase(TestCaseExecutor.java:283)
	at com.kms.katalon.core.main.TestCaseExecutor.execute(TestCaseExecutor.java:222)
	at com.kms.katalon.core.main.TestSuiteExecutor.accessTestCaseMainPhase(TestSuiteExecutor.java:129)
	at com.kms.katalon.core.main.TestSuiteExecutor.accessTestSuiteMainPhase(TestSuiteExecutor.java:112)
	at com.kms.katalon.core.main.TestSuiteExecutor.execute(TestSuiteExecutor.java:81)
	at com.kms.katalon.core.main.TestCaseMain.startTestSuite(TestCaseMain.java:149)
	at com.kms.katalon.core.main.TestCaseMain$startTestSuite$0.call(Unknown Source)
	at TempTestSuite1548869218678.run(TempTestSuite1548869218678.groovy:36)
"/>
         <system-out><![CDATA[2019-01-30 18:17:55 - [TEST_CASE][FAILED] - Test Cases/Generic/Select Inspection: Test Cases/Generic/Select Inspection FAILED.
Reason:
com.kms.katalon.core.exception.StepFailedException: Unable to click on object 'Object Repository/JM_8918/Page_JM Control Centre/Page_JM Control Centre/Page_JClient/Refresh' (Root cause: org.openqa.selenium.WebDriverException: unknown error: Element <div class="GFNJNYPCLSB" style="background-color: transparent; width: 30px; height: 30px; background-image: url(&quot;data:image/png;base64,iVBORw0KGgoAAAANSUhEUgAAADwAAAA8CAYAAAA6/NlyAAACHklEQVR42u2a7Y2DMAyGGYERGKEblA2uG5QNYIPrBscGYYNjA7oBbAAb0A1yRkqliiYkcI75qF/Jf07qJQ92HMdJELBYLBaLxTqspJQRWAZWgN3luzr19xwsAQv3CBkqyE4uUznA7wX0BvaQOOo2Cw4TuyCCjtWAnbbk1ULSKNsCbOMw0RrsB+wL7DxKaGewK5gAax3+V6GZQ6kSX+Et6TnCirmhqD5K5Qqtyfz3NWCHCUf/HCO2eDxXEfImH8BTazZF/rBiYizdvt76yMY69YNXPC2fdEZiy7FD2bT1xB6WzWsyahyBT5iTuFFtF4Zwtaml8G7lKYyXCDWcM8MgkSfgfgEwajg3tiIAGTieCY0azhGld0fLaKjCfqnDOdGViyuUsSb4HvXjGwqN28o1/LP+FugnKcMWEQdHlWE7Oh0Z2H+BzsAMTArcf9oa/rgsval9mAJYV2k1RwZepZa2dF1yr+OrVivZackyl27UpM/Q27PU5+GZy0v6qKdDw/Z0Jz40kHVdSHtahvFLigaii5e978sTH7uiyJA6PTz2pbOJXnhEEVqC4obP4WYyoUweteUKJEKIpKkXBGKNNkttu+VbcHt4cWjC08LOhH4WB7mCiUe/j9XeWji+CVkHdjRpQfQCIA22IuW93hNovcnzt/L2NyL4cCF+3cPpKlR3uu1C0GoXoBNHy1St88rgxUo9ernu8iUei8VisVgslk5/qMzBWIiR3T4AAAAASUVORK5CYII=&quot;); background-size: 30px 30px; background-repeat: no-repeat;"></div> is not clickable at point (314, 140). Other element would receive the click: <div class="GFNJNYPCOBB GFNJNYPCACB" style="-webkit-box-align: center; align-items: center; -webkit-box-pack: center; justify-content: center;">...</div>
  (Session info: chrome=71.0.3578.98)
  (Driver info: chromedriver=2.43.600210 (68dcf5eebde37173d4027fa8635e332711d2874a),platform=Windows NT 10.0.17134 x86_64) (WARNING: The server did not provide any stacktrace information)
Command duration or timeout: 0 milliseconds
Build info: version: '3.7.1', revision: '8a0099a', time: '2017-11-06T21:07:36.161Z'
System info: host: 'DESKTOP-KMCIR60', ip: '192.168.0.14', os.name: 'Windows 10', os.arch: 'amd64', os.version: '10.0', java.version: '1.8.0_181'
Driver info: com.kms.katalon.selenium.driver.CChromeDriver
Capabilities {acceptInsecureCerts: false, acceptSslCerts: false, applicationCacheEnabled: false, browserConnectionEnabled: false, browserName: chrome, chrome: {chromedriverVersion: 2.43.600210 (68dcf5eebde371..., userDataDir: C:\Users\jonha\AppData\Loca...}, cssSelectorsEnabled: true, databaseEnabled: false, goog:chromeOptions: {debuggerAddress: localhost:53297}, handlesAlerts: true, hasTouchScreen: false, javascriptEnabled: true, locationContextEnabled: true, mobileEmulationEnabled: false, nativeEvents: true, networkConnectionEnabled: false, pageLoadStrategy: normal, platform: XP, platformName: XP, rotatable: false, setWindowRect: true, takesHeapSnapshot: true, takesScreenshot: true, unexpectedAlertBehaviour: , unhandledPromptBehavior: , version: 71.0.3578.98, webStorageEnabled: true}
Session ID: b61aa6303bcd5659df07ffb89dc379b7)
	at com.kms.katalon.core.keyword.internal.KeywordMain.stepFailed(KeywordMain.groovy:36)
	at com.kms.katalon.core.webui.keyword.internal.WebUIKeywordMain.stepFailed(WebUIKeywordMain.groovy:65)
	at com.kms.katalon.core.webui.keyword.internal.WebUIKeywordMain.runKeyword(WebUIKeywordMain.groovy:27)
	at com.kms.katalon.core.webui.keyword.builtin.ClickKeyword.click(ClickKeyword.groovy:86)
	at com.kms.katalon.core.webui.keyword.builtin.ClickKeyword.execute(ClickKeyword.groovy:67)
	at com.kms.katalon.core.keyword.internal.KeywordExecutor.executeKeywordForPlatform(KeywordExecutor.groovy:53)
	at com.kms.katalon.core.webui.keyword.WebUiBuiltInKeywords.click(WebUiBuiltInKeywords.groovy:616)
	at com.kms.katalon.core.webui.keyword.WebUiBuiltInKeywords$click$2.call(Unknown Source)
	at Select Inspection.run(Select Inspection:28)
	at com.kms.katalon.core.main.ScriptEngine.run(ScriptEngine.java:194)
	at com.kms.katalon.core.main.ScriptEngine.runScriptAsRawText(ScriptEngine.java:119)
	at com.kms.katalon.core.main.TestCaseExecutor.runScript(TestCaseExecutor.java:321)
	at com.kms.katalon.core.main.TestCaseExecutor.doExecute(TestCaseExecutor.java:312)
	at com.kms.katalon.core.main.TestCaseExecutor.processExecutionPhase(TestCaseExecutor.java:291)
	at com.kms.katalon.core.main.TestCaseExecutor.accessMainPhase(TestCaseExecutor.java:283)
	at com.kms.katalon.core.main.TestCaseExecutor.execute(TestCaseExecutor.java:222)
	at com.kms.katalon.core.main.TestSuiteExecutor.accessTestCaseMainPhase(TestSuiteExecutor.java:129)
	at com.kms.katalon.core.main.TestSuiteExecutor.accessTestSuiteMainPhase(TestSuiteExecutor.java:112)
	at com.kms.katalon.core.main.TestSuiteExecutor.execute(TestSuiteExecutor.java:81)
	at com.kms.katalon.core.main.TestCaseMain.startTestSuite(TestCaseMain.java:149)
	at com.kms.katalon.core.main.TestCaseMain$startTestSuite$0.call(Unknown Source)
	at TempTestSuite1548869218678.run(TempTestSuite1548869218678.groovy:36)


2019-01-30 18:17:56 - [TEST_STEP][PASSED] - delay(20): Delayed 20 second(s)

2019-01-30 18:18:16 - [MESSAGE][PASSED] - Delayed 20 second(s)

2019-01-30 18:18:16 - [TEST_STEP][PASSED] - waitForElementClickable(findTestObject("JM_8918/Page_JM Control Centre/Page_JM Control Centre/Page_JClient/Refresh"), 250): Object 'Object Repository/JM_8918/Page_JM Control Centre/Page_JM Control Centre/Page_JClient/Refresh' is clickable

2019-01-30 18:19:04 - [MESSAGE][PASSED] - Object 'Object Repository/JM_8918/Page_JM Control Centre/Page_JM Control Centre/Page_JClient/Refresh' is clickable

2019-01-30 18:19:04 - [TEST_STEP][FAILED] - click(findTestObject("JM_8918/Page_JM Control Centre/Page_JM Control Centre/Page_JClient/Refresh")): click(findTestObject("JM_8918/Page_JM Control Centre/Page_JM Control Centre/Page_JClient/Refresh")) FAILED.
Reason:
com.kms.katalon.core.exception.StepFailedException: Unable to click on object 'Object Repository/JM_8918/Page_JM Control Centre/Page_JM Control Centre/Page_JClient/Refresh' (Root cause: org.openqa.selenium.WebDriverException: unknown error: Element <div class="GFNJNYPCLSB" style="background-color: transparent; width: 30px; height: 30px; background-image: url(&quot;data:image/png;base64,iVBORw0KGgoAAAANSUhEUgAAADwAAAA8CAYAAAA6/NlyAAACHklEQVR42u2a7Y2DMAyGGYERGKEblA2uG5QNYIPrBscGYYNjA7oBbAAb0A1yRkqliiYkcI75qF/Jf07qJQ92HMdJELBYLBaLxTqspJQRWAZWgN3luzr19xwsAQv3CBkqyE4uUznA7wX0BvaQOOo2Cw4TuyCCjtWAnbbk1ULSKNsCbOMw0RrsB+wL7DxKaGewK5gAax3+V6GZQ6kSX+Et6TnCirmhqD5K5Qqtyfz3NWCHCUf/HCO2eDxXEfImH8BTazZF/rBiYizdvt76yMY69YNXPC2fdEZiy7FD2bT1xB6WzWsyahyBT5iTuFFtF4Zwtaml8G7lKYyXCDWcM8MgkSfgfgEwajg3tiIAGTieCY0azhGld0fLaKjCfqnDOdGViyuUsSb4HvXjGwqN28o1/LP+FugnKcMWEQdHlWE7Oh0Z2H+BzsAMTArcf9oa/rgsval9mAJYV2k1RwZepZa2dF1yr+OrVivZackyl27UpM/Q27PU5+GZy0v6qKdDw/Z0Jz40kHVdSHtahvFLigaii5e978sTH7uiyJA6PTz2pbOJXnhEEVqC4obP4WYyoUweteUKJEKIpKkXBGKNNkttu+VbcHt4cWjC08LOhH4WB7mCiUe/j9XeWji+CVkHdjRpQfQCIA22IuW93hNovcnzt/L2NyL4cCF+3cPpKlR3uu1C0GoXoBNHy1St88rgxUo9ernu8iUei8VisVgslk5/qMzBWIiR3T4AAAAASUVORK5CYII=&quot;); background-size: 30px 30px; background-repeat: no-repeat;"></div> is not clickable at point (314, 140). Other element would receive the click: <div class="GFNJNYPCOBB GFNJNYPCACB" style="-webkit-box-align: center; align-items: center; -webkit-box-pack: center; justify-content: center;">...</div>
  (Session info: chrome=71.0.3578.98)
  (Driver info: chromedriver=2.43.600210 (68dcf5eebde37173d4027fa8635e332711d2874a),platform=Windows NT 10.0.17134 x86_64) (WARNING: The server did not provide any stacktrace information)
Command duration or timeout: 0 milliseconds
Build info: version: '3.7.1', revision: '8a0099a', time: '2017-11-06T21:07:36.161Z'
System info: host: 'DESKTOP-KMCIR60', ip: '192.168.0.14', os.name: 'Windows 10', os.arch: 'amd64', os.version: '10.0', java.version: '1.8.0_181'
Driver info: com.kms.katalon.selenium.driver.CChromeDriver
Capabilities {acceptInsecureCerts: false, acceptSslCerts: false, applicationCacheEnabled: false, browserConnectionEnabled: false, browserName: chrome, chrome: {chromedriverVersion: 2.43.600210 (68dcf5eebde371..., userDataDir: C:\Users\jonha\AppData\Loca...}, cssSelectorsEnabled: true, databaseEnabled: false, goog:chromeOptions: {debuggerAddress: localhost:53297}, handlesAlerts: true, hasTouchScreen: false, javascriptEnabled: true, locationContextEnabled: true, mobileEmulationEnabled: false, nativeEvents: true, networkConnectionEnabled: false, pageLoadStrategy: normal, platform: XP, platformName: XP, rotatable: false, setWindowRect: true, takesHeapSnapshot: true, takesScreenshot: true, unexpectedAlertBehaviour: , unhandledPromptBehavior: , version: 71.0.3578.98, webStorageEnabled: true}
Session ID: b61aa6303bcd5659df07ffb89dc379b7)
	at com.kms.katalon.core.keyword.internal.KeywordMain.stepFailed(KeywordMain.groovy:36)
	at com.kms.katalon.core.webui.keyword.internal.WebUIKeywordMain.stepFailed(WebUIKeywordMain.groovy:65)
	at com.kms.katalon.core.webui.keyword.internal.WebUIKeywordMain.runKeyword(WebUIKeywordMain.groovy:27)
	at com.kms.katalon.core.webui.keyword.builtin.ClickKeyword.click(ClickKeyword.groovy:86)
	at com.kms.katalon.core.webui.keyword.builtin.ClickKeyword.execute(ClickKeyword.groovy:67)
	at com.kms.katalon.core.keyword.internal.KeywordExecutor.executeKeywordForPlatform(KeywordExecutor.groovy:53)
	at com.kms.katalon.core.webui.keyword.WebUiBuiltInKeywords.click(WebUiBuiltInKeywords.groovy:616)
	at com.kms.katalon.core.webui.keyword.WebUiBuiltInKeywords$click$2.call(Unknown Source)
	at Select Inspection.run(Select Inspection:28)
	at com.kms.katalon.core.main.ScriptEngine.run(ScriptEngine.java:194)
	at com.kms.katalon.core.main.ScriptEngine.runScriptAsRawText(ScriptEngine.java:119)
	at com.kms.katalon.core.main.TestCaseExecutor.runScript(TestCaseExecutor.java:321)
	at com.kms.katalon.core.main.TestCaseExecutor.doExecute(TestCaseExecutor.java:312)
	at com.kms.katalon.core.main.TestCaseExecutor.processExecutionPhase(TestCaseExecutor.java:291)
	at com.kms.katalon.core.main.TestCaseExecutor.accessMainPhase(TestCaseExecutor.java:283)
	at com.kms.katalon.core.main.TestCaseExecutor.execute(TestCaseExecutor.java:222)
	at com.kms.katalon.core.main.TestSuiteExecutor.accessTestCaseMainPhase(TestSuiteExecutor.java:129)
	at com.kms.katalon.core.main.TestSuiteExecutor.accessTestSuiteMainPhase(TestSuiteExecutor.java:112)
	at com.kms.katalon.core.main.TestSuiteExecutor.execute(TestSuiteExecutor.java:81)
	at com.kms.katalon.core.main.TestCaseMain.startTestSuite(TestCaseMain.java:149)
	at com.kms.katalon.core.main.TestCaseMain$startTestSuite$0.call(Unknown Source)
	at TempTestSuite1548869218678.run(TempTestSuite1548869218678.groovy:36)


2019-01-30 18:19:04 - [MESSAGE][FAILED] - Unable to click on object 'Object Repository/JM_8918/Page_JM Control Centre/Page_JM Control Centre/Page_JClient/Refresh' (Root cause: org.openqa.selenium.WebDriverException: unknown error: Element <div class="GFNJNYPCLSB" style="background-color: transparent; width: 30px; height: 30px; background-image: url(&quot;data:image/png;base64,iVBORw0KGgoAAAANSUhEUgAAADwAAAA8CAYAAAA6/NlyAAACHklEQVR42u2a7Y2DMAyGGYERGKEblA2uG5QNYIPrBscGYYNjA7oBbAAb0A1yRkqliiYkcI75qF/Jf07qJQ92HMdJELBYLBaLxTqspJQRWAZWgN3luzr19xwsAQv3CBkqyE4uUznA7wX0BvaQOOo2Cw4TuyCCjtWAnbbk1ULSKNsCbOMw0RrsB+wL7DxKaGewK5gAax3+V6GZQ6kSX+Et6TnCirmhqD5K5Qqtyfz3NWCHCUf/HCO2eDxXEfImH8BTazZF/rBiYizdvt76yMY69YNXPC2fdEZiy7FD2bT1xB6WzWsyahyBT5iTuFFtF4Zwtaml8G7lKYyXCDWcM8MgkSfgfgEwajg3tiIAGTieCY0azhGld0fLaKjCfqnDOdGViyuUsSb4HvXjGwqN28o1/LP+FugnKcMWEQdHlWE7Oh0Z2H+BzsAMTArcf9oa/rgsval9mAJYV2k1RwZepZa2dF1yr+OrVivZackyl27UpM/Q27PU5+GZy0v6qKdDw/Z0Jz40kHVdSHtahvFLigaii5e978sTH7uiyJA6PTz2pbOJXnhEEVqC4obP4WYyoUweteUKJEKIpKkXBGKNNkttu+VbcHt4cWjC08LOhH4WB7mCiUe/j9XeWji+CVkHdjRpQfQCIA22IuW93hNovcnzt/L2NyL4cCF+3cPpKlR3uu1C0GoXoBNHy1St88rgxUo9ernu8iUei8VisVgslk5/qMzBWIiR3T4AAAAASUVORK5CYII=&quot;); background-size: 30px 30px; background-repeat: no-repeat;"></div> is not clickable at point (314, 140). Other element would receive the click: <div class="GFNJNYPCOBB GFNJNYPCACB" style="-webkit-box-align: center; align-items: center; -webkit-box-pack: center; justify-content: center;">...</div>
  (Session info: chrome=71.0.3578.98)
  (Driver info: chromedriver=2.43.600210 (68dcf5eebde37173d4027fa8635e332711d2874a),platform=Windows NT 10.0.17134 x86_64) (WARNING: The server did not provide any stacktrace information)
Command duration or timeout: 0 milliseconds
Build info: version: '3.7.1', revision: '8a0099a', time: '2017-11-06T21:07:36.161Z'
System info: host: 'DESKTOP-KMCIR60', ip: '192.168.0.14', os.name: 'Windows 10', os.arch: 'amd64', os.version: '10.0', java.version: '1.8.0_181'
Driver info: com.kms.katalon.selenium.driver.CChromeDriver
Capabilities {acceptInsecureCerts: false, acceptSslCerts: false, applicationCacheEnabled: false, browserConnectionEnabled: false, browserName: chrome, chrome: {chromedriverVersion: 2.43.600210 (68dcf5eebde371..., userDataDir: C:\Users\jonha\AppData\Loca...}, cssSelectorsEnabled: true, databaseEnabled: false, goog:chromeOptions: {debuggerAddress: localhost:53297}, handlesAlerts: true, hasTouchScreen: false, javascriptEnabled: true, locationContextEnabled: true, mobileEmulationEnabled: false, nativeEvents: true, networkConnectionEnabled: false, pageLoadStrategy: normal, platform: XP, platformName: XP, rotatable: false, setWindowRect: true, takesHeapSnapshot: true, takesScreenshot: true, unexpectedAlertBehaviour: , unhandledPromptBehavior: , version: 71.0.3578.98, webStorageEnabled: true}
Session ID: b61aa6303bcd5659df07ffb89dc379b7)
[[ATTACHMENT|C:\\Users\\jonha\\Documents\\Katalon\\APHA\\JM_8.9\\FSM_Regression\\Reports\\NCP\\NCP Regression - Breeding Chickens\\20190130_172658\\1548872344324.png]]

2019-01-30 18:19:04 - [MESSAGE][FAILED] - click(findTestObject("JM_8918/Page_JM Control Centre/Page_JM Control Centre/Page_JClient/Refresh")) FAILED.
Reason:
com.kms.katalon.core.exception.StepFailedException: Unable to click on object 'Object Repository/JM_8918/Page_JM Control Centre/Page_JM Control Centre/Page_JClient/Refresh' (Root cause: org.openqa.selenium.WebDriverException: unknown error: Element <div class="GFNJNYPCLSB" style="background-color: transparent; width: 30px; height: 30px; background-image: url(&quot;data:image/png;base64,iVBORw0KGgoAAAANSUhEUgAAADwAAAA8CAYAAAA6/NlyAAACHklEQVR42u2a7Y2DMAyGGYERGKEblA2uG5QNYIPrBscGYYNjA7oBbAAb0A1yRkqliiYkcI75qF/Jf07qJQ92HMdJELBYLBaLxTqspJQRWAZWgN3luzr19xwsAQv3CBkqyE4uUznA7wX0BvaQOOo2Cw4TuyCCjtWAnbbk1ULSKNsCbOMw0RrsB+wL7DxKaGewK5gAax3+V6GZQ6kSX+Et6TnCirmhqD5K5Qqtyfz3NWCHCUf/HCO2eDxXEfImH8BTazZF/rBiYizdvt76yMY69YNXPC2fdEZiy7FD2bT1xB6WzWsyahyBT5iTuFFtF4Zwtaml8G7lKYyXCDWcM8MgkSfgfgEwajg3tiIAGTieCY0azhGld0fLaKjCfqnDOdGViyuUsSb4HvXjGwqN28o1/LP+FugnKcMWEQdHlWE7Oh0Z2H+BzsAMTArcf9oa/rgsval9mAJYV2k1RwZepZa2dF1yr+OrVivZackyl27UpM/Q27PU5+GZy0v6qKdDw/Z0Jz40kHVdSHtahvFLigaii5e978sTH7uiyJA6PTz2pbOJXnhEEVqC4obP4WYyoUweteUKJEKIpKkXBGKNNkttu+VbcHt4cWjC08LOhH4WB7mCiUe/j9XeWji+CVkHdjRpQfQCIA22IuW93hNovcnzt/L2NyL4cCF+3cPpKlR3uu1C0GoXoBNHy1St88rgxUo9ernu8iUei8VisVgslk5/qMzBWIiR3T4AAAAASUVORK5CYII=&quot;); background-size: 30px 30px; background-repeat: no-repeat;"></div> is not clickable at point (314, 140). Other element would receive the click: <div class="GFNJNYPCOBB GFNJNYPCACB" style="-webkit-box-align: center; align-items: center; -webkit-box-pack: center; justify-content: center;">...</div>
  (Session info: chrome=71.0.3578.98)
  (Driver info: chromedriver=2.43.600210 (68dcf5eebde37173d4027fa8635e332711d2874a),platform=Windows NT 10.0.17134 x86_64) (WARNING: The server did not provide any stacktrace information)
Command duration or timeout: 0 milliseconds
Build info: version: '3.7.1', revision: '8a0099a', time: '2017-11-06T21:07:36.161Z'
System info: host: 'DESKTOP-KMCIR60', ip: '192.168.0.14', os.name: 'Windows 10', os.arch: 'amd64', os.version: '10.0', java.version: '1.8.0_181'
Driver info: com.kms.katalon.selenium.driver.CChromeDriver
Capabilities {acceptInsecureCerts: false, acceptSslCerts: false, applicationCacheEnabled: false, browserConnectionEnabled: false, browserName: chrome, chrome: {chromedriverVersion: 2.43.600210 (68dcf5eebde371..., userDataDir: C:\Users\jonha\AppData\Loca...}, cssSelectorsEnabled: true, databaseEnabled: false, goog:chromeOptions: {debuggerAddress: localhost:53297}, handlesAlerts: true, hasTouchScreen: false, javascriptEnabled: true, locationContextEnabled: true, mobileEmulationEnabled: false, nativeEvents: true, networkConnectionEnabled: false, pageLoadStrategy: normal, platform: XP, platformName: XP, rotatable: false, setWindowRect: true, takesHeapSnapshot: true, takesScreenshot: true, unexpectedAlertBehaviour: , unhandledPromptBehavior: , version: 71.0.3578.98, webStorageEnabled: true}
Session ID: b61aa6303bcd5659df07ffb89dc379b7)
	at com.kms.katalon.core.keyword.internal.KeywordMain.stepFailed(KeywordMain.groovy:36)
	at com.kms.katalon.core.webui.keyword.internal.WebUIKeywordMain.stepFailed(WebUIKeywordMain.groovy:65)
	at com.kms.katalon.core.webui.keyword.internal.WebUIKeywordMain.runKeyword(WebUIKeywordMain.groovy:27)
	at com.kms.katalon.core.webui.keyword.builtin.ClickKeyword.click(ClickKeyword.groovy:86)
	at com.kms.katalon.core.webui.keyword.builtin.ClickKeyword.execute(ClickKeyword.groovy:67)
	at com.kms.katalon.core.keyword.internal.KeywordExecutor.executeKeywordForPlatform(KeywordExecutor.groovy:53)
	at com.kms.katalon.core.webui.keyword.WebUiBuiltInKeywords.click(WebUiBuiltInKeywords.groovy:616)
	at com.kms.katalon.core.webui.keyword.WebUiBuiltInKeywords$click$2.call(Unknown Source)
	at Select Inspection.run(Select Inspection:28)
	at com.kms.katalon.core.main.ScriptEngine.run(ScriptEngine.java:194)
	at com.kms.katalon.core.main.ScriptEngine.runScriptAsRawText(ScriptEngine.java:119)
	at com.kms.katalon.core.main.TestCaseExecutor.runScript(TestCaseExecutor.java:321)
	at com.kms.katalon.core.main.TestCaseExecutor.doExecute(TestCaseExecutor.java:312)
	at com.kms.katalon.core.main.TestCaseExecutor.processExecutionPhase(TestCaseExecutor.java:291)
	at com.kms.katalon.core.main.TestCaseExecutor.accessMainPhase(TestCaseExecutor.java:283)
	at com.kms.katalon.core.main.TestCaseExecutor.execute(TestCaseExecutor.java:222)
	at com.kms.katalon.core.main.TestSuiteExecutor.accessTestCaseMainPhase(TestSuiteExecutor.java:129)
	at com.kms.katalon.core.main.TestSuiteExecutor.accessTestSuiteMainPhase(TestSuiteExecutor.java:112)
	at com.kms.katalon.core.main.TestSuiteExecutor.execute(TestSuiteExecutor.java:81)
	at com.kms.katalon.core.main.TestCaseMain.startTestSuite(TestCaseMain.java:149)
	at com.kms.katalon.core.main.TestCaseMain$startTestSuite$0.call(Unknown Source)
	at TempTestSuite1548869218678.run(TempTestSuite1548869218678.groovy:36)]]></system-out>
         <system-err><![CDATA[2019-01-30 18:17:55 - [TEST_CASE][FAILED] - Test Cases/Generic/Select Inspection: Test Cases/Generic/Select Inspection FAILED.
Reason:
com.kms.katalon.core.exception.StepFailedException: Unable to click on object 'Object Repository/JM_8918/Page_JM Control Centre/Page_JM Control Centre/Page_JClient/Refresh' (Root cause: org.openqa.selenium.WebDriverException: unknown error: Element <div class="GFNJNYPCLSB" style="background-color: transparent; width: 30px; height: 30px; background-image: url(&quot;data:image/png;base64,iVBORw0KGgoAAAANSUhEUgAAADwAAAA8CAYAAAA6/NlyAAACHklEQVR42u2a7Y2DMAyGGYERGKEblA2uG5QNYIPrBscGYYNjA7oBbAAb0A1yRkqliiYkcI75qF/Jf07qJQ92HMdJELBYLBaLxTqspJQRWAZWgN3luzr19xwsAQv3CBkqyE4uUznA7wX0BvaQOOo2Cw4TuyCCjtWAnbbk1ULSKNsCbOMw0RrsB+wL7DxKaGewK5gAax3+V6GZQ6kSX+Et6TnCirmhqD5K5Qqtyfz3NWCHCUf/HCO2eDxXEfImH8BTazZF/rBiYizdvt76yMY69YNXPC2fdEZiy7FD2bT1xB6WzWsyahyBT5iTuFFtF4Zwtaml8G7lKYyXCDWcM8MgkSfgfgEwajg3tiIAGTieCY0azhGld0fLaKjCfqnDOdGViyuUsSb4HvXjGwqN28o1/LP+FugnKcMWEQdHlWE7Oh0Z2H+BzsAMTArcf9oa/rgsval9mAJYV2k1RwZepZa2dF1yr+OrVivZackyl27UpM/Q27PU5+GZy0v6qKdDw/Z0Jz40kHVdSHtahvFLigaii5e978sTH7uiyJA6PTz2pbOJXnhEEVqC4obP4WYyoUweteUKJEKIpKkXBGKNNkttu+VbcHt4cWjC08LOhH4WB7mCiUe/j9XeWji+CVkHdjRpQfQCIA22IuW93hNovcnzt/L2NyL4cCF+3cPpKlR3uu1C0GoXoBNHy1St88rgxUo9ernu8iUei8VisVgslk5/qMzBWIiR3T4AAAAASUVORK5CYII=&quot;); background-size: 30px 30px; background-repeat: no-repeat;"></div> is not clickable at point (314, 140). Other element would receive the click: <div class="GFNJNYPCOBB GFNJNYPCACB" style="-webkit-box-align: center; align-items: center; -webkit-box-pack: center; justify-content: center;">...</div>
  (Session info: chrome=71.0.3578.98)
  (Driver info: chromedriver=2.43.600210 (68dcf5eebde37173d4027fa8635e332711d2874a),platform=Windows NT 10.0.17134 x86_64) (WARNING: The server did not provide any stacktrace information)
Command duration or timeout: 0 milliseconds
Build info: version: '3.7.1', revision: '8a0099a', time: '2017-11-06T21:07:36.161Z'
System info: host: 'DESKTOP-KMCIR60', ip: '192.168.0.14', os.name: 'Windows 10', os.arch: 'amd64', os.version: '10.0', java.version: '1.8.0_181'
Driver info: com.kms.katalon.selenium.driver.CChromeDriver
Capabilities {acceptInsecureCerts: false, acceptSslCerts: false, applicationCacheEnabled: false, browserConnectionEnabled: false, browserName: chrome, chrome: {chromedriverVersion: 2.43.600210 (68dcf5eebde371..., userDataDir: C:\Users\jonha\AppData\Loca...}, cssSelectorsEnabled: true, databaseEnabled: false, goog:chromeOptions: {debuggerAddress: localhost:53297}, handlesAlerts: true, hasTouchScreen: false, javascriptEnabled: true, locationContextEnabled: true, mobileEmulationEnabled: false, nativeEvents: true, networkConnectionEnabled: false, pageLoadStrategy: normal, platform: XP, platformName: XP, rotatable: false, setWindowRect: true, takesHeapSnapshot: true, takesScreenshot: true, unexpectedAlertBehaviour: , unhandledPromptBehavior: , version: 71.0.3578.98, webStorageEnabled: true}
Session ID: b61aa6303bcd5659df07ffb89dc379b7)
	at com.kms.katalon.core.keyword.internal.KeywordMain.stepFailed(KeywordMain.groovy:36)
	at com.kms.katalon.core.webui.keyword.internal.WebUIKeywordMain.stepFailed(WebUIKeywordMain.groovy:65)
	at com.kms.katalon.core.webui.keyword.internal.WebUIKeywordMain.runKeyword(WebUIKeywordMain.groovy:27)
	at com.kms.katalon.core.webui.keyword.builtin.ClickKeyword.click(ClickKeyword.groovy:86)
	at com.kms.katalon.core.webui.keyword.builtin.ClickKeyword.execute(ClickKeyword.groovy:67)
	at com.kms.katalon.core.keyword.internal.KeywordExecutor.executeKeywordForPlatform(KeywordExecutor.groovy:53)
	at com.kms.katalon.core.webui.keyword.WebUiBuiltInKeywords.click(WebUiBuiltInKeywords.groovy:616)
	at com.kms.katalon.core.webui.keyword.WebUiBuiltInKeywords$click$2.call(Unknown Source)
	at Select Inspection.run(Select Inspection:28)
	at com.kms.katalon.core.main.ScriptEngine.run(ScriptEngine.java:194)
	at com.kms.katalon.core.main.ScriptEngine.runScriptAsRawText(ScriptEngine.java:119)
	at com.kms.katalon.core.main.TestCaseExecutor.runScript(TestCaseExecutor.java:321)
	at com.kms.katalon.core.main.TestCaseExecutor.doExecute(TestCaseExecutor.java:312)
	at com.kms.katalon.core.main.TestCaseExecutor.processExecutionPhase(TestCaseExecutor.java:291)
	at com.kms.katalon.core.main.TestCaseExecutor.accessMainPhase(TestCaseExecutor.java:283)
	at com.kms.katalon.core.main.TestCaseExecutor.execute(TestCaseExecutor.java:222)
	at com.kms.katalon.core.main.TestSuiteExecutor.accessTestCaseMainPhase(TestSuiteExecutor.java:129)
	at com.kms.katalon.core.main.TestSuiteExecutor.accessTestSuiteMainPhase(TestSuiteExecutor.java:112)
	at com.kms.katalon.core.main.TestSuiteExecutor.execute(TestSuiteExecutor.java:81)
	at com.kms.katalon.core.main.TestCaseMain.startTestSuite(TestCaseMain.java:149)
	at com.kms.katalon.core.main.TestCaseMain$startTestSuite$0.call(Unknown Source)
	at TempTestSuite1548869218678.run(TempTestSuite1548869218678.groovy:36)]]></system-err>
      </testcase>
      <testcase name="Test Cases/NCP/Breeding Chickens/Complete NCP Inspection - Edit Attributes - Breeding Chickens" classname="Test Cases/NCP/Breeding Chickens/Complete NCP Inspection - Edit Attributes - Breeding Chickens" status="FAILED">
         <failure type="FAILED" message="Test Cases/NCP/Breeding Chickens/Complete NCP Inspection - Edit Attributes - Breeding Chickens FAILED.
Reason:
com.kms.katalon.core.exception.StepFailedException: Unable to click on object 'Object Repository/FSM1/NCP/Complete Inspection/Edit Attributes/Page_JClient/div_Edit attributes' (Root cause: com.kms.katalon.core.webui.exception.WebElementNotFoundException: Web element with id: 'Object Repository/FSM1/NCP/Complete Inspection/Edit Attributes/Page_JClient/div_Edit attributes' located by 'By.xpath: //div[(text() = 'Edit attributes' or . = 'Edit attributes')]' not found)
	at com.kms.katalon.core.keyword.internal.KeywordMain.stepFailed(KeywordMain.groovy:36)
	at com.kms.katalon.core.webui.keyword.internal.WebUIKeywordMain.stepFailed(WebUIKeywordMain.groovy:65)
	at com.kms.katalon.core.webui.keyword.internal.WebUIKeywordMain.runKeyword(WebUIKeywordMain.groovy:27)
	at com.kms.katalon.core.webui.keyword.builtin.ClickKeyword.click(ClickKeyword.groovy:86)
	at com.kms.katalon.core.webui.keyword.builtin.ClickKeyword.execute(ClickKeyword.groovy:67)
	at com.kms.katalon.core.keyword.internal.KeywordExecutor.executeKeywordForPlatform(KeywordExecutor.groovy:53)
	at com.kms.katalon.core.webui.keyword.WebUiBuiltInKeywords.click(WebUiBuiltInKeywords.groovy:616)
	at com.kms.katalon.core.webui.keyword.WebUiBuiltInKeywords$click$2.call(Unknown Source)
	at Complete NCP Inspection - Edit Attributes - Breeding Chickens.run(Complete NCP Inspection - Edit Attributes - Breeding Chickens:16)
	at com.kms.katalon.core.main.ScriptEngine.run(ScriptEngine.java:194)
	at com.kms.katalon.core.main.ScriptEngine.runScriptAsRawText(ScriptEngine.java:119)
	at com.kms.katalon.core.main.TestCaseExecutor.runScript(TestCaseExecutor.java:321)
	at com.kms.katalon.core.main.TestCaseExecutor.doExecute(TestCaseExecutor.java:312)
	at com.kms.katalon.core.main.TestCaseExecutor.processExecutionPhase(TestCaseExecutor.java:291)
	at com.kms.katalon.core.main.TestCaseExecutor.accessMainPhase(TestCaseExecutor.java:283)
	at com.kms.katalon.core.main.TestCaseExecutor.execute(TestCaseExecutor.java:222)
	at com.kms.katalon.core.main.TestSuiteExecutor.accessTestCaseMainPhase(TestSuiteExecutor.java:129)
	at com.kms.katalon.core.main.TestSuiteExecutor.accessTestSuiteMainPhase(TestSuiteExecutor.java:112)
	at com.kms.katalon.core.main.TestSuiteExecutor.execute(TestSuiteExecutor.java:81)
	at com.kms.katalon.core.main.TestCaseMain.startTestSuite(TestCaseMain.java:149)
	at com.kms.katalon.core.main.TestCaseMain$startTestSuite$0.call(Unknown Source)
	at TempTestSuite1548869218678.run(TempTestSuite1548869218678.groovy:36)
"/>
         <system-out><![CDATA[2019-01-30 18:19:04 - [TEST_CASE][FAILED] - Test Cases/NCP/Breeding Chickens/Complete NCP Inspection - Edit Attributes - Breeding Chickens: Test Cases/NCP/Breeding Chickens/Complete NCP Inspection - Edit Attributes - Breeding Chickens FAILED.
Reason:
com.kms.katalon.core.exception.StepFailedException: Unable to click on object 'Object Repository/FSM1/NCP/Complete Inspection/Edit Attributes/Page_JClient/div_Edit attributes' (Root cause: com.kms.katalon.core.webui.exception.WebElementNotFoundException: Web element with id: 'Object Repository/FSM1/NCP/Complete Inspection/Edit Attributes/Page_JClient/div_Edit attributes' located by 'By.xpath: //div[(text() = 'Edit attributes' or . = 'Edit attributes')]' not found)
	at com.kms.katalon.core.keyword.internal.KeywordMain.stepFailed(KeywordMain.groovy:36)
	at com.kms.katalon.core.webui.keyword.internal.WebUIKeywordMain.stepFailed(WebUIKeywordMain.groovy:65)
	at com.kms.katalon.core.webui.keyword.internal.WebUIKeywordMain.runKeyword(WebUIKeywordMain.groovy:27)
	at com.kms.katalon.core.webui.keyword.builtin.ClickKeyword.click(ClickKeyword.groovy:86)
	at com.kms.katalon.core.webui.keyword.builtin.ClickKeyword.execute(ClickKeyword.groovy:67)
	at com.kms.katalon.core.keyword.internal.KeywordExecutor.executeKeywordForPlatform(KeywordExecutor.groovy:53)
	at com.kms.katalon.core.webui.keyword.WebUiBuiltInKeywords.click(WebUiBuiltInKeywords.groovy:616)
	at com.kms.katalon.core.webui.keyword.WebUiBuiltInKeywords$click$2.call(Unknown Source)
	at Complete NCP Inspection - Edit Attributes - Breeding Chickens.run(Complete NCP Inspection - Edit Attributes - Breeding Chickens:16)
	at com.kms.katalon.core.main.ScriptEngine.run(ScriptEngine.java:194)
	at com.kms.katalon.core.main.ScriptEngine.runScriptAsRawText(ScriptEngine.java:119)
	at com.kms.katalon.core.main.TestCaseExecutor.runScript(TestCaseExecutor.java:321)
	at com.kms.katalon.core.main.TestCaseExecutor.doExecute(TestCaseExecutor.java:312)
	at com.kms.katalon.core.main.TestCaseExecutor.processExecutionPhase(TestCaseExecutor.java:291)
	at com.kms.katalon.core.main.TestCaseExecutor.accessMainPhase(TestCaseExecutor.java:283)
	at com.kms.katalon.core.main.TestCaseExecutor.execute(TestCaseExecutor.java:222)
	at com.kms.katalon.core.main.TestSuiteExecutor.accessTestCaseMainPhase(TestSuiteExecutor.java:129)
	at com.kms.katalon.core.main.TestSuiteExecutor.accessTestSuiteMainPhase(TestSuiteExecutor.java:112)
	at com.kms.katalon.core.main.TestSuiteExecutor.execute(TestSuiteExecutor.java:81)
	at com.kms.katalon.core.main.TestCaseMain.startTestSuite(TestCaseMain.java:149)
	at com.kms.katalon.core.main.TestCaseMain$startTestSuite$0.call(Unknown Source)
	at TempTestSuite1548869218678.run(TempTestSuite1548869218678.groovy:36)


2019-01-30 18:19:05 - [TEST_STEP][FAILED] - click(findTestObject("Object Repository/FSM1/NCP/Complete Inspection/Edit Attributes/Page_JClient/div_Edit attributes")): click(findTestObject("Object Repository/FSM1/NCP/Complete Inspection/Edit Attributes/Page_JClient/div_Edit attributes")) FAILED.
Reason:
com.kms.katalon.core.exception.StepFailedException: Unable to click on object 'Object Repository/FSM1/NCP/Complete Inspection/Edit Attributes/Page_JClient/div_Edit attributes' (Root cause: com.kms.katalon.core.webui.exception.WebElementNotFoundException: Web element with id: 'Object Repository/FSM1/NCP/Complete Inspection/Edit Attributes/Page_JClient/div_Edit attributes' located by 'By.xpath: //div[(text() = 'Edit attributes' or . = 'Edit attributes')]' not found)
	at com.kms.katalon.core.keyword.internal.KeywordMain.stepFailed(KeywordMain.groovy:36)
	at com.kms.katalon.core.webui.keyword.internal.WebUIKeywordMain.stepFailed(WebUIKeywordMain.groovy:65)
	at com.kms.katalon.core.webui.keyword.internal.WebUIKeywordMain.runKeyword(WebUIKeywordMain.groovy:27)
	at com.kms.katalon.core.webui.keyword.builtin.ClickKeyword.click(ClickKeyword.groovy:86)
	at com.kms.katalon.core.webui.keyword.builtin.ClickKeyword.execute(ClickKeyword.groovy:67)
	at com.kms.katalon.core.keyword.internal.KeywordExecutor.executeKeywordForPlatform(KeywordExecutor.groovy:53)
	at com.kms.katalon.core.webui.keyword.WebUiBuiltInKeywords.click(WebUiBuiltInKeywords.groovy:616)
	at com.kms.katalon.core.webui.keyword.WebUiBuiltInKeywords$click$2.call(Unknown Source)
	at Complete NCP Inspection - Edit Attributes - Breeding Chickens.run(Complete NCP Inspection - Edit Attributes - Breeding Chickens:16)
	at com.kms.katalon.core.main.ScriptEngine.run(ScriptEngine.java:194)
	at com.kms.katalon.core.main.ScriptEngine.runScriptAsRawText(ScriptEngine.java:119)
	at com.kms.katalon.core.main.TestCaseExecutor.runScript(TestCaseExecutor.java:321)
	at com.kms.katalon.core.main.TestCaseExecutor.doExecute(TestCaseExecutor.java:312)
	at com.kms.katalon.core.main.TestCaseExecutor.processExecutionPhase(TestCaseExecutor.java:291)
	at com.kms.katalon.core.main.TestCaseExecutor.accessMainPhase(TestCaseExecutor.java:283)
	at com.kms.katalon.core.main.TestCaseExecutor.execute(TestCaseExecutor.java:222)
	at com.kms.katalon.core.main.TestSuiteExecutor.accessTestCaseMainPhase(TestSuiteExecutor.java:129)
	at com.kms.katalon.core.main.TestSuiteExecutor.accessTestSuiteMainPhase(TestSuiteExecutor.java:112)
	at com.kms.katalon.core.main.TestSuiteExecutor.execute(TestSuiteExecutor.java:81)
	at com.kms.katalon.core.main.TestCaseMain.startTestSuite(TestCaseMain.java:149)
	at com.kms.katalon.core.main.TestCaseMain$startTestSuite$0.call(Unknown Source)
	at TempTestSuite1548869218678.run(TempTestSuite1548869218678.groovy:36)


2019-01-30 18:19:37 - [MESSAGE][INFO] - Unable to find the element located by 'By.xpath: //div[(text() = 'Edit attributes' or . = 'Edit attributes')]'. Please recheck the objects properties to make sure the desired element is located. 

2019-01-30 18:19:37 - [MESSAGE][FAILED] - Unable to click on object 'Object Repository/FSM1/NCP/Complete Inspection/Edit Attributes/Page_JClient/div_Edit attributes' (Root cause: com.kms.katalon.core.webui.exception.WebElementNotFoundException: Web element with id: 'Object Repository/FSM1/NCP/Complete Inspection/Edit Attributes/Page_JClient/div_Edit attributes' located by 'By.xpath: //div[(text() = 'Edit attributes' or . = 'Edit attributes')]' not found)
[[ATTACHMENT|C:\\Users\\jonha\\Documents\\Katalon\\APHA\\JM_8.9\\FSM_Regression\\Reports\\NCP\\NCP Regression - Breeding Chickens\\20190130_172658\\1548872377360.png]]

2019-01-30 18:19:37 - [MESSAGE][FAILED] - click(findTestObject("Object Repository/FSM1/NCP/Complete Inspection/Edit Attributes/Page_JClient/div_Edit attributes")) FAILED.
Reason:
com.kms.katalon.core.exception.StepFailedException: Unable to click on object 'Object Repository/FSM1/NCP/Complete Inspection/Edit Attributes/Page_JClient/div_Edit attributes' (Root cause: com.kms.katalon.core.webui.exception.WebElementNotFoundException: Web element with id: 'Object Repository/FSM1/NCP/Complete Inspection/Edit Attributes/Page_JClient/div_Edit attributes' located by 'By.xpath: //div[(text() = 'Edit attributes' or . = 'Edit attributes')]' not found)
	at com.kms.katalon.core.keyword.internal.KeywordMain.stepFailed(KeywordMain.groovy:36)
	at com.kms.katalon.core.webui.keyword.internal.WebUIKeywordMain.stepFailed(WebUIKeywordMain.groovy:65)
	at com.kms.katalon.core.webui.keyword.internal.WebUIKeywordMain.runKeyword(WebUIKeywordMain.groovy:27)
	at com.kms.katalon.core.webui.keyword.builtin.ClickKeyword.click(ClickKeyword.groovy:86)
	at com.kms.katalon.core.webui.keyword.builtin.ClickKeyword.execute(ClickKeyword.groovy:67)
	at com.kms.katalon.core.keyword.internal.KeywordExecutor.executeKeywordForPlatform(KeywordExecutor.groovy:53)
	at com.kms.katalon.core.webui.keyword.WebUiBuiltInKeywords.click(WebUiBuiltInKeywords.groovy:616)
	at com.kms.katalon.core.webui.keyword.WebUiBuiltInKeywords$click$2.call(Unknown Source)
	at Complete NCP Inspection - Edit Attributes - Breeding Chickens.run(Complete NCP Inspection - Edit Attributes - Breeding Chickens:16)
	at com.kms.katalon.core.main.ScriptEngine.run(ScriptEngine.java:194)
	at com.kms.katalon.core.main.ScriptEngine.runScriptAsRawText(ScriptEngine.java:119)
	at com.kms.katalon.core.main.TestCaseExecutor.runScript(TestCaseExecutor.java:321)
	at com.kms.katalon.core.main.TestCaseExecutor.doExecute(TestCaseExecutor.java:312)
	at com.kms.katalon.core.main.TestCaseExecutor.processExecutionPhase(TestCaseExecutor.java:291)
	at com.kms.katalon.core.main.TestCaseExecutor.accessMainPhase(TestCaseExecutor.java:283)
	at com.kms.katalon.core.main.TestCaseExecutor.execute(TestCaseExecutor.java:222)
	at com.kms.katalon.core.main.TestSuiteExecutor.accessTestCaseMainPhase(TestSuiteExecutor.java:129)
	at com.kms.katalon.core.main.TestSuiteExecutor.accessTestSuiteMainPhase(TestSuiteExecutor.java:112)
	at com.kms.katalon.core.main.TestSuiteExecutor.execute(TestSuiteExecutor.java:81)
	at com.kms.katalon.core.main.TestCaseMain.startTestSuite(TestCaseMain.java:149)
	at com.kms.katalon.core.main.TestCaseMain$startTestSuite$0.call(Unknown Source)
	at TempTestSuite1548869218678.run(TempTestSuite1548869218678.groovy:36)]]></system-out>
         <system-err><![CDATA[2019-01-30 18:19:04 - [TEST_CASE][FAILED] - Test Cases/NCP/Breeding Chickens/Complete NCP Inspection - Edit Attributes - Breeding Chickens: Test Cases/NCP/Breeding Chickens/Complete NCP Inspection - Edit Attributes - Breeding Chickens FAILED.
Reason:
com.kms.katalon.core.exception.StepFailedException: Unable to click on object 'Object Repository/FSM1/NCP/Complete Inspection/Edit Attributes/Page_JClient/div_Edit attributes' (Root cause: com.kms.katalon.core.webui.exception.WebElementNotFoundException: Web element with id: 'Object Repository/FSM1/NCP/Complete Inspection/Edit Attributes/Page_JClient/div_Edit attributes' located by 'By.xpath: //div[(text() = 'Edit attributes' or . = 'Edit attributes')]' not found)
	at com.kms.katalon.core.keyword.internal.KeywordMain.stepFailed(KeywordMain.groovy:36)
	at com.kms.katalon.core.webui.keyword.internal.WebUIKeywordMain.stepFailed(WebUIKeywordMain.groovy:65)
	at com.kms.katalon.core.webui.keyword.internal.WebUIKeywordMain.runKeyword(WebUIKeywordMain.groovy:27)
	at com.kms.katalon.core.webui.keyword.builtin.ClickKeyword.click(ClickKeyword.groovy:86)
	at com.kms.katalon.core.webui.keyword.builtin.ClickKeyword.execute(ClickKeyword.groovy:67)
	at com.kms.katalon.core.keyword.internal.KeywordExecutor.executeKeywordForPlatform(KeywordExecutor.groovy:53)
	at com.kms.katalon.core.webui.keyword.WebUiBuiltInKeywords.click(WebUiBuiltInKeywords.groovy:616)
	at com.kms.katalon.core.webui.keyword.WebUiBuiltInKeywords$click$2.call(Unknown Source)
	at Complete NCP Inspection - Edit Attributes - Breeding Chickens.run(Complete NCP Inspection - Edit Attributes - Breeding Chickens:16)
	at com.kms.katalon.core.main.ScriptEngine.run(ScriptEngine.java:194)
	at com.kms.katalon.core.main.ScriptEngine.runScriptAsRawText(ScriptEngine.java:119)
	at com.kms.katalon.core.main.TestCaseExecutor.runScript(TestCaseExecutor.java:321)
	at com.kms.katalon.core.main.TestCaseExecutor.doExecute(TestCaseExecutor.java:312)
	at com.kms.katalon.core.main.TestCaseExecutor.processExecutionPhase(TestCaseExecutor.java:291)
	at com.kms.katalon.core.main.TestCaseExecutor.accessMainPhase(TestCaseExecutor.java:283)
	at com.kms.katalon.core.main.TestCaseExecutor.execute(TestCaseExecutor.java:222)
	at com.kms.katalon.core.main.TestSuiteExecutor.accessTestCaseMainPhase(TestSuiteExecutor.java:129)
	at com.kms.katalon.core.main.TestSuiteExecutor.accessTestSuiteMainPhase(TestSuiteExecutor.java:112)
	at com.kms.katalon.core.main.TestSuiteExecutor.execute(TestSuiteExecutor.java:81)
	at com.kms.katalon.core.main.TestCaseMain.startTestSuite(TestCaseMain.java:149)
	at com.kms.katalon.core.main.TestCaseMain$startTestSuite$0.call(Unknown Source)
	at TempTestSuite1548869218678.run(TempTestSuite1548869218678.groovy:36)]]></system-err>
      </testcase>
      <testcase name="Test Cases/NCP/Generic/NCP Samples" classname="Test Cases/NCP/Generic/NCP Samples" status="FAILED">
         <failure type="FAILED" message="Test Cases/NCP/Generic/NCP Samples FAILED.
Reason:
com.kms.katalon.core.exception.StepFailedException: Unable to click on object 'Object Repository/FSM1/NCP/Complete Inspection/Breeding Chicken Samples/Page_JClient/div_Breeding Chicken Samples' (Root cause: com.kms.katalon.core.webui.exception.WebElementNotFoundException: Web element with id: 'Object Repository/FSM1/NCP/Complete Inspection/Breeding Chicken Samples/Page_JClient/div_Breeding Chicken Samples' located by 'By.xpath: //div[(text() = 'Breeding Chicken Samples' or . = 'Breeding Chicken Samples')]' not found)
	at com.kms.katalon.core.keyword.internal.KeywordMain.stepFailed(KeywordMain.groovy:36)
	at com.kms.katalon.core.webui.keyword.internal.WebUIKeywordMain.stepFailed(WebUIKeywordMain.groovy:65)
	at com.kms.katalon.core.webui.keyword.internal.WebUIKeywordMain.runKeyword(WebUIKeywordMain.groovy:27)
	at com.kms.katalon.core.webui.keyword.builtin.ClickKeyword.click(ClickKeyword.groovy:86)
	at com.kms.katalon.core.webui.keyword.builtin.ClickKeyword.execute(ClickKeyword.groovy:67)
	at com.kms.katalon.core.keyword.internal.KeywordExecutor.executeKeywordForPlatform(KeywordExecutor.groovy:53)
	at com.kms.katalon.core.webui.keyword.WebUiBuiltInKeywords.click(WebUiBuiltInKeywords.groovy:604)
	at com.kms.katalon.core.webui.keyword.WebUiBuiltInKeywords$click$5.call(Unknown Source)
	at NCP Samples.run(NCP Samples:19)
	at com.kms.katalon.core.main.ScriptEngine.run(ScriptEngine.java:194)
	at com.kms.katalon.core.main.ScriptEngine.runScriptAsRawText(ScriptEngine.java:119)
	at com.kms.katalon.core.main.TestCaseExecutor.runScript(TestCaseExecutor.java:321)
	at com.kms.katalon.core.main.TestCaseExecutor.doExecute(TestCaseExecutor.java:312)
	at com.kms.katalon.core.main.TestCaseExecutor.processExecutionPhase(TestCaseExecutor.java:291)
	at com.kms.katalon.core.main.TestCaseExecutor.accessMainPhase(TestCaseExecutor.java:283)
	at com.kms.katalon.core.main.TestCaseExecutor.execute(TestCaseExecutor.java:222)
	at com.kms.katalon.core.main.TestSuiteExecutor.accessTestCaseMainPhase(TestSuiteExecutor.java:129)
	at com.kms.katalon.core.main.TestSuiteExecutor.accessTestSuiteMainPhase(TestSuiteExecutor.java:112)
	at com.kms.katalon.core.main.TestSuiteExecutor.execute(TestSuiteExecutor.java:81)
	at com.kms.katalon.core.main.TestCaseMain.startTestSuite(TestCaseMain.java:149)
	at com.kms.katalon.core.main.TestCaseMain$startTestSuite$0.call(Unknown Source)
	at TempTestSuite1548869218678.run(TempTestSuite1548869218678.groovy:36)
"/>
         <system-out><![CDATA[2019-01-30 18:19:37 - [TEST_CASE][FAILED] - Test Cases/NCP/Generic/NCP Samples: Test Cases/NCP/Generic/NCP Samples FAILED.
Reason:
com.kms.katalon.core.exception.StepFailedException: Unable to click on object 'Object Repository/FSM1/NCP/Complete Inspection/Breeding Chicken Samples/Page_JClient/div_Breeding Chicken Samples' (Root cause: com.kms.katalon.core.webui.exception.WebElementNotFoundException: Web element with id: 'Object Repository/FSM1/NCP/Complete Inspection/Breeding Chicken Samples/Page_JClient/div_Breeding Chicken Samples' located by 'By.xpath: //div[(text() = 'Breeding Chicken Samples' or . = 'Breeding Chicken Samples')]' not found)
	at com.kms.katalon.core.keyword.internal.KeywordMain.stepFailed(KeywordMain.groovy:36)
	at com.kms.katalon.core.webui.keyword.internal.WebUIKeywordMain.stepFailed(WebUIKeywordMain.groovy:65)
	at com.kms.katalon.core.webui.keyword.internal.WebUIKeywordMain.runKeyword(WebUIKeywordMain.groovy:27)
	at com.kms.katalon.core.webui.keyword.builtin.ClickKeyword.click(ClickKeyword.groovy:86)
	at com.kms.katalon.core.webui.keyword.builtin.ClickKeyword.execute(ClickKeyword.groovy:67)
	at com.kms.katalon.core.keyword.internal.KeywordExecutor.executeKeywordForPlatform(KeywordExecutor.groovy:53)
	at com.kms.katalon.core.webui.keyword.WebUiBuiltInKeywords.click(WebUiBuiltInKeywords.groovy:604)
	at com.kms.katalon.core.webui.keyword.WebUiBuiltInKeywords$click$5.call(Unknown Source)
	at NCP Samples.run(NCP Samples:19)
	at com.kms.katalon.core.main.ScriptEngine.run(ScriptEngine.java:194)
	at com.kms.katalon.core.main.ScriptEngine.runScriptAsRawText(ScriptEngine.java:119)
	at com.kms.katalon.core.main.TestCaseExecutor.runScript(TestCaseExecutor.java:321)
	at com.kms.katalon.core.main.TestCaseExecutor.doExecute(TestCaseExecutor.java:312)
	at com.kms.katalon.core.main.TestCaseExecutor.processExecutionPhase(TestCaseExecutor.java:291)
	at com.kms.katalon.core.main.TestCaseExecutor.accessMainPhase(TestCaseExecutor.java:283)
	at com.kms.katalon.core.main.TestCaseExecutor.execute(TestCaseExecutor.java:222)
	at com.kms.katalon.core.main.TestSuiteExecutor.accessTestCaseMainPhase(TestSuiteExecutor.java:129)
	at com.kms.katalon.core.main.TestSuiteExecutor.accessTestSuiteMainPhase(TestSuiteExecutor.java:112)
	at com.kms.katalon.core.main.TestSuiteExecutor.execute(TestSuiteExecutor.java:81)
	at com.kms.katalon.core.main.TestCaseMain.startTestSuite(TestCaseMain.java:149)
	at com.kms.katalon.core.main.TestCaseMain$startTestSuite$0.call(Unknown Source)
	at TempTestSuite1548869218678.run(TempTestSuite1548869218678.groovy:36)


2019-01-30 18:19:38 - [TEST_STEP][PASSED] - SampleType = modifyObjectProperty(findTestObject("Object Repository/FSM1/NCP/Complete Inspection/Breeding Chicken Samples/Page_JClient/div_Breeding Chicken Samples"), "text", "equals", SampleType, true): Modify property of object successfully

2019-01-30 18:19:38 - [MESSAGE][PASSED] - Modify property of object successfully

2019-01-30 18:19:38 - [TEST_STEP][FAILED] - click(SampleType, STOP_ON_FAILURE): click(SampleType, STOP_ON_FAILURE) FAILED.
Reason:
com.kms.katalon.core.exception.StepFailedException: Unable to click on object 'Object Repository/FSM1/NCP/Complete Inspection/Breeding Chicken Samples/Page_JClient/div_Breeding Chicken Samples' (Root cause: com.kms.katalon.core.webui.exception.WebElementNotFoundException: Web element with id: 'Object Repository/FSM1/NCP/Complete Inspection/Breeding Chicken Samples/Page_JClient/div_Breeding Chicken Samples' located by 'By.xpath: //div[(text() = 'Breeding Chicken Samples' or . = 'Breeding Chicken Samples')]' not found)
	at com.kms.katalon.core.keyword.internal.KeywordMain.stepFailed(KeywordMain.groovy:36)
	at com.kms.katalon.core.webui.keyword.internal.WebUIKeywordMain.stepFailed(WebUIKeywordMain.groovy:65)
	at com.kms.katalon.core.webui.keyword.internal.WebUIKeywordMain.runKeyword(WebUIKeywordMain.groovy:27)
	at com.kms.katalon.core.webui.keyword.builtin.ClickKeyword.click(ClickKeyword.groovy:86)
	at com.kms.katalon.core.webui.keyword.builtin.ClickKeyword.execute(ClickKeyword.groovy:67)
	at com.kms.katalon.core.keyword.internal.KeywordExecutor.executeKeywordForPlatform(KeywordExecutor.groovy:53)
	at com.kms.katalon.core.webui.keyword.WebUiBuiltInKeywords.click(WebUiBuiltInKeywords.groovy:604)
	at com.kms.katalon.core.webui.keyword.WebUiBuiltInKeywords$click$5.call(Unknown Source)
	at NCP Samples.run(NCP Samples:19)
	at com.kms.katalon.core.main.ScriptEngine.run(ScriptEngine.java:194)
	at com.kms.katalon.core.main.ScriptEngine.runScriptAsRawText(ScriptEngine.java:119)
	at com.kms.katalon.core.main.TestCaseExecutor.runScript(TestCaseExecutor.java:321)
	at com.kms.katalon.core.main.TestCaseExecutor.doExecute(TestCaseExecutor.java:312)
	at com.kms.katalon.core.main.TestCaseExecutor.processExecutionPhase(TestCaseExecutor.java:291)
	at com.kms.katalon.core.main.TestCaseExecutor.accessMainPhase(TestCaseExecutor.java:283)
	at com.kms.katalon.core.main.TestCaseExecutor.execute(TestCaseExecutor.java:222)
	at com.kms.katalon.core.main.TestSuiteExecutor.accessTestCaseMainPhase(TestSuiteExecutor.java:129)
	at com.kms.katalon.core.main.TestSuiteExecutor.accessTestSuiteMainPhase(TestSuiteExecutor.java:112)
	at com.kms.katalon.core.main.TestSuiteExecutor.execute(TestSuiteExecutor.java:81)
	at com.kms.katalon.core.main.TestCaseMain.startTestSuite(TestCaseMain.java:149)
	at com.kms.katalon.core.main.TestCaseMain$startTestSuite$0.call(Unknown Source)
	at TempTestSuite1548869218678.run(TempTestSuite1548869218678.groovy:36)


2019-01-30 18:20:09 - [MESSAGE][INFO] - Unable to find the element located by 'By.xpath: //div[(text() = 'Breeding Chicken Samples' or . = 'Breeding Chicken Samples')]'. Please recheck the objects properties to make sure the desired element is located. 

2019-01-30 18:20:09 - [MESSAGE][FAILED] - Unable to click on object 'Object Repository/FSM1/NCP/Complete Inspection/Breeding Chicken Samples/Page_JClient/div_Breeding Chicken Samples' (Root cause: com.kms.katalon.core.webui.exception.WebElementNotFoundException: Web element with id: 'Object Repository/FSM1/NCP/Complete Inspection/Breeding Chicken Samples/Page_JClient/div_Breeding Chicken Samples' located by 'By.xpath: //div[(text() = 'Breeding Chicken Samples' or . = 'Breeding Chicken Samples')]' not found)
[[ATTACHMENT|C:\\Users\\jonha\\Documents\\Katalon\\APHA\\JM_8.9\\FSM_Regression\\Reports\\NCP\\NCP Regression - Breeding Chickens\\20190130_172658\\1548872409306.png]]

2019-01-30 18:20:09 - [MESSAGE][FAILED] - click(SampleType, STOP_ON_FAILURE) FAILED.
Reason:
com.kms.katalon.core.exception.StepFailedException: Unable to click on object 'Object Repository/FSM1/NCP/Complete Inspection/Breeding Chicken Samples/Page_JClient/div_Breeding Chicken Samples' (Root cause: com.kms.katalon.core.webui.exception.WebElementNotFoundException: Web element with id: 'Object Repository/FSM1/NCP/Complete Inspection/Breeding Chicken Samples/Page_JClient/div_Breeding Chicken Samples' located by 'By.xpath: //div[(text() = 'Breeding Chicken Samples' or . = 'Breeding Chicken Samples')]' not found)
	at com.kms.katalon.core.keyword.internal.KeywordMain.stepFailed(KeywordMain.groovy:36)
	at com.kms.katalon.core.webui.keyword.internal.WebUIKeywordMain.stepFailed(WebUIKeywordMain.groovy:65)
	at com.kms.katalon.core.webui.keyword.internal.WebUIKeywordMain.runKeyword(WebUIKeywordMain.groovy:27)
	at com.kms.katalon.core.webui.keyword.builtin.ClickKeyword.click(ClickKeyword.groovy:86)
	at com.kms.katalon.core.webui.keyword.builtin.ClickKeyword.execute(ClickKeyword.groovy:67)
	at com.kms.katalon.core.keyword.internal.KeywordExecutor.executeKeywordForPlatform(KeywordExecutor.groovy:53)
	at com.kms.katalon.core.webui.keyword.WebUiBuiltInKeywords.click(WebUiBuiltInKeywords.groovy:604)
	at com.kms.katalon.core.webui.keyword.WebUiBuiltInKeywords$click$5.call(Unknown Source)
	at NCP Samples.run(NCP Samples:19)
	at com.kms.katalon.core.main.ScriptEngine.run(ScriptEngine.java:194)
	at com.kms.katalon.core.main.ScriptEngine.runScriptAsRawText(ScriptEngine.java:119)
	at com.kms.katalon.core.main.TestCaseExecutor.runScript(TestCaseExecutor.java:321)
	at com.kms.katalon.core.main.TestCaseExecutor.doExecute(TestCaseExecutor.java:312)
	at com.kms.katalon.core.main.TestCaseExecutor.processExecutionPhase(TestCaseExecutor.java:291)
	at com.kms.katalon.core.main.TestCaseExecutor.accessMainPhase(TestCaseExecutor.java:283)
	at com.kms.katalon.core.main.TestCaseExecutor.execute(TestCaseExecutor.java:222)
	at com.kms.katalon.core.main.TestSuiteExecutor.accessTestCaseMainPhase(TestSuiteExecutor.java:129)
	at com.kms.katalon.core.main.TestSuiteExecutor.accessTestSuiteMainPhase(TestSuiteExecutor.java:112)
	at com.kms.katalon.core.main.TestSuiteExecutor.execute(TestSuiteExecutor.java:81)
	at com.kms.katalon.core.main.TestCaseMain.startTestSuite(TestCaseMain.java:149)
	at com.kms.katalon.core.main.TestCaseMain$startTestSuite$0.call(Unknown Source)
	at TempTestSuite1548869218678.run(TempTestSuite1548869218678.groovy:36)]]></system-out>
         <system-err><![CDATA[2019-01-30 18:19:37 - [TEST_CASE][FAILED] - Test Cases/NCP/Generic/NCP Samples: Test Cases/NCP/Generic/NCP Samples FAILED.
Reason:
com.kms.katalon.core.exception.StepFailedException: Unable to click on object 'Object Repository/FSM1/NCP/Complete Inspection/Breeding Chicken Samples/Page_JClient/div_Breeding Chicken Samples' (Root cause: com.kms.katalon.core.webui.exception.WebElementNotFoundException: Web element with id: 'Object Repository/FSM1/NCP/Complete Inspection/Breeding Chicken Samples/Page_JClient/div_Breeding Chicken Samples' located by 'By.xpath: //div[(text() = 'Breeding Chicken Samples' or . = 'Breeding Chicken Samples')]' not found)
	at com.kms.katalon.core.keyword.internal.KeywordMain.stepFailed(KeywordMain.groovy:36)
	at com.kms.katalon.core.webui.keyword.internal.WebUIKeywordMain.stepFailed(WebUIKeywordMain.groovy:65)
	at com.kms.katalon.core.webui.keyword.internal.WebUIKeywordMain.runKeyword(WebUIKeywordMain.groovy:27)
	at com.kms.katalon.core.webui.keyword.builtin.ClickKeyword.click(ClickKeyword.groovy:86)
	at com.kms.katalon.core.webui.keyword.builtin.ClickKeyword.execute(ClickKeyword.groovy:67)
	at com.kms.katalon.core.keyword.internal.KeywordExecutor.executeKeywordForPlatform(KeywordExecutor.groovy:53)
	at com.kms.katalon.core.webui.keyword.WebUiBuiltInKeywords.click(WebUiBuiltInKeywords.groovy:604)
	at com.kms.katalon.core.webui.keyword.WebUiBuiltInKeywords$click$5.call(Unknown Source)
	at NCP Samples.run(NCP Samples:19)
	at com.kms.katalon.core.main.ScriptEngine.run(ScriptEngine.java:194)
	at com.kms.katalon.core.main.ScriptEngine.runScriptAsRawText(ScriptEngine.java:119)
	at com.kms.katalon.core.main.TestCaseExecutor.runScript(TestCaseExecutor.java:321)
	at com.kms.katalon.core.main.TestCaseExecutor.doExecute(TestCaseExecutor.java:312)
	at com.kms.katalon.core.main.TestCaseExecutor.processExecutionPhase(TestCaseExecutor.java:291)
	at com.kms.katalon.core.main.TestCaseExecutor.accessMainPhase(TestCaseExecutor.java:283)
	at com.kms.katalon.core.main.TestCaseExecutor.execute(TestCaseExecutor.java:222)
	at com.kms.katalon.core.main.TestSuiteExecutor.accessTestCaseMainPhase(TestSuiteExecutor.java:129)
	at com.kms.katalon.core.main.TestSuiteExecutor.accessTestSuiteMainPhase(TestSuiteExecutor.java:112)
	at com.kms.katalon.core.main.TestSuiteExecutor.execute(TestSuiteExecutor.java:81)
	at com.kms.katalon.core.main.TestCaseMain.startTestSuite(TestCaseMain.java:149)
	at com.kms.katalon.core.main.TestCaseMain$startTestSuite$0.call(Unknown Source)
	at TempTestSuite1548869218678.run(TempTestSuite1548869218678.groovy:36)]]></system-err>
      </testcase>
      <testcase name="Test Cases/NCP/Generic/NCP Samples 2" classname="Test Cases/NCP/Generic/NCP Samples 2" status="FAILED">
         <failure type="FAILED" message="Test Cases/NCP/Generic/NCP Samples 2 FAILED.
Reason:
com.kms.katalon.core.exception.StepFailedException: Unable to click on object 'Object Repository/FSM1/NCP/Complete Inspection/Breeding Chicken Samples/Page_JClient/div_Breeding Chicken Samples' (Root cause: com.kms.katalon.core.webui.exception.WebElementNotFoundException: Web element with id: 'Object Repository/FSM1/NCP/Complete Inspection/Breeding Chicken Samples/Page_JClient/div_Breeding Chicken Samples' located by 'By.xpath: //div[(text() = 'Breeding Chicken Samples' or . = 'Breeding Chicken Samples')]' not found)
	at com.kms.katalon.core.keyword.internal.KeywordMain.stepFailed(KeywordMain.groovy:36)
	at com.kms.katalon.core.webui.keyword.internal.WebUIKeywordMain.stepFailed(WebUIKeywordMain.groovy:65)
	at com.kms.katalon.core.webui.keyword.internal.WebUIKeywordMain.runKeyword(WebUIKeywordMain.groovy:27)
	at com.kms.katalon.core.webui.keyword.builtin.ClickKeyword.click(ClickKeyword.groovy:86)
	at com.kms.katalon.core.webui.keyword.builtin.ClickKeyword.execute(ClickKeyword.groovy:67)
	at com.kms.katalon.core.keyword.internal.KeywordExecutor.executeKeywordForPlatform(KeywordExecutor.groovy:53)
	at com.kms.katalon.core.webui.keyword.WebUiBuiltInKeywords.click(WebUiBuiltInKeywords.groovy:604)
	at com.kms.katalon.core.webui.keyword.WebUiBuiltInKeywords$click$5.call(Unknown Source)
	at NCP Samples 2.run(NCP Samples 2:19)
	at com.kms.katalon.core.main.ScriptEngine.run(ScriptEngine.java:194)
	at com.kms.katalon.core.main.ScriptEngine.runScriptAsRawText(ScriptEngine.java:119)
	at com.kms.katalon.core.main.TestCaseExecutor.runScript(TestCaseExecutor.java:321)
	at com.kms.katalon.core.main.TestCaseExecutor.doExecute(TestCaseExecutor.java:312)
	at com.kms.katalon.core.main.TestCaseExecutor.processExecutionPhase(TestCaseExecutor.java:291)
	at com.kms.katalon.core.main.TestCaseExecutor.accessMainPhase(TestCaseExecutor.java:283)
	at com.kms.katalon.core.main.TestCaseExecutor.execute(TestCaseExecutor.java:222)
	at com.kms.katalon.core.main.TestSuiteExecutor.accessTestCaseMainPhase(TestSuiteExecutor.java:129)
	at com.kms.katalon.core.main.TestSuiteExecutor.accessTestSuiteMainPhase(TestSuiteExecutor.java:112)
	at com.kms.katalon.core.main.TestSuiteExecutor.execute(TestSuiteExecutor.java:81)
	at com.kms.katalon.core.main.TestCaseMain.startTestSuite(TestCaseMain.java:149)
	at com.kms.katalon.core.main.TestCaseMain$startTestSuite$0.call(Unknown Source)
	at TempTestSuite1548869218678.run(TempTestSuite1548869218678.groovy:36)
"/>
         <system-out><![CDATA[2019-01-30 18:20:09 - [TEST_CASE][FAILED] - Test Cases/NCP/Generic/NCP Samples 2: Test Cases/NCP/Generic/NCP Samples 2 FAILED.
Reason:
com.kms.katalon.core.exception.StepFailedException: Unable to click on object 'Object Repository/FSM1/NCP/Complete Inspection/Breeding Chicken Samples/Page_JClient/div_Breeding Chicken Samples' (Root cause: com.kms.katalon.core.webui.exception.WebElementNotFoundException: Web element with id: 'Object Repository/FSM1/NCP/Complete Inspection/Breeding Chicken Samples/Page_JClient/div_Breeding Chicken Samples' located by 'By.xpath: //div[(text() = 'Breeding Chicken Samples' or . = 'Breeding Chicken Samples')]' not found)
	at com.kms.katalon.core.keyword.internal.KeywordMain.stepFailed(KeywordMain.groovy:36)
	at com.kms.katalon.core.webui.keyword.internal.WebUIKeywordMain.stepFailed(WebUIKeywordMain.groovy:65)
	at com.kms.katalon.core.webui.keyword.internal.WebUIKeywordMain.runKeyword(WebUIKeywordMain.groovy:27)
	at com.kms.katalon.core.webui.keyword.builtin.ClickKeyword.click(ClickKeyword.groovy:86)
	at com.kms.katalon.core.webui.keyword.builtin.ClickKeyword.execute(ClickKeyword.groovy:67)
	at com.kms.katalon.core.keyword.internal.KeywordExecutor.executeKeywordForPlatform(KeywordExecutor.groovy:53)
	at com.kms.katalon.core.webui.keyword.WebUiBuiltInKeywords.click(WebUiBuiltInKeywords.groovy:604)
	at com.kms.katalon.core.webui.keyword.WebUiBuiltInKeywords$click$5.call(Unknown Source)
	at NCP Samples 2.run(NCP Samples 2:19)
	at com.kms.katalon.core.main.ScriptEngine.run(ScriptEngine.java:194)
	at com.kms.katalon.core.main.ScriptEngine.runScriptAsRawText(ScriptEngine.java:119)
	at com.kms.katalon.core.main.TestCaseExecutor.runScript(TestCaseExecutor.java:321)
	at com.kms.katalon.core.main.TestCaseExecutor.doExecute(TestCaseExecutor.java:312)
	at com.kms.katalon.core.main.TestCaseExecutor.processExecutionPhase(TestCaseExecutor.java:291)
	at com.kms.katalon.core.main.TestCaseExecutor.accessMainPhase(TestCaseExecutor.java:283)
	at com.kms.katalon.core.main.TestCaseExecutor.execute(TestCaseExecutor.java:222)
	at com.kms.katalon.core.main.TestSuiteExecutor.accessTestCaseMainPhase(TestSuiteExecutor.java:129)
	at com.kms.katalon.core.main.TestSuiteExecutor.accessTestSuiteMainPhase(TestSuiteExecutor.java:112)
	at com.kms.katalon.core.main.TestSuiteExecutor.execute(TestSuiteExecutor.java:81)
	at com.kms.katalon.core.main.TestCaseMain.startTestSuite(TestCaseMain.java:149)
	at com.kms.katalon.core.main.TestCaseMain$startTestSuite$0.call(Unknown Source)
	at TempTestSuite1548869218678.run(TempTestSuite1548869218678.groovy:36)


2019-01-30 18:20:09 - [TEST_STEP][PASSED] - SampleType = modifyObjectProperty(findTestObject("Object Repository/FSM1/NCP/Complete Inspection/Breeding Chicken Samples/Page_JClient/div_Breeding Chicken Samples"), "text", "equals", SampleType, true): Modify property of object successfully

2019-01-30 18:20:09 - [MESSAGE][PASSED] - Modify property of object successfully

2019-01-30 18:20:09 - [TEST_STEP][FAILED] - click(SampleType, STOP_ON_FAILURE): click(SampleType, STOP_ON_FAILURE) FAILED.
Reason:
com.kms.katalon.core.exception.StepFailedException: Unable to click on object 'Object Repository/FSM1/NCP/Complete Inspection/Breeding Chicken Samples/Page_JClient/div_Breeding Chicken Samples' (Root cause: com.kms.katalon.core.webui.exception.WebElementNotFoundException: Web element with id: 'Object Repository/FSM1/NCP/Complete Inspection/Breeding Chicken Samples/Page_JClient/div_Breeding Chicken Samples' located by 'By.xpath: //div[(text() = 'Breeding Chicken Samples' or . = 'Breeding Chicken Samples')]' not found)
	at com.kms.katalon.core.keyword.internal.KeywordMain.stepFailed(KeywordMain.groovy:36)
	at com.kms.katalon.core.webui.keyword.internal.WebUIKeywordMain.stepFailed(WebUIKeywordMain.groovy:65)
	at com.kms.katalon.core.webui.keyword.internal.WebUIKeywordMain.runKeyword(WebUIKeywordMain.groovy:27)
	at com.kms.katalon.core.webui.keyword.builtin.ClickKeyword.click(ClickKeyword.groovy:86)
	at com.kms.katalon.core.webui.keyword.builtin.ClickKeyword.execute(ClickKeyword.groovy:67)
	at com.kms.katalon.core.keyword.internal.KeywordExecutor.executeKeywordForPlatform(KeywordExecutor.groovy:53)
	at com.kms.katalon.core.webui.keyword.WebUiBuiltInKeywords.click(WebUiBuiltInKeywords.groovy:604)
	at com.kms.katalon.core.webui.keyword.WebUiBuiltInKeywords$click$5.call(Unknown Source)
	at NCP Samples 2.run(NCP Samples 2:19)
	at com.kms.katalon.core.main.ScriptEngine.run(ScriptEngine.java:194)
	at com.kms.katalon.core.main.ScriptEngine.runScriptAsRawText(ScriptEngine.java:119)
	at com.kms.katalon.core.main.TestCaseExecutor.runScript(TestCaseExecutor.java:321)
	at com.kms.katalon.core.main.TestCaseExecutor.doExecute(TestCaseExecutor.java:312)
	at com.kms.katalon.core.main.TestCaseExecutor.processExecutionPhase(TestCaseExecutor.java:291)
	at com.kms.katalon.core.main.TestCaseExecutor.accessMainPhase(TestCaseExecutor.java:283)
	at com.kms.katalon.core.main.TestCaseExecutor.execute(TestCaseExecutor.java:222)
	at com.kms.katalon.core.main.TestSuiteExecutor.accessTestCaseMainPhase(TestSuiteExecutor.java:129)
	at com.kms.katalon.core.main.TestSuiteExecutor.accessTestSuiteMainPhase(TestSuiteExecutor.java:112)
	at com.kms.katalon.core.main.TestSuiteExecutor.execute(TestSuiteExecutor.java:81)
	at com.kms.katalon.core.main.TestCaseMain.startTestSuite(TestCaseMain.java:149)
	at com.kms.katalon.core.main.TestCaseMain$startTestSuite$0.call(Unknown Source)
	at TempTestSuite1548869218678.run(TempTestSuite1548869218678.groovy:36)


2019-01-30 18:20:40 - [MESSAGE][INFO] - Unable to find the element located by 'By.xpath: //div[(text() = 'Breeding Chicken Samples' or . = 'Breeding Chicken Samples')]'. Please recheck the objects properties to make sure the desired element is located. 

2019-01-30 18:20:41 - [MESSAGE][FAILED] - Unable to click on object 'Object Repository/FSM1/NCP/Complete Inspection/Breeding Chicken Samples/Page_JClient/div_Breeding Chicken Samples' (Root cause: com.kms.katalon.core.webui.exception.WebElementNotFoundException: Web element with id: 'Object Repository/FSM1/NCP/Complete Inspection/Breeding Chicken Samples/Page_JClient/div_Breeding Chicken Samples' located by 'By.xpath: //div[(text() = 'Breeding Chicken Samples' or . = 'Breeding Chicken Samples')]' not found)
[[ATTACHMENT|C:\\Users\\jonha\\Documents\\Katalon\\APHA\\JM_8.9\\FSM_Regression\\Reports\\NCP\\NCP Regression - Breeding Chickens\\20190130_172658\\1548872440857.png]]

2019-01-30 18:20:41 - [MESSAGE][FAILED] - click(SampleType, STOP_ON_FAILURE) FAILED.
Reason:
com.kms.katalon.core.exception.StepFailedException: Unable to click on object 'Object Repository/FSM1/NCP/Complete Inspection/Breeding Chicken Samples/Page_JClient/div_Breeding Chicken Samples' (Root cause: com.kms.katalon.core.webui.exception.WebElementNotFoundException: Web element with id: 'Object Repository/FSM1/NCP/Complete Inspection/Breeding Chicken Samples/Page_JClient/div_Breeding Chicken Samples' located by 'By.xpath: //div[(text() = 'Breeding Chicken Samples' or . = 'Breeding Chicken Samples')]' not found)
	at com.kms.katalon.core.keyword.internal.KeywordMain.stepFailed(KeywordMain.groovy:36)
	at com.kms.katalon.core.webui.keyword.internal.WebUIKeywordMain.stepFailed(WebUIKeywordMain.groovy:65)
	at com.kms.katalon.core.webui.keyword.internal.WebUIKeywordMain.runKeyword(WebUIKeywordMain.groovy:27)
	at com.kms.katalon.core.webui.keyword.builtin.ClickKeyword.click(ClickKeyword.groovy:86)
	at com.kms.katalon.core.webui.keyword.builtin.ClickKeyword.execute(ClickKeyword.groovy:67)
	at com.kms.katalon.core.keyword.internal.KeywordExecutor.executeKeywordForPlatform(KeywordExecutor.groovy:53)
	at com.kms.katalon.core.webui.keyword.WebUiBuiltInKeywords.click(WebUiBuiltInKeywords.groovy:604)
	at com.kms.katalon.core.webui.keyword.WebUiBuiltInKeywords$click$5.call(Unknown Source)
	at NCP Samples 2.run(NCP Samples 2:19)
	at com.kms.katalon.core.main.ScriptEngine.run(ScriptEngine.java:194)
	at com.kms.katalon.core.main.ScriptEngine.runScriptAsRawText(ScriptEngine.java:119)
	at com.kms.katalon.core.main.TestCaseExecutor.runScript(TestCaseExecutor.java:321)
	at com.kms.katalon.core.main.TestCaseExecutor.doExecute(TestCaseExecutor.java:312)
	at com.kms.katalon.core.main.TestCaseExecutor.processExecutionPhase(TestCaseExecutor.java:291)
	at com.kms.katalon.core.main.TestCaseExecutor.accessMainPhase(TestCaseExecutor.java:283)
	at com.kms.katalon.core.main.TestCaseExecutor.execute(TestCaseExecutor.java:222)
	at com.kms.katalon.core.main.TestSuiteExecutor.accessTestCaseMainPhase(TestSuiteExecutor.java:129)
	at com.kms.katalon.core.main.TestSuiteExecutor.accessTestSuiteMainPhase(TestSuiteExecutor.java:112)
	at com.kms.katalon.core.main.TestSuiteExecutor.execute(TestSuiteExecutor.java:81)
	at com.kms.katalon.core.main.TestCaseMain.startTestSuite(TestCaseMain.java:149)
	at com.kms.katalon.core.main.TestCaseMain$startTestSuite$0.call(Unknown Source)
	at TempTestSuite1548869218678.run(TempTestSuite1548869218678.groovy:36)]]></system-out>
         <system-err><![CDATA[2019-01-30 18:20:09 - [TEST_CASE][FAILED] - Test Cases/NCP/Generic/NCP Samples 2: Test Cases/NCP/Generic/NCP Samples 2 FAILED.
Reason:
com.kms.katalon.core.exception.StepFailedException: Unable to click on object 'Object Repository/FSM1/NCP/Complete Inspection/Breeding Chicken Samples/Page_JClient/div_Breeding Chicken Samples' (Root cause: com.kms.katalon.core.webui.exception.WebElementNotFoundException: Web element with id: 'Object Repository/FSM1/NCP/Complete Inspection/Breeding Chicken Samples/Page_JClient/div_Breeding Chicken Samples' located by 'By.xpath: //div[(text() = 'Breeding Chicken Samples' or . = 'Breeding Chicken Samples')]' not found)
	at com.kms.katalon.core.keyword.internal.KeywordMain.stepFailed(KeywordMain.groovy:36)
	at com.kms.katalon.core.webui.keyword.internal.WebUIKeywordMain.stepFailed(WebUIKeywordMain.groovy:65)
	at com.kms.katalon.core.webui.keyword.internal.WebUIKeywordMain.runKeyword(WebUIKeywordMain.groovy:27)
	at com.kms.katalon.core.webui.keyword.builtin.ClickKeyword.click(ClickKeyword.groovy:86)
	at com.kms.katalon.core.webui.keyword.builtin.ClickKeyword.execute(ClickKeyword.groovy:67)
	at com.kms.katalon.core.keyword.internal.KeywordExecutor.executeKeywordForPlatform(KeywordExecutor.groovy:53)
	at com.kms.katalon.core.webui.keyword.WebUiBuiltInKeywords.click(WebUiBuiltInKeywords.groovy:604)
	at com.kms.katalon.core.webui.keyword.WebUiBuiltInKeywords$click$5.call(Unknown Source)
	at NCP Samples 2.run(NCP Samples 2:19)
	at com.kms.katalon.core.main.ScriptEngine.run(ScriptEngine.java:194)
	at com.kms.katalon.core.main.ScriptEngine.runScriptAsRawText(ScriptEngine.java:119)
	at com.kms.katalon.core.main.TestCaseExecutor.runScript(TestCaseExecutor.java:321)
	at com.kms.katalon.core.main.TestCaseExecutor.doExecute(TestCaseExecutor.java:312)
	at com.kms.katalon.core.main.TestCaseExecutor.processExecutionPhase(TestCaseExecutor.java:291)
	at com.kms.katalon.core.main.TestCaseExecutor.accessMainPhase(TestCaseExecutor.java:283)
	at com.kms.katalon.core.main.TestCaseExecutor.execute(TestCaseExecutor.java:222)
	at com.kms.katalon.core.main.TestSuiteExecutor.accessTestCaseMainPhase(TestSuiteExecutor.java:129)
	at com.kms.katalon.core.main.TestSuiteExecutor.accessTestSuiteMainPhase(TestSuiteExecutor.java:112)
	at com.kms.katalon.core.main.TestSuiteExecutor.execute(TestSuiteExecutor.java:81)
	at com.kms.katalon.core.main.TestCaseMain.startTestSuite(TestCaseMain.java:149)
	at com.kms.katalon.core.main.TestCaseMain$startTestSuite$0.call(Unknown Source)
	at TempTestSuite1548869218678.run(TempTestSuite1548869218678.groovy:36)]]></system-err>
      </testcase>
      <testcase name="Test Cases/NCP/Generic/NCP Inspection - Complete" classname="Test Cases/NCP/Generic/NCP Inspection - Complete" status="FAILED">
         <failure type="FAILED" message="Test Cases/NCP/Generic/NCP Inspection - Complete FAILED.
Reason:
com.kms.katalon.core.exception.StepFailedException: Unable to click on object 'Object Repository/FSM1/NCP/Complete Inspection/Complete Inspection/Page_JClient/div_STARTED' (Root cause: com.kms.katalon.core.webui.exception.WebElementNotFoundException: Web element with id: 'Object Repository/FSM1/NCP/Complete Inspection/Complete Inspection/Page_JClient/div_STARTED' located by 'By.xpath: (.//*[normalize-space(text()) and normalize-space(.)='Override Dependency'])[1]/following::div[3]' not found)
	at com.kms.katalon.core.keyword.internal.KeywordMain.stepFailed(KeywordMain.groovy:36)
	at com.kms.katalon.core.webui.keyword.internal.WebUIKeywordMain.stepFailed(WebUIKeywordMain.groovy:65)
	at com.kms.katalon.core.webui.keyword.internal.WebUIKeywordMain.runKeyword(WebUIKeywordMain.groovy:27)
	at com.kms.katalon.core.webui.keyword.builtin.ClickKeyword.click(ClickKeyword.groovy:86)
	at com.kms.katalon.core.webui.keyword.builtin.ClickKeyword.execute(ClickKeyword.groovy:67)
	at com.kms.katalon.core.keyword.internal.KeywordExecutor.executeKeywordForPlatform(KeywordExecutor.groovy:53)
	at com.kms.katalon.core.webui.keyword.WebUiBuiltInKeywords.click(WebUiBuiltInKeywords.groovy:616)
	at com.kms.katalon.core.webui.keyword.WebUiBuiltInKeywords$click$2.call(Unknown Source)
	at NCP Inspection - Complete.run(NCP Inspection - Complete:16)
	at com.kms.katalon.core.main.ScriptEngine.run(ScriptEngine.java:194)
	at com.kms.katalon.core.main.ScriptEngine.runScriptAsRawText(ScriptEngine.java:119)
	at com.kms.katalon.core.main.TestCaseExecutor.runScript(TestCaseExecutor.java:321)
	at com.kms.katalon.core.main.TestCaseExecutor.doExecute(TestCaseExecutor.java:312)
	at com.kms.katalon.core.main.TestCaseExecutor.processExecutionPhase(TestCaseExecutor.java:291)
	at com.kms.katalon.core.main.TestCaseExecutor.accessMainPhase(TestCaseExecutor.java:283)
	at com.kms.katalon.core.main.TestCaseExecutor.execute(TestCaseExecutor.java:222)
	at com.kms.katalon.core.main.TestSuiteExecutor.accessTestCaseMainPhase(TestSuiteExecutor.java:129)
	at com.kms.katalon.core.main.TestSuiteExecutor.accessTestSuiteMainPhase(TestSuiteExecutor.java:112)
	at com.kms.katalon.core.main.TestSuiteExecutor.execute(TestSuiteExecutor.java:81)
	at com.kms.katalon.core.main.TestCaseMain.startTestSuite(TestCaseMain.java:149)
	at com.kms.katalon.core.main.TestCaseMain$startTestSuite$0.call(Unknown Source)
	at TempTestSuite1548869218678.run(TempTestSuite1548869218678.groovy:36)
"/>
         <system-out><![CDATA[2019-01-30 18:20:41 - [TEST_CASE][FAILED] - Test Cases/NCP/Generic/NCP Inspection - Complete: Test Cases/NCP/Generic/NCP Inspection - Complete FAILED.
Reason:
com.kms.katalon.core.exception.StepFailedException: Unable to click on object 'Object Repository/FSM1/NCP/Complete Inspection/Complete Inspection/Page_JClient/div_STARTED' (Root cause: com.kms.katalon.core.webui.exception.WebElementNotFoundException: Web element with id: 'Object Repository/FSM1/NCP/Complete Inspection/Complete Inspection/Page_JClient/div_STARTED' located by 'By.xpath: (.//*[normalize-space(text()) and normalize-space(.)='Override Dependency'])[1]/following::div[3]' not found)
	at com.kms.katalon.core.keyword.internal.KeywordMain.stepFailed(KeywordMain.groovy:36)
	at com.kms.katalon.core.webui.keyword.internal.WebUIKeywordMain.stepFailed(WebUIKeywordMain.groovy:65)
	at com.kms.katalon.core.webui.keyword.internal.WebUIKeywordMain.runKeyword(WebUIKeywordMain.groovy:27)
	at com.kms.katalon.core.webui.keyword.builtin.ClickKeyword.click(ClickKeyword.groovy:86)
	at com.kms.katalon.core.webui.keyword.builtin.ClickKeyword.execute(ClickKeyword.groovy:67)
	at com.kms.katalon.core.keyword.internal.KeywordExecutor.executeKeywordForPlatform(KeywordExecutor.groovy:53)
	at com.kms.katalon.core.webui.keyword.WebUiBuiltInKeywords.click(WebUiBuiltInKeywords.groovy:616)
	at com.kms.katalon.core.webui.keyword.WebUiBuiltInKeywords$click$2.call(Unknown Source)
	at NCP Inspection - Complete.run(NCP Inspection - Complete:16)
	at com.kms.katalon.core.main.ScriptEngine.run(ScriptEngine.java:194)
	at com.kms.katalon.core.main.ScriptEngine.runScriptAsRawText(ScriptEngine.java:119)
	at com.kms.katalon.core.main.TestCaseExecutor.runScript(TestCaseExecutor.java:321)
	at com.kms.katalon.core.main.TestCaseExecutor.doExecute(TestCaseExecutor.java:312)
	at com.kms.katalon.core.main.TestCaseExecutor.processExecutionPhase(TestCaseExecutor.java:291)
	at com.kms.katalon.core.main.TestCaseExecutor.accessMainPhase(TestCaseExecutor.java:283)
	at com.kms.katalon.core.main.TestCaseExecutor.execute(TestCaseExecutor.java:222)
	at com.kms.katalon.core.main.TestSuiteExecutor.accessTestCaseMainPhase(TestSuiteExecutor.java:129)
	at com.kms.katalon.core.main.TestSuiteExecutor.accessTestSuiteMainPhase(TestSuiteExecutor.java:112)
	at com.kms.katalon.core.main.TestSuiteExecutor.execute(TestSuiteExecutor.java:81)
	at com.kms.katalon.core.main.TestCaseMain.startTestSuite(TestCaseMain.java:149)
	at com.kms.katalon.core.main.TestCaseMain$startTestSuite$0.call(Unknown Source)
	at TempTestSuite1548869218678.run(TempTestSuite1548869218678.groovy:36)


2019-01-30 18:20:41 - [TEST_STEP][FAILED] - click(findTestObject("Object Repository/FSM1/NCP/Complete Inspection/Complete Inspection/Page_JClient/div_STARTED")): click(findTestObject("Object Repository/FSM1/NCP/Complete Inspection/Complete Inspection/Page_JClient/div_STARTED")) FAILED.
Reason:
com.kms.katalon.core.exception.StepFailedException: Unable to click on object 'Object Repository/FSM1/NCP/Complete Inspection/Complete Inspection/Page_JClient/div_STARTED' (Root cause: com.kms.katalon.core.webui.exception.WebElementNotFoundException: Web element with id: 'Object Repository/FSM1/NCP/Complete Inspection/Complete Inspection/Page_JClient/div_STARTED' located by 'By.xpath: (.//*[normalize-space(text()) and normalize-space(.)='Override Dependency'])[1]/following::div[3]' not found)
	at com.kms.katalon.core.keyword.internal.KeywordMain.stepFailed(KeywordMain.groovy:36)
	at com.kms.katalon.core.webui.keyword.internal.WebUIKeywordMain.stepFailed(WebUIKeywordMain.groovy:65)
	at com.kms.katalon.core.webui.keyword.internal.WebUIKeywordMain.runKeyword(WebUIKeywordMain.groovy:27)
	at com.kms.katalon.core.webui.keyword.builtin.ClickKeyword.click(ClickKeyword.groovy:86)
	at com.kms.katalon.core.webui.keyword.builtin.ClickKeyword.execute(ClickKeyword.groovy:67)
	at com.kms.katalon.core.keyword.internal.KeywordExecutor.executeKeywordForPlatform(KeywordExecutor.groovy:53)
	at com.kms.katalon.core.webui.keyword.WebUiBuiltInKeywords.click(WebUiBuiltInKeywords.groovy:616)
	at com.kms.katalon.core.webui.keyword.WebUiBuiltInKeywords$click$2.call(Unknown Source)
	at NCP Inspection - Complete.run(NCP Inspection - Complete:16)
	at com.kms.katalon.core.main.ScriptEngine.run(ScriptEngine.java:194)
	at com.kms.katalon.core.main.ScriptEngine.runScriptAsRawText(ScriptEngine.java:119)
	at com.kms.katalon.core.main.TestCaseExecutor.runScript(TestCaseExecutor.java:321)
	at com.kms.katalon.core.main.TestCaseExecutor.doExecute(TestCaseExecutor.java:312)
	at com.kms.katalon.core.main.TestCaseExecutor.processExecutionPhase(TestCaseExecutor.java:291)
	at com.kms.katalon.core.main.TestCaseExecutor.accessMainPhase(TestCaseExecutor.java:283)
	at com.kms.katalon.core.main.TestCaseExecutor.execute(TestCaseExecutor.java:222)
	at com.kms.katalon.core.main.TestSuiteExecutor.accessTestCaseMainPhase(TestSuiteExecutor.java:129)
	at com.kms.katalon.core.main.TestSuiteExecutor.accessTestSuiteMainPhase(TestSuiteExecutor.java:112)
	at com.kms.katalon.core.main.TestSuiteExecutor.execute(TestSuiteExecutor.java:81)
	at com.kms.katalon.core.main.TestCaseMain.startTestSuite(TestCaseMain.java:149)
	at com.kms.katalon.core.main.TestCaseMain$startTestSuite$0.call(Unknown Source)
	at TempTestSuite1548869218678.run(TempTestSuite1548869218678.groovy:36)


2019-01-30 18:21:12 - [MESSAGE][INFO] - Unable to find the element located by 'By.xpath: (.//*[normalize-space(text()) and normalize-space(.)='Override Dependency'])[1]/following::div[3]'. Please recheck the objects properties to make sure the desired element is located. 

2019-01-30 18:21:12 - [MESSAGE][FAILED] - Unable to click on object 'Object Repository/FSM1/NCP/Complete Inspection/Complete Inspection/Page_JClient/div_STARTED' (Root cause: com.kms.katalon.core.webui.exception.WebElementNotFoundException: Web element with id: 'Object Repository/FSM1/NCP/Complete Inspection/Complete Inspection/Page_JClient/div_STARTED' located by 'By.xpath: (.//*[normalize-space(text()) and normalize-space(.)='Override Dependency'])[1]/following::div[3]' not found)
[[ATTACHMENT|C:\\Users\\jonha\\Documents\\Katalon\\APHA\\JM_8.9\\FSM_Regression\\Reports\\NCP\\NCP Regression - Breeding Chickens\\20190130_172658\\1548872472423.png]]

2019-01-30 18:21:12 - [MESSAGE][FAILED] - click(findTestObject("Object Repository/FSM1/NCP/Complete Inspection/Complete Inspection/Page_JClient/div_STARTED")) FAILED.
Reason:
com.kms.katalon.core.exception.StepFailedException: Unable to click on object 'Object Repository/FSM1/NCP/Complete Inspection/Complete Inspection/Page_JClient/div_STARTED' (Root cause: com.kms.katalon.core.webui.exception.WebElementNotFoundException: Web element with id: 'Object Repository/FSM1/NCP/Complete Inspection/Complete Inspection/Page_JClient/div_STARTED' located by 'By.xpath: (.//*[normalize-space(text()) and normalize-space(.)='Override Dependency'])[1]/following::div[3]' not found)
	at com.kms.katalon.core.keyword.internal.KeywordMain.stepFailed(KeywordMain.groovy:36)
	at com.kms.katalon.core.webui.keyword.internal.WebUIKeywordMain.stepFailed(WebUIKeywordMain.groovy:65)
	at com.kms.katalon.core.webui.keyword.internal.WebUIKeywordMain.runKeyword(WebUIKeywordMain.groovy:27)
	at com.kms.katalon.core.webui.keyword.builtin.ClickKeyword.click(ClickKeyword.groovy:86)
	at com.kms.katalon.core.webui.keyword.builtin.ClickKeyword.execute(ClickKeyword.groovy:67)
	at com.kms.katalon.core.keyword.internal.KeywordExecutor.executeKeywordForPlatform(KeywordExecutor.groovy:53)
	at com.kms.katalon.core.webui.keyword.WebUiBuiltInKeywords.click(WebUiBuiltInKeywords.groovy:616)
	at com.kms.katalon.core.webui.keyword.WebUiBuiltInKeywords$click$2.call(Unknown Source)
	at NCP Inspection - Complete.run(NCP Inspection - Complete:16)
	at com.kms.katalon.core.main.ScriptEngine.run(ScriptEngine.java:194)
	at com.kms.katalon.core.main.ScriptEngine.runScriptAsRawText(ScriptEngine.java:119)
	at com.kms.katalon.core.main.TestCaseExecutor.runScript(TestCaseExecutor.java:321)
	at com.kms.katalon.core.main.TestCaseExecutor.doExecute(TestCaseExecutor.java:312)
	at com.kms.katalon.core.main.TestCaseExecutor.processExecutionPhase(TestCaseExecutor.java:291)
	at com.kms.katalon.core.main.TestCaseExecutor.accessMainPhase(TestCaseExecutor.java:283)
	at com.kms.katalon.core.main.TestCaseExecutor.execute(TestCaseExecutor.java:222)
	at com.kms.katalon.core.main.TestSuiteExecutor.accessTestCaseMainPhase(TestSuiteExecutor.java:129)
	at com.kms.katalon.core.main.TestSuiteExecutor.accessTestSuiteMainPhase(TestSuiteExecutor.java:112)
	at com.kms.katalon.core.main.TestSuiteExecutor.execute(TestSuiteExecutor.java:81)
	at com.kms.katalon.core.main.TestCaseMain.startTestSuite(TestCaseMain.java:149)
	at com.kms.katalon.core.main.TestCaseMain$startTestSuite$0.call(Unknown Source)
	at TempTestSuite1548869218678.run(TempTestSuite1548869218678.groovy:36)]]></system-out>
         <system-err><![CDATA[2019-01-30 18:20:41 - [TEST_CASE][FAILED] - Test Cases/NCP/Generic/NCP Inspection - Complete: Test Cases/NCP/Generic/NCP Inspection - Complete FAILED.
Reason:
com.kms.katalon.core.exception.StepFailedException: Unable to click on object 'Object Repository/FSM1/NCP/Complete Inspection/Complete Inspection/Page_JClient/div_STARTED' (Root cause: com.kms.katalon.core.webui.exception.WebElementNotFoundException: Web element with id: 'Object Repository/FSM1/NCP/Complete Inspection/Complete Inspection/Page_JClient/div_STARTED' located by 'By.xpath: (.//*[normalize-space(text()) and normalize-space(.)='Override Dependency'])[1]/following::div[3]' not found)
	at com.kms.katalon.core.keyword.internal.KeywordMain.stepFailed(KeywordMain.groovy:36)
	at com.kms.katalon.core.webui.keyword.internal.WebUIKeywordMain.stepFailed(WebUIKeywordMain.groovy:65)
	at com.kms.katalon.core.webui.keyword.internal.WebUIKeywordMain.runKeyword(WebUIKeywordMain.groovy:27)
	at com.kms.katalon.core.webui.keyword.builtin.ClickKeyword.click(ClickKeyword.groovy:86)
	at com.kms.katalon.core.webui.keyword.builtin.ClickKeyword.execute(ClickKeyword.groovy:67)
	at com.kms.katalon.core.keyword.internal.KeywordExecutor.executeKeywordForPlatform(KeywordExecutor.groovy:53)
	at com.kms.katalon.core.webui.keyword.WebUiBuiltInKeywords.click(WebUiBuiltInKeywords.groovy:616)
	at com.kms.katalon.core.webui.keyword.WebUiBuiltInKeywords$click$2.call(Unknown Source)
	at NCP Inspection - Complete.run(NCP Inspection - Complete:16)
	at com.kms.katalon.core.main.ScriptEngine.run(ScriptEngine.java:194)
	at com.kms.katalon.core.main.ScriptEngine.runScriptAsRawText(ScriptEngine.java:119)
	at com.kms.katalon.core.main.TestCaseExecutor.runScript(TestCaseExecutor.java:321)
	at com.kms.katalon.core.main.TestCaseExecutor.doExecute(TestCaseExecutor.java:312)
	at com.kms.katalon.core.main.TestCaseExecutor.processExecutionPhase(TestCaseExecutor.java:291)
	at com.kms.katalon.core.main.TestCaseExecutor.accessMainPhase(TestCaseExecutor.java:283)
	at com.kms.katalon.core.main.TestCaseExecutor.execute(TestCaseExecutor.java:222)
	at com.kms.katalon.core.main.TestSuiteExecutor.accessTestCaseMainPhase(TestSuiteExecutor.java:129)
	at com.kms.katalon.core.main.TestSuiteExecutor.accessTestSuiteMainPhase(TestSuiteExecutor.java:112)
	at com.kms.katalon.core.main.TestSuiteExecutor.execute(TestSuiteExecutor.java:81)
	at com.kms.katalon.core.main.TestCaseMain.startTestSuite(TestCaseMain.java:149)
	at com.kms.katalon.core.main.TestCaseMain$startTestSuite$0.call(Unknown Source)
	at TempTestSuite1548869218678.run(TempTestSuite1548869218678.groovy:36)]]></system-err>
      </testcase>
      <testcase name="Test Cases/Generic/Launch Job Manager Control Centre - Check Result" classname="Test Cases/Generic/Launch Job Manager Control Centre - Check Result" status="PASSED">
         <system-out><![CDATA[2019-01-30 18:21:12 - [TEST_CASE][PASSED] - Test Cases/Generic/Launch Job Manager Control Centre - Check Result: Test Cases/Generic/Launch Job Manager Control Centre - Check Result

2019-01-30 18:21:13 - [TEST_STEP][PASSED] - openBrowser(""): Browser is opened with url: ''

2019-01-30 18:21:13 - [MESSAGE][WARNING] - A browser is already opened. Closing browser and opening a new one

2019-01-30 18:21:13 - [MESSAGE][INFO] - Starting 'Chrome' driver

2019-01-30 18:21:16 - [MESSAGE][PASSED] - Browser is opened with url: ''

2019-01-30 18:21:16 - [TEST_STEP][PASSED] - navigateToUrl(CCURL): Navigate to 'https://kirona-def-6.kirona.com/jmprep/login#!loginView' successfully

2019-01-30 18:21:18 - [MESSAGE][PASSED] - Navigate to 'https://kirona-def-6.kirona.com/jmprep/login#!loginView' successfully

2019-01-30 18:21:18 - [TEST_STEP][PASSED] - setText(findTestObject("FSM1/Control Centre/Page_Job Manager Login/input_gwt-uid-3"), Username): Text 'jon.hatfield' is set on object 'Object Repository/FSM1/Control Centre/Page_Job Manager Login/input_gwt-uid-3'

2019-01-30 18:21:18 - [MESSAGE][PASSED] - Text 'jon.hatfield' is set on object 'Object Repository/FSM1/Control Centre/Page_Job Manager Login/input_gwt-uid-3'

2019-01-30 18:21:18 - [TEST_STEP][PASSED] - setText(findTestObject("FSM1/Control Centre/Page_Job Manager Login/input_gwt-uid-5"), Password): Text 'Fr@nc1sJ0n' is set on object 'Object Repository/FSM1/Control Centre/Page_Job Manager Login/input_gwt-uid-5'

2019-01-30 18:21:18 - [MESSAGE][PASSED] - Text 'Fr@nc1sJ0n' is set on object 'Object Repository/FSM1/Control Centre/Page_Job Manager Login/input_gwt-uid-5'

2019-01-30 18:21:18 - [TEST_STEP][PASSED] - delay(2): Delayed 2 second(s)

2019-01-30 18:21:20 - [MESSAGE][PASSED] - Delayed 2 second(s)

2019-01-30 18:21:20 - [TEST_STEP][PASSED] - click(findTestObject("FSM1/PreProd/Page_Job Manager Login/div_Login")): Object: 'Object Repository/FSM1/PreProd/Page_Job Manager Login/div_Login' is clicked on

2019-01-30 18:21:20 - [MESSAGE][PASSED] - Object: 'Object Repository/FSM1/PreProd/Page_Job Manager Login/div_Login' is clicked on

2019-01-30 18:21:20 - [TEST_STEP][PASSED] - delay(20): Delayed 20 second(s)

2019-01-30 18:21:40 - [MESSAGE][PASSED] - Delayed 20 second(s)]]></system-out>
         <system-err><![CDATA[]]></system-err>
      </testcase>
      <testcase name="Test Cases/NCP/Breeding Chickens/Control Centre - Check Results - NCP Breeding Chickens" classname="Test Cases/NCP/Breeding Chickens/Control Centre - Check Results - NCP Breeding Chickens" status="FAILED">
         <failure type="FAILED" message="Test Cases/NCP/Breeding Chickens/Control Centre - Check Results - NCP Breeding Chickens FAILED.
Reason:
com.kms.katalon.core.exception.StepFailedException: Unable to verify object 'Object Repository/FSM1/Complete ABP Inspection/Check Results/03a/Page_JM Control Centre/div_Attachments_NCP - Breeding Chickens' is present (Root cause: com.kms.katalon.core.exception.StepFailedException: com.kms.katalon.core.webui.exception.WebElementNotFoundException: Web element with id: 'Object Repository/FSM1/Complete ABP Inspection/Check Results/03a/Page_JM Control Centre/div_Attachments_NCP - Breeding Chickens' located by 'By.xpath: //div[@id = 'NCP CSO01 Breeding Chickens']' not found)
	at com.kms.katalon.core.keyword.internal.KeywordMain.stepFailed(KeywordMain.groovy:36)
	at com.kms.katalon.core.webui.keyword.internal.WebUIKeywordMain.stepFailed(WebUIKeywordMain.groovy:65)
	at com.kms.katalon.core.webui.keyword.internal.WebUIKeywordMain.runKeyword(WebUIKeywordMain.groovy:27)
	at com.kms.katalon.core.webui.keyword.builtin.VerifyElementPresentKeyword.verifyElementPresent(VerifyElementPresentKeyword.groovy:92)
	at com.kms.katalon.core.webui.keyword.builtin.VerifyElementPresentKeyword.execute(VerifyElementPresentKeyword.groovy:68)
	at com.kms.katalon.core.keyword.internal.KeywordExecutor.executeKeywordForPlatform(KeywordExecutor.groovy:53)
	at com.kms.katalon.core.webui.keyword.WebUiBuiltInKeywords.verifyElementPresent(WebUiBuiltInKeywords.groovy:1434)
	at com.kms.katalon.core.webui.keyword.WebUiBuiltInKeywords$verifyElementPresent$11.call(Unknown Source)
	at Control Centre - Check Results - NCP Breeding Chickens.run(Control Centre - Check Results - NCP Breeding Chickens:37)
	at com.kms.katalon.core.main.ScriptEngine.run(ScriptEngine.java:194)
	at com.kms.katalon.core.main.ScriptEngine.runScriptAsRawText(ScriptEngine.java:119)
	at com.kms.katalon.core.main.TestCaseExecutor.runScript(TestCaseExecutor.java:321)
	at com.kms.katalon.core.main.TestCaseExecutor.doExecute(TestCaseExecutor.java:312)
	at com.kms.katalon.core.main.TestCaseExecutor.processExecutionPhase(TestCaseExecutor.java:291)
	at com.kms.katalon.core.main.TestCaseExecutor.accessMainPhase(TestCaseExecutor.java:283)
	at com.kms.katalon.core.main.TestCaseExecutor.execute(TestCaseExecutor.java:222)
	at com.kms.katalon.core.main.TestSuiteExecutor.accessTestCaseMainPhase(TestSuiteExecutor.java:129)
	at com.kms.katalon.core.main.TestSuiteExecutor.accessTestSuiteMainPhase(TestSuiteExecutor.java:112)
	at com.kms.katalon.core.main.TestSuiteExecutor.execute(TestSuiteExecutor.java:81)
	at com.kms.katalon.core.main.TestCaseMain.startTestSuite(TestCaseMain.java:149)
	at com.kms.katalon.core.main.TestCaseMain$startTestSuite$0.call(Unknown Source)
	at TempTestSuite1548869218678.run(TempTestSuite1548869218678.groovy:36)
"/>
         <system-out><![CDATA[2019-01-30 18:21:40 - [TEST_CASE][FAILED] - Test Cases/NCP/Breeding Chickens/Control Centre - Check Results - NCP Breeding Chickens: Test Cases/NCP/Breeding Chickens/Control Centre - Check Results - NCP Breeding Chickens FAILED.
Reason:
com.kms.katalon.core.exception.StepFailedException: Unable to verify object 'Object Repository/FSM1/Complete ABP Inspection/Check Results/03a/Page_JM Control Centre/div_Attachments_NCP - Breeding Chickens' is present (Root cause: com.kms.katalon.core.exception.StepFailedException: com.kms.katalon.core.webui.exception.WebElementNotFoundException: Web element with id: 'Object Repository/FSM1/Complete ABP Inspection/Check Results/03a/Page_JM Control Centre/div_Attachments_NCP - Breeding Chickens' located by 'By.xpath: //div[@id = 'NCP CSO01 Breeding Chickens']' not found)
	at com.kms.katalon.core.keyword.internal.KeywordMain.stepFailed(KeywordMain.groovy:36)
	at com.kms.katalon.core.webui.keyword.internal.WebUIKeywordMain.stepFailed(WebUIKeywordMain.groovy:65)
	at com.kms.katalon.core.webui.keyword.internal.WebUIKeywordMain.runKeyword(WebUIKeywordMain.groovy:27)
	at com.kms.katalon.core.webui.keyword.builtin.VerifyElementPresentKeyword.verifyElementPresent(VerifyElementPresentKeyword.groovy:92)
	at com.kms.katalon.core.webui.keyword.builtin.VerifyElementPresentKeyword.execute(VerifyElementPresentKeyword.groovy:68)
	at com.kms.katalon.core.keyword.internal.KeywordExecutor.executeKeywordForPlatform(KeywordExecutor.groovy:53)
	at com.kms.katalon.core.webui.keyword.WebUiBuiltInKeywords.verifyElementPresent(WebUiBuiltInKeywords.groovy:1434)
	at com.kms.katalon.core.webui.keyword.WebUiBuiltInKeywords$verifyElementPresent$11.call(Unknown Source)
	at Control Centre - Check Results - NCP Breeding Chickens.run(Control Centre - Check Results - NCP Breeding Chickens:37)
	at com.kms.katalon.core.main.ScriptEngine.run(ScriptEngine.java:194)
	at com.kms.katalon.core.main.ScriptEngine.runScriptAsRawText(ScriptEngine.java:119)
	at com.kms.katalon.core.main.TestCaseExecutor.runScript(TestCaseExecutor.java:321)
	at com.kms.katalon.core.main.TestCaseExecutor.doExecute(TestCaseExecutor.java:312)
	at com.kms.katalon.core.main.TestCaseExecutor.processExecutionPhase(TestCaseExecutor.java:291)
	at com.kms.katalon.core.main.TestCaseExecutor.accessMainPhase(TestCaseExecutor.java:283)
	at com.kms.katalon.core.main.TestCaseExecutor.execute(TestCaseExecutor.java:222)
	at com.kms.katalon.core.main.TestSuiteExecutor.accessTestCaseMainPhase(TestSuiteExecutor.java:129)
	at com.kms.katalon.core.main.TestSuiteExecutor.accessTestSuiteMainPhase(TestSuiteExecutor.java:112)
	at com.kms.katalon.core.main.TestSuiteExecutor.execute(TestSuiteExecutor.java:81)
	at com.kms.katalon.core.main.TestCaseMain.startTestSuite(TestCaseMain.java:149)
	at com.kms.katalon.core.main.TestCaseMain$startTestSuite$0.call(Unknown Source)
	at TempTestSuite1548869218678.run(TempTestSuite1548869218678.groovy:36)


2019-01-30 18:21:41 - [TEST_STEP][PASSED] - log = new com.kms.katalon.core.logging.KeywordLogger(): null

2019-01-30 18:21:41 - [TEST_STEP][PASSED] - setText(findTestObject("Object Repository/FSM1/EMI Check Results/Page_JM Control Centre/input_Recents_v-textfield v-wi"), temp): Text '103575' is set on object 'Object Repository/FSM1/EMI Check Results/Page_JM Control Centre/input_Recents_v-textfield v-wi'

2019-01-30 18:21:41 - [MESSAGE][PASSED] - Text '103575' is set on object 'Object Repository/FSM1/EMI Check Results/Page_JM Control Centre/input_Recents_v-textfield v-wi'

2019-01-30 18:21:41 - [TEST_STEP][PASSED] - click(findTestObject("Object Repository/FSM1/EMI Check Results/Page_JM Control Centre/span_")): Object: 'Object Repository/FSM1/EMI Check Results/Page_JM Control Centre/span_' is clicked on

2019-01-30 18:21:42 - [MESSAGE][PASSED] - Object: 'Object Repository/FSM1/EMI Check Results/Page_JM Control Centre/span_' is clicked on

2019-01-30 18:21:42 - [TEST_STEP][PASSED] - waitForElementPresent(findTestObject("Object Repository/FSM1/EMI Check Results/Page_JM Control Centre/div_CLOSED"), 60): Object 'Object Repository/FSM1/EMI Check Results/Page_JM Control Centre/div_CLOSED' is not present after 60 second(s)

2019-01-30 18:22:47 - [MESSAGE][INFO] - Unable to find the element located by 'By.xpath: //div[(text() = 'CLOSED' or . = 'CLOSED')]'. Please recheck the objects properties to make sure the desired element is located. 

2019-01-30 18:22:47 - [MESSAGE][WARNING] - Object 'Object Repository/FSM1/EMI Check Results/Page_JM Control Centre/div_CLOSED' is not present after 60 second(s)

2019-01-30 18:22:47 - [TEST_STEP][PASSED] - delay(3): Delayed 3 second(s)

2019-01-30 18:22:50 - [MESSAGE][PASSED] - Delayed 3 second(s)

2019-01-30 18:22:50 - [TEST_STEP][FAILED] - verifyElementPresent(findTestObject("FSM1/Complete ABP Inspection/Check Results/03a/Page_JM Control Centre/div_Attachments_NCP - Breeding Chickens"), 5): verifyElementPresent(findTestObject("FSM1/Complete ABP Inspection/Check Results/03a/Page_JM Control Centre/div_Attachments_NCP - Breeding Chickens"), 5) FAILED.
Reason:
com.kms.katalon.core.exception.StepFailedException: Unable to verify object 'Object Repository/FSM1/Complete ABP Inspection/Check Results/03a/Page_JM Control Centre/div_Attachments_NCP - Breeding Chickens' is present (Root cause: com.kms.katalon.core.exception.StepFailedException: com.kms.katalon.core.webui.exception.WebElementNotFoundException: Web element with id: 'Object Repository/FSM1/Complete ABP Inspection/Check Results/03a/Page_JM Control Centre/div_Attachments_NCP - Breeding Chickens' located by 'By.xpath: //div[@id = 'NCP CSO01 Breeding Chickens']' not found)
	at com.kms.katalon.core.keyword.internal.KeywordMain.stepFailed(KeywordMain.groovy:36)
	at com.kms.katalon.core.webui.keyword.internal.WebUIKeywordMain.stepFailed(WebUIKeywordMain.groovy:65)
	at com.kms.katalon.core.webui.keyword.internal.WebUIKeywordMain.runKeyword(WebUIKeywordMain.groovy:27)
	at com.kms.katalon.core.webui.keyword.builtin.VerifyElementPresentKeyword.verifyElementPresent(VerifyElementPresentKeyword.groovy:92)
	at com.kms.katalon.core.webui.keyword.builtin.VerifyElementPresentKeyword.execute(VerifyElementPresentKeyword.groovy:68)
	at com.kms.katalon.core.keyword.internal.KeywordExecutor.executeKeywordForPlatform(KeywordExecutor.groovy:53)
	at com.kms.katalon.core.webui.keyword.WebUiBuiltInKeywords.verifyElementPresent(WebUiBuiltInKeywords.groovy:1434)
	at com.kms.katalon.core.webui.keyword.WebUiBuiltInKeywords$verifyElementPresent$11.call(Unknown Source)
	at Control Centre - Check Results - NCP Breeding Chickens.run(Control Centre - Check Results - NCP Breeding Chickens:37)
	at com.kms.katalon.core.main.ScriptEngine.run(ScriptEngine.java:194)
	at com.kms.katalon.core.main.ScriptEngine.runScriptAsRawText(ScriptEngine.java:119)
	at com.kms.katalon.core.main.TestCaseExecutor.runScript(TestCaseExecutor.java:321)
	at com.kms.katalon.core.main.TestCaseExecutor.doExecute(TestCaseExecutor.java:312)
	at com.kms.katalon.core.main.TestCaseExecutor.processExecutionPhase(TestCaseExecutor.java:291)
	at com.kms.katalon.core.main.TestCaseExecutor.accessMainPhase(TestCaseExecutor.java:283)
	at com.kms.katalon.core.main.TestCaseExecutor.execute(TestCaseExecutor.java:222)
	at com.kms.katalon.core.main.TestSuiteExecutor.accessTestCaseMainPhase(TestSuiteExecutor.java:129)
	at com.kms.katalon.core.main.TestSuiteExecutor.accessTestSuiteMainPhase(TestSuiteExecutor.java:112)
	at com.kms.katalon.core.main.TestSuiteExecutor.execute(TestSuiteExecutor.java:81)
	at com.kms.katalon.core.main.TestCaseMain.startTestSuite(TestCaseMain.java:149)
	at com.kms.katalon.core.main.TestCaseMain$startTestSuite$0.call(Unknown Source)
	at TempTestSuite1548869218678.run(TempTestSuite1548869218678.groovy:36)


2019-01-30 18:22:56 - [MESSAGE][INFO] - Unable to find the element located by 'By.xpath: //div[@id = 'NCP CSO01 Breeding Chickens']'. Please recheck the objects properties to make sure the desired element is located. 

2019-01-30 18:22:56 - [MESSAGE][FAILED] - com.kms.katalon.core.webui.exception.WebElementNotFoundException: Web element with id: 'Object Repository/FSM1/Complete ABP Inspection/Check Results/03a/Page_JM Control Centre/div_Attachments_NCP - Breeding Chickens' located by 'By.xpath: //div[@id = 'NCP CSO01 Breeding Chickens']' not found
[[ATTACHMENT|C:\\Users\\jonha\\Documents\\Katalon\\APHA\\JM_8.9\\FSM_Regression\\Reports\\NCP\\NCP Regression - Breeding Chickens\\20190130_172658\\1548872576282.png]]

2019-01-30 18:22:57 - [MESSAGE][FAILED] - Unable to verify object 'Object Repository/FSM1/Complete ABP Inspection/Check Results/03a/Page_JM Control Centre/div_Attachments_NCP - Breeding Chickens' is present (Root cause: com.kms.katalon.core.exception.StepFailedException: com.kms.katalon.core.webui.exception.WebElementNotFoundException: Web element with id: 'Object Repository/FSM1/Complete ABP Inspection/Check Results/03a/Page_JM Control Centre/div_Attachments_NCP - Breeding Chickens' located by 'By.xpath: //div[@id = 'NCP CSO01 Breeding Chickens']' not found)
[[ATTACHMENT|C:\\Users\\jonha\\Documents\\Katalon\\APHA\\JM_8.9\\FSM_Regression\\Reports\\NCP\\NCP Regression - Breeding Chickens\\20190130_172658\\1548872576741.png]]

2019-01-30 18:22:57 - [MESSAGE][FAILED] - verifyElementPresent(findTestObject("FSM1/Complete ABP Inspection/Check Results/03a/Page_JM Control Centre/div_Attachments_NCP - Breeding Chickens"), 5) FAILED.
Reason:
com.kms.katalon.core.exception.StepFailedException: Unable to verify object 'Object Repository/FSM1/Complete ABP Inspection/Check Results/03a/Page_JM Control Centre/div_Attachments_NCP - Breeding Chickens' is present (Root cause: com.kms.katalon.core.exception.StepFailedException: com.kms.katalon.core.webui.exception.WebElementNotFoundException: Web element with id: 'Object Repository/FSM1/Complete ABP Inspection/Check Results/03a/Page_JM Control Centre/div_Attachments_NCP - Breeding Chickens' located by 'By.xpath: //div[@id = 'NCP CSO01 Breeding Chickens']' not found)
	at com.kms.katalon.core.keyword.internal.KeywordMain.stepFailed(KeywordMain.groovy:36)
	at com.kms.katalon.core.webui.keyword.internal.WebUIKeywordMain.stepFailed(WebUIKeywordMain.groovy:65)
	at com.kms.katalon.core.webui.keyword.internal.WebUIKeywordMain.runKeyword(WebUIKeywordMain.groovy:27)
	at com.kms.katalon.core.webui.keyword.builtin.VerifyElementPresentKeyword.verifyElementPresent(VerifyElementPresentKeyword.groovy:92)
	at com.kms.katalon.core.webui.keyword.builtin.VerifyElementPresentKeyword.execute(VerifyElementPresentKeyword.groovy:68)
	at com.kms.katalon.core.keyword.internal.KeywordExecutor.executeKeywordForPlatform(KeywordExecutor.groovy:53)
	at com.kms.katalon.core.webui.keyword.WebUiBuiltInKeywords.verifyElementPresent(WebUiBuiltInKeywords.groovy:1434)
	at com.kms.katalon.core.webui.keyword.WebUiBuiltInKeywords$verifyElementPresent$11.call(Unknown Source)
	at Control Centre - Check Results - NCP Breeding Chickens.run(Control Centre - Check Results - NCP Breeding Chickens:37)
	at com.kms.katalon.core.main.ScriptEngine.run(ScriptEngine.java:194)
	at com.kms.katalon.core.main.ScriptEngine.runScriptAsRawText(ScriptEngine.java:119)
	at com.kms.katalon.core.main.TestCaseExecutor.runScript(TestCaseExecutor.java:321)
	at com.kms.katalon.core.main.TestCaseExecutor.doExecute(TestCaseExecutor.java:312)
	at com.kms.katalon.core.main.TestCaseExecutor.processExecutionPhase(TestCaseExecutor.java:291)
	at com.kms.katalon.core.main.TestCaseExecutor.accessMainPhase(TestCaseExecutor.java:283)
	at com.kms.katalon.core.main.TestCaseExecutor.execute(TestCaseExecutor.java:222)
	at com.kms.katalon.core.main.TestSuiteExecutor.accessTestCaseMainPhase(TestSuiteExecutor.java:129)
	at com.kms.katalon.core.main.TestSuiteExecutor.accessTestSuiteMainPhase(TestSuiteExecutor.java:112)
	at com.kms.katalon.core.main.TestSuiteExecutor.execute(TestSuiteExecutor.java:81)
	at com.kms.katalon.core.main.TestCaseMain.startTestSuite(TestCaseMain.java:149)
	at com.kms.katalon.core.main.TestCaseMain$startTestSuite$0.call(Unknown Source)
	at TempTestSuite1548869218678.run(TempTestSuite1548869218678.groovy:36)]]></system-out>
         <system-err><![CDATA[2019-01-30 18:21:40 - [TEST_CASE][FAILED] - Test Cases/NCP/Breeding Chickens/Control Centre - Check Results - NCP Breeding Chickens: Test Cases/NCP/Breeding Chickens/Control Centre - Check Results - NCP Breeding Chickens FAILED.
Reason:
com.kms.katalon.core.exception.StepFailedException: Unable to verify object 'Object Repository/FSM1/Complete ABP Inspection/Check Results/03a/Page_JM Control Centre/div_Attachments_NCP - Breeding Chickens' is present (Root cause: com.kms.katalon.core.exception.StepFailedException: com.kms.katalon.core.webui.exception.WebElementNotFoundException: Web element with id: 'Object Repository/FSM1/Complete ABP Inspection/Check Results/03a/Page_JM Control Centre/div_Attachments_NCP - Breeding Chickens' located by 'By.xpath: //div[@id = 'NCP CSO01 Breeding Chickens']' not found)
	at com.kms.katalon.core.keyword.internal.KeywordMain.stepFailed(KeywordMain.groovy:36)
	at com.kms.katalon.core.webui.keyword.internal.WebUIKeywordMain.stepFailed(WebUIKeywordMain.groovy:65)
	at com.kms.katalon.core.webui.keyword.internal.WebUIKeywordMain.runKeyword(WebUIKeywordMain.groovy:27)
	at com.kms.katalon.core.webui.keyword.builtin.VerifyElementPresentKeyword.verifyElementPresent(VerifyElementPresentKeyword.groovy:92)
	at com.kms.katalon.core.webui.keyword.builtin.VerifyElementPresentKeyword.execute(VerifyElementPresentKeyword.groovy:68)
	at com.kms.katalon.core.keyword.internal.KeywordExecutor.executeKeywordForPlatform(KeywordExecutor.groovy:53)
	at com.kms.katalon.core.webui.keyword.WebUiBuiltInKeywords.verifyElementPresent(WebUiBuiltInKeywords.groovy:1434)
	at com.kms.katalon.core.webui.keyword.WebUiBuiltInKeywords$verifyElementPresent$11.call(Unknown Source)
	at Control Centre - Check Results - NCP Breeding Chickens.run(Control Centre - Check Results - NCP Breeding Chickens:37)
	at com.kms.katalon.core.main.ScriptEngine.run(ScriptEngine.java:194)
	at com.kms.katalon.core.main.ScriptEngine.runScriptAsRawText(ScriptEngine.java:119)
	at com.kms.katalon.core.main.TestCaseExecutor.runScript(TestCaseExecutor.java:321)
	at com.kms.katalon.core.main.TestCaseExecutor.doExecute(TestCaseExecutor.java:312)
	at com.kms.katalon.core.main.TestCaseExecutor.processExecutionPhase(TestCaseExecutor.java:291)
	at com.kms.katalon.core.main.TestCaseExecutor.accessMainPhase(TestCaseExecutor.java:283)
	at com.kms.katalon.core.main.TestCaseExecutor.execute(TestCaseExecutor.java:222)
	at com.kms.katalon.core.main.TestSuiteExecutor.accessTestCaseMainPhase(TestSuiteExecutor.java:129)
	at com.kms.katalon.core.main.TestSuiteExecutor.accessTestSuiteMainPhase(TestSuiteExecutor.java:112)
	at com.kms.katalon.core.main.TestSuiteExecutor.execute(TestSuiteExecutor.java:81)
	at com.kms.katalon.core.main.TestCaseMain.startTestSuite(TestCaseMain.java:149)
	at com.kms.katalon.core.main.TestCaseMain$startTestSuite$0.call(Unknown Source)
	at TempTestSuite1548869218678.run(TempTestSuite1548869218678.groovy:36)]]></system-err>
      </testcase>
      <testcase name="Test Cases/Generic/Check Subsequent Inspection Exist" classname="Test Cases/Generic/Check Subsequent Inspection Exist" status="FAILED">
         <failure type="FAILED" message="Test Cases/Generic/Check Subsequent Inspection Exist FAILED.
Reason:
com.kms.katalon.core.exception.StepFailedException: Unable to verify object 'Object Repository/FSM1/Complete ABP Inspection/Check Subsequent Inspections/New/Page_JM Control Centre/div_2 found.' is visible (Root cause: com.kms.katalon.core.exception.StepFailedException: Web element with id: 'Object Repository/FSM1/Complete ABP Inspection/Check Subsequent Inspections/New/Page_JM Control Centre/div_2 found.' located by 'By.xpath: //div[@class = 'v-captiontext' and (text() = '2 found.' or . = '2 found.')]' not found)
	at com.kms.katalon.core.keyword.internal.KeywordMain.stepFailed(KeywordMain.groovy:36)
	at com.kms.katalon.core.webui.keyword.internal.WebUIKeywordMain.stepFailed(WebUIKeywordMain.groovy:65)
	at com.kms.katalon.core.webui.keyword.internal.WebUIKeywordMain.runKeyword(WebUIKeywordMain.groovy:27)
	at com.kms.katalon.core.webui.keyword.builtin.VerifyElementVisibleKeyword.verifyElementVisible(VerifyElementVisibleKeyword.groovy:97)
	at com.kms.katalon.core.webui.keyword.builtin.VerifyElementVisibleKeyword.execute(VerifyElementVisibleKeyword.groovy:67)
	at com.kms.katalon.core.keyword.internal.KeywordExecutor.executeKeywordForPlatform(KeywordExecutor.groovy:53)
	at com.kms.katalon.core.webui.keyword.WebUiBuiltInKeywords.verifyElementVisible(WebUiBuiltInKeywords.groovy:372)
	at com.kms.katalon.core.webui.keyword.WebUiBuiltInKeywords$verifyElementVisible$12.call(Unknown Source)
	at Check Subsequent Inspection Exist.run(Check Subsequent Inspection Exist:24)
	at com.kms.katalon.core.main.ScriptEngine.run(ScriptEngine.java:194)
	at com.kms.katalon.core.main.ScriptEngine.runScriptAsRawText(ScriptEngine.java:119)
	at com.kms.katalon.core.main.TestCaseExecutor.runScript(TestCaseExecutor.java:321)
	at com.kms.katalon.core.main.TestCaseExecutor.doExecute(TestCaseExecutor.java:312)
	at com.kms.katalon.core.main.TestCaseExecutor.processExecutionPhase(TestCaseExecutor.java:291)
	at com.kms.katalon.core.main.TestCaseExecutor.accessMainPhase(TestCaseExecutor.java:283)
	at com.kms.katalon.core.main.TestCaseExecutor.execute(TestCaseExecutor.java:222)
	at com.kms.katalon.core.main.TestSuiteExecutor.accessTestCaseMainPhase(TestSuiteExecutor.java:129)
	at com.kms.katalon.core.main.TestSuiteExecutor.accessTestSuiteMainPhase(TestSuiteExecutor.java:112)
	at com.kms.katalon.core.main.TestSuiteExecutor.execute(TestSuiteExecutor.java:81)
	at com.kms.katalon.core.main.TestCaseMain.startTestSuite(TestCaseMain.java:149)
	at com.kms.katalon.core.main.TestCaseMain$startTestSuite$0.call(Unknown Source)
	at TempTestSuite1548869218678.run(TempTestSuite1548869218678.groovy:36)
"/>
         <system-out><![CDATA[2019-01-30 18:22:57 - [TEST_CASE][FAILED] - Test Cases/Generic/Check Subsequent Inspection Exist: Test Cases/Generic/Check Subsequent Inspection Exist FAILED.
Reason:
com.kms.katalon.core.exception.StepFailedException: Unable to verify object 'Object Repository/FSM1/Complete ABP Inspection/Check Subsequent Inspections/New/Page_JM Control Centre/div_2 found.' is visible (Root cause: com.kms.katalon.core.exception.StepFailedException: Web element with id: 'Object Repository/FSM1/Complete ABP Inspection/Check Subsequent Inspections/New/Page_JM Control Centre/div_2 found.' located by 'By.xpath: //div[@class = 'v-captiontext' and (text() = '2 found.' or . = '2 found.')]' not found)
	at com.kms.katalon.core.keyword.internal.KeywordMain.stepFailed(KeywordMain.groovy:36)
	at com.kms.katalon.core.webui.keyword.internal.WebUIKeywordMain.stepFailed(WebUIKeywordMain.groovy:65)
	at com.kms.katalon.core.webui.keyword.internal.WebUIKeywordMain.runKeyword(WebUIKeywordMain.groovy:27)
	at com.kms.katalon.core.webui.keyword.builtin.VerifyElementVisibleKeyword.verifyElementVisible(VerifyElementVisibleKeyword.groovy:97)
	at com.kms.katalon.core.webui.keyword.builtin.VerifyElementVisibleKeyword.execute(VerifyElementVisibleKeyword.groovy:67)
	at com.kms.katalon.core.keyword.internal.KeywordExecutor.executeKeywordForPlatform(KeywordExecutor.groovy:53)
	at com.kms.katalon.core.webui.keyword.WebUiBuiltInKeywords.verifyElementVisible(WebUiBuiltInKeywords.groovy:372)
	at com.kms.katalon.core.webui.keyword.WebUiBuiltInKeywords$verifyElementVisible$12.call(Unknown Source)
	at Check Subsequent Inspection Exist.run(Check Subsequent Inspection Exist:24)
	at com.kms.katalon.core.main.ScriptEngine.run(ScriptEngine.java:194)
	at com.kms.katalon.core.main.ScriptEngine.runScriptAsRawText(ScriptEngine.java:119)
	at com.kms.katalon.core.main.TestCaseExecutor.runScript(TestCaseExecutor.java:321)
	at com.kms.katalon.core.main.TestCaseExecutor.doExecute(TestCaseExecutor.java:312)
	at com.kms.katalon.core.main.TestCaseExecutor.processExecutionPhase(TestCaseExecutor.java:291)
	at com.kms.katalon.core.main.TestCaseExecutor.accessMainPhase(TestCaseExecutor.java:283)
	at com.kms.katalon.core.main.TestCaseExecutor.execute(TestCaseExecutor.java:222)
	at com.kms.katalon.core.main.TestSuiteExecutor.accessTestCaseMainPhase(TestSuiteExecutor.java:129)
	at com.kms.katalon.core.main.TestSuiteExecutor.accessTestSuiteMainPhase(TestSuiteExecutor.java:112)
	at com.kms.katalon.core.main.TestSuiteExecutor.execute(TestSuiteExecutor.java:81)
	at com.kms.katalon.core.main.TestCaseMain.startTestSuite(TestCaseMain.java:149)
	at com.kms.katalon.core.main.TestCaseMain$startTestSuite$0.call(Unknown Source)
	at TempTestSuite1548869218678.run(TempTestSuite1548869218678.groovy:36)


2019-01-30 18:22:57 - [TEST_STEP][PASSED] - delay(2): Delayed 2 second(s)

2019-01-30 18:22:59 - [MESSAGE][PASSED] - Delayed 2 second(s)

2019-01-30 18:22:59 - [TEST_STEP][PASSED] - click(findTestObject("Object Repository/FSM1/Complete ABP Inspection/Check Subsequent Inspections/New/Page_JM Control Centre/div_")): Object: 'Object Repository/FSM1/Complete ABP Inspection/Check Subsequent Inspections/New/Page_JM Control Centre/div_' is clicked on

2019-01-30 18:22:59 - [MESSAGE][PASSED] - Object: 'Object Repository/FSM1/Complete ABP Inspection/Check Subsequent Inspections/New/Page_JM Control Centre/div_' is clicked on

2019-01-30 18:22:59 - [TEST_STEP][PASSED] - click(findTestObject("Object Repository/FSM1/Complete ABP Inspection/Check Subsequent Inspections/New/Page_JM Control Centre/span_List All Subordinate Jobs")): Object: 'Object Repository/FSM1/Complete ABP Inspection/Check Subsequent Inspections/New/Page_JM Control Centre/span_List All Subordinate Jobs' is clicked on

2019-01-30 18:23:00 - [MESSAGE][PASSED] - Object: 'Object Repository/FSM1/Complete ABP Inspection/Check Subsequent Inspections/New/Page_JM Control Centre/span_List All Subordinate Jobs' is clicked on

2019-01-30 18:23:00 - [TEST_STEP][PASSED] - delay(2): Delayed 2 second(s)

2019-01-30 18:23:02 - [MESSAGE][PASSED] - Delayed 2 second(s)

2019-01-30 18:23:02 - [TEST_STEP][FAILED] - verifyElementVisible(findTestObject("Object Repository/FSM1/Complete ABP Inspection/Check Subsequent Inspections/New/Page_JM Control Centre/div_2 found.")): verifyElementVisible(findTestObject("Object Repository/FSM1/Complete ABP Inspection/Check Subsequent Inspections/New/Page_JM Control Centre/div_2 found.")) FAILED.
Reason:
com.kms.katalon.core.exception.StepFailedException: Unable to verify object 'Object Repository/FSM1/Complete ABP Inspection/Check Subsequent Inspections/New/Page_JM Control Centre/div_2 found.' is visible (Root cause: com.kms.katalon.core.exception.StepFailedException: Web element with id: 'Object Repository/FSM1/Complete ABP Inspection/Check Subsequent Inspections/New/Page_JM Control Centre/div_2 found.' located by 'By.xpath: //div[@class = 'v-captiontext' and (text() = '2 found.' or . = '2 found.')]' not found)
	at com.kms.katalon.core.keyword.internal.KeywordMain.stepFailed(KeywordMain.groovy:36)
	at com.kms.katalon.core.webui.keyword.internal.WebUIKeywordMain.stepFailed(WebUIKeywordMain.groovy:65)
	at com.kms.katalon.core.webui.keyword.internal.WebUIKeywordMain.runKeyword(WebUIKeywordMain.groovy:27)
	at com.kms.katalon.core.webui.keyword.builtin.VerifyElementVisibleKeyword.verifyElementVisible(VerifyElementVisibleKeyword.groovy:97)
	at com.kms.katalon.core.webui.keyword.builtin.VerifyElementVisibleKeyword.execute(VerifyElementVisibleKeyword.groovy:67)
	at com.kms.katalon.core.keyword.internal.KeywordExecutor.executeKeywordForPlatform(KeywordExecutor.groovy:53)
	at com.kms.katalon.core.webui.keyword.WebUiBuiltInKeywords.verifyElementVisible(WebUiBuiltInKeywords.groovy:372)
	at com.kms.katalon.core.webui.keyword.WebUiBuiltInKeywords$verifyElementVisible$12.call(Unknown Source)
	at Check Subsequent Inspection Exist.run(Check Subsequent Inspection Exist:24)
	at com.kms.katalon.core.main.ScriptEngine.run(ScriptEngine.java:194)
	at com.kms.katalon.core.main.ScriptEngine.runScriptAsRawText(ScriptEngine.java:119)
	at com.kms.katalon.core.main.TestCaseExecutor.runScript(TestCaseExecutor.java:321)
	at com.kms.katalon.core.main.TestCaseExecutor.doExecute(TestCaseExecutor.java:312)
	at com.kms.katalon.core.main.TestCaseExecutor.processExecutionPhase(TestCaseExecutor.java:291)
	at com.kms.katalon.core.main.TestCaseExecutor.accessMainPhase(TestCaseExecutor.java:283)
	at com.kms.katalon.core.main.TestCaseExecutor.execute(TestCaseExecutor.java:222)
	at com.kms.katalon.core.main.TestSuiteExecutor.accessTestCaseMainPhase(TestSuiteExecutor.java:129)
	at com.kms.katalon.core.main.TestSuiteExecutor.accessTestSuiteMainPhase(TestSuiteExecutor.java:112)
	at com.kms.katalon.core.main.TestSuiteExecutor.execute(TestSuiteExecutor.java:81)
	at com.kms.katalon.core.main.TestCaseMain.startTestSuite(TestCaseMain.java:149)
	at com.kms.katalon.core.main.TestCaseMain$startTestSuite$0.call(Unknown Source)
	at TempTestSuite1548869218678.run(TempTestSuite1548869218678.groovy:36)


2019-01-30 18:23:34 - [MESSAGE][INFO] - Unable to find the element located by 'By.xpath: //div[@class = 'v-captiontext' and (text() = '2 found.' or . = '2 found.')]'. Please recheck the objects properties to make sure the desired element is located. 

2019-01-30 18:23:35 - [MESSAGE][FAILED] - Web element with id: 'Object Repository/FSM1/Complete ABP Inspection/Check Subsequent Inspections/New/Page_JM Control Centre/div_2 found.' located by 'By.xpath: //div[@class = 'v-captiontext' and (text() = '2 found.' or . = '2 found.')]' not found
[[ATTACHMENT|C:\\Users\\jonha\\Documents\\Katalon\\APHA\\JM_8.9\\FSM_Regression\\Reports\\NCP\\NCP Regression - Breeding Chickens\\20190130_172658\\1548872614834.png]]

2019-01-30 18:23:35 - [MESSAGE][FAILED] - Unable to verify object 'Object Repository/FSM1/Complete ABP Inspection/Check Subsequent Inspections/New/Page_JM Control Centre/div_2 found.' is visible (Root cause: com.kms.katalon.core.exception.StepFailedException: Web element with id: 'Object Repository/FSM1/Complete ABP Inspection/Check Subsequent Inspections/New/Page_JM Control Centre/div_2 found.' located by 'By.xpath: //div[@class = 'v-captiontext' and (text() = '2 found.' or . = '2 found.')]' not found)
[[ATTACHMENT|C:\\Users\\jonha\\Documents\\Katalon\\APHA\\JM_8.9\\FSM_Regression\\Reports\\NCP\\NCP Regression - Breeding Chickens\\20190130_172658\\1548872615282.png]]

2019-01-30 18:23:35 - [MESSAGE][FAILED] - verifyElementVisible(findTestObject("Object Repository/FSM1/Complete ABP Inspection/Check Subsequent Inspections/New/Page_JM Control Centre/div_2 found.")) FAILED.
Reason:
com.kms.katalon.core.exception.StepFailedException: Unable to verify object 'Object Repository/FSM1/Complete ABP Inspection/Check Subsequent Inspections/New/Page_JM Control Centre/div_2 found.' is visible (Root cause: com.kms.katalon.core.exception.StepFailedException: Web element with id: 'Object Repository/FSM1/Complete ABP Inspection/Check Subsequent Inspections/New/Page_JM Control Centre/div_2 found.' located by 'By.xpath: //div[@class = 'v-captiontext' and (text() = '2 found.' or . = '2 found.')]' not found)
	at com.kms.katalon.core.keyword.internal.KeywordMain.stepFailed(KeywordMain.groovy:36)
	at com.kms.katalon.core.webui.keyword.internal.WebUIKeywordMain.stepFailed(WebUIKeywordMain.groovy:65)
	at com.kms.katalon.core.webui.keyword.internal.WebUIKeywordMain.runKeyword(WebUIKeywordMain.groovy:27)
	at com.kms.katalon.core.webui.keyword.builtin.VerifyElementVisibleKeyword.verifyElementVisible(VerifyElementVisibleKeyword.groovy:97)
	at com.kms.katalon.core.webui.keyword.builtin.VerifyElementVisibleKeyword.execute(VerifyElementVisibleKeyword.groovy:67)
	at com.kms.katalon.core.keyword.internal.KeywordExecutor.executeKeywordForPlatform(KeywordExecutor.groovy:53)
	at com.kms.katalon.core.webui.keyword.WebUiBuiltInKeywords.verifyElementVisible(WebUiBuiltInKeywords.groovy:372)
	at com.kms.katalon.core.webui.keyword.WebUiBuiltInKeywords$verifyElementVisible$12.call(Unknown Source)
	at Check Subsequent Inspection Exist.run(Check Subsequent Inspection Exist:24)
	at com.kms.katalon.core.main.ScriptEngine.run(ScriptEngine.java:194)
	at com.kms.katalon.core.main.ScriptEngine.runScriptAsRawText(ScriptEngine.java:119)
	at com.kms.katalon.core.main.TestCaseExecutor.runScript(TestCaseExecutor.java:321)
	at com.kms.katalon.core.main.TestCaseExecutor.doExecute(TestCaseExecutor.java:312)
	at com.kms.katalon.core.main.TestCaseExecutor.processExecutionPhase(TestCaseExecutor.java:291)
	at com.kms.katalon.core.main.TestCaseExecutor.accessMainPhase(TestCaseExecutor.java:283)
	at com.kms.katalon.core.main.TestCaseExecutor.execute(TestCaseExecutor.java:222)
	at com.kms.katalon.core.main.TestSuiteExecutor.accessTestCaseMainPhase(TestSuiteExecutor.java:129)
	at com.kms.katalon.core.main.TestSuiteExecutor.accessTestSuiteMainPhase(TestSuiteExecutor.java:112)
	at com.kms.katalon.core.main.TestSuiteExecutor.execute(TestSuiteExecutor.java:81)
	at com.kms.katalon.core.main.TestCaseMain.startTestSuite(TestCaseMain.java:149)
	at com.kms.katalon.core.main.TestCaseMain$startTestSuite$0.call(Unknown Source)
	at TempTestSuite1548869218678.run(TempTestSuite1548869218678.groovy:36)]]></system-out>
         <system-err><![CDATA[2019-01-30 18:22:57 - [TEST_CASE][FAILED] - Test Cases/Generic/Check Subsequent Inspection Exist: Test Cases/Generic/Check Subsequent Inspection Exist FAILED.
Reason:
com.kms.katalon.core.exception.StepFailedException: Unable to verify object 'Object Repository/FSM1/Complete ABP Inspection/Check Subsequent Inspections/New/Page_JM Control Centre/div_2 found.' is visible (Root cause: com.kms.katalon.core.exception.StepFailedException: Web element with id: 'Object Repository/FSM1/Complete ABP Inspection/Check Subsequent Inspections/New/Page_JM Control Centre/div_2 found.' located by 'By.xpath: //div[@class = 'v-captiontext' and (text() = '2 found.' or . = '2 found.')]' not found)
	at com.kms.katalon.core.keyword.internal.KeywordMain.stepFailed(KeywordMain.groovy:36)
	at com.kms.katalon.core.webui.keyword.internal.WebUIKeywordMain.stepFailed(WebUIKeywordMain.groovy:65)
	at com.kms.katalon.core.webui.keyword.internal.WebUIKeywordMain.runKeyword(WebUIKeywordMain.groovy:27)
	at com.kms.katalon.core.webui.keyword.builtin.VerifyElementVisibleKeyword.verifyElementVisible(VerifyElementVisibleKeyword.groovy:97)
	at com.kms.katalon.core.webui.keyword.builtin.VerifyElementVisibleKeyword.execute(VerifyElementVisibleKeyword.groovy:67)
	at com.kms.katalon.core.keyword.internal.KeywordExecutor.executeKeywordForPlatform(KeywordExecutor.groovy:53)
	at com.kms.katalon.core.webui.keyword.WebUiBuiltInKeywords.verifyElementVisible(WebUiBuiltInKeywords.groovy:372)
	at com.kms.katalon.core.webui.keyword.WebUiBuiltInKeywords$verifyElementVisible$12.call(Unknown Source)
	at Check Subsequent Inspection Exist.run(Check Subsequent Inspection Exist:24)
	at com.kms.katalon.core.main.ScriptEngine.run(ScriptEngine.java:194)
	at com.kms.katalon.core.main.ScriptEngine.runScriptAsRawText(ScriptEngine.java:119)
	at com.kms.katalon.core.main.TestCaseExecutor.runScript(TestCaseExecutor.java:321)
	at com.kms.katalon.core.main.TestCaseExecutor.doExecute(TestCaseExecutor.java:312)
	at com.kms.katalon.core.main.TestCaseExecutor.processExecutionPhase(TestCaseExecutor.java:291)
	at com.kms.katalon.core.main.TestCaseExecutor.accessMainPhase(TestCaseExecutor.java:283)
	at com.kms.katalon.core.main.TestCaseExecutor.execute(TestCaseExecutor.java:222)
	at com.kms.katalon.core.main.TestSuiteExecutor.accessTestCaseMainPhase(TestSuiteExecutor.java:129)
	at com.kms.katalon.core.main.TestSuiteExecutor.accessTestSuiteMainPhase(TestSuiteExecutor.java:112)
	at com.kms.katalon.core.main.TestSuiteExecutor.execute(TestSuiteExecutor.java:81)
	at com.kms.katalon.core.main.TestCaseMain.startTestSuite(TestCaseMain.java:149)
	at com.kms.katalon.core.main.TestCaseMain$startTestSuite$0.call(Unknown Source)
	at TempTestSuite1548869218678.run(TempTestSuite1548869218678.groovy:36)]]></system-err>
      </testcase>
      <testcase name="Test Cases/Email/Check Email" classname="Test Cases/Email/Check Email" status="PASSED">
         <system-out><![CDATA[2019-01-30 18:23:35 - [TEST_CASE][PASSED] - Test Cases/Email/Check Email: Test Cases/Email/Check Email

2019-01-30 18:23:36 - [TEST_STEP][PASSED] - delay(240): Delayed 240 second(s)

2019-01-30 18:27:36 - [MESSAGE][PASSED] - Delayed 240 second(s)

2019-01-30 18:27:36 - [TEST_STEP][PASSED] - responseData = sendRequest(findTestObject("CheckEmail", ["f":"check_email", "seq":"0", "sid_token":"0o023c6smtcm8i1somj12o63o6"])): Send request successfully

2019-01-30 18:27:37 - [MESSAGE][INFO] - HAR: C:\Users\jonha\Documents\Katalon\APHA\JM_8.9\FSM_Regression\Reports\NCP\NCP Regression - Breeding Chickens\20190130_172658\requests\main\1.har

2019-01-30 18:27:37 - [MESSAGE][PASSED] - Send request successfully

2019-01-30 18:27:37 - [TEST_STEP][PASSED] - out.println(responseData.getResponseText()): null

2019-01-30 18:27:37 - [TEST_STEP][PASSED] - jsonSlurper = new groovy.json.JsonSlurper(): null

2019-01-30 18:27:37 - [TEST_STEP][PASSED] - res = jsonSlurper.parseText(responseData.getResponseText()): null

2019-01-30 18:27:37 - [TEST_STEP][PASSED] - MailID = mail_id[1]: null

2019-01-30 18:27:37 - [TEST_STEP][PASSED] - println(MailID): null]]></system-out>
         <system-err><![CDATA[]]></system-err>
      </testcase>
      <testcase name="Test Cases/Email/FetchEmail" classname="Test Cases/Email/FetchEmail" status="ERROR">
         <error type="ERROR" message="Test Cases/Email/FetchEmail FAILED.
Reason:
groovy.lang.MissingPropertyException: No such property: mail_subject for class: java.lang.Boolean
	at FetchEmail.run(FetchEmail:25)
	at com.kms.katalon.core.main.ScriptEngine.run(ScriptEngine.java:194)
	at com.kms.katalon.core.main.ScriptEngine.runScriptAsRawText(ScriptEngine.java:119)
	at com.kms.katalon.core.main.TestCaseExecutor.runScript(TestCaseExecutor.java:321)
	at com.kms.katalon.core.main.TestCaseExecutor.doExecute(TestCaseExecutor.java:312)
	at com.kms.katalon.core.main.TestCaseExecutor.processExecutionPhase(TestCaseExecutor.java:291)
	at com.kms.katalon.core.main.TestCaseExecutor.accessMainPhase(TestCaseExecutor.java:283)
	at com.kms.katalon.core.main.TestCaseExecutor.execute(TestCaseExecutor.java:222)
	at com.kms.katalon.core.main.TestSuiteExecutor.accessTestCaseMainPhase(TestSuiteExecutor.java:129)
	at com.kms.katalon.core.main.TestSuiteExecutor.accessTestSuiteMainPhase(TestSuiteExecutor.java:112)
	at com.kms.katalon.core.main.TestSuiteExecutor.execute(TestSuiteExecutor.java:81)
	at com.kms.katalon.core.main.TestCaseMain.startTestSuite(TestCaseMain.java:149)
	at com.kms.katalon.core.main.TestCaseMain$startTestSuite$0.call(Unknown Source)
	at TempTestSuite1548869218678.run(TempTestSuite1548869218678.groovy:36)
"/>
         <system-out><![CDATA[2019-01-30 18:27:37 - [TEST_CASE][ERROR] - Test Cases/Email/FetchEmail: Test Cases/Email/FetchEmail FAILED.
Reason:
groovy.lang.MissingPropertyException: No such property: mail_subject for class: java.lang.Boolean
	at FetchEmail.run(FetchEmail:25)
	at com.kms.katalon.core.main.ScriptEngine.run(ScriptEngine.java:194)
	at com.kms.katalon.core.main.ScriptEngine.runScriptAsRawText(ScriptEngine.java:119)
	at com.kms.katalon.core.main.TestCaseExecutor.runScript(TestCaseExecutor.java:321)
	at com.kms.katalon.core.main.TestCaseExecutor.doExecute(TestCaseExecutor.java:312)
	at com.kms.katalon.core.main.TestCaseExecutor.processExecutionPhase(TestCaseExecutor.java:291)
	at com.kms.katalon.core.main.TestCaseExecutor.accessMainPhase(TestCaseExecutor.java:283)
	at com.kms.katalon.core.main.TestCaseExecutor.execute(TestCaseExecutor.java:222)
	at com.kms.katalon.core.main.TestSuiteExecutor.accessTestCaseMainPhase(TestSuiteExecutor.java:129)
	at com.kms.katalon.core.main.TestSuiteExecutor.accessTestSuiteMainPhase(TestSuiteExecutor.java:112)
	at com.kms.katalon.core.main.TestSuiteExecutor.execute(TestSuiteExecutor.java:81)
	at com.kms.katalon.core.main.TestCaseMain.startTestSuite(TestCaseMain.java:149)
	at com.kms.katalon.core.main.TestCaseMain$startTestSuite$0.call(Unknown Source)
	at TempTestSuite1548869218678.run(TempTestSuite1548869218678.groovy:36)


2019-01-30 18:27:38 - [TEST_STEP][PASSED] - responseData1 = sendRequest(findTestObject("Fetch_Email", ["email_id":MailID])): Send request successfully

2019-01-30 18:27:39 - [MESSAGE][INFO] - HAR: C:\Users\jonha\Documents\Katalon\APHA\JM_8.9\FSM_Regression\Reports\NCP\NCP Regression - Breeding Chickens\20190130_172658\requests\main\2.har

2019-01-30 18:27:39 - [MESSAGE][PASSED] - Send request successfully

2019-01-30 18:27:39 - [TEST_STEP][PASSED] - out.println(responseData1.getResponseText()): null

2019-01-30 18:27:39 - [TEST_STEP][PASSED] - jsonSlurper1 = new groovy.json.JsonSlurper(): null

2019-01-30 18:27:39 - [TEST_STEP][PASSED] - res1 = jsonSlurper1.parseText(responseData1.getResponseText()): null

2019-01-30 18:27:39 - [TEST_STEP][ERROR] - MailSubject = mail_subject: MailSubject = mail_subject FAILED.
Reason:
groovy.lang.MissingPropertyException: No such property: mail_subject for class: java.lang.Boolean
	at FetchEmail.run(FetchEmail:25)
	at com.kms.katalon.core.main.ScriptEngine.run(ScriptEngine.java:194)
	at com.kms.katalon.core.main.ScriptEngine.runScriptAsRawText(ScriptEngine.java:119)
	at com.kms.katalon.core.main.TestCaseExecutor.runScript(TestCaseExecutor.java:321)
	at com.kms.katalon.core.main.TestCaseExecutor.doExecute(TestCaseExecutor.java:312)
	at com.kms.katalon.core.main.TestCaseExecutor.processExecutionPhase(TestCaseExecutor.java:291)
	at com.kms.katalon.core.main.TestCaseExecutor.accessMainPhase(TestCaseExecutor.java:283)
	at com.kms.katalon.core.main.TestCaseExecutor.execute(TestCaseExecutor.java:222)
	at com.kms.katalon.core.main.TestSuiteExecutor.accessTestCaseMainPhase(TestSuiteExecutor.java:129)
	at com.kms.katalon.core.main.TestSuiteExecutor.accessTestSuiteMainPhase(TestSuiteExecutor.java:112)
	at com.kms.katalon.core.main.TestSuiteExecutor.execute(TestSuiteExecutor.java:81)
	at com.kms.katalon.core.main.TestCaseMain.startTestSuite(TestCaseMain.java:149)
	at com.kms.katalon.core.main.TestCaseMain$startTestSuite$0.call(Unknown Source)
	at TempTestSuite1548869218678.run(TempTestSuite1548869218678.groovy:36)


2019-01-30 18:27:39 - [MESSAGE][ERROR] - MailSubject = mail_subject FAILED.
Reason:
groovy.lang.MissingPropertyException: No such property: mail_subject for class: java.lang.Boolean
	at FetchEmail.run(FetchEmail:25)
	at com.kms.katalon.core.main.ScriptEngine.run(ScriptEngine.java:194)
	at com.kms.katalon.core.main.ScriptEngine.runScriptAsRawText(ScriptEngine.java:119)
	at com.kms.katalon.core.main.TestCaseExecutor.runScript(TestCaseExecutor.java:321)
	at com.kms.katalon.core.main.TestCaseExecutor.doExecute(TestCaseExecutor.java:312)
	at com.kms.katalon.core.main.TestCaseExecutor.processExecutionPhase(TestCaseExecutor.java:291)
	at com.kms.katalon.core.main.TestCaseExecutor.accessMainPhase(TestCaseExecutor.java:283)
	at com.kms.katalon.core.main.TestCaseExecutor.execute(TestCaseExecutor.java:222)
	at com.kms.katalon.core.main.TestSuiteExecutor.accessTestCaseMainPhase(TestSuiteExecutor.java:129)
	at com.kms.katalon.core.main.TestSuiteExecutor.accessTestSuiteMainPhase(TestSuiteExecutor.java:112)
	at com.kms.katalon.core.main.TestSuiteExecutor.execute(TestSuiteExecutor.java:81)
	at com.kms.katalon.core.main.TestCaseMain.startTestSuite(TestCaseMain.java:149)
	at com.kms.katalon.core.main.TestCaseMain$startTestSuite$0.call(Unknown Source)
	at TempTestSuite1548869218678.run(TempTestSuite1548869218678.groovy:36)]]></system-out>
         <system-err><![CDATA[2019-01-30 18:27:37 - [TEST_CASE][ERROR] - Test Cases/Email/FetchEmail: Test Cases/Email/FetchEmail FAILED.
Reason:
groovy.lang.MissingPropertyException: No such property: mail_subject for class: java.lang.Boolean
	at FetchEmail.run(FetchEmail:25)
	at com.kms.katalon.core.main.ScriptEngine.run(ScriptEngine.java:194)
	at com.kms.katalon.core.main.ScriptEngine.runScriptAsRawText(ScriptEngine.java:119)
	at com.kms.katalon.core.main.TestCaseExecutor.runScript(TestCaseExecutor.java:321)
	at com.kms.katalon.core.main.TestCaseExecutor.doExecute(TestCaseExecutor.java:312)
	at com.kms.katalon.core.main.TestCaseExecutor.processExecutionPhase(TestCaseExecutor.java:291)
	at com.kms.katalon.core.main.TestCaseExecutor.accessMainPhase(TestCaseExecutor.java:283)
	at com.kms.katalon.core.main.TestCaseExecutor.execute(TestCaseExecutor.java:222)
	at com.kms.katalon.core.main.TestSuiteExecutor.accessTestCaseMainPhase(TestSuiteExecutor.java:129)
	at com.kms.katalon.core.main.TestSuiteExecutor.accessTestSuiteMainPhase(TestSuiteExecutor.java:112)
	at com.kms.katalon.core.main.TestSuiteExecutor.execute(TestSuiteExecutor.java:81)
	at com.kms.katalon.core.main.TestCaseMain.startTestSuite(TestCaseMain.java:149)
	at com.kms.katalon.core.main.TestCaseMain$startTestSuite$0.call(Unknown Source)
	at TempTestSuite1548869218678.run(TempTestSuite1548869218678.groovy:36)]]></system-err>
      </testcase>
      <testcase name="Test Cases/Email/DeleteEmail" classname="Test Cases/Email/DeleteEmail" status="PASSED">
         <system-out><![CDATA[2019-01-30 18:27:39 - [TEST_CASE][PASSED] - Test Cases/Email/DeleteEmail: Test Cases/Email/DeleteEmail

2019-01-30 18:27:39 - [TEST_STEP][PASSED] - responseData1 = sendRequest(findTestObject("DeleteEmail", ["sid_token":"0o023c6smtcm8i1somj12o63o6", "email_ids":MailID])): Send request successfully

2019-01-30 18:27:40 - [MESSAGE][INFO] - HAR: C:\Users\jonha\Documents\Katalon\APHA\JM_8.9\FSM_Regression\Reports\NCP\NCP Regression - Breeding Chickens\20190130_172658\requests\main\3.har

2019-01-30 18:27:41 - [MESSAGE][PASSED] - Send request successfully]]></system-out>
         <system-err><![CDATA[]]></system-err>
      </testcase>
      <system-out><![CDATA[2019-01-30 18:14:39 - [TEST_SUITE][FAILED] - NCP Regression - Breeding Chickens: Test Cases/Generic/Select Inspection FAILED.
Reason:
com.kms.katalon.core.exception.StepFailedException: Unable to click on object 'Object Repository/JM_8918/Page_JM Control Centre/Page_JM Control Centre/Page_JClient/Refresh' (Root cause: org.openqa.selenium.WebDriverException: unknown error: Element <div class="GFNJNYPCLSB" style="background-color: transparent; width: 30px; height: 30px; background-image: url(&quot;data:image/png;base64,iVBORw0KGgoAAAANSUhEUgAAADwAAAA8CAYAAAA6/NlyAAACHklEQVR42u2a7Y2DMAyGGYERGKEblA2uG5QNYIPrBscGYYNjA7oBbAAb0A1yRkqliiYkcI75qF/Jf07qJQ92HMdJELBYLBaLxTqspJQRWAZWgN3luzr19xwsAQv3CBkqyE4uUznA7wX0BvaQOOo2Cw4TuyCCjtWAnbbk1ULSKNsCbOMw0RrsB+wL7DxKaGewK5gAax3+V6GZQ6kSX+Et6TnCirmhqD5K5Qqtyfz3NWCHCUf/HCO2eDxXEfImH8BTazZF/rBiYizdvt76yMY69YNXPC2fdEZiy7FD2bT1xB6WzWsyahyBT5iTuFFtF4Zwtaml8G7lKYyXCDWcM8MgkSfgfgEwajg3tiIAGTieCY0azhGld0fLaKjCfqnDOdGViyuUsSb4HvXjGwqN28o1/LP+FugnKcMWEQdHlWE7Oh0Z2H+BzsAMTArcf9oa/rgsval9mAJYV2k1RwZepZa2dF1yr+OrVivZackyl27UpM/Q27PU5+GZy0v6qKdDw/Z0Jz40kHVdSHtahvFLigaii5e978sTH7uiyJA6PTz2pbOJXnhEEVqC4obP4WYyoUweteUKJEKIpKkXBGKNNkttu+VbcHt4cWjC08LOhH4WB7mCiUe/j9XeWji+CVkHdjRpQfQCIA22IuW93hNovcnzt/L2NyL4cCF+3cPpKlR3uu1C0GoXoBNHy1St88rgxUo9ernu8iUei8VisVgslk5/qMzBWIiR3T4AAAAASUVORK5CYII=&quot;); background-size: 30px 30px; background-repeat: no-repeat;"></div> is not clickable at point (314, 140). Other element would receive the click: <div class="GFNJNYPCOBB GFNJNYPCACB" style="-webkit-box-align: center; align-items: center; -webkit-box-pack: center; justify-content: center;">...</div>
  (Session info: chrome=71.0.3578.98)
  (Driver info: chromedriver=2.43.600210 (68dcf5eebde37173d4027fa8635e332711d2874a),platform=Windows NT 10.0.17134 x86_64) (WARNING: The server did not provide any stacktrace information)
Command duration or timeout: 0 milliseconds
Build info: version: '3.7.1', revision: '8a0099a', time: '2017-11-06T21:07:36.161Z'
System info: host: 'DESKTOP-KMCIR60', ip: '192.168.0.14', os.name: 'Windows 10', os.arch: 'amd64', os.version: '10.0', java.version: '1.8.0_181'
Driver info: com.kms.katalon.selenium.driver.CChromeDriver
Capabilities {acceptInsecureCerts: false, acceptSslCerts: false, applicationCacheEnabled: false, browserConnectionEnabled: false, browserName: chrome, chrome: {chromedriverVersion: 2.43.600210 (68dcf5eebde371..., userDataDir: C:\Users\jonha\AppData\Loca...}, cssSelectorsEnabled: true, databaseEnabled: false, goog:chromeOptions: {debuggerAddress: localhost:53297}, handlesAlerts: true, hasTouchScreen: false, javascriptEnabled: true, locationContextEnabled: true, mobileEmulationEnabled: false, nativeEvents: true, networkConnectionEnabled: false, pageLoadStrategy: normal, platform: XP, platformName: XP, rotatable: false, setWindowRect: true, takesHeapSnapshot: true, takesScreenshot: true, unexpectedAlertBehaviour: , unhandledPromptBehavior: , version: 71.0.3578.98, webStorageEnabled: true}
Session ID: b61aa6303bcd5659df07ffb89dc379b7)
	at com.kms.katalon.core.keyword.internal.KeywordMain.stepFailed(KeywordMain.groovy:36)
	at com.kms.katalon.core.webui.keyword.internal.WebUIKeywordMain.stepFailed(WebUIKeywordMain.groovy:65)
	at com.kms.katalon.core.webui.keyword.internal.WebUIKeywordMain.runKeyword(WebUIKeywordMain.groovy:27)
	at com.kms.katalon.core.webui.keyword.builtin.ClickKeyword.click(ClickKeyword.groovy:86)
	at com.kms.katalon.core.webui.keyword.builtin.ClickKeyword.execute(ClickKeyword.groovy:67)
	at com.kms.katalon.core.keyword.internal.KeywordExecutor.executeKeywordForPlatform(KeywordExecutor.groovy:53)
	at com.kms.katalon.core.webui.keyword.WebUiBuiltInKeywords.click(WebUiBuiltInKeywords.groovy:616)
	at com.kms.katalon.core.webui.keyword.WebUiBuiltInKeywords$click$2.call(Unknown Source)
	at Select Inspection.run(Select Inspection:28)
	at com.kms.katalon.core.main.ScriptEngine.run(ScriptEngine.java:194)
	at com.kms.katalon.core.main.ScriptEngine.runScriptAsRawText(ScriptEngine.java:119)
	at com.kms.katalon.core.main.TestCaseExecutor.runScript(TestCaseExecutor.java:321)
	at com.kms.katalon.core.main.TestCaseExecutor.doExecute(TestCaseExecutor.java:312)
	at com.kms.katalon.core.main.TestCaseExecutor.processExecutionPhase(TestCaseExecutor.java:291)
	at com.kms.katalon.core.main.TestCaseExecutor.accessMainPhase(TestCaseExecutor.java:283)
	at com.kms.katalon.core.main.TestCaseExecutor.execute(TestCaseExecutor.java:222)
	at com.kms.katalon.core.main.TestSuiteExecutor.accessTestCaseMainPhase(TestSuiteExecutor.java:129)
	at com.kms.katalon.core.main.TestSuiteExecutor.accessTestSuiteMainPhase(TestSuiteExecutor.java:112)
	at com.kms.katalon.core.main.TestSuiteExecutor.execute(TestSuiteExecutor.java:81)
	at com.kms.katalon.core.main.TestCaseMain.startTestSuite(TestCaseMain.java:149)
	at com.kms.katalon.core.main.TestCaseMain$startTestSuite$0.call(Unknown Source)
	at TempTestSuite1548869218678.run(TempTestSuite1548869218678.groovy:36)]]></system-out>
      <system-err><![CDATA[2019-01-30 18:14:39 - [TEST_SUITE][FAILED] - NCP Regression - Breeding Chickens: Test Cases/Generic/Select Inspection FAILED.
Reason:
com.kms.katalon.core.exception.StepFailedException: Unable to click on object 'Object Repository/JM_8918/Page_JM Control Centre/Page_JM Control Centre/Page_JClient/Refresh' (Root cause: org.openqa.selenium.WebDriverException: unknown error: Element <div class="GFNJNYPCLSB" style="background-color: transparent; width: 30px; height: 30px; background-image: url(&quot;data:image/png;base64,iVBORw0KGgoAAAANSUhEUgAAADwAAAA8CAYAAAA6/NlyAAACHklEQVR42u2a7Y2DMAyGGYERGKEblA2uG5QNYIPrBscGYYNjA7oBbAAb0A1yRkqliiYkcI75qF/Jf07qJQ92HMdJELBYLBaLxTqspJQRWAZWgN3luzr19xwsAQv3CBkqyE4uUznA7wX0BvaQOOo2Cw4TuyCCjtWAnbbk1ULSKNsCbOMw0RrsB+wL7DxKaGewK5gAax3+V6GZQ6kSX+Et6TnCirmhqD5K5Qqtyfz3NWCHCUf/HCO2eDxXEfImH8BTazZF/rBiYizdvt76yMY69YNXPC2fdEZiy7FD2bT1xB6WzWsyahyBT5iTuFFtF4Zwtaml8G7lKYyXCDWcM8MgkSfgfgEwajg3tiIAGTieCY0azhGld0fLaKjCfqnDOdGViyuUsSb4HvXjGwqN28o1/LP+FugnKcMWEQdHlWE7Oh0Z2H+BzsAMTArcf9oa/rgsval9mAJYV2k1RwZepZa2dF1yr+OrVivZackyl27UpM/Q27PU5+GZy0v6qKdDw/Z0Jz40kHVdSHtahvFLigaii5e978sTH7uiyJA6PTz2pbOJXnhEEVqC4obP4WYyoUweteUKJEKIpKkXBGKNNkttu+VbcHt4cWjC08LOhH4WB7mCiUe/j9XeWji+CVkHdjRpQfQCIA22IuW93hNovcnzt/L2NyL4cCF+3cPpKlR3uu1C0GoXoBNHy1St88rgxUo9ernu8iUei8VisVgslk5/qMzBWIiR3T4AAAAASUVORK5CYII=&quot;); background-size: 30px 30px; background-repeat: no-repeat;"></div> is not clickable at point (314, 140). Other element would receive the click: <div class="GFNJNYPCOBB GFNJNYPCACB" style="-webkit-box-align: center; align-items: center; -webkit-box-pack: center; justify-content: center;">...</div>
  (Session info: chrome=71.0.3578.98)
  (Driver info: chromedriver=2.43.600210 (68dcf5eebde37173d4027fa8635e332711d2874a),platform=Windows NT 10.0.17134 x86_64) (WARNING: The server did not provide any stacktrace information)
Command duration or timeout: 0 milliseconds
Build info: version: '3.7.1', revision: '8a0099a', time: '2017-11-06T21:07:36.161Z'
System info: host: 'DESKTOP-KMCIR60', ip: '192.168.0.14', os.name: 'Windows 10', os.arch: 'amd64', os.version: '10.0', java.version: '1.8.0_181'
Driver info: com.kms.katalon.selenium.driver.CChromeDriver
Capabilities {acceptInsecureCerts: false, acceptSslCerts: false, applicationCacheEnabled: false, browserConnectionEnabled: false, browserName: chrome, chrome: {chromedriverVersion: 2.43.600210 (68dcf5eebde371..., userDataDir: C:\Users\jonha\AppData\Loca...}, cssSelectorsEnabled: true, databaseEnabled: false, goog:chromeOptions: {debuggerAddress: localhost:53297}, handlesAlerts: true, hasTouchScreen: false, javascriptEnabled: true, locationContextEnabled: true, mobileEmulationEnabled: false, nativeEvents: true, networkConnectionEnabled: false, pageLoadStrategy: normal, platform: XP, platformName: XP, rotatable: false, setWindowRect: true, takesHeapSnapshot: true, takesScreenshot: true, unexpectedAlertBehaviour: , unhandledPromptBehavior: , version: 71.0.3578.98, webStorageEnabled: true}
Session ID: b61aa6303bcd5659df07ffb89dc379b7)
	at com.kms.katalon.core.keyword.internal.KeywordMain.stepFailed(KeywordMain.groovy:36)
	at com.kms.katalon.core.webui.keyword.internal.WebUIKeywordMain.stepFailed(WebUIKeywordMain.groovy:65)
	at com.kms.katalon.core.webui.keyword.internal.WebUIKeywordMain.runKeyword(WebUIKeywordMain.groovy:27)
	at com.kms.katalon.core.webui.keyword.builtin.ClickKeyword.click(ClickKeyword.groovy:86)
	at com.kms.katalon.core.webui.keyword.builtin.ClickKeyword.execute(ClickKeyword.groovy:67)
	at com.kms.katalon.core.keyword.internal.KeywordExecutor.executeKeywordForPlatform(KeywordExecutor.groovy:53)
	at com.kms.katalon.core.webui.keyword.WebUiBuiltInKeywords.click(WebUiBuiltInKeywords.groovy:616)
	at com.kms.katalon.core.webui.keyword.WebUiBuiltInKeywords$click$2.call(Unknown Source)
	at Select Inspection.run(Select Inspection:28)
	at com.kms.katalon.core.main.ScriptEngine.run(ScriptEngine.java:194)
	at com.kms.katalon.core.main.ScriptEngine.runScriptAsRawText(ScriptEngine.java:119)
	at com.kms.katalon.core.main.TestCaseExecutor.runScript(TestCaseExecutor.java:321)
	at com.kms.katalon.core.main.TestCaseExecutor.doExecute(TestCaseExecutor.java:312)
	at com.kms.katalon.core.main.TestCaseExecutor.processExecutionPhase(TestCaseExecutor.java:291)
	at com.kms.katalon.core.main.TestCaseExecutor.accessMainPhase(TestCaseExecutor.java:283)
	at com.kms.katalon.core.main.TestCaseExecutor.execute(TestCaseExecutor.java:222)
	at com.kms.katalon.core.main.TestSuiteExecutor.accessTestCaseMainPhase(TestSuiteExecutor.java:129)
	at com.kms.katalon.core.main.TestSuiteExecutor.accessTestSuiteMainPhase(TestSuiteExecutor.java:112)
	at com.kms.katalon.core.main.TestSuiteExecutor.execute(TestSuiteExecutor.java:81)
	at com.kms.katalon.core.main.TestCaseMain.startTestSuite(TestCaseMain.java:149)
	at com.kms.katalon.core.main.TestCaseMain$startTestSuite$0.call(Unknown Source)
	at TempTestSuite1548869218678.run(TempTestSuite1548869218678.groovy:36)]]></system-err>
   </testsuite>
</testsuites>
