<?xml version="1.0" encoding="UTF-8"?>
<testsuites name="ABP Regression" time="90" tests="1" failures="1" errors="0">
   <testsuite name="ABP Regression" tests="1" failures="1" errors="0" time="90" timestamp="2018-04-18 15:51:39" hostname="jonha - DESKTOP-KMCIR60" id="Test Suites/ABP Regression">
      <properties>
         <property name="deviceName" value=""/>
         <property name="devicePlatform" value=""/>
         <property name="logFolder" value="C:\\Users\\jonha\\git\\DEFRA-FSM_Automated_Regression3\\Reports\\ABP Regression\\20180418_155136"/>
         <property name="logFiles" value="C:\\Users\\jonha\\git\\DEFRA-FSM_Automated_Regression3\\Reports\\ABP Regression\\20180418_155136\\execution0.log"/>
         <property name="attachments" value="C:\\Users\\jonha\\git\\DEFRA-FSM_Automated_Regression3\\Reports\\ABP Regression\\20180418_155136\\1524063189112.png"/>
         <property name="hostName" value="jonha - DESKTOP-KMCIR60"/>
         <property name="os" value="Windows 10 64bit"/>
         <property name="katalonVersion" value="5.3.0.1"/>
         <property name="browser" value="Chrome 65.0.3325.181"/>
         <property name="hostAddress" value="192.168.162.184"/>
         <property name="sessionId" value="dd75495f680d76ce05e09e6bf725ec8d"/>
         <property name="seleniumVersion" value="3.7.1"/>
         <property name="proxyInformation" value="ProxyInformation{proxyOption=NO_PROXY, proxyServerType=HTTP, password=, proxyServerAddress=, proxyServerPort=0}"/>
         <property name="platform" value="Windows 10"/>
      </properties>
      <testcase name="Test Cases/Launch Job Manager" classname="Test Cases/Launch Job Manager" status="PASSED">
         <system-out><![CDATA[2018-04-18 15:51:40 - [TEST_CASE][PASSED] - Test Cases/Launch Job Manager: Test Cases/Launch Job Manager

2018-04-18 15:51:41 - [TEST_STEP][PASSED] - openBrowser: Browser is opened with url: ''

2018-04-18 15:51:45 - [MESSAGE][PASSED] - Browser is opened with url: ''

2018-04-18 15:51:45 - [TEST_STEP][PASSED] - navigateToUrl: Navigate to 'https://kirona-def-2.kirona.com/jmtest/jclient/jclient.html' successfully

2018-04-18 15:52:01 - [MESSAGE][PASSED] - Navigate to 'https://kirona-def-2.kirona.com/jmtest/jclient/jclient.html' successfully

2018-04-18 15:52:01 - [TEST_STEP][PASSED] - setText: Text 'KIR1' is set on object 'Object Repository/FSM1/Launch Application/Page_JClient/input_gwt-TextBox GKH2EKQBMDB'

2018-04-18 15:52:02 - [MESSAGE][PASSED] - Text 'KIR1' is set on object 'Object Repository/FSM1/Launch Application/Page_JClient/input_gwt-TextBox GKH2EKQBMDB'

2018-04-18 15:52:02 - [TEST_STEP][PASSED] - sendKeys: Keys 'ENTER + ' sent to object: 'Object Repository/FSM1/Launch Application/Page_JClient/input_gwt-TextBox GKH2EKQBMDB'

2018-04-18 15:52:03 - [MESSAGE][PASSED] - Keys 'ENTER + ' sent to object: 'Object Repository/FSM1/Launch Application/Page_JClient/input_gwt-TextBox GKH2EKQBMDB'

2018-04-18 15:52:03 - [TEST_STEP][PASSED] - click: Object: 'Object Repository/FSM1/Launch Application/Page_JClient/div_Configure App' is clicked on

2018-04-18 15:52:03 - [MESSAGE][PASSED] - Object: 'Object Repository/FSM1/Launch Application/Page_JClient/div_Configure App' is clicked on

2018-04-18 15:52:03 - [TEST_STEP][PASSED] - setText: Text 'jon.hatfield' is set on object 'Object Repository/FSM1/Launch Application/Page_JClient/input_gwt-TextBox GKH2EKQBNHC'

2018-04-18 15:52:06 - [MESSAGE][PASSED] - Text 'jon.hatfield' is set on object 'Object Repository/FSM1/Launch Application/Page_JClient/input_gwt-TextBox GKH2EKQBNHC'

2018-04-18 15:52:06 - [TEST_STEP][PASSED] - setText: Text 'Fr@nc1sJ0n' is set on object 'Object Repository/FSM1/Launch Application/Page_JClient/input_gwt-PasswordTextBox GKH2'

2018-04-18 15:52:06 - [MESSAGE][PASSED] - Text 'Fr@nc1sJ0n' is set on object 'Object Repository/FSM1/Launch Application/Page_JClient/input_gwt-PasswordTextBox GKH2'

2018-04-18 15:52:06 - [TEST_STEP][PASSED] - click: Object: 'Object Repository/FSM1/Launch Application/Page_JClient/div_Sign In' is clicked on

2018-04-18 15:52:06 - [MESSAGE][PASSED] - Object: 'Object Repository/FSM1/Launch Application/Page_JClient/div_Sign In' is clicked on

2018-04-18 15:52:06 - [TEST_STEP][PASSED] - delay: Delayed 30 second(s)

2018-04-18 15:52:36 - [MESSAGE][PASSED] - Delayed 30 second(s)]]></system-out>
         <system-err><![CDATA[]]></system-err>
      </testcase>
      <testcase name="Test Cases/Select Inspection" classname="Test Cases/Select Inspection" status="FAILED">
         <failure type="FAILED" message="Unable to click on object 'Object Repository/FSM1/Select Inspection/Page_JClient/div_5 Days' (Root cause: com.kms.katalon.core.webui.exception.WebElementNotFoundException: Web element with id: 'Object Repository/FSM1/Select Inspection/Page_JClient/div_5 Days' located by 'By.xpath: //div[(text() = '5 Days' or . = '5 Days')]' not found)"/>
         <system-out><![CDATA[2018-04-18 15:52:36 - [TEST_CASE][FAILED] - Test Cases/Select Inspection: Test Cases/Select Inspection FAILED because (of) Unable to click on object 'Object Repository/FSM1/Select Inspection/Page_JClient/div_5 Days' (Root cause: com.kms.katalon.core.webui.exception.WebElementNotFoundException: Web element with id: 'Object Repository/FSM1/Select Inspection/Page_JClient/div_5 Days' located by 'By.xpath: //div[(text() = '5 Days' or . = '5 Days')]' not found)

2018-04-18 15:52:37 - [TEST_STEP][NOT_RUN] - delay: NOT_RUN: delay

2018-04-18 15:52:37 - [MESSAGE][NOT_RUN] - NOT_RUN: delay

2018-04-18 15:52:37 - [TEST_STEP][PASSED] - waitForPageLoad: Wait for page load successfully

2018-04-18 15:52:37 - [MESSAGE][PASSED] - Wait for page load successfully

2018-04-18 15:52:37 - [TEST_STEP][FAILED] - click: Unable to click on object 'Object Repository/FSM1/Select Inspection/Page_JClient/div_5 Days' (Root cause: com.kms.katalon.core.webui.exception.WebElementNotFoundException: Web element with id: 'Object Repository/FSM1/Select Inspection/Page_JClient/div_5 Days' located by 'By.xpath: //div[(text() = '5 Days' or . = '5 Days')]' not found)

2018-04-18 15:53:09 - [MESSAGE][FAILED] - Unable to click on object 'Object Repository/FSM1/Select Inspection/Page_JClient/div_5 Days' (Root cause: com.kms.katalon.core.webui.exception.WebElementNotFoundException: Web element with id: 'Object Repository/FSM1/Select Inspection/Page_JClient/div_5 Days' located by 'By.xpath: //div[(text() = '5 Days' or . = '5 Days')]' not found)
[[ATTACHMENT|C:\\Users\\jonha\\git\\DEFRA-FSM_Automated_Regression3\\Reports\\ABP Regression\\20180418_155136\\1524063189112.png]]]]></system-out>
         <system-err><![CDATA[2018-04-18 15:52:36 - [TEST_CASE][FAILED] - Test Cases/Select Inspection: Test Cases/Select Inspection FAILED because (of) Unable to click on object 'Object Repository/FSM1/Select Inspection/Page_JClient/div_5 Days' (Root cause: com.kms.katalon.core.webui.exception.WebElementNotFoundException: Web element with id: 'Object Repository/FSM1/Select Inspection/Page_JClient/div_5 Days' located by 'By.xpath: //div[(text() = '5 Days' or . = '5 Days')]' not found)]]></system-err>
      </testcase>
      <system-out><![CDATA[2018-04-18 15:51:39 - [TEST_SUITE][FAILED] - ABP Regression: Test Cases/Select Inspection FAILED because (of) Unable to click on object 'Object Repository/FSM1/Select Inspection/Page_JClient/div_5 Days' (Root cause: com.kms.katalon.core.webui.exception.WebElementNotFoundException: Web element with id: 'Object Repository/FSM1/Select Inspection/Page_JClient/div_5 Days' located by 'By.xpath: //div[(text() = '5 Days' or . = '5 Days')]' not found)]]></system-out>
      <system-err><![CDATA[2018-04-18 15:51:39 - [TEST_SUITE][FAILED] - ABP Regression: Test Cases/Select Inspection FAILED because (of) Unable to click on object 'Object Repository/FSM1/Select Inspection/Page_JClient/div_5 Days' (Root cause: com.kms.katalon.core.webui.exception.WebElementNotFoundException: Web element with id: 'Object Repository/FSM1/Select Inspection/Page_JClient/div_5 Days' located by 'By.xpath: //div[(text() = '5 Days' or . = '5 Days')]' not found)]]></system-err>
   </testsuite>
</testsuites>
