<?xml version="1.0" encoding="UTF-8"?>
<testsuites name="NCP Regression - Breeding Chickens" time="18" tests="1" failures="0" errors="1">
   <testsuite name="NCP Regression - Breeding Chickens" tests="1" failures="0" errors="1" time="18" timestamp="2018-12-09 14:58:28" hostname="jonha - DESKTOP-KMCIR60" id="Test Suites/NCP/NCP Regression - Breeding Chickens">
      <properties>
         <property name="deviceName" value=""/>
         <property name="devicePlatform" value=""/>
         <property name="logFolder" value="C:\\Users\\jonha\\Documents\\Katalon\\APHA\\JM_8.8\\FSM Regression\\Reports\\NCP\\NCP Regression - Breeding Chickens\\20181209_145824"/>
         <property name="logFiles" value="C:\\Users\\jonha\\Documents\\Katalon\\APHA\\JM_8.8\\FSM Regression\\Reports\\NCP\\NCP Regression - Breeding Chickens\\20181209_145824\\execution0.log"/>
         <property name="attachments" value=""/>
         <property name="hostName" value="jonha - DESKTOP-KMCIR60"/>
         <property name="os" value="Windows 10 64bit"/>
         <property name="katalonVersion" value="5.9.1.2"/>
         <property name="browser" value="Chrome 70.0.3538.110"/>
         <property name="hostAddress" value="192.168.0.9"/>
         <property name="sessionId" value="692f1665a4a9e8f277f77fa30984d878"/>
         <property name="seleniumVersion" value="3.7.1"/>
         <property name="proxyInformation" value="ProxyInformation{proxyOption=NO_PROXY, proxyServerType=HTTP, password=, proxyServerAddress=, proxyServerPort=0}"/>
         <property name="platform" value="Windows 10"/>
      </properties>
      <testcase name="Test Cases/Generic/Launch Job Manager Control Centre" classname="Test Cases/Generic/Launch Job Manager Control Centre" status="PASSED">
         <system-out><![CDATA[2018-12-09 14:58:28 - [TEST_CASE][PASSED] - Test Cases/Generic/Launch Job Manager Control Centre: Test Cases/Generic/Launch Job Manager Control Centre

2018-12-09 14:58:29 - [TEST_STEP][PASSED] - openBrowser(""): Browser is opened with url: ''

2018-12-09 14:58:30 - [MESSAGE][INFO] - Starting 'Chrome' driver

2018-12-09 14:58:30 - [MESSAGE][INFO] - Action delay is set to 0 seconds

2018-12-09 14:58:33 - [MESSAGE][PASSED] - Browser is opened with url: ''

2018-12-09 14:58:33 - [TEST_STEP][PASSED] - navigateToUrl(CCURL): Navigate to 'https://kirona-def-11.kirona.com/jmtrain' successfully

2018-12-09 14:58:34 - [MESSAGE][PASSED] - Navigate to 'https://kirona-def-11.kirona.com/jmtrain' successfully

2018-12-09 14:58:34 - [TEST_STEP][PASSED] - delay(3): Delayed 3 second(s)

2018-12-09 14:58:37 - [MESSAGE][PASSED] - Delayed 3 second(s)

2018-12-09 14:58:37 - [TEST_STEP][PASSED] - setText(findTestObject("FSM1/Control Centre/Page_Job Manager Login/input_gwt-uid-3"), Username): Text 'jon.hatfield' is set on object 'Object Repository/FSM1/Control Centre/Page_Job Manager Login/input_gwt-uid-3'

2018-12-09 14:58:37 - [MESSAGE][PASSED] - Text 'jon.hatfield' is set on object 'Object Repository/FSM1/Control Centre/Page_Job Manager Login/input_gwt-uid-3'

2018-12-09 14:58:37 - [TEST_STEP][PASSED] - setText(findTestObject("FSM1/Control Centre/Page_Job Manager Login/input_gwt-uid-5"), Password): Text 'Fr@nc1sJ0n' is set on object 'Object Repository/FSM1/Control Centre/Page_Job Manager Login/input_gwt-uid-5'

2018-12-09 14:58:38 - [MESSAGE][PASSED] - Text 'Fr@nc1sJ0n' is set on object 'Object Repository/FSM1/Control Centre/Page_Job Manager Login/input_gwt-uid-5'

2018-12-09 14:58:38 - [TEST_STEP][PASSED] - delay(2): Delayed 2 second(s)

2018-12-09 14:58:40 - [MESSAGE][PASSED] - Delayed 2 second(s)

2018-12-09 14:58:40 - [TEST_STEP][PASSED] - click(findTestObject("FSM1/PreProd/Page_Job Manager Login/div_Login")): Object: 'Object Repository/FSM1/PreProd/Page_Job Manager Login/div_Login' is clicked on

2018-12-09 14:58:40 - [MESSAGE][PASSED] - Object: 'Object Repository/FSM1/PreProd/Page_Job Manager Login/div_Login' is clicked on

2018-12-09 14:58:40 - [TEST_STEP][PASSED] - delay(5): Delayed 5 second(s)

2018-12-09 14:58:45 - [MESSAGE][PASSED] - Delayed 5 second(s)]]></system-out>
         <system-err><![CDATA[]]></system-err>
      </testcase>
      <testcase name="Test Cases/NCP/Create NCP Inspection - Manual Assignment" classname="Test Cases/NCP/Create NCP Inspection - Manual Assignment" status="ERROR">
         <error type="ERROR" message="Test Cases/NCP/Create NCP Inspection - Manual Assignment FAILED.
Reason:
org.codehaus.groovy.control.MultipleCompilationErrorsException: startup failed:
file:/C:/Users/jonha/Documents/Katalon/APHA/JM_8.8/FSM%20Regression/Scripts/NCP/Create%20NCP%20Inspection%20-%20Manual%20Assignment/Script1544365397044.groovy: 17: unable to resolve class KeywordLogger 
 @ line 17, column 15.
   KeywordLogger log = new KeywordLogger('')
                 ^

file:/C:/Users/jonha/Documents/Katalon/APHA/JM_8.8/FSM%20Regression/Scripts/NCP/Create%20NCP%20Inspection%20-%20Manual%20Assignment/Script1544365397044.groovy: 17: unable to resolve class KeywordLogger 
 @ line 17, column 21.
   KeywordLogger log = new KeywordLogger('')
                       ^

2 errors

	at com.kms.katalon.core.main.ScriptEngine.getScript(ScriptEngine.java:199)
	at com.kms.katalon.core.main.ScriptEngine.run(ScriptEngine.java:194)
	at com.kms.katalon.core.main.ScriptEngine.runScriptAsRawText(ScriptEngine.java:119)
	at com.kms.katalon.core.main.TestCaseExecutor.runScript(TestCaseExecutor.java:321)
	at com.kms.katalon.core.main.TestCaseExecutor.doExecute(TestCaseExecutor.java:312)
	at com.kms.katalon.core.main.TestCaseExecutor.processExecutionPhase(TestCaseExecutor.java:291)
	at com.kms.katalon.core.main.TestCaseExecutor.accessMainPhase(TestCaseExecutor.java:283)
	at com.kms.katalon.core.main.TestCaseExecutor.execute(TestCaseExecutor.java:222)
	at com.kms.katalon.core.main.TestSuiteExecutor.accessTestCaseMainPhase(TestSuiteExecutor.java:129)
	at com.kms.katalon.core.main.TestSuiteExecutor.accessTestSuiteMainPhase(TestSuiteExecutor.java:112)
	at com.kms.katalon.core.main.TestSuiteExecutor.execute(TestSuiteExecutor.java:81)
	at com.kms.katalon.core.main.TestCaseMain.startTestSuite(TestCaseMain.java:149)
	at com.kms.katalon.core.main.TestCaseMain$startTestSuite$0.call(Unknown Source)
	at TempTestSuite1544367504963.run(TempTestSuite1544367504963.groovy:36)
"/>
         <system-out><![CDATA[2018-12-09 14:58:45 - [TEST_CASE][ERROR] - Test Cases/NCP/Create NCP Inspection - Manual Assignment: Test Cases/NCP/Create NCP Inspection - Manual Assignment FAILED.
Reason:
org.codehaus.groovy.control.MultipleCompilationErrorsException: startup failed:
file:/C:/Users/jonha/Documents/Katalon/APHA/JM_8.8/FSM%20Regression/Scripts/NCP/Create%20NCP%20Inspection%20-%20Manual%20Assignment/Script1544365397044.groovy: 17: unable to resolve class KeywordLogger 
 @ line 17, column 15.
   KeywordLogger log = new KeywordLogger('')
                 ^

file:/C:/Users/jonha/Documents/Katalon/APHA/JM_8.8/FSM%20Regression/Scripts/NCP/Create%20NCP%20Inspection%20-%20Manual%20Assignment/Script1544365397044.groovy: 17: unable to resolve class KeywordLogger 
 @ line 17, column 21.
   KeywordLogger log = new KeywordLogger('')
                       ^

2 errors

	at com.kms.katalon.core.main.ScriptEngine.getScript(ScriptEngine.java:199)
	at com.kms.katalon.core.main.ScriptEngine.run(ScriptEngine.java:194)
	at com.kms.katalon.core.main.ScriptEngine.runScriptAsRawText(ScriptEngine.java:119)
	at com.kms.katalon.core.main.TestCaseExecutor.runScript(TestCaseExecutor.java:321)
	at com.kms.katalon.core.main.TestCaseExecutor.doExecute(TestCaseExecutor.java:312)
	at com.kms.katalon.core.main.TestCaseExecutor.processExecutionPhase(TestCaseExecutor.java:291)
	at com.kms.katalon.core.main.TestCaseExecutor.accessMainPhase(TestCaseExecutor.java:283)
	at com.kms.katalon.core.main.TestCaseExecutor.execute(TestCaseExecutor.java:222)
	at com.kms.katalon.core.main.TestSuiteExecutor.accessTestCaseMainPhase(TestSuiteExecutor.java:129)
	at com.kms.katalon.core.main.TestSuiteExecutor.accessTestSuiteMainPhase(TestSuiteExecutor.java:112)
	at com.kms.katalon.core.main.TestSuiteExecutor.execute(TestSuiteExecutor.java:81)
	at com.kms.katalon.core.main.TestCaseMain.startTestSuite(TestCaseMain.java:149)
	at com.kms.katalon.core.main.TestCaseMain$startTestSuite$0.call(Unknown Source)
	at TempTestSuite1544367504963.run(TempTestSuite1544367504963.groovy:36)]]></system-out>
         <system-err><![CDATA[2018-12-09 14:58:45 - [TEST_CASE][ERROR] - Test Cases/NCP/Create NCP Inspection - Manual Assignment: Test Cases/NCP/Create NCP Inspection - Manual Assignment FAILED.
Reason:
org.codehaus.groovy.control.MultipleCompilationErrorsException: startup failed:
file:/C:/Users/jonha/Documents/Katalon/APHA/JM_8.8/FSM%20Regression/Scripts/NCP/Create%20NCP%20Inspection%20-%20Manual%20Assignment/Script1544365397044.groovy: 17: unable to resolve class KeywordLogger 
 @ line 17, column 15.
   KeywordLogger log = new KeywordLogger('')
                 ^

file:/C:/Users/jonha/Documents/Katalon/APHA/JM_8.8/FSM%20Regression/Scripts/NCP/Create%20NCP%20Inspection%20-%20Manual%20Assignment/Script1544365397044.groovy: 17: unable to resolve class KeywordLogger 
 @ line 17, column 21.
   KeywordLogger log = new KeywordLogger('')
                       ^

2 errors

	at com.kms.katalon.core.main.ScriptEngine.getScript(ScriptEngine.java:199)
	at com.kms.katalon.core.main.ScriptEngine.run(ScriptEngine.java:194)
	at com.kms.katalon.core.main.ScriptEngine.runScriptAsRawText(ScriptEngine.java:119)
	at com.kms.katalon.core.main.TestCaseExecutor.runScript(TestCaseExecutor.java:321)
	at com.kms.katalon.core.main.TestCaseExecutor.doExecute(TestCaseExecutor.java:312)
	at com.kms.katalon.core.main.TestCaseExecutor.processExecutionPhase(TestCaseExecutor.java:291)
	at com.kms.katalon.core.main.TestCaseExecutor.accessMainPhase(TestCaseExecutor.java:283)
	at com.kms.katalon.core.main.TestCaseExecutor.execute(TestCaseExecutor.java:222)
	at com.kms.katalon.core.main.TestSuiteExecutor.accessTestCaseMainPhase(TestSuiteExecutor.java:129)
	at com.kms.katalon.core.main.TestSuiteExecutor.accessTestSuiteMainPhase(TestSuiteExecutor.java:112)
	at com.kms.katalon.core.main.TestSuiteExecutor.execute(TestSuiteExecutor.java:81)
	at com.kms.katalon.core.main.TestCaseMain.startTestSuite(TestCaseMain.java:149)
	at com.kms.katalon.core.main.TestCaseMain$startTestSuite$0.call(Unknown Source)
	at TempTestSuite1544367504963.run(TempTestSuite1544367504963.groovy:36)]]></system-err>
      </testcase>
      <system-out><![CDATA[2018-12-09 14:58:28 - [TEST_SUITE][ERROR] - NCP Regression - Breeding Chickens: Test Cases/NCP/Create NCP Inspection - Manual Assignment FAILED.
Reason:
org.codehaus.groovy.control.MultipleCompilationErrorsException: startup failed:
file:/C:/Users/jonha/Documents/Katalon/APHA/JM_8.8/FSM%20Regression/Scripts/NCP/Create%20NCP%20Inspection%20-%20Manual%20Assignment/Script1544365397044.groovy: 17: unable to resolve class KeywordLogger 
 @ line 17, column 15.
   KeywordLogger log = new KeywordLogger('')
                 ^

file:/C:/Users/jonha/Documents/Katalon/APHA/JM_8.8/FSM%20Regression/Scripts/NCP/Create%20NCP%20Inspection%20-%20Manual%20Assignment/Script1544365397044.groovy: 17: unable to resolve class KeywordLogger 
 @ line 17, column 21.
   KeywordLogger log = new KeywordLogger('')
                       ^

2 errors

	at com.kms.katalon.core.main.ScriptEngine.getScript(ScriptEngine.java:199)
	at com.kms.katalon.core.main.ScriptEngine.run(ScriptEngine.java:194)
	at com.kms.katalon.core.main.ScriptEngine.runScriptAsRawText(ScriptEngine.java:119)
	at com.kms.katalon.core.main.TestCaseExecutor.runScript(TestCaseExecutor.java:321)
	at com.kms.katalon.core.main.TestCaseExecutor.doExecute(TestCaseExecutor.java:312)
	at com.kms.katalon.core.main.TestCaseExecutor.processExecutionPhase(TestCaseExecutor.java:291)
	at com.kms.katalon.core.main.TestCaseExecutor.accessMainPhase(TestCaseExecutor.java:283)
	at com.kms.katalon.core.main.TestCaseExecutor.execute(TestCaseExecutor.java:222)
	at com.kms.katalon.core.main.TestSuiteExecutor.accessTestCaseMainPhase(TestSuiteExecutor.java:129)
	at com.kms.katalon.core.main.TestSuiteExecutor.accessTestSuiteMainPhase(TestSuiteExecutor.java:112)
	at com.kms.katalon.core.main.TestSuiteExecutor.execute(TestSuiteExecutor.java:81)
	at com.kms.katalon.core.main.TestCaseMain.startTestSuite(TestCaseMain.java:149)
	at com.kms.katalon.core.main.TestCaseMain$startTestSuite$0.call(Unknown Source)
	at TempTestSuite1544367504963.run(TempTestSuite1544367504963.groovy:36)]]></system-out>
      <system-err><![CDATA[2018-12-09 14:58:28 - [TEST_SUITE][ERROR] - NCP Regression - Breeding Chickens: Test Cases/NCP/Create NCP Inspection - Manual Assignment FAILED.
Reason:
org.codehaus.groovy.control.MultipleCompilationErrorsException: startup failed:
file:/C:/Users/jonha/Documents/Katalon/APHA/JM_8.8/FSM%20Regression/Scripts/NCP/Create%20NCP%20Inspection%20-%20Manual%20Assignment/Script1544365397044.groovy: 17: unable to resolve class KeywordLogger 
 @ line 17, column 15.
   KeywordLogger log = new KeywordLogger('')
                 ^

file:/C:/Users/jonha/Documents/Katalon/APHA/JM_8.8/FSM%20Regression/Scripts/NCP/Create%20NCP%20Inspection%20-%20Manual%20Assignment/Script1544365397044.groovy: 17: unable to resolve class KeywordLogger 
 @ line 17, column 21.
   KeywordLogger log = new KeywordLogger('')
                       ^

2 errors

	at com.kms.katalon.core.main.ScriptEngine.getScript(ScriptEngine.java:199)
	at com.kms.katalon.core.main.ScriptEngine.run(ScriptEngine.java:194)
	at com.kms.katalon.core.main.ScriptEngine.runScriptAsRawText(ScriptEngine.java:119)
	at com.kms.katalon.core.main.TestCaseExecutor.runScript(TestCaseExecutor.java:321)
	at com.kms.katalon.core.main.TestCaseExecutor.doExecute(TestCaseExecutor.java:312)
	at com.kms.katalon.core.main.TestCaseExecutor.processExecutionPhase(TestCaseExecutor.java:291)
	at com.kms.katalon.core.main.TestCaseExecutor.accessMainPhase(TestCaseExecutor.java:283)
	at com.kms.katalon.core.main.TestCaseExecutor.execute(TestCaseExecutor.java:222)
	at com.kms.katalon.core.main.TestSuiteExecutor.accessTestCaseMainPhase(TestSuiteExecutor.java:129)
	at com.kms.katalon.core.main.TestSuiteExecutor.accessTestSuiteMainPhase(TestSuiteExecutor.java:112)
	at com.kms.katalon.core.main.TestSuiteExecutor.execute(TestSuiteExecutor.java:81)
	at com.kms.katalon.core.main.TestCaseMain.startTestSuite(TestCaseMain.java:149)
	at com.kms.katalon.core.main.TestCaseMain$startTestSuite$0.call(Unknown Source)
	at TempTestSuite1544367504963.run(TempTestSuite1544367504963.groovy:36)]]></system-err>
   </testsuite>
</testsuites>
